<?xml version="1.0" encoding="UTF-8" ?>
<testsuite failures="4" time="0.397" errors="0" skipped="0" tests="4" name="com.renault.tools.synchronization.config.webapp.resources.SynchronizationConfigWebappTest">
  <properties>
    <property name="java.runtime.name" value="Java(TM) SE Runtime Environment"/>
    <property name="sun.boot.library.path" value="C:\Users\dangela\Dev\Java\jdk1.6.0_38\jre\bin"/>
    <property name="java.vm.version" value="20.13-b02"/>
    <property name="java.vm.vendor" value="Sun Microsystems Inc."/>
    <property name="java.vendor.url" value="http://java.sun.com/"/>
    <property name="path.separator" value=";"/>
    <property name="guice.disable.misplaced.annotation.check" value="true"/>
    <property name="java.vm.name" value="Java HotSpot(TM) 64-Bit Server VM"/>
    <property name="file.encoding.pkg" value="sun.io"/>
    <property name="user.country" value="FR"/>
    <property name="sun.java.launcher" value="SUN_STANDARD"/>
    <property name="sun.os.patch.level" value=""/>
    <property name="java.vm.specification.name" value="Java Virtual Machine Specification"/>
    <property name="user.dir" value="C:\renault\tools\synchronization-config-webapp"/>
    <property name="java.runtime.version" value="1.6.0_38-b05"/>
    <property name="java.awt.graphicsenv" value="sun.awt.Win32GraphicsEnvironment"/>
    <property name="java.endorsed.dirs" value="C:\Users\dangela\Dev\Java\jdk1.6.0_38\jre\lib\endorsed"/>
    <property name="os.arch" value="amd64"/>
    <property name="java.io.tmpdir" value="C:\cygwin\tmp\"/>
    <property name="line.separator" value="
"/>
    <property name="java.vm.specification.vendor" value="Sun Microsystems Inc."/>
    <property name="user.variant" value=""/>
    <property name="os.name" value="Windows 8"/>
    <property name="classworlds.conf" value="C:\Users\dangela\Dev\Tools\apache-maven-3.0.4/bin/m2.conf"/>
    <property name="sun.jnu.encoding" value="Cp1252"/>
    <property name="java.library.path" value="C:\Users\dangela\Dev\Java\jdk1.6.0_38\bin;C:\Windows\Sun\Java\bin;C:\Windows\system32;C:\Windows;C:\cygwin\usr\local\bin;C:\cygwin\bin;C:\Program Files (x86)\Intel\iCLS Client;C:\Program Files\Intel\iCLS Client;C:\Windows\system32;C:\Windows;C:\Windows\System32\Wbem;C:\Windows\System32\WindowsPowerShell\v1.0;C:\Program Files\Intel\Intel(R) Management Engine Components\DAL;C:\Program Files\Intel\Intel(R) Management Engine Components\IPT;C:\Program Files (x86)\Intel\Intel(R) Management Engine Components\DAL;C:\Program Files (x86)\Intel\Intel(R) Management Engine Components\IPT;C:\Program Files (x86)\Windows Live\Shared;C:\Program Files (x86)\Google\Google Apps Sync;C:\Program Files (x86)\Google\Google Apps Migration;C:\Program Files\TortoiseSVN\bin;C:\Users\dangela\Dev\Tools\apache-maven-3.0.4\bin;C:\Users\dangela\Dev\Tools\Git\cmd;C:\Users\dangela\Dev\Java\jdk1.6.0_38\bin;."/>
    <property name="java.specification.name" value="Java Platform API Specification"/>
    <property name="java.class.version" value="50.0"/>
    <property name="sun.management.compiler" value="HotSpot 64-Bit Tiered Compilers"/>
    <property name="os.version" value="6.2"/>
    <property name="user.home" value="C:\Users\dangela"/>
    <property name="user.timezone" value="Europe/Paris"/>
    <property name="java.awt.printerjob" value="sun.awt.windows.WPrinterJob"/>
    <property name="file.encoding" value="Cp1252"/>
    <property name="java.specification.version" value="1.6"/>
    <property name="user.name" value="dangela"/>
    <property name="java.class.path" value="C:\Users\dangela\Dev\Tools\apache-maven-3.0.4/boot/plexus-classworlds-2.4.jar"/>
    <property name="java.vm.specification.version" value="1.0"/>
    <property name="sun.arch.data.model" value="64"/>
    <property name="java.home" value="C:\Users\dangela\Dev\Java\jdk1.6.0_38\jre"/>
    <property name="sun.java.command" value="org.codehaus.plexus.classworlds.launcher.Launcher clean test"/>
    <property name="java.specification.vendor" value="Sun Microsystems Inc."/>
    <property name="user.language" value="fr"/>
    <property name="awt.toolkit" value="sun.awt.windows.WToolkit"/>
    <property name="java.vm.info" value="mixed mode"/>
    <property name="java.version" value="1.6.0_38"/>
    <property name="java.ext.dirs" value="C:\Users\dangela\Dev\Java\jdk1.6.0_38\jre\lib\ext;C:\Windows\Sun\Java\lib\ext"/>
    <property name="sun.boot.class.path" value="C:\Users\dangela\Dev\Java\jdk1.6.0_38\jre\lib\resources.jar;C:\Users\dangela\Dev\Java\jdk1.6.0_38\jre\lib\rt.jar;C:\Users\dangela\Dev\Java\jdk1.6.0_38\jre\lib\sunrsasign.jar;C:\Users\dangela\Dev\Java\jdk1.6.0_38\jre\lib\jsse.jar;C:\Users\dangela\Dev\Java\jdk1.6.0_38\jre\lib\jce.jar;C:\Users\dangela\Dev\Java\jdk1.6.0_38\jre\lib\charsets.jar;C:\Users\dangela\Dev\Java\jdk1.6.0_38\jre\lib\modules\jdk.boot.jar;C:\Users\dangela\Dev\Java\jdk1.6.0_38\jre\classes"/>
    <property name="java.vendor" value="Sun Microsystems Inc."/>
    <property name="maven.home" value="C:\Users\dangela\Dev\Tools\apache-maven-3.0.4"/>
    <property name="file.separator" value="\"/>
    <property name="java.vendor.url.bug" value="http://java.sun.com/cgi-bin/bugreport.cgi"/>
    <property name="sun.cpu.endian" value="little"/>
    <property name="sun.io.unicode.encoding" value="UnicodeLittle"/>
    <property name="sun.desktop" value="windows"/>
    <property name="sun.cpu.isalist" value="amd64"/>
  </properties>
  <testcase time="0.12" classname="com.renault.tools.synchronization.config.webapp.resources.SynchronizationConfigWebappTest" name="should_dacia_backoffice_configurations_synchronized">
    <failure type="java.lang.AssertionError:">java.lang.AssertionError: 
	at org.junit.Assert.fail(Assert.java:91)
	at org.junit.Assert.assertTrue(Assert.java:43)
	at org.junit.Assert.assertTrue(Assert.java:54)
	at com.renault.tools.synchronization.config.webapp.resources.SynchronizationConfigWebappTest.should_dacia_backoffice_configurations_synchronized(SynchronizationConfigWebappTest.java:46)
	at sun.reflect.NativeMethodAccessorImpl.invoke0(Native Method)
	at sun.reflect.NativeMethodAccessorImpl.invoke(NativeMethodAccessorImpl.java:39)
	at sun.reflect.DelegatingMethodAccessorImpl.invoke(DelegatingMethodAccessorImpl.java:25)
	at java.lang.reflect.Method.invoke(Method.java:597)
	at org.junit.runners.model.FrameworkMethod$1.runReflectiveCall(FrameworkMethod.java:44)
	at org.junit.internal.runners.model.ReflectiveCallable.run(ReflectiveCallable.java:15)
	at org.junit.runners.model.FrameworkMethod.invokeExplosively(FrameworkMethod.java:41)
	at org.junit.internal.runners.statements.InvokeMethod.evaluate(InvokeMethod.java:20)
	at org.junit.runners.BlockJUnit4ClassRunner.runNotIgnored(BlockJUnit4ClassRunner.java:79)
	at org.junit.runners.BlockJUnit4ClassRunner.runChild(BlockJUnit4ClassRunner.java:71)
	at org.junit.runners.BlockJUnit4ClassRunner.runChild(BlockJUnit4ClassRunner.java:49)
	at org.junit.runners.ParentRunner$3.run(ParentRunner.java:193)
	at org.junit.runners.ParentRunner$1.schedule(ParentRunner.java:52)
	at org.junit.runners.ParentRunner.runChildren(ParentRunner.java:191)
	at org.junit.runners.ParentRunner.access$000(ParentRunner.java:42)
	at org.junit.runners.ParentRunner$2.evaluate(ParentRunner.java:184)
	at org.junit.internal.runners.statements.RunBefores.evaluate(RunBefores.java:28)
	at org.junit.runners.ParentRunner.run(ParentRunner.java:236)
	at org.apache.maven.surefire.junit4.JUnit4TestSet.execute(JUnit4TestSet.java:53)
	at org.apache.maven.surefire.junit4.JUnit4Provider.executeTestSet(JUnit4Provider.java:123)
	at org.apache.maven.surefire.junit4.JUnit4Provider.invoke(JUnit4Provider.java:104)
	at sun.reflect.NativeMethodAccessorImpl.invoke0(Native Method)
	at sun.reflect.NativeMethodAccessorImpl.invoke(NativeMethodAccessorImpl.java:39)
	at sun.reflect.DelegatingMethodAccessorImpl.invoke(DelegatingMethodAccessorImpl.java:25)
	at java.lang.reflect.Method.invoke(Method.java:597)
	at org.apache.maven.surefire.util.ReflectionUtils.invokeMethodWithArray(ReflectionUtils.java:164)
	at org.apache.maven.surefire.booter.ProviderFactory$ProviderProxy.invoke(ProviderFactory.java:110)
	at org.apache.maven.surefire.booter.SurefireStarter.invokeProvider(SurefireStarter.java:175)
	at org.apache.maven.surefire.booter.SurefireStarter.runSuitesInProcessWhenForked(SurefireStarter.java:107)
	at org.apache.maven.surefire.booter.ForkedBooter.main(ForkedBooter.java:68)
</failure>
    <system-out>================ DACIA BACKOFFICE ================
------- dacia-tr VS. dacia-fr -------
File properties : renault-integ.properties
	- Properties not found in renault-integ.properties but found in reference file :
		esc.offers.picture.prod.path
		esc.offers.picture.bo.path
		esc.offers.publish.prodhosts
		esc.offers.picture.preprod.path
		esc.offers.publish.preprodhosts
	File properties renault-dev.properties not found.
File properties : dacia-integ.properties
	+ Properties found in dacia-integ.properties but not found in reference file :
		c2g.prodbackgroundStart
	- Properties not found in dacia-integ.properties but found in reference file :
		esc.offers.picture.prod.path
		esc.offers.picture.bo.path
		esc.offers.publish.prodhosts
		esc.offers.picture.preprod.path
		esc.offers.publish.preprodhosts
File properties : dacia-dev.properties
	+ Properties found in dacia-dev.properties but not found in reference file :
		c2g.prodbackgroundStart
	- Properties not found in dacia-dev.properties but found in reference file :
		esc.offers.picture.preprod.path
		esc.offers.picture.prod.path
		esc.offers.picture.bo.path
		esc.offers.publish.prodhosts
		esc.offers.publish.preprodhosts
File properties : jetty.properties
	+ Properties found in jetty.properties but not found in reference file :
		docbase
	- Properties not found in jetty.properties but found in reference file :
		esc.offers.picture.prod.path
		esc.offers.picture.bo.path
		esc.offers.publish.prodhosts
		esc.offers.picture.preprod.path
		esc.offers.publish.preprodhosts
File properties : admin-ren.properties
	+ Properties found in admin-ren.properties but not found in reference file :
		vo.backoffice.log.file.link
		cms_dirs
		vo.backoffice.csv.file.link
		vo.export.directory
	- Properties not found in admin-ren.properties but found in reference file :
		esc.offers.picture.preprod.path
		esc.offers.picture.prod.path
		esc.offers.picture.bo.path
		esc.offers.publish.prodhosts
		esc.offers.publish.preprodhosts
File properties : admin-valid-ren.properties
	+ Properties found in admin-valid-ren.properties but not found in reference file :
		vo.backoffice.log.file.link
		cms_dirs
		vo.backoffice.csv.file.link
		vo.export.directory
	- Properties not found in admin-valid-ren.properties but found in reference file :
		esc.offers.picture.prod.path
		esc.offers.picture.bo.path
		esc.offers.publish.prodhosts
		esc.offers.picture.preprod.path
		esc.offers.publish.preprodhosts
------- dacia-si VS. dacia-fr -------
File properties : renault-integ.properties
	- Properties not found in renault-integ.properties but found in reference file :
		esc.offers.picture.prod.path
		esc.offers.picture.bo.path
		esc.offers.publish.prodhosts
		esc.offers.picture.preprod.path
		esc.offers.publish.preprodhosts
File properties : renault-dev.properties
	- Properties not found in renault-dev.properties but found in reference file :
		esc.offers.picture.prod.path
		esc.offers.picture.bo.path
		esc.offers.publish.prodhosts
		esc.offers.picture.preprod.path
		esc.offers.publish.preprodhosts
File properties : dacia-integ.properties
	+ Properties found in dacia-integ.properties but not found in reference file :
		c2g.prodbackgroundStart
	- Properties not found in dacia-integ.properties but found in reference file :
		esc.offers.picture.prod.path
		esc.offers.picture.bo.path
		esc.offers.publish.prodhosts
		esc.offers.picture.preprod.path
		esc.offers.publish.preprodhosts
File properties : dacia-dev.properties
	+ Properties found in dacia-dev.properties but not found in reference file :
		c2g.prodbackgroundStart
	- Properties not found in dacia-dev.properties but found in reference file :
		esc.offers.picture.preprod.path
		esc.multimedia.files.prod.path
		esc.offers.picture.prod.path
		esc.offers.picture.bo.path
		esc.offers.publish.prodhosts
		esc.offers.publish.preprodhosts
		esc.multimedia.files.preprod.path
File properties : jetty.properties
	- Properties not found in jetty.properties but found in reference file :
		esc.offers.picture.prod.path
		esc.offers.picture.bo.path
		esc.offers.publish.prodhosts
		esc.offers.picture.preprod.path
		esc.offers.publish.preprodhosts
File properties : admin-ren.properties
	- Properties not found in admin-ren.properties but found in reference file :
		esc.offers.picture.preprod.path
		esc.offers.picture.prod.path
		esc.offers.picture.bo.path
		esc.offers.publish.prodhosts
		esc.offers.publish.preprodhosts
File properties : admin-valid-ren.properties
	- Properties not found in admin-valid-ren.properties but found in reference file :
		esc.offers.picture.prod.path
		esc.offers.picture.bo.path
		esc.offers.publish.prodhosts
		esc.offers.picture.preprod.path
		esc.offers.publish.preprodhosts
------- dacia-at VS. dacia-fr -------
File properties : renault-integ.properties
	- Properties not found in renault-integ.properties but found in reference file :
		esc.offers.picture.prod.path
		esc.offers.picture.bo.path
		esc.offers.publish.prodhosts
		esc.offers.picture.preprod.path
		esc.offers.publish.preprodhosts
File properties : renault-dev.properties
	- Properties not found in renault-dev.properties but found in reference file :
		esc.offers.picture.prod.path
		esc.offers.picture.bo.path
		esc.offers.publish.prodhosts
		esc.offers.picture.preprod.path
		esc.offers.publish.preprodhosts
File properties : dacia-integ.properties
	+ Properties found in dacia-integ.properties but not found in reference file :
		c2g.prodbackgroundStart
	- Properties not found in dacia-integ.properties but found in reference file :
		esc.offers.picture.prod.path
		esc.offers.picture.bo.path
		esc.offers.publish.prodhosts
		esc.offers.picture.preprod.path
		esc.offers.publish.preprodhosts
File properties : dacia-dev.properties
	+ Properties found in dacia-dev.properties but not found in reference file :
		c2g.prodbackgroundStart
	- Properties not found in dacia-dev.properties but found in reference file :
		esc.offers.picture.preprod.path
		esc.multimedia.files.prod.path
		esc.offers.picture.prod.path
		esc.offers.picture.bo.path
		esc.offers.publish.prodhosts
		esc.offers.publish.preprodhosts
		esc.multimedia.files.preprod.path
File properties : jetty.properties
	- Properties not found in jetty.properties but found in reference file :
		esc.offers.picture.prod.path
		esc.offers.picture.bo.path
		esc.offers.publish.prodhosts
		esc.offers.picture.preprod.path
		esc.offers.publish.preprodhosts
File properties : admin-ren.properties
	- Properties not found in admin-ren.properties but found in reference file :
		esc.offers.picture.preprod.path
		esc.offers.picture.prod.path
		esc.offers.picture.bo.path
		esc.offers.publish.prodhosts
		esc.offers.publish.preprodhosts
File properties : admin-valid-ren.properties
	- Properties not found in admin-valid-ren.properties but found in reference file :
		esc.offers.picture.prod.path
		esc.offers.picture.bo.path
		esc.offers.publish.prodhosts
		esc.offers.picture.preprod.path
		esc.offers.publish.preprodhosts
------- dacia-lu VS. dacia-fr -------
File properties : renault-integ.properties
	- Properties not found in renault-integ.properties but found in reference file :
		esc.offers.picture.prod.path
		esc.offers.picture.bo.path
		esc.offers.publish.prodhosts
		esc.offers.picture.preprod.path
		esc.offers.publish.preprodhosts
File properties : renault-dev.properties
	- Properties not found in renault-dev.properties but found in reference file :
		esc.offers.picture.prod.path
		esc.offers.picture.bo.path
		esc.offers.publish.prodhosts
		esc.offers.picture.preprod.path
		esc.offers.publish.preprodhosts
File properties : dacia-integ.properties
	+ Properties found in dacia-integ.properties but not found in reference file :
		c2g.prodbackgroundStart
	- Properties not found in dacia-integ.properties but found in reference file :
		esc.offers.picture.prod.path
		esc.offers.picture.bo.path
		esc.offers.publish.prodhosts
		esc.offers.picture.preprod.path
		esc.offers.publish.preprodhosts
File properties : dacia-dev.properties
	+ Properties found in dacia-dev.properties but not found in reference file :
		c2g.prodbackgroundStart
	- Properties not found in dacia-dev.properties but found in reference file :
		esc.offers.picture.preprod.path
		esc.multimedia.files.prod.path
		esc.offers.picture.prod.path
		esc.offers.picture.bo.path
		esc.offers.publish.prodhosts
		esc.offers.publish.preprodhosts
		esc.multimedia.files.preprod.path
File properties : jetty.properties
	- Properties not found in jetty.properties but found in reference file :
		esc.offers.picture.prod.path
		esc.offers.picture.bo.path
		esc.offers.publish.prodhosts
		esc.offers.picture.preprod.path
		esc.offers.publish.preprodhosts
File properties : admin-ren.properties
	- Properties not found in admin-ren.properties but found in reference file :
		esc.offers.picture.preprod.path
		esc.offers.picture.prod.path
		esc.offers.picture.bo.path
		esc.offers.publish.prodhosts
		esc.offers.publish.preprodhosts
File properties : admin-valid-ren.properties
	- Properties not found in admin-valid-ren.properties but found in reference file :
		esc.offers.picture.prod.path
		esc.offers.picture.bo.path
		esc.offers.publish.prodhosts
		esc.offers.picture.preprod.path
		esc.offers.publish.preprodhosts
------- dacia-sk VS. dacia-fr -------
File properties : renault-integ.properties
	- Properties not found in renault-integ.properties but found in reference file :
		esc.offers.picture.prod.path
		esc.offers.picture.bo.path
		esc.offers.publish.prodhosts
		esc.offers.picture.preprod.path
		esc.offers.publish.preprodhosts
File properties : renault-dev.properties
	- Properties not found in renault-dev.properties but found in reference file :
		esc.offers.picture.prod.path
		esc.offers.picture.bo.path
		esc.offers.publish.prodhosts
		esc.offers.picture.preprod.path
		esc.offers.publish.preprodhosts
File properties : dacia-integ.properties
	+ Properties found in dacia-integ.properties but not found in reference file :
		c2g.prodbackgroundStart
	- Properties not found in dacia-integ.properties but found in reference file :
		esc.offers.picture.prod.path
		esc.offers.picture.bo.path
		esc.offers.publish.prodhosts
		esc.offers.picture.preprod.path
		esc.offers.publish.preprodhosts
File properties : dacia-dev.properties
	+ Properties found in dacia-dev.properties but not found in reference file :
		c2g.prodbackgroundStart
	- Properties not found in dacia-dev.properties but found in reference file :
		esc.offers.picture.preprod.path
		esc.multimedia.files.prod.path
		esc.offers.picture.prod.path
		esc.offers.picture.bo.path
		esc.offers.publish.prodhosts
		esc.offers.publish.preprodhosts
		esc.multimedia.files.preprod.path
File properties : jetty.properties
	- Properties not found in jetty.properties but found in reference file :
		esc.offers.picture.prod.path
		esc.offers.picture.bo.path
		esc.offers.publish.prodhosts
		esc.offers.picture.preprod.path
		esc.offers.publish.preprodhosts
File properties : admin-ren.properties
	- Properties not found in admin-ren.properties but found in reference file :
		esc.offers.picture.preprod.path
		esc.offers.picture.prod.path
		esc.offers.picture.bo.path
		esc.offers.publish.prodhosts
		esc.offers.publish.preprodhosts
File properties : admin-valid-ren.properties
	- Properties not found in admin-valid-ren.properties but found in reference file :
		esc.offers.picture.prod.path
		esc.offers.picture.bo.path
		esc.offers.publish.prodhosts
		esc.offers.picture.preprod.path
		esc.offers.publish.preprodhosts
------- dacia-master VS. dacia-fr -------
File properties : renault-integ.properties
	- Properties not found in renault-integ.properties but found in reference file :
		esc.offers.picture.prod.path
		esc.offers.picture.bo.path
		esc.offers.publish.prodhosts
		esc.offers.picture.preprod.path
		esc.offers.publish.preprodhosts
File properties : renault-dev.properties
	- Properties not found in renault-dev.properties but found in reference file :
		esc.offers.picture.prod.path
		esc.offers.picture.bo.path
		esc.offers.publish.prodhosts
		esc.offers.picture.preprod.path
		esc.offers.publish.preprodhosts
File properties : dacia-integ.properties
	+ Properties found in dacia-integ.properties but not found in reference file :
		c2g.prodbackgroundStart
	- Properties not found in dacia-integ.properties but found in reference file :
		esc.offers.picture.prod.path
		esc.offers.picture.bo.path
		esc.offers.publish.prodhosts
		esc.offers.picture.preprod.path
		esc.offers.publish.preprodhosts
File properties : dacia-dev.properties
	+ Properties found in dacia-dev.properties but not found in reference file :
		c2g.prodbackgroundStart
	- Properties not found in dacia-dev.properties but found in reference file :
		esc.offers.picture.preprod.path
		esc.multimedia.files.prod.path
		esc.offers.picture.prod.path
		esc.offers.picture.bo.path
		esc.offers.publish.prodhosts
		esc.offers.publish.preprodhosts
		esc.multimedia.files.preprod.path
File properties : jetty.properties
	- Properties not found in jetty.properties but found in reference file :
		esc.offers.picture.prod.path
		esc.offers.picture.bo.path
		esc.offers.publish.prodhosts
		esc.offers.picture.preprod.path
		esc.offers.publish.preprodhosts
File properties : admin-ren.properties
	- Properties not found in admin-ren.properties but found in reference file :
		esc.offers.picture.preprod.path
		esc.offers.picture.prod.path
		esc.offers.picture.bo.path
		esc.offers.publish.prodhosts
		esc.offers.publish.preprodhosts
File properties : admin-valid-ren.properties
	- Properties not found in admin-valid-ren.properties but found in reference file :
		esc.offers.picture.prod.path
		esc.offers.picture.bo.path
		esc.offers.publish.prodhosts
		esc.offers.picture.preprod.path
		esc.offers.publish.preprodhosts
------- dacia-central VS. dacia-fr -------
File properties : renault-integ.properties
	- Properties not found in renault-integ.properties but found in reference file :
		leadforms.publish.repositorypath
		esc.offers.picture.prod.path
		esc.offers.picture.bo.path
		c2g.prodbackgroundStart
		leadforms.publish.preprodPath
		esc.offers.publish.prodhosts
		leadforms.publish.prodhosts
		esc.offers.picture.preprod.path
		esc.offers.publish.preprodhosts
		leadforms.publish.prodPath
		leadforms.publish.preprodhosts
File properties : renault-dev.properties
	- Properties not found in renault-dev.properties but found in reference file :
		leadforms.publish.repositorypath
		esc.offers.picture.prod.path
		esc.offers.picture.bo.path
		leadforms.publish.preprodPath
		esc.offers.publish.prodhosts
		leadforms.publish.prodhosts
		esc.offers.picture.preprod.path
		esc.offers.publish.preprodhosts
		leadforms.publish.prodPath
		leadforms.publish.preprodhosts
File properties : dacia-integ.properties
	- Properties not found in dacia-integ.properties but found in reference file :
		leadforms.publish.repositorypath
		esc.offers.picture.prod.path
		esc.offers.picture.bo.path
		leadforms.publish.preprodPath
		esc.offers.publish.prodhosts
		leadforms.publish.prodhosts
		esc.offers.picture.preprod.path
		esc.offers.publish.preprodhosts
		leadforms.publish.prodPath
		leadforms.publish.preprodhosts
File properties : dacia-dev.properties
	- Properties not found in dacia-dev.properties but found in reference file :
		esc.offers.picture.preprod.path
		leadforms.publish.prodhosts
		esc.multimedia.files.prod.path
		leadforms.publish.prodPath
		leadforms.publish.repositorypath
		esc.offers.picture.prod.path
		esc.offers.picture.bo.path
		leadforms.publish.preprodPath
		esc.offers.publish.prodhosts
		esc.offers.publish.preprodhosts
		esc.multimedia.files.preprod.path
		leadforms.publish.preprodhosts
File properties : jetty.properties
	+ Properties found in jetty.properties but not found in reference file :
		notificationServices.prod
	- Properties not found in jetty.properties but found in reference file :
		esc.offers.picture.prod.path
		esc.offers.picture.bo.path
		catalina.base
		esc.offers.publish.prodhosts
		esc.offers.picture.preprod.path
		esc.offers.publish.preprodhosts
File properties : admin-ren.properties
	- Properties not found in admin-ren.properties but found in reference file :
		esc.offers.picture.preprod.path
		leadforms.publish.prodhosts
		leadforms.publish.prodPath
		leadforms.publish.repositorypath
		esc.offers.picture.prod.path
		esc.offers.picture.bo.path
		leadforms.publish.preprodPath
		esc.offers.publish.prodhosts
		esc.offers.publish.preprodhosts
		c2g.prodphysicalConnectionsNumber
		leadforms.publish.preprodhosts
File properties : admin-valid-ren.properties
	- Properties not found in admin-valid-ren.properties but found in reference file :
		leadforms.publish.repositorypath
		esc.offers.picture.prod.path
		esc.offers.picture.bo.path
		leadforms.publish.preprodPath
		esc.offers.publish.prodhosts
		leadforms.publish.prodhosts
		esc.offers.picture.preprod.path
		esc.offers.publish.preprodhosts
		leadforms.publish.prodPath
		leadforms.publish.preprodhosts
------- dacia-hu VS. dacia-fr -------
File properties : renault-integ.properties
	- Properties not found in renault-integ.properties but found in reference file :
		esc.offers.picture.prod.path
		esc.offers.picture.bo.path
		esc.offers.publish.prodhosts
		esc.offers.picture.preprod.path
		esc.offers.publish.preprodhosts
File properties : renault-dev.properties
	- Properties not found in renault-dev.properties but found in reference file :
		esc.offers.picture.prod.path
		esc.offers.picture.bo.path
		esc.offers.publish.prodhosts
		esc.offers.picture.preprod.path
		esc.offers.publish.preprodhosts
File properties : dacia-integ.properties
	+ Properties found in dacia-integ.properties but not found in reference file :
		c2g.prodbackgroundStart
	- Properties not found in dacia-integ.properties but found in reference file :
		esc.offers.picture.prod.path
		esc.offers.picture.bo.path
		esc.offers.publish.prodhosts
		esc.offers.picture.preprod.path
		esc.offers.publish.preprodhosts
File properties : dacia-dev.properties
	+ Properties found in dacia-dev.properties but not found in reference file :
		c2g.prodbackgroundStart
	- Properties not found in dacia-dev.properties but found in reference file :
		esc.offers.picture.preprod.path
		esc.multimedia.files.prod.path
		esc.offers.picture.prod.path
		esc.offers.picture.bo.path
		esc.offers.publish.prodhosts
		esc.offers.publish.preprodhosts
		esc.multimedia.files.preprod.path
File properties : jetty.properties
	- Properties not found in jetty.properties but found in reference file :
		esc.offers.picture.prod.path
		esc.offers.picture.bo.path
		esc.offers.publish.prodhosts
		esc.offers.picture.preprod.path
		esc.offers.publish.preprodhosts
File properties : admin-ren.properties
	- Properties not found in admin-ren.properties but found in reference file :
		esc.offers.picture.preprod.path
		esc.offers.picture.prod.path
		esc.offers.picture.bo.path
		esc.offers.publish.prodhosts
		esc.offers.publish.preprodhosts
File properties : admin-valid-ren.properties
	- Properties not found in admin-valid-ren.properties but found in reference file :
		esc.offers.picture.prod.path
		esc.offers.picture.bo.path
		esc.offers.publish.prodhosts
		esc.offers.picture.preprod.path
		esc.offers.publish.preprodhosts
------- dacia-uk VS. dacia-fr -------
File properties : renault-integ.properties
	+ Properties found in renault-integ.properties but not found in reference file :
		cms_dirs
	- Properties not found in renault-integ.properties but found in reference file :
		esc.offers.picture.prod.path
		esc.offers.picture.bo.path
		c2g.prodbackgroundStart
		esc.offers.publish.prodhosts
		esc.offers.picture.preprod.path
		esc.offers.publish.preprodhosts
File properties : renault-dev.properties
	- Properties not found in renault-dev.properties but found in reference file :
		esc.offers.picture.prod.path
		esc.offers.picture.bo.path
		esc.offers.publish.prodhosts
		esc.offers.picture.preprod.path
		esc.offers.publish.preprodhosts
File properties : dacia-integ.properties
	+ Properties found in dacia-integ.properties but not found in reference file :
		c2g.prodbackgroundStart
File properties : dacia-dev.properties
	+ Properties found in dacia-dev.properties but not found in reference file :
		c2g.prodbackgroundStart
File properties : jetty.properties
File properties : admin-ren.properties
	+ Properties found in admin-ren.properties but not found in reference file :
		vo.backoffice.log.file.link
		cms_dirs
		vo.backoffice.csv.file.link
File properties : admin-valid-ren.properties
	+ Properties found in admin-valid-ren.properties but not found in reference file :
		vo.backoffice.log.file.link
		cms_dirs
		vo.backoffice.csv.file.link
------- dacia-pl VS. dacia-fr -------
File properties : renault-integ.properties
File properties : renault-dev.properties
File properties : dacia-integ.properties
	+ Properties found in dacia-integ.properties but not found in reference file :
		c2g.prodbackgroundStart
File properties : dacia-dev.properties
	+ Properties found in dacia-dev.properties but not found in reference file :
		c2g.prodbackgroundStart
File properties : jetty.properties
File properties : admin-ren.properties
File properties : admin-valid-ren.properties
------- dacia-cz VS. dacia-fr -------
File properties : renault-integ.properties
	- Properties not found in renault-integ.properties but found in reference file :
		esc.offers.picture.prod.path
		esc.offers.picture.bo.path
		esc.offers.publish.prodhosts
		esc.offers.picture.preprod.path
		esc.offers.publish.preprodhosts
File properties : renault-dev.properties
	- Properties not found in renault-dev.properties but found in reference file :
		esc.offers.picture.prod.path
		esc.offers.picture.bo.path
		esc.offers.publish.prodhosts
		esc.offers.picture.preprod.path
		esc.offers.publish.preprodhosts
File properties : dacia-integ.properties
	- Properties not found in dacia-integ.properties but found in reference file :
		esc.offers.picture.prod.path
		esc.offers.picture.bo.path
		esc.offers.publish.prodhosts
		esc.offers.picture.preprod.path
		esc.offers.publish.preprodhosts
File properties : dacia-dev.properties
	- Properties not found in dacia-dev.properties but found in reference file :
		esc.offers.picture.preprod.path
		esc.multimedia.files.prod.path
		esc.offers.picture.prod.path
		esc.offers.picture.bo.path
		esc.offers.publish.prodhosts
		esc.offers.publish.preprodhosts
		esc.multimedia.files.preprod.path
File properties : jetty.properties
	- Properties not found in jetty.properties but found in reference file :
		esc.offers.picture.prod.path
		esc.offers.picture.bo.path
		esc.offers.publish.prodhosts
		esc.offers.picture.preprod.path
		esc.offers.publish.preprodhosts
File properties : admin-ren.properties
	- Properties not found in admin-ren.properties but found in reference file :
		esc.offers.picture.preprod.path
		esc.offers.picture.prod.path
		esc.offers.picture.bo.path
		esc.offers.publish.prodhosts
		esc.offers.publish.preprodhosts
File properties : admin-valid-ren.properties
	- Properties not found in admin-valid-ren.properties but found in reference file :
		esc.offers.picture.prod.path
		esc.offers.picture.bo.path
		esc.offers.publish.prodhosts
		esc.offers.picture.preprod.path
		esc.offers.publish.preprodhosts
------- dacia-it VS. dacia-fr -------
File properties : renault-integ.properties
File properties : renault-dev.properties
File properties : dacia-integ.properties
File properties : dacia-dev.properties
	+ Properties found in dacia-dev.properties but not found in reference file :
		cms.prod.path
		cms.path
		cms.preprod.path
File properties : jetty.properties
	+ Properties found in jetty.properties but not found in reference file :
		cimEshopAlias
		cimSecretKey
		cimServiceUrl
File properties : admin-ren.properties
	+ Properties found in admin-ren.properties but not found in reference file :
		cimEshopAlias
		cimSecretKey
File properties : admin-valid-ren.properties
	+ Properties found in admin-valid-ren.properties but not found in reference file :
		cms.prod.path
		cms.path
		cimServiceUrl
		cimEshopAlias
		cms.preprod.path
		cimSecretKey
------- dacia-dz VS. dacia-fr -------
File properties : renault-integ.properties
	- Properties not found in renault-integ.properties but found in reference file :
		esc.offers.picture.prod.path
		esc.offers.picture.bo.path
		esc.offers.publish.prodhosts
		esc.offers.picture.preprod.path
		esc.offers.publish.preprodhosts
File properties : renault-dev.properties
	- Properties not found in renault-dev.properties but found in reference file :
		esc.offers.picture.prod.path
		esc.offers.picture.bo.path
		esc.offers.publish.prodhosts
		esc.offers.picture.preprod.path
		esc.offers.publish.preprodhosts
File properties : dacia-integ.properties
	+ Properties found in dacia-integ.properties but not found in reference file :
		c2g.prodbackgroundStart
	- Properties not found in dacia-integ.properties but found in reference file :
		esc.offers.picture.prod.path
		esc.offers.picture.bo.path
		esc.offers.publish.prodhosts
		esc.offers.picture.preprod.path
		esc.offers.publish.preprodhosts
File properties : dacia-dev.properties
	+ Properties found in dacia-dev.properties but not found in reference file :
		c2g.prodbackgroundStart
	- Properties not found in dacia-dev.properties but found in reference file :
		esc.offers.picture.preprod.path
		esc.multimedia.files.prod.path
		esc.offers.picture.prod.path
		esc.offers.picture.bo.path
		esc.offers.publish.prodhosts
		esc.offers.publish.preprodhosts
		esc.multimedia.files.preprod.path
File properties : jetty.properties
	- Properties not found in jetty.properties but found in reference file :
		esc.offers.picture.prod.path
		esc.offers.picture.bo.path
		esc.offers.publish.prodhosts
		esc.offers.picture.preprod.path
		esc.offers.publish.preprodhosts
File properties : admin-ren.properties
	- Properties not found in admin-ren.properties but found in reference file :
		esc.offers.picture.preprod.path
		esc.offers.picture.prod.path
		esc.offers.picture.bo.path
		esc.offers.publish.prodhosts
		esc.offers.publish.preprodhosts
File properties : admin-valid-ren.properties
	- Properties not found in admin-valid-ren.properties but found in reference file :
		esc.offers.picture.prod.path
		esc.offers.picture.bo.path
		esc.offers.publish.prodhosts
		esc.offers.picture.preprod.path
		esc.offers.publish.preprodhosts
------- dacia-hr VS. dacia-fr -------
File properties : renault-integ.properties
	- Properties not found in renault-integ.properties but found in reference file :
		esc.offers.picture.prod.path
		esc.offers.picture.bo.path
		esc.offers.publish.prodhosts
		esc.offers.picture.preprod.path
		esc.offers.publish.preprodhosts
File properties : renault-dev.properties
	- Properties not found in renault-dev.properties but found in reference file :
		esc.offers.picture.prod.path
		esc.offers.picture.bo.path
		esc.offers.publish.prodhosts
		esc.offers.picture.preprod.path
		esc.offers.publish.preprodhosts
File properties : dacia-integ.properties
	+ Properties found in dacia-integ.properties but not found in reference file :
		c2g.prodbackgroundStart
	- Properties not found in dacia-integ.properties but found in reference file :
		esc.offers.picture.prod.path
		esc.offers.picture.bo.path
		esc.offers.publish.prodhosts
		esc.offers.picture.preprod.path
		esc.offers.publish.preprodhosts
File properties : dacia-dev.properties
	+ Properties found in dacia-dev.properties but not found in reference file :
		c2g.prodbackgroundStart
	- Properties not found in dacia-dev.properties but found in reference file :
		esc.offers.picture.preprod.path
		esc.multimedia.files.prod.path
		esc.offers.picture.prod.path
		esc.offers.picture.bo.path
		esc.offers.publish.prodhosts
		esc.offers.publish.preprodhosts
		esc.multimedia.files.preprod.path
File properties : jetty.properties
	- Properties not found in jetty.properties but found in reference file :
		esc.offers.picture.prod.path
		esc.offers.picture.bo.path
		esc.offers.publish.prodhosts
		esc.offers.picture.preprod.path
		esc.offers.publish.preprodhosts
File properties : admin-ren.properties
	- Properties not found in admin-ren.properties but found in reference file :
		esc.offers.picture.preprod.path
		esc.offers.picture.prod.path
		esc.offers.picture.bo.path
		esc.offers.publish.prodhosts
		esc.offers.publish.preprodhosts
File properties : admin-valid-ren.properties
	- Properties not found in admin-valid-ren.properties but found in reference file :
		esc.offers.picture.prod.path
		esc.offers.picture.bo.path
		esc.offers.publish.prodhosts
		esc.offers.picture.preprod.path
		esc.offers.publish.preprodhosts
------- dacia-ro VS. dacia-fr -------
	File properties renault-integ.properties not found.
	File properties renault-dev.properties not found.
File properties : dacia-integ.properties
	+ Properties found in dacia-integ.properties but not found in reference file :
		c2g.prodbackgroundStart
	- Properties not found in dacia-integ.properties but found in reference file :
		esc.offers.picture.prod.path
		esc.offers.picture.bo.path
		esc.offers.publish.prodhosts
		esc.offers.picture.preprod.path
		esc.offers.publish.preprodhosts
File properties : dacia-dev.properties
	+ Properties found in dacia-dev.properties but not found in reference file :
		c2g.prodbackgroundStart
	- Properties not found in dacia-dev.properties but found in reference file :
		esc.offers.picture.preprod.path
		esc.offers.picture.prod.path
		esc.offers.picture.bo.path
		esc.offers.publish.prodhosts
		esc.offers.publish.preprodhosts
File properties : jetty.properties
	+ Properties found in jetty.properties but not found in reference file :
		docbase
	- Properties not found in jetty.properties but found in reference file :
		esc.offers.picture.prod.path
		esc.offers.picture.bo.path
		esc.offers.publish.prodhosts
		esc.offers.picture.preprod.path
		esc.offers.publish.preprodhosts
File properties : admin-ren.properties
	+ Properties found in admin-ren.properties but not found in reference file :
		vo.backoffice.log.file.link
		cms_dirs
		vo.backoffice.csv.file.link
		vo.export.directory
	- Properties not found in admin-ren.properties but found in reference file :
		esc.offers.picture.preprod.path
		esc.offers.picture.prod.path
		esc.offers.picture.bo.path
		esc.offers.publish.prodhosts
		esc.offers.publish.preprodhosts
File properties : admin-valid-ren.properties
	+ Properties found in admin-valid-ren.properties but not found in reference file :
		vo.backoffice.log.file.link
		cms_dirs
		vo.backoffice.csv.file.link
		vo.export.directory
	- Properties not found in admin-valid-ren.properties but found in reference file :
		esc.offers.picture.prod.path
		esc.offers.picture.bo.path
		esc.offers.publish.prodhosts
		esc.offers.picture.preprod.path
		esc.offers.publish.preprodhosts
------- dacia-ch VS. dacia-fr -------
File properties : renault-integ.properties
	- Properties not found in renault-integ.properties but found in reference file :
		esc.offers.picture.prod.path
		esc.offers.picture.bo.path
		esc.offers.publish.prodhosts
		esc.offers.picture.preprod.path
		esc.offers.publish.preprodhosts
File properties : renault-dev.properties
	- Properties not found in renault-dev.properties but found in reference file :
		esc.offers.picture.prod.path
		esc.offers.picture.bo.path
		esc.offers.publish.prodhosts
		esc.offers.picture.preprod.path
		esc.offers.publish.preprodhosts
File properties : dacia-integ.properties
	+ Properties found in dacia-integ.properties but not found in reference file :
		c2g.prodbackgroundStart
	- Properties not found in dacia-integ.properties but found in reference file :
		esc.offers.picture.prod.path
		esc.offers.picture.bo.path
		esc.offers.publish.prodhosts
		esc.offers.picture.preprod.path
		esc.offers.publish.preprodhosts
File properties : dacia-dev.properties
	+ Properties found in dacia-dev.properties but not found in reference file :
		c2g.prodbackgroundStart
	- Properties not found in dacia-dev.properties but found in reference file :
		esc.offers.picture.preprod.path
		esc.multimedia.files.prod.path
		esc.offers.picture.prod.path
		esc.offers.picture.bo.path
		esc.offers.publish.prodhosts
		esc.offers.publish.preprodhosts
		esc.multimedia.files.preprod.path
File properties : jetty.properties
	- Properties not found in jetty.properties but found in reference file :
		esc.offers.picture.prod.path
		esc.offers.picture.bo.path
		esc.offers.publish.prodhosts
		esc.offers.picture.preprod.path
		esc.offers.publish.preprodhosts
File properties : admin-ren.properties
	- Properties not found in admin-ren.properties but found in reference file :
		esc.offers.picture.preprod.path
		esc.offers.picture.prod.path
		esc.offers.picture.bo.path
		esc.offers.publish.prodhosts
		esc.offers.publish.preprodhosts
File properties : admin-valid-ren.properties
	- Properties not found in admin-valid-ren.properties but found in reference file :
		esc.offers.picture.prod.path
		esc.offers.picture.bo.path
		esc.offers.publish.prodhosts
		esc.offers.picture.preprod.path
		esc.offers.publish.preprodhosts
------- dacia-be VS. dacia-fr -------
File properties : renault-integ.properties
	- Properties not found in renault-integ.properties but found in reference file :
		esc.offers.picture.prod.path
		esc.offers.picture.bo.path
		esc.offers.publish.prodhosts
		esc.offers.picture.preprod.path
		esc.offers.publish.preprodhosts
File properties : renault-dev.properties
	- Properties not found in renault-dev.properties but found in reference file :
		esc.offers.picture.prod.path
		esc.offers.picture.bo.path
		esc.offers.publish.prodhosts
		esc.offers.picture.preprod.path
		esc.offers.publish.preprodhosts
File properties : dacia-integ.properties
	+ Properties found in dacia-integ.properties but not found in reference file :
		c2g.prodbackgroundStart
	- Properties not found in dacia-integ.properties but found in reference file :
		esc.offers.picture.prod.path
		esc.offers.picture.bo.path
		esc.offers.publish.prodhosts
		esc.offers.picture.preprod.path
		esc.offers.publish.preprodhosts
File properties : dacia-dev.properties
	+ Properties found in dacia-dev.properties but not found in reference file :
		c2g.prodbackgroundStart
	- Properties not found in dacia-dev.properties but found in reference file :
		esc.offers.picture.preprod.path
		esc.multimedia.files.prod.path
		esc.offers.picture.prod.path
		esc.offers.picture.bo.path
		esc.offers.publish.prodhosts
		esc.offers.publish.preprodhosts
		esc.multimedia.files.preprod.path
File properties : jetty.properties
	- Properties not found in jetty.properties but found in reference file :
		esc.offers.picture.prod.path
		esc.offers.picture.bo.path
		esc.offers.publish.prodhosts
		esc.offers.picture.preprod.path
		esc.offers.publish.preprodhosts
File properties : admin-ren.properties
	- Properties not found in admin-ren.properties but found in reference file :
		esc.offers.picture.preprod.path
		esc.offers.picture.prod.path
		esc.offers.picture.bo.path
		esc.offers.publish.prodhosts
		esc.offers.publish.preprodhosts
File properties : admin-valid-ren.properties
	- Properties not found in admin-valid-ren.properties but found in reference file :
		esc.offers.picture.prod.path
		esc.offers.picture.bo.path
		esc.offers.publish.prodhosts
		esc.offers.picture.preprod.path
		esc.offers.publish.preprodhosts
------- dacia-es VS. dacia-fr -------
File properties : renault-integ.properties
	- Properties not found in renault-integ.properties but found in reference file :
		esc.offers.picture.prod.path
		esc.offers.picture.bo.path
		esc.offers.publish.prodhosts
		esc.offers.picture.preprod.path
		esc.offers.publish.preprodhosts
File properties : renault-dev.properties
	- Properties not found in renault-dev.properties but found in reference file :
		esc.offers.picture.prod.path
		esc.offers.picture.bo.path
		esc.offers.publish.prodhosts
		esc.offers.picture.preprod.path
		esc.offers.publish.preprodhosts
File properties : dacia-integ.properties
	+ Properties found in dacia-integ.properties but not found in reference file :
		c2g.prodbackgroundStart
	- Properties not found in dacia-integ.properties but found in reference file :
		esc.offers.picture.prod.path
		esc.offers.picture.bo.path
		esc.offers.publish.prodhosts
		esc.offers.picture.preprod.path
		esc.offers.publish.preprodhosts
File properties : dacia-dev.properties
	+ Properties found in dacia-dev.properties but not found in reference file :
		c2g.prodbackgroundStart
	- Properties not found in dacia-dev.properties but found in reference file :
		esc.offers.picture.preprod.path
		esc.multimedia.files.prod.path
		esc.offers.picture.prod.path
		esc.offers.picture.bo.path
		esc.offers.publish.prodhosts
		esc.offers.publish.preprodhosts
		esc.multimedia.files.preprod.path
File properties : jetty.properties
	- Properties not found in jetty.properties but found in reference file :
		esc.offers.picture.prod.path
		esc.offers.picture.bo.path
		esc.offers.publish.prodhosts
		esc.offers.picture.preprod.path
		esc.offers.publish.preprodhosts
File properties : admin-ren.properties
	- Properties not found in admin-ren.properties but found in reference file :
		esc.offers.picture.preprod.path
		esc.offers.picture.prod.path
		esc.offers.picture.bo.path
		esc.offers.publish.prodhosts
		esc.offers.publish.preprodhosts
File properties : admin-valid-ren.properties
	- Properties not found in admin-valid-ren.properties but found in reference file :
		esc.offers.picture.prod.path
		esc.offers.picture.bo.path
		esc.offers.publish.prodhosts
		esc.offers.picture.preprod.path
		esc.offers.publish.preprodhosts
------- dacia-pt VS. dacia-fr -------
File properties : renault-integ.properties
	- Properties not found in renault-integ.properties but found in reference file :
		esc.offers.picture.prod.path
		esc.offers.picture.bo.path
		esc.offers.publish.prodhosts
		esc.offers.picture.preprod.path
		esc.offers.publish.preprodhosts
File properties : renault-dev.properties
	- Properties not found in renault-dev.properties but found in reference file :
		esc.offers.picture.prod.path
		esc.offers.picture.bo.path
		esc.offers.publish.prodhosts
		esc.offers.picture.preprod.path
		esc.offers.publish.preprodhosts
File properties : dacia-integ.properties
	+ Properties found in dacia-integ.properties but not found in reference file :
		c2g.prodbackgroundStart
	- Properties not found in dacia-integ.properties but found in reference file :
		esc.offers.picture.prod.path
		esc.offers.picture.bo.path
		esc.offers.publish.prodhosts
		esc.offers.picture.preprod.path
		esc.offers.publish.preprodhosts
File properties : dacia-dev.properties
	+ Properties found in dacia-dev.properties but not found in reference file :
		c2g.prodbackgroundStart
	- Properties not found in dacia-dev.properties but found in reference file :
		esc.offers.picture.preprod.path
		esc.multimedia.files.prod.path
		esc.offers.picture.prod.path
		esc.offers.picture.bo.path
		esc.offers.publish.prodhosts
		esc.offers.publish.preprodhosts
		esc.multimedia.files.preprod.path
File properties : jetty.properties
	- Properties not found in jetty.properties but found in reference file :
		esc.offers.picture.prod.path
		esc.offers.picture.bo.path
		esc.offers.publish.prodhosts
		esc.offers.picture.preprod.path
		esc.offers.publish.preprodhosts
File properties : admin-ren.properties
	- Properties not found in admin-ren.properties but found in reference file :
		esc.offers.picture.preprod.path
		esc.offers.picture.prod.path
		esc.offers.picture.bo.path
		esc.offers.publish.prodhosts
		esc.offers.publish.preprodhosts
File properties : admin-valid-ren.properties
	- Properties not found in admin-valid-ren.properties but found in reference file :
		esc.offers.picture.prod.path
		esc.offers.picture.bo.path
		esc.offers.publish.prodhosts
		esc.offers.picture.preprod.path
		esc.offers.publish.preprodhosts
------- dacia-nl VS. dacia-fr -------
File properties : renault-integ.properties
	- Properties not found in renault-integ.properties but found in reference file :
		esc.offers.picture.prod.path
		esc.offers.picture.bo.path
		esc.offers.publish.prodhosts
		esc.offers.picture.preprod.path
		esc.offers.publish.preprodhosts
File properties : renault-dev.properties
	- Properties not found in renault-dev.properties but found in reference file :
		esc.offers.picture.prod.path
		esc.offers.picture.bo.path
		esc.offers.publish.prodhosts
		esc.offers.picture.preprod.path
		esc.offers.publish.preprodhosts
File properties : dacia-integ.properties
	+ Properties found in dacia-integ.properties but not found in reference file :
		c2g.prodbackgroundStart
File properties : dacia-dev.properties
	+ Properties found in dacia-dev.properties but not found in reference file :
		cms.prod.path
		c2g.prodbackgroundStart
		cms.path
		cms.preprod.path
File properties : jetty.properties
File properties : admin-ren.properties
File properties : admin-valid-ren.properties
	+ Properties found in admin-valid-ren.properties but not found in reference file :
		cms.prod.path
		cms.path
		cms.preprod.path
------- dacia-de VS. dacia-fr -------
File properties : renault-integ.properties
	File properties renault-dev.properties not found.
File properties : dacia-integ.properties
	+ Properties found in dacia-integ.properties but not found in reference file :
		c2g.prodbackgroundStart
	- Properties not found in dacia-integ.properties but found in reference file :
		esc.offers.picture.prod.path
		esc.offers.picture.bo.path
		esc.offers.publish.prodhosts
		esc.offers.picture.preprod.path
		esc.offers.publish.preprodhosts
File properties : dacia-dev.properties
	+ Properties found in dacia-dev.properties but not found in reference file :
		c2g.prodbackgroundStart
	- Properties not found in dacia-dev.properties but found in reference file :
		esc.offers.picture.preprod.path
		esc.offers.picture.prod.path
		esc.offers.picture.bo.path
		esc.offers.publish.prodhosts
		esc.offers.publish.preprodhosts
File properties : jetty.properties
	+ Properties found in jetty.properties but not found in reference file :
		docbase
	- Properties not found in jetty.properties but found in reference file :
		esc.offers.picture.prod.path
		esc.offers.picture.bo.path
		esc.offers.publish.prodhosts
		esc.offers.picture.preprod.path
		esc.offers.publish.preprodhosts
File properties : admin-ren.properties
	+ Properties found in admin-ren.properties but not found in reference file :
		vo.backoffice.log.file.link
		cms_dirs
		vo.backoffice.csv.file.link
		vo.export.directory
	- Properties not found in admin-ren.properties but found in reference file :
		esc.offers.picture.preprod.path
		esc.offers.picture.prod.path
		esc.offers.picture.bo.path
		esc.offers.publish.prodhosts
		esc.offers.publish.preprodhosts
File properties : admin-valid-ren.properties
	+ Properties found in admin-valid-ren.properties but not found in reference file :
		vo.backoffice.log.file.link
		cms_dirs
		vo.backoffice.csv.file.link
		vo.export.directory
	- Properties not found in admin-valid-ren.properties but found in reference file :
		esc.offers.picture.prod.path
		esc.offers.picture.bo.path
		esc.offers.publish.prodhosts
		esc.offers.picture.preprod.path
		esc.offers.publish.preprodhosts
------- dacia-ie VS. dacia-fr -------
File properties : renault-integ.properties
	- Properties not found in renault-integ.properties but found in reference file :
		esc.offers.picture.prod.path
		esc.offers.picture.bo.path
		esc.offers.publish.prodhosts
		esc.offers.picture.preprod.path
		esc.offers.publish.preprodhosts
File properties : renault-dev.properties
	- Properties not found in renault-dev.properties but found in reference file :
		esc.offers.picture.prod.path
		esc.offers.picture.bo.path
		esc.offers.publish.prodhosts
		esc.offers.picture.preprod.path
		esc.offers.publish.preprodhosts
File properties : dacia-integ.properties
	+ Properties found in dacia-integ.properties but not found in reference file :
		c2g.prodbackgroundStart
	- Properties not found in dacia-integ.properties but found in reference file :
		esc.offers.picture.prod.path
		esc.offers.picture.bo.path
		esc.offers.publish.prodhosts
		esc.offers.picture.preprod.path
		esc.offers.publish.preprodhosts
File properties : dacia-dev.properties
	+ Properties found in dacia-dev.properties but not found in reference file :
		c2g.prodbackgroundStart
	- Properties not found in dacia-dev.properties but found in reference file :
		esc.offers.picture.preprod.path
		esc.multimedia.files.prod.path
		esc.offers.picture.prod.path
		esc.offers.picture.bo.path
		esc.offers.publish.prodhosts
		esc.offers.publish.preprodhosts
		esc.multimedia.files.preprod.path
File properties : jetty.properties
	- Properties not found in jetty.properties but found in reference file :
		esc.offers.picture.prod.path
		esc.offers.picture.bo.path
		esc.offers.publish.prodhosts
		esc.offers.picture.preprod.path
		esc.offers.publish.preprodhosts
File properties : admin-ren.properties
	- Properties not found in admin-ren.properties but found in reference file :
		esc.offers.picture.preprod.path
		esc.offers.picture.prod.path
		esc.offers.picture.bo.path
		esc.offers.publish.prodhosts
		esc.offers.publish.preprodhosts
File properties : admin-valid-ren.properties
	- Properties not found in admin-valid-ren.properties but found in reference file :
		esc.offers.picture.prod.path
		esc.offers.picture.bo.path
		esc.offers.publish.prodhosts
		esc.offers.picture.preprod.path
		esc.offers.publish.preprodhosts
------- dacia-ma VS. dacia-fr -------
File properties : renault-integ.properties
	- Properties not found in renault-integ.properties but found in reference file :
		esc.offers.picture.prod.path
		esc.offers.picture.bo.path
		esc.offers.publish.prodhosts
		esc.offers.picture.preprod.path
		esc.offers.publish.preprodhosts
File properties : renault-dev.properties
	- Properties not found in renault-dev.properties but found in reference file :
		esc.offers.picture.prod.path
		esc.offers.picture.bo.path
		esc.offers.publish.prodhosts
		esc.offers.picture.preprod.path
		esc.offers.publish.preprodhosts
File properties : dacia-integ.properties
	+ Properties found in dacia-integ.properties but not found in reference file :
		c2g.prodbackgroundStart
	- Properties not found in dacia-integ.properties but found in reference file :
		esc.offers.picture.prod.path
		esc.offers.picture.bo.path
		esc.offers.publish.prodhosts
		esc.offers.picture.preprod.path
		esc.offers.publish.preprodhosts
File properties : dacia-dev.properties
	+ Properties found in dacia-dev.properties but not found in reference file :
		c2g.prodbackgroundStart
	- Properties not found in dacia-dev.properties but found in reference file :
		esc.offers.picture.preprod.path
		esc.multimedia.files.prod.path
		esc.offers.picture.prod.path
		esc.offers.picture.bo.path
		esc.offers.publish.prodhosts
		esc.offers.publish.preprodhosts
		esc.multimedia.files.preprod.path
File properties : jetty.properties
	- Properties not found in jetty.properties but found in reference file :
		esc.offers.picture.prod.path
		esc.offers.picture.bo.path
		esc.offers.publish.prodhosts
		esc.offers.picture.preprod.path
		esc.offers.publish.preprodhosts
File properties : admin-ren.properties
	- Properties not found in admin-ren.properties but found in reference file :
		esc.offers.picture.preprod.path
		esc.offers.picture.prod.path
		esc.offers.picture.bo.path
		esc.offers.publish.prodhosts
		esc.offers.publish.preprodhosts
File properties : admin-valid-ren.properties
	- Properties not found in admin-valid-ren.properties but found in reference file :
		esc.offers.picture.prod.path
		esc.offers.picture.bo.path
		esc.offers.publish.prodhosts
		esc.offers.picture.preprod.path
		esc.offers.publish.preprodhosts

</system-out>
  </testcase>
  <testcase time="0.069" classname="com.renault.tools.synchronization.config.webapp.resources.SynchronizationConfigWebappTest" name="should_dacia_frontoffice_configurations_synchronized">
    <failure type="java.lang.AssertionError:">java.lang.AssertionError: 
	at org.junit.Assert.fail(Assert.java:91)
	at org.junit.Assert.assertTrue(Assert.java:43)
	at org.junit.Assert.assertTrue(Assert.java:54)
	at com.renault.tools.synchronization.config.webapp.resources.SynchronizationConfigWebappTest.should_dacia_frontoffice_configurations_synchronized(SynchronizationConfigWebappTest.java:65)
	at sun.reflect.NativeMethodAccessorImpl.invoke0(Native Method)
	at sun.reflect.NativeMethodAccessorImpl.invoke(NativeMethodAccessorImpl.java:39)
	at sun.reflect.DelegatingMethodAccessorImpl.invoke(DelegatingMethodAccessorImpl.java:25)
	at java.lang.reflect.Method.invoke(Method.java:597)
	at org.junit.runners.model.FrameworkMethod$1.runReflectiveCall(FrameworkMethod.java:44)
	at org.junit.internal.runners.model.ReflectiveCallable.run(ReflectiveCallable.java:15)
	at org.junit.runners.model.FrameworkMethod.invokeExplosively(FrameworkMethod.java:41)
	at org.junit.internal.runners.statements.InvokeMethod.evaluate(InvokeMethod.java:20)
	at org.junit.runners.BlockJUnit4ClassRunner.runNotIgnored(BlockJUnit4ClassRunner.java:79)
	at org.junit.runners.BlockJUnit4ClassRunner.runChild(BlockJUnit4ClassRunner.java:71)
	at org.junit.runners.BlockJUnit4ClassRunner.runChild(BlockJUnit4ClassRunner.java:49)
	at org.junit.runners.ParentRunner$3.run(ParentRunner.java:193)
	at org.junit.runners.ParentRunner$1.schedule(ParentRunner.java:52)
	at org.junit.runners.ParentRunner.runChildren(ParentRunner.java:191)
	at org.junit.runners.ParentRunner.access$000(ParentRunner.java:42)
	at org.junit.runners.ParentRunner$2.evaluate(ParentRunner.java:184)
	at org.junit.internal.runners.statements.RunBefores.evaluate(RunBefores.java:28)
	at org.junit.runners.ParentRunner.run(ParentRunner.java:236)
	at org.apache.maven.surefire.junit4.JUnit4TestSet.execute(JUnit4TestSet.java:53)
	at org.apache.maven.surefire.junit4.JUnit4Provider.executeTestSet(JUnit4Provider.java:123)
	at org.apache.maven.surefire.junit4.JUnit4Provider.invoke(JUnit4Provider.java:104)
	at sun.reflect.NativeMethodAccessorImpl.invoke0(Native Method)
	at sun.reflect.NativeMethodAccessorImpl.invoke(NativeMethodAccessorImpl.java:39)
	at sun.reflect.DelegatingMethodAccessorImpl.invoke(DelegatingMethodAccessorImpl.java:25)
	at java.lang.reflect.Method.invoke(Method.java:597)
	at org.apache.maven.surefire.util.ReflectionUtils.invokeMethodWithArray(ReflectionUtils.java:164)
	at org.apache.maven.surefire.booter.ProviderFactory$ProviderProxy.invoke(ProviderFactory.java:110)
	at org.apache.maven.surefire.booter.SurefireStarter.invokeProvider(SurefireStarter.java:175)
	at org.apache.maven.surefire.booter.SurefireStarter.runSuitesInProcessWhenForked(SurefireStarter.java:107)
	at org.apache.maven.surefire.booter.ForkedBooter.main(ForkedBooter.java:68)
</failure>
    <system-out>================ DACIA FRONTOFFICE ================
------- dacia-tr VS. dacia-fr -------
File properties : web-dac.properties
	- Properties not found in web-dac.properties but found in reference file :
		gdc.portal.url
		google.analytics.global.id
		eshop.order.payment.default_price
		google.analytics.site.id
File properties : renault-integ.properties
	- Properties not found in renault-integ.properties but found in reference file :
		htdocs
		eshop.order.payment.default_price
File properties : preprod-ren.properties
	- Properties not found in preprod-ren.properties but found in reference file :
		gdc.portal.url
		eshop.order.payment.default_price
File properties : preprod-valid-ren.properties
	- Properties not found in preprod-valid-ren.properties but found in reference file :
		gdc.portal.url
		eshop.order.payment.default_price
	File properties renault-dev.properties not found.
File properties : dacia-integ.properties
	- Properties not found in dacia-integ.properties but found in reference file :
		eshop.order.payment.default_price
File properties : dacia-dev.properties
	+ Properties found in dacia-dev.properties but not found in reference file :
		eshop.picture.directory
		eshop.destination.directory
	- Properties not found in dacia-dev.properties but found in reference file :
		eshop.order.payment.default_price
File properties : jetty.properties
	- Properties not found in jetty.properties but found in reference file :
		gdc.portal.url
		flexUrlBase
		eshop.order.payment.default_price
File properties : web-valid-dac.properties
	- Properties not found in web-valid-dac.properties but found in reference file :
		gdc.portal.url
		eshop.order.payment.default_price
	File properties admin3-ren.properties not found.
File properties : cruisecontrol.properties
------- dacia-si VS. dacia-fr -------
File properties : web-dac.properties
	- Properties not found in web-dac.properties but found in reference file :
		gdc.portal.url
		google.analytics.global.id
		eshop.order.payment.default_price
		google.analytics.site.id
File properties : renault-integ.properties
	- Properties not found in renault-integ.properties but found in reference file :
		htdocs
		eshop.order.payment.default_price
File properties : preprod-ren.properties
	- Properties not found in preprod-ren.properties but found in reference file :
		gdc.portal.url
		eshop.order.payment.default_price
File properties : preprod-valid-ren.properties
	- Properties not found in preprod-valid-ren.properties but found in reference file :
		gdc.portal.url
		eshop.order.payment.default_price
File properties : renault-dev.properties
	- Properties not found in renault-dev.properties but found in reference file :
		eshop.order.payment.default_price
File properties : dacia-integ.properties
	- Properties not found in dacia-integ.properties but found in reference file :
		htdocs
		eshop.order.payment.default_price
File properties : dacia-dev.properties
	- Properties not found in dacia-dev.properties but found in reference file :
		eshop.order.payment.default_price
		htdocs
File properties : jetty.properties
	- Properties not found in jetty.properties but found in reference file :
		docbase
		gdc.portal.url
		flexUrlBase
		eshop.order.payment.default_price
		htdocs
File properties : web-valid-dac.properties
	- Properties not found in web-valid-dac.properties but found in reference file :
		gdc.portal.url
		eshop.order.payment.default_price
	File properties admin3-ren.properties not found.
File properties : cruisecontrol.properties
------- dacia-at VS. dacia-fr -------
File properties : web-dac.properties
	- Properties not found in web-dac.properties but found in reference file :
		gdc.portal.url
		google.analytics.global.id
		eshop.order.payment.default_price
		google.analytics.site.id
File properties : renault-integ.properties
	- Properties not found in renault-integ.properties but found in reference file :
		htdocs
		eshop.order.payment.default_price
File properties : preprod-ren.properties
	- Properties not found in preprod-ren.properties but found in reference file :
		gdc.portal.url
		eshop.order.payment.default_price
File properties : preprod-valid-ren.properties
	- Properties not found in preprod-valid-ren.properties but found in reference file :
		gdc.portal.url
		eshop.order.payment.default_price
File properties : renault-dev.properties
	- Properties not found in renault-dev.properties but found in reference file :
		eshop.order.payment.default_price
File properties : dacia-integ.properties
	- Properties not found in dacia-integ.properties but found in reference file :
		htdocs
		eshop.order.payment.default_price
File properties : dacia-dev.properties
	- Properties not found in dacia-dev.properties but found in reference file :
		eshop.order.payment.default_price
		htdocs
File properties : jetty.properties
	- Properties not found in jetty.properties but found in reference file :
		docbase
		gdc.portal.url
		flexUrlBase
		eshop.order.payment.default_price
		htdocs
File properties : web-valid-dac.properties
	- Properties not found in web-valid-dac.properties but found in reference file :
		gdc.portal.url
		eshop.order.payment.default_price
	File properties admin3-ren.properties not found.
File properties : cruisecontrol.properties
------- dacia-lu VS. dacia-fr -------
File properties : web-dac.properties
	- Properties not found in web-dac.properties but found in reference file :
		gdc.portal.url
		google.analytics.global.id
		eshop.order.payment.default_price
		google.analytics.site.id
File properties : renault-integ.properties
	- Properties not found in renault-integ.properties but found in reference file :
		htdocs
		eshop.order.payment.default_price
File properties : preprod-ren.properties
	- Properties not found in preprod-ren.properties but found in reference file :
		gdc.portal.url
		eshop.order.payment.default_price
File properties : preprod-valid-ren.properties
	- Properties not found in preprod-valid-ren.properties but found in reference file :
		gdc.portal.url
		eshop.order.payment.default_price
File properties : renault-dev.properties
	- Properties not found in renault-dev.properties but found in reference file :
		eshop.order.payment.default_price
File properties : dacia-integ.properties
	- Properties not found in dacia-integ.properties but found in reference file :
		htdocs
		eshop.order.payment.default_price
File properties : dacia-dev.properties
	- Properties not found in dacia-dev.properties but found in reference file :
		eshop.order.payment.default_price
		htdocs
File properties : jetty.properties
	- Properties not found in jetty.properties but found in reference file :
		docbase
		gdc.portal.url
		flexUrlBase
		eshop.order.payment.default_price
		htdocs
File properties : web-valid-dac.properties
	- Properties not found in web-valid-dac.properties but found in reference file :
		gdc.portal.url
		eshop.order.payment.default_price
	File properties admin3-ren.properties not found.
File properties : cruisecontrol.properties
------- dacia-sk VS. dacia-fr -------
File properties : web-dac.properties
	- Properties not found in web-dac.properties but found in reference file :
		gdc.portal.url
		google.analytics.global.id
		eshop.order.payment.default_price
		google.analytics.site.id
File properties : renault-integ.properties
	- Properties not found in renault-integ.properties but found in reference file :
		htdocs
		eshop.order.payment.default_price
File properties : preprod-ren.properties
	- Properties not found in preprod-ren.properties but found in reference file :
		gdc.portal.url
		eshop.order.payment.default_price
File properties : preprod-valid-ren.properties
	- Properties not found in preprod-valid-ren.properties but found in reference file :
		gdc.portal.url
		eshop.order.payment.default_price
File properties : renault-dev.properties
	- Properties not found in renault-dev.properties but found in reference file :
		eshop.order.payment.default_price
File properties : dacia-integ.properties
	- Properties not found in dacia-integ.properties but found in reference file :
		htdocs
		eshop.order.payment.default_price
File properties : dacia-dev.properties
	- Properties not found in dacia-dev.properties but found in reference file :
		eshop.order.payment.default_price
		htdocs
File properties : jetty.properties
	- Properties not found in jetty.properties but found in reference file :
		docbase
		gdc.portal.url
		flexUrlBase
		eshop.order.payment.default_price
		htdocs
File properties : web-valid-dac.properties
	- Properties not found in web-valid-dac.properties but found in reference file :
		gdc.portal.url
		eshop.order.payment.default_price
	File properties admin3-ren.properties not found.
File properties : cruisecontrol.properties
------- dacia-master VS. dacia-fr -------
File properties : web-dac.properties
	- Properties not found in web-dac.properties but found in reference file :
		gdc.portal.url
		google.analytics.global.id
		eshop.order.payment.default_price
		google.analytics.site.id
File properties : renault-integ.properties
	- Properties not found in renault-integ.properties but found in reference file :
		htdocs
		eshop.order.payment.default_price
File properties : preprod-ren.properties
	- Properties not found in preprod-ren.properties but found in reference file :
		gdc.portal.url
		eshop.order.payment.default_price
File properties : preprod-valid-ren.properties
	- Properties not found in preprod-valid-ren.properties but found in reference file :
		gdc.portal.url
		eshop.order.payment.default_price
File properties : renault-dev.properties
	- Properties not found in renault-dev.properties but found in reference file :
		eshop.order.payment.default_price
File properties : dacia-integ.properties
	- Properties not found in dacia-integ.properties but found in reference file :
		htdocs
		eshop.order.payment.default_price
File properties : dacia-dev.properties
	- Properties not found in dacia-dev.properties but found in reference file :
		eshop.order.payment.default_price
		htdocs
File properties : jetty.properties
	- Properties not found in jetty.properties but found in reference file :
		docbase
		gdc.portal.url
		flexUrlBase
		eshop.order.payment.default_price
		htdocs
File properties : web-valid-dac.properties
	- Properties not found in web-valid-dac.properties but found in reference file :
		gdc.portal.url
		eshop.order.payment.default_price
	File properties admin3-ren.properties not found.
File properties : cruisecontrol.properties
------- dacia-central VS. dacia-fr -------
	File properties web-dac.properties not found.
File properties : renault-integ.properties
	- Properties not found in renault-integ.properties but found in reference file :
		htdocs
		eshop.order.payment.default_price
File properties : preprod-ren.properties
	- Properties not found in preprod-ren.properties but found in reference file :
		gdc.portal.url
		eshop.order.payment.default_price
File properties : preprod-valid-ren.properties
	- Properties not found in preprod-valid-ren.properties but found in reference file :
		gdc.portal.url
		eshop.order.payment.default_price
File properties : renault-dev.properties
	- Properties not found in renault-dev.properties but found in reference file :
		eshop.order.payment.default_price
File properties : dacia-integ.properties
	- Properties not found in dacia-integ.properties but found in reference file :
		htdocs
		eshop.order.payment.default_price
File properties : dacia-dev.properties
	- Properties not found in dacia-dev.properties but found in reference file :
		eshop.order.payment.default_price
		htdocs
File properties : jetty.properties
	- Properties not found in jetty.properties but found in reference file :
		docbase
		gdc.portal.url
		flexUrlBase
		eshop.order.payment.default_price
		catalina.base
		htdocs
	File properties web-valid-dac.properties not found.
File properties : admin3-ren.properties
	- Properties not found in admin3-ren.properties but found in reference file :
		google.analytics.global.id
		google.analytics.site.id
File properties : cruisecontrol.properties
------- dacia-hu VS. dacia-fr -------
File properties : web-dac.properties
	- Properties not found in web-dac.properties but found in reference file :
		gdc.portal.url
		google.analytics.global.id
		eshop.order.payment.default_price
		google.analytics.site.id
File properties : renault-integ.properties
	- Properties not found in renault-integ.properties but found in reference file :
		htdocs
		eshop.order.payment.default_price
File properties : preprod-ren.properties
	- Properties not found in preprod-ren.properties but found in reference file :
		gdc.portal.url
		eshop.order.payment.default_price
File properties : preprod-valid-ren.properties
	- Properties not found in preprod-valid-ren.properties but found in reference file :
		gdc.portal.url
		eshop.order.payment.default_price
File properties : renault-dev.properties
	- Properties not found in renault-dev.properties but found in reference file :
		eshop.order.payment.default_price
File properties : dacia-integ.properties
	- Properties not found in dacia-integ.properties but found in reference file :
		htdocs
		eshop.order.payment.default_price
File properties : dacia-dev.properties
	- Properties not found in dacia-dev.properties but found in reference file :
		eshop.order.payment.default_price
		htdocs
File properties : jetty.properties
	- Properties not found in jetty.properties but found in reference file :
		docbase
		gdc.portal.url
		flexUrlBase
		eshop.order.payment.default_price
		htdocs
File properties : web-valid-dac.properties
	- Properties not found in web-valid-dac.properties but found in reference file :
		gdc.portal.url
		eshop.order.payment.default_price
	File properties admin3-ren.properties not found.
File properties : cruisecontrol.properties
------- dacia-uk VS. dacia-fr -------
File properties : web-dac.properties
	- Properties not found in web-dac.properties but found in reference file :
		google.analytics.global.id
		google.analytics.site.id
File properties : renault-integ.properties
	- Properties not found in renault-integ.properties but found in reference file :
		htdocs
		eshop.order.payment.default_price
File properties : preprod-ren.properties
File properties : preprod-valid-ren.properties
File properties : renault-dev.properties
	- Properties not found in renault-dev.properties but found in reference file :
		eshop.order.payment.default_price
File properties : dacia-integ.properties
	- Properties not found in dacia-integ.properties but found in reference file :
		htdocs
File properties : dacia-dev.properties
	- Properties not found in dacia-dev.properties but found in reference file :
		htdocs
File properties : jetty.properties
	- Properties not found in jetty.properties but found in reference file :
		docbase
		flexUrlBase
		htdocs
File properties : web-valid-dac.properties
File properties : admin3-ren.properties
File properties : cruisecontrol.properties
------- dacia-pl VS. dacia-fr -------
File properties : web-dac.properties
	- Properties not found in web-dac.properties but found in reference file :
		google.analytics.global.id
		google.analytics.site.id
File properties : renault-integ.properties
File properties : preprod-ren.properties
File properties : preprod-valid-ren.properties
File properties : renault-dev.properties
File properties : dacia-integ.properties
File properties : dacia-dev.properties
File properties : jetty.properties
File properties : web-valid-dac.properties
	File properties admin3-ren.properties not found.
File properties : cruisecontrol.properties
------- dacia-cz VS. dacia-fr -------
File properties : web-dac.properties
	- Properties not found in web-dac.properties but found in reference file :
		gdc.portal.url
		google.analytics.global.id
		eshop.order.payment.default_price
		google.analytics.site.id
File properties : renault-integ.properties
	- Properties not found in renault-integ.properties but found in reference file :
		htdocs
		eshop.order.payment.default_price
File properties : preprod-ren.properties
	- Properties not found in preprod-ren.properties but found in reference file :
		gdc.portal.url
		eshop.order.payment.default_price
File properties : preprod-valid-ren.properties
	- Properties not found in preprod-valid-ren.properties but found in reference file :
		gdc.portal.url
		eshop.order.payment.default_price
File properties : renault-dev.properties
	- Properties not found in renault-dev.properties but found in reference file :
		eshop.order.payment.default_price
File properties : dacia-integ.properties
	- Properties not found in dacia-integ.properties but found in reference file :
		htdocs
		eshop.order.payment.default_price
File properties : dacia-dev.properties
	- Properties not found in dacia-dev.properties but found in reference file :
		eshop.order.payment.default_price
		htdocs
File properties : jetty.properties
	- Properties not found in jetty.properties but found in reference file :
		docbase
		gdc.portal.url
		flexUrlBase
		eshop.order.payment.default_price
		htdocs
File properties : web-valid-dac.properties
	- Properties not found in web-valid-dac.properties but found in reference file :
		gdc.portal.url
		eshop.order.payment.default_price
	File properties admin3-ren.properties not found.
File properties : cruisecontrol.properties
------- dacia-it VS. dacia-fr -------
File properties : web-dac.properties
	- Properties not found in web-dac.properties but found in reference file :
		google.analytics.global.id
		google.analytics.site.id
File properties : renault-integ.properties
	- Properties not found in renault-integ.properties but found in reference file :
		htdocs
File properties : preprod-ren.properties
File properties : preprod-valid-ren.properties
File properties : renault-dev.properties
	- Properties not found in renault-dev.properties but found in reference file :
		eshop.order.payment.default_price
File properties : dacia-integ.properties
	- Properties not found in dacia-integ.properties but found in reference file :
		htdocs
File properties : dacia-dev.properties
	- Properties not found in dacia-dev.properties but found in reference file :
		htdocs
File properties : jetty.properties
	- Properties not found in jetty.properties but found in reference file :
		flexUrlBase
File properties : web-valid-dac.properties
File properties : admin3-ren.properties
File properties : cruisecontrol.properties
------- dacia-dz VS. dacia-fr -------
File properties : web-dac.properties
	- Properties not found in web-dac.properties but found in reference file :
		gdc.portal.url
		google.analytics.global.id
		eshop.order.payment.default_price
		google.analytics.site.id
File properties : renault-integ.properties
	- Properties not found in renault-integ.properties but found in reference file :
		htdocs
		eshop.order.payment.default_price
File properties : preprod-ren.properties
	- Properties not found in preprod-ren.properties but found in reference file :
		gdc.portal.url
		eshop.order.payment.default_price
File properties : preprod-valid-ren.properties
	- Properties not found in preprod-valid-ren.properties but found in reference file :
		gdc.portal.url
		eshop.order.payment.default_price
File properties : renault-dev.properties
	- Properties not found in renault-dev.properties but found in reference file :
		eshop.order.payment.default_price
File properties : dacia-integ.properties
	- Properties not found in dacia-integ.properties but found in reference file :
		htdocs
		eshop.order.payment.default_price
File properties : dacia-dev.properties
	- Properties not found in dacia-dev.properties but found in reference file :
		eshop.order.payment.default_price
		htdocs
File properties : jetty.properties
	- Properties not found in jetty.properties but found in reference file :
		docbase
		gdc.portal.url
		flexUrlBase
		eshop.order.payment.default_price
		htdocs
File properties : web-valid-dac.properties
	- Properties not found in web-valid-dac.properties but found in reference file :
		gdc.portal.url
		eshop.order.payment.default_price
	File properties admin3-ren.properties not found.
File properties : cruisecontrol.properties
------- dacia-hr VS. dacia-fr -------
File properties : web-dac.properties
	- Properties not found in web-dac.properties but found in reference file :
		gdc.portal.url
		google.analytics.global.id
		eshop.order.payment.default_price
		google.analytics.site.id
File properties : renault-integ.properties
	- Properties not found in renault-integ.properties but found in reference file :
		htdocs
		eshop.order.payment.default_price
File properties : preprod-ren.properties
	- Properties not found in preprod-ren.properties but found in reference file :
		gdc.portal.url
		eshop.order.payment.default_price
File properties : preprod-valid-ren.properties
	- Properties not found in preprod-valid-ren.properties but found in reference file :
		gdc.portal.url
		eshop.order.payment.default_price
File properties : renault-dev.properties
	- Properties not found in renault-dev.properties but found in reference file :
		eshop.order.payment.default_price
File properties : dacia-integ.properties
	- Properties not found in dacia-integ.properties but found in reference file :
		htdocs
		eshop.order.payment.default_price
File properties : dacia-dev.properties
	- Properties not found in dacia-dev.properties but found in reference file :
		eshop.order.payment.default_price
		htdocs
File properties : jetty.properties
	- Properties not found in jetty.properties but found in reference file :
		docbase
		gdc.portal.url
		flexUrlBase
		eshop.order.payment.default_price
		htdocs
File properties : web-valid-dac.properties
	- Properties not found in web-valid-dac.properties but found in reference file :
		gdc.portal.url
		eshop.order.payment.default_price
	File properties admin3-ren.properties not found.
File properties : cruisecontrol.properties
------- dacia-ro VS. dacia-fr -------
File properties : web-dac.properties
	- Properties not found in web-dac.properties but found in reference file :
		gdc.portal.url
		eshop.order.payment.default_price
	File properties renault-integ.properties not found.
File properties : preprod-ren.properties
	- Properties not found in preprod-ren.properties but found in reference file :
		gdc.portal.url
		eshop.order.payment.default_price
File properties : preprod-valid-ren.properties
	- Properties not found in preprod-valid-ren.properties but found in reference file :
		gdc.portal.url
		eshop.order.payment.default_price
	File properties renault-dev.properties not found.
File properties : dacia-integ.properties
	- Properties not found in dacia-integ.properties but found in reference file :
		eshop.order.payment.default_price
File properties : dacia-dev.properties
	- Properties not found in dacia-dev.properties but found in reference file :
		eshop.order.payment.default_price
File properties : jetty.properties
	- Properties not found in jetty.properties but found in reference file :
		gdc.portal.url
		flexUrlBase
		eshop.order.payment.default_price
File properties : web-valid-dac.properties
	- Properties not found in web-valid-dac.properties but found in reference file :
		gdc.portal.url
		eshop.order.payment.default_price
	File properties admin3-ren.properties not found.
	File properties cruisecontrol.properties not found.
------- dacia-ch VS. dacia-fr -------
File properties : web-dac.properties
	- Properties not found in web-dac.properties but found in reference file :
		gdc.portal.url
		google.analytics.global.id
		eshop.order.payment.default_price
		google.analytics.site.id
File properties : renault-integ.properties
	- Properties not found in renault-integ.properties but found in reference file :
		htdocs
		eshop.order.payment.default_price
File properties : preprod-ren.properties
	- Properties not found in preprod-ren.properties but found in reference file :
		gdc.portal.url
		eshop.order.payment.default_price
File properties : preprod-valid-ren.properties
	- Properties not found in preprod-valid-ren.properties but found in reference file :
		gdc.portal.url
		eshop.order.payment.default_price
File properties : renault-dev.properties
	- Properties not found in renault-dev.properties but found in reference file :
		eshop.order.payment.default_price
File properties : dacia-integ.properties
	- Properties not found in dacia-integ.properties but found in reference file :
		htdocs
		eshop.order.payment.default_price
File properties : dacia-dev.properties
	- Properties not found in dacia-dev.properties but found in reference file :
		eshop.order.payment.default_price
		htdocs
File properties : jetty.properties
	- Properties not found in jetty.properties but found in reference file :
		docbase
		gdc.portal.url
		flexUrlBase
		eshop.order.payment.default_price
		htdocs
File properties : web-valid-dac.properties
	- Properties not found in web-valid-dac.properties but found in reference file :
		gdc.portal.url
		eshop.order.payment.default_price
	File properties admin3-ren.properties not found.
File properties : cruisecontrol.properties
------- dacia-be VS. dacia-fr -------
File properties : web-dac.properties
	- Properties not found in web-dac.properties but found in reference file :
		gdc.portal.url
		google.analytics.global.id
		eshop.order.payment.default_price
		google.analytics.site.id
File properties : renault-integ.properties
	- Properties not found in renault-integ.properties but found in reference file :
		htdocs
		eshop.order.payment.default_price
File properties : preprod-ren.properties
	- Properties not found in preprod-ren.properties but found in reference file :
		gdc.portal.url
		eshop.order.payment.default_price
File properties : preprod-valid-ren.properties
	- Properties not found in preprod-valid-ren.properties but found in reference file :
		gdc.portal.url
		eshop.order.payment.default_price
File properties : renault-dev.properties
	- Properties not found in renault-dev.properties but found in reference file :
		eshop.order.payment.default_price
File properties : dacia-integ.properties
	- Properties not found in dacia-integ.properties but found in reference file :
		htdocs
		eshop.order.payment.default_price
File properties : dacia-dev.properties
	- Properties not found in dacia-dev.properties but found in reference file :
		eshop.order.payment.default_price
		htdocs
File properties : jetty.properties
	- Properties not found in jetty.properties but found in reference file :
		docbase
		gdc.portal.url
		flexUrlBase
		eshop.order.payment.default_price
		htdocs
File properties : web-valid-dac.properties
	- Properties not found in web-valid-dac.properties but found in reference file :
		gdc.portal.url
		eshop.order.payment.default_price
	File properties admin3-ren.properties not found.
File properties : cruisecontrol.properties
------- dacia-es VS. dacia-fr -------
File properties : web-dac.properties
	- Properties not found in web-dac.properties but found in reference file :
		gdc.portal.url
		google.analytics.global.id
		eshop.order.payment.default_price
		google.analytics.site.id
File properties : renault-integ.properties
	- Properties not found in renault-integ.properties but found in reference file :
		htdocs
		eshop.order.payment.default_price
File properties : preprod-ren.properties
	- Properties not found in preprod-ren.properties but found in reference file :
		gdc.portal.url
		eshop.order.payment.default_price
File properties : preprod-valid-ren.properties
	- Properties not found in preprod-valid-ren.properties but found in reference file :
		gdc.portal.url
		eshop.order.payment.default_price
File properties : renault-dev.properties
	- Properties not found in renault-dev.properties but found in reference file :
		eshop.order.payment.default_price
File properties : dacia-integ.properties
	- Properties not found in dacia-integ.properties but found in reference file :
		htdocs
		eshop.order.payment.default_price
File properties : dacia-dev.properties
	- Properties not found in dacia-dev.properties but found in reference file :
		eshop.order.payment.default_price
		htdocs
File properties : jetty.properties
	- Properties not found in jetty.properties but found in reference file :
		docbase
		gdc.portal.url
		flexUrlBase
		eshop.order.payment.default_price
		htdocs
File properties : web-valid-dac.properties
	- Properties not found in web-valid-dac.properties but found in reference file :
		gdc.portal.url
		eshop.order.payment.default_price
	File properties admin3-ren.properties not found.
File properties : cruisecontrol.properties
------- dacia-pt VS. dacia-fr -------
File properties : web-dac.properties
	- Properties not found in web-dac.properties but found in reference file :
		gdc.portal.url
		google.analytics.global.id
		eshop.order.payment.default_price
		google.analytics.site.id
File properties : renault-integ.properties
	- Properties not found in renault-integ.properties but found in reference file :
		htdocs
		eshop.order.payment.default_price
File properties : preprod-ren.properties
	- Properties not found in preprod-ren.properties but found in reference file :
		gdc.portal.url
		eshop.order.payment.default_price
File properties : preprod-valid-ren.properties
	- Properties not found in preprod-valid-ren.properties but found in reference file :
		gdc.portal.url
		eshop.order.payment.default_price
File properties : renault-dev.properties
	- Properties not found in renault-dev.properties but found in reference file :
		eshop.order.payment.default_price
File properties : dacia-integ.properties
	- Properties not found in dacia-integ.properties but found in reference file :
		htdocs
		eshop.order.payment.default_price
File properties : dacia-dev.properties
	- Properties not found in dacia-dev.properties but found in reference file :
		eshop.order.payment.default_price
		htdocs
File properties : jetty.properties
	- Properties not found in jetty.properties but found in reference file :
		docbase
		gdc.portal.url
		flexUrlBase
		eshop.order.payment.default_price
		htdocs
File properties : web-valid-dac.properties
	- Properties not found in web-valid-dac.properties but found in reference file :
		gdc.portal.url
		eshop.order.payment.default_price
	File properties admin3-ren.properties not found.
File properties : cruisecontrol.properties
------- dacia-nl VS. dacia-fr -------
File properties : web-dac.properties
	- Properties not found in web-dac.properties but found in reference file :
		google.analytics.global.id
		google.analytics.site.id
File properties : renault-integ.properties
	- Properties not found in renault-integ.properties but found in reference file :
		htdocs
		eshop.order.payment.default_price
File properties : preprod-ren.properties
File properties : preprod-valid-ren.properties
File properties : renault-dev.properties
	- Properties not found in renault-dev.properties but found in reference file :
		eshop.order.payment.default_price
File properties : dacia-integ.properties
	- Properties not found in dacia-integ.properties but found in reference file :
		htdocs
File properties : dacia-dev.properties
	- Properties not found in dacia-dev.properties but found in reference file :
		htdocs
File properties : jetty.properties
	- Properties not found in jetty.properties but found in reference file :
		flexUrlBase
File properties : web-valid-dac.properties
File properties : admin3-ren.properties
File properties : cruisecontrol.properties
------- dacia-de VS. dacia-fr -------
File properties : web-dac.properties
	- Properties not found in web-dac.properties but found in reference file :
		gdc.portal.url
		google.analytics.global.id
		eshop.order.payment.default_price
		google.analytics.site.id
File properties : renault-integ.properties
File properties : preprod-ren.properties
	- Properties not found in preprod-ren.properties but found in reference file :
		gdc.portal.url
		eshop.order.payment.default_price
File properties : preprod-valid-ren.properties
	- Properties not found in preprod-valid-ren.properties but found in reference file :
		gdc.portal.url
		eshop.order.payment.default_price
	File properties renault-dev.properties not found.
File properties : dacia-integ.properties
	- Properties not found in dacia-integ.properties but found in reference file :
		eshop.order.payment.default_price
File properties : dacia-dev.properties
	- Properties not found in dacia-dev.properties but found in reference file :
		eshop.order.payment.default_price
File properties : jetty.properties
	- Properties not found in jetty.properties but found in reference file :
		gdc.portal.url
		flexUrlBase
		eshop.order.payment.default_price
File properties : web-valid-dac.properties
	- Properties not found in web-valid-dac.properties but found in reference file :
		gdc.portal.url
		eshop.order.payment.default_price
File properties : admin3-ren.properties
File properties : cruisecontrol.properties
------- dacia-ie VS. dacia-fr -------
File properties : web-dac.properties
	- Properties not found in web-dac.properties but found in reference file :
		gdc.portal.url
		google.analytics.global.id
		eshop.order.payment.default_price
		google.analytics.site.id
File properties : renault-integ.properties
	- Properties not found in renault-integ.properties but found in reference file :
		htdocs
		eshop.order.payment.default_price
File properties : preprod-ren.properties
	- Properties not found in preprod-ren.properties but found in reference file :
		gdc.portal.url
		eshop.order.payment.default_price
File properties : preprod-valid-ren.properties
	- Properties not found in preprod-valid-ren.properties but found in reference file :
		gdc.portal.url
		eshop.order.payment.default_price
File properties : renault-dev.properties
	- Properties not found in renault-dev.properties but found in reference file :
		eshop.order.payment.default_price
File properties : dacia-integ.properties
	- Properties not found in dacia-integ.properties but found in reference file :
		htdocs
		eshop.order.payment.default_price
File properties : dacia-dev.properties
	- Properties not found in dacia-dev.properties but found in reference file :
		eshop.order.payment.default_price
		htdocs
File properties : jetty.properties
	- Properties not found in jetty.properties but found in reference file :
		docbase
		gdc.portal.url
		flexUrlBase
		eshop.order.payment.default_price
		htdocs
File properties : web-valid-dac.properties
	- Properties not found in web-valid-dac.properties but found in reference file :
		gdc.portal.url
		eshop.order.payment.default_price
	File properties admin3-ren.properties not found.
File properties : cruisecontrol.properties
------- dacia-ma VS. dacia-fr -------
File properties : web-dac.properties
	- Properties not found in web-dac.properties but found in reference file :
		gdc.portal.url
		eshop.order.payment.default_price
File properties : renault-integ.properties
	- Properties not found in renault-integ.properties but found in reference file :
		htdocs
		eshop.order.payment.default_price
File properties : preprod-ren.properties
	- Properties not found in preprod-ren.properties but found in reference file :
		gdc.portal.url
		eshop.order.payment.default_price
File properties : preprod-valid-ren.properties
	- Properties not found in preprod-valid-ren.properties but found in reference file :
		gdc.portal.url
		eshop.order.payment.default_price
File properties : renault-dev.properties
	- Properties not found in renault-dev.properties but found in reference file :
		eshop.order.payment.default_price
File properties : dacia-integ.properties
	- Properties not found in dacia-integ.properties but found in reference file :
		htdocs
		eshop.order.payment.default_price
File properties : dacia-dev.properties
	- Properties not found in dacia-dev.properties but found in reference file :
		eshop.order.payment.default_price
		htdocs
File properties : jetty.properties
	- Properties not found in jetty.properties but found in reference file :
		docbase
		gdc.portal.url
		flexUrlBase
		eshop.order.payment.default_price
		htdocs
File properties : web-valid-dac.properties
	- Properties not found in web-valid-dac.properties but found in reference file :
		gdc.portal.url
		eshop.order.payment.default_price
File properties : admin3-ren.properties
File properties : cruisecontrol.properties

</system-out>
  </testcase>
  <testcase time="0.099" classname="com.renault.tools.synchronization.config.webapp.resources.SynchronizationConfigWebappTest" name="should_renault_backoffice_configurations_synchronized">
    <failure type="java.lang.AssertionError:">java.lang.AssertionError: 
	at org.junit.Assert.fail(Assert.java:91)
	at org.junit.Assert.assertTrue(Assert.java:43)
	at org.junit.Assert.assertTrue(Assert.java:54)
	at com.renault.tools.synchronization.config.webapp.resources.SynchronizationConfigWebappTest.should_renault_backoffice_configurations_synchronized(SynchronizationConfigWebappTest.java:84)
	at sun.reflect.NativeMethodAccessorImpl.invoke0(Native Method)
	at sun.reflect.NativeMethodAccessorImpl.invoke(NativeMethodAccessorImpl.java:39)
	at sun.reflect.DelegatingMethodAccessorImpl.invoke(DelegatingMethodAccessorImpl.java:25)
	at java.lang.reflect.Method.invoke(Method.java:597)
	at org.junit.runners.model.FrameworkMethod$1.runReflectiveCall(FrameworkMethod.java:44)
	at org.junit.internal.runners.model.ReflectiveCallable.run(ReflectiveCallable.java:15)
	at org.junit.runners.model.FrameworkMethod.invokeExplosively(FrameworkMethod.java:41)
	at org.junit.internal.runners.statements.InvokeMethod.evaluate(InvokeMethod.java:20)
	at org.junit.runners.BlockJUnit4ClassRunner.runNotIgnored(BlockJUnit4ClassRunner.java:79)
	at org.junit.runners.BlockJUnit4ClassRunner.runChild(BlockJUnit4ClassRunner.java:71)
	at org.junit.runners.BlockJUnit4ClassRunner.runChild(BlockJUnit4ClassRunner.java:49)
	at org.junit.runners.ParentRunner$3.run(ParentRunner.java:193)
	at org.junit.runners.ParentRunner$1.schedule(ParentRunner.java:52)
	at org.junit.runners.ParentRunner.runChildren(ParentRunner.java:191)
	at org.junit.runners.ParentRunner.access$000(ParentRunner.java:42)
	at org.junit.runners.ParentRunner$2.evaluate(ParentRunner.java:184)
	at org.junit.internal.runners.statements.RunBefores.evaluate(RunBefores.java:28)
	at org.junit.runners.ParentRunner.run(ParentRunner.java:236)
	at org.apache.maven.surefire.junit4.JUnit4TestSet.execute(JUnit4TestSet.java:53)
	at org.apache.maven.surefire.junit4.JUnit4Provider.executeTestSet(JUnit4Provider.java:123)
	at org.apache.maven.surefire.junit4.JUnit4Provider.invoke(JUnit4Provider.java:104)
	at sun.reflect.NativeMethodAccessorImpl.invoke0(Native Method)
	at sun.reflect.NativeMethodAccessorImpl.invoke(NativeMethodAccessorImpl.java:39)
	at sun.reflect.DelegatingMethodAccessorImpl.invoke(DelegatingMethodAccessorImpl.java:25)
	at java.lang.reflect.Method.invoke(Method.java:597)
	at org.apache.maven.surefire.util.ReflectionUtils.invokeMethodWithArray(ReflectionUtils.java:164)
	at org.apache.maven.surefire.booter.ProviderFactory$ProviderProxy.invoke(ProviderFactory.java:110)
	at org.apache.maven.surefire.booter.SurefireStarter.invokeProvider(SurefireStarter.java:175)
	at org.apache.maven.surefire.booter.SurefireStarter.runSuitesInProcessWhenForked(SurefireStarter.java:107)
	at org.apache.maven.surefire.booter.ForkedBooter.main(ForkedBooter.java:68)
</failure>
    <system-out>================ RENAULT BACKOFFICE ================
------- renault-mx VS. renault-fr -------
File properties : renault-integ.properties
	- Properties not found in renault-integ.properties but found in reference file :
		reporting.country
		toprenault.url.prod
		ws.warning.recipient
		kpi.aggregatorJob.autoStartup
		esc.offers.picture.preprod.path
		esc.multimedia.files.bo.path
		reporting.availableSources
		esc.multimedia.files.prod.path
		toprenault.url.preprod
		esc.multimedia.publish.preprodhosts
		reporting.webservice.hostname
		esc.offers.picture.prod.path
		esc.offers.picture.bo.path
		kpi.aggregatorJob.startsAt
		esc.offers.publish.prodhosts
		esc.offers.publish.preprodhosts
		personaldata.demanderCode
		esc.multimedia.files.preprod.path
		reporting.availableViews
		kpi.aggregatorJob.periodInMinutes
		esc.multimedia.publish.prodhosts
File properties : renault-dev.properties
	- Properties not found in renault-dev.properties but found in reference file :
		reporting.country
		toprenault.url.prod
		ws.warning.recipient
		kpi.aggregatorJob.autoStartup
		esc.offers.picture.preprod.path
		esc.multimedia.files.bo.path
		reporting.availableSources
		esc.multimedia.files.prod.path
		toprenault.url.preprod
		esc.multimedia.publish.preprodhosts
		reporting.webservice.hostname
		esc.offers.picture.prod.path
		esc.offers.picture.bo.path
		kpi.aggregatorJob.startsAt
		esc.offers.publish.prodhosts
		esc.offers.publish.preprodhosts
		personaldata.demanderCode
		esc.multimedia.files.preprod.path
		reporting.availableViews
		kpi.aggregatorJob.periodInMinutes
		esc.multimedia.publish.prodhosts
File properties : jetty.properties
	+ Properties found in jetty.properties but not found in reference file :
		docbase
		notificationServices.prod
	- Properties not found in jetty.properties but found in reference file :
		qol.image.preprod.path
		reporting.country
		toprenault.url.prod
		ws.warning.recipient
		kpi.aggregatorJob.autoStartup
		qol.image.prod.path
		promoflash.importfile.hosts
		esc.offers.picture.preprod.path
		esc.multimedia.files.bo.path
		reporting.availableSources
		qol.image.front.path
		esc.multimedia.files.prod.path
		toprenault.url.preprod
		esc.multimedia.publish.preprodhosts
		reporting.webservice.hostname
		esc.offers.picture.prod.path
		urlPreprod
		esc.offers.picture.bo.path
		promoflash.importfile.path
		kpi.aggregatorJob.startsAt
		esc.offers.publish.prodhosts
		esc.offers.publish.preprodhosts
		personaldata.demanderCode
		esc.multimedia.files.preprod.path
		quoteonline.promotion.image.folder
		reporting.availableViews
		kpi.aggregatorJob.periodInMinutes
		esc.multimedia.publish.prodhosts
	File properties jetty-cog.properties not found.
	File properties vagrant.properties not found.
	File properties cognifide-integration.properties not found.
File properties : admin2-valid-ren.properties
	- Properties not found in admin2-valid-ren.properties but found in reference file :
		reporting.country
		toprenault.url.prod
		ws.warning.recipient
		kpi.aggregatorJob.autoStartup
		promoflash.importfile.hosts
		esc.offers.picture.preprod.path
		esc.multimedia.files.bo.path
		reporting.availableSources
		esc.multimedia.files.prod.path
		toprenault.url.preprod
		esc.multimedia.publish.preprodhosts
		reporting.webservice.hostname
		esc.offers.picture.prod.path
		esc.offers.picture.bo.path
		promoflash.importfile.path
		kpi.aggregatorJob.startsAt
		esc.offers.publish.prodhosts
		esc.offers.publish.preprodhosts
		esc.multimedia.files.preprod.path
		reporting.availableViews
		kpi.aggregatorJob.periodInMinutes
		esc.multimedia.publish.prodhosts
File properties : admin-ren.properties
	+ Properties found in admin-ren.properties but not found in reference file :
		c2g.prodphysicalConnectionsNumber
	- Properties not found in admin-ren.properties but found in reference file :
		reporting.country
		toprenault.url.prod
		ws.warning.recipient
		kpi.aggregatorJob.autoStartup
		promoflash.importfile.hosts
		esc.offers.picture.preprod.path
		esc.multimedia.files.bo.path
		reporting.availableSources
		esc.multimedia.files.prod.path
		toprenault.url.preprod
		esc.multimedia.publish.preprodhosts
		reporting.webservice.hostname
		esc.offers.picture.prod.path
		esc.offers.picture.bo.path
		promoflash.importfile.path
		kpi.aggregatorJob.startsAt
		esc.offers.publish.prodhosts
		esc.offers.publish.preprodhosts
		esc.multimedia.files.preprod.path
		reporting.availableViews
		kpi.aggregatorJob.periodInMinutes
		esc.multimedia.publish.prodhosts
File properties : admin-valid-ren.properties
	- Properties not found in admin-valid-ren.properties but found in reference file :
		reporting.country
		toprenault.url.prod
		ws.warning.recipient
		kpi.aggregatorJob.autoStartup
		esc.offers.picture.preprod.path
		esc.multimedia.files.bo.path
		reporting.availableSources
		esc.multimedia.files.prod.path
		toprenault.url.preprod
		esc.multimedia.publish.preprodhosts
		reporting.webservice.hostname
		esc.offers.picture.prod.path
		esc.offers.picture.bo.path
		kpi.aggregatorJob.startsAt
		esc.offers.publish.prodhosts
		esc.offers.publish.preprodhosts
		personaldata.demanderCode
		esc.multimedia.files.preprod.path
		reporting.availableViews
		kpi.aggregatorJob.periodInMinutes
		esc.multimedia.publish.prodhosts
------- renault-de VS. renault-fr -------
File properties : renault-integ.properties
	+ Properties found in renault-integ.properties but not found in reference file :
		cms.local.dir
	- Properties not found in renault-integ.properties but found in reference file :
		reporting.country
		toprenault.url.prod
		ws.warning.recipient
		kpi.aggregatorJob.autoStartup
		reporting.availableSources
		toprenault.url.preprod
		reporting.webservice.hostname
		kpi.aggregatorJob.startsAt
		reporting.availableViews
		kpi.aggregatorJob.periodInMinutes
File properties : renault-dev.properties
	+ Properties found in renault-dev.properties but not found in reference file :
		cms.local.dir
	- Properties not found in renault-dev.properties but found in reference file :
		reporting.country
		toprenault.url.prod
		ws.warning.recipient
		kpi.aggregatorJob.autoStartup
		reporting.availableSources
		toprenault.url.preprod
		reporting.webservice.hostname
		kpi.aggregatorJob.startsAt
		reporting.availableViews
		kpi.aggregatorJob.periodInMinutes
File properties : jetty.properties
	- Properties not found in jetty.properties but found in reference file :
		qol.image.preprod.path
		reporting.country
		toprenault.url.prod
		ws.warning.recipient
		kpi.aggregatorJob.autoStartup
		qol.image.prod.path
		promoflash.importfile.hosts
		reporting.availableSources
		qol.image.front.path
		toprenault.url.preprod
		reporting.webservice.hostname
		promoflash.importfile.path
		kpi.aggregatorJob.startsAt
		quoteonline.promotion.image.folder
		reporting.availableViews
		kpi.aggregatorJob.periodInMinutes
	File properties jetty-cog.properties not found.
	File properties vagrant.properties not found.
	File properties cognifide-integration.properties not found.
File properties : admin2-valid-ren.properties
	- Properties not found in admin2-valid-ren.properties but found in reference file :
		reporting.country
		toprenault.url.prod
		ws.warning.recipient
		kpi.aggregatorJob.autoStartup
		promoflash.importfile.hosts
		reporting.availableSources
		toprenault.url.preprod
		reporting.webservice.hostname
		promoflash.importfile.path
		kpi.aggregatorJob.startsAt
		reporting.availableViews
		kpi.aggregatorJob.periodInMinutes
File properties : admin-ren.properties
	- Properties not found in admin-ren.properties but found in reference file :
		reporting.country
		toprenault.url.prod
		ws.warning.recipient
		kpi.aggregatorJob.autoStartup
		promoflash.importfile.hosts
		reporting.availableSources
		toprenault.url.preprod
		reporting.webservice.hostname
		promoflash.importfile.path
		kpi.aggregatorJob.startsAt
		reporting.availableViews
		kpi.aggregatorJob.periodInMinutes
File properties : admin-valid-ren.properties
	- Properties not found in admin-valid-ren.properties but found in reference file :
		reporting.country
		toprenault.url.prod
		ws.warning.recipient
		kpi.aggregatorJob.autoStartup
		reporting.availableSources
		toprenault.url.preprod
		reporting.webservice.hostname
		kpi.aggregatorJob.startsAt
		reporting.availableViews
		kpi.aggregatorJob.periodInMinutes
------- leadqualif VS. renault-fr -------
File properties : renault-integ.properties
	- Properties not found in renault-integ.properties but found in reference file :
		webstore.url.prod
		compilation.path
		elasticsearch.hosts
		vo.backoffice.log.file.link
		reporting.country
		toprenault.url.prod
		central.ws.url
		ws.warning.recipient
		kpi.aggregatorJob.autoStartup
		cms_dirs
		webstore.url.preprod
		leadforms.publish.prodhosts
		esc.offers.picture.preprod.path
		esc.multimedia.files.bo.path
		reporting.availableSources
		vo.export.directory
		esc.multimedia.files.prod.path
		country
		distrinet.soa.host
		front.host
		toprenault.url.preprod
		leadforms.publish.prodPath
		esc.multimedia.publish.preprodhosts
		dws.frontoffice.url
		leadforms.publish.repositorypath
		reporting.webservice.hostname
		esc.offers.picture.prod.path
		ws.bo.fileupload.path
		esc.offers.picture.bo.path
		deploy.root
		kpi.aggregatorJob.startsAt
		leadforms.publish.preprodPath
		esc.offers.publish.prodhosts
		distrinet.soa.path
		vo.backoffice.csv.file.link
		esc.offers.publish.preprodhosts
		personaldata.demanderCode
		esc.multimedia.files.preprod.path
		criteria.display.resultlist.prod
		reporting.availableViews
		kpi.aggregatorJob.periodInMinutes
		leadforms.publish.preprodhosts
		distrinet.soa.user
		documentpicker.cms.host
		esc.multimedia.publish.prodhosts
File properties : renault-dev.properties
	- Properties not found in renault-dev.properties but found in reference file :
		webstore.url.prod
		compilation.path
		elasticsearch.hosts
		vo.backoffice.log.file.link
		reporting.country
		toprenault.url.prod
		central.ws.url
		ws.warning.recipient
		kpi.aggregatorJob.autoStartup
		cms_dirs
		webstore.url.preprod
		leadforms.publish.prodhosts
		esc.offers.picture.preprod.path
		esc.multimedia.files.bo.path
		reporting.availableSources
		vo.export.directory
		esc.multimedia.files.prod.path
		country
		distrinet.soa.host
		front.host
		toprenault.url.preprod
		leadforms.publish.prodPath
		esc.multimedia.publish.preprodhosts
		dws.frontoffice.url
		leadforms.publish.repositorypath
		reporting.webservice.hostname
		esc.offers.picture.prod.path
		ws.bo.fileupload.path
		esc.offers.picture.bo.path
		deploy.root
		kpi.aggregatorJob.startsAt
		leadforms.publish.preprodPath
		esc.offers.publish.prodhosts
		distrinet.soa.path
		vo.backoffice.csv.file.link
		esc.offers.publish.preprodhosts
		personaldata.demanderCode
		esc.multimedia.files.preprod.path
		criteria.display.resultlist.prod
		reporting.availableViews
		kpi.aggregatorJob.periodInMinutes
		leadforms.publish.preprodhosts
		distrinet.soa.user
		documentpicker.cms.host
		esc.multimedia.publish.prodhosts
File properties : jetty.properties
	- Properties not found in jetty.properties but found in reference file :
		qol.image.preprod.path
		webstore.url.prod
		compilation.path
		elasticsearch.hosts
		reporting.country
		toprenault.url.prod
		central.ws.url
		ws.warning.recipient
		kpi.aggregatorJob.autoStartup
		previewVehicleBeanUrl
		webstore.url.preprod
		qol.image.prod.path
		promoflash.importfile.hosts
		esc.offers.picture.preprod.path
		esc.multimedia.files.bo.path
		reporting.availableSources
		qol.image.front.path
		googleSitemapJob.repeatInterval
		esc.multimedia.files.prod.path
		c2g.backgroundStart
		axs.bo.upload.images.path
		distrinet.soa.host
		front.host
		toprenault.url.preprod
		esc.multimedia.publish.preprodhosts
		axs.category.images.path
		reporting.webservice.hostname
		packshot.upload.path
		esc.offers.picture.prod.path
		urlPreprod
		ws.bo.fileupload.path
		esc.offers.picture.bo.path
		catalina.base
		deploy.root
		promoflash.importfile.path
		packshot.sync.script
		misc.bo.fileupload.path
		kpi.aggregatorJob.startsAt
		esc.offers.publish.prodhosts
		distrinet.soa.path
		packshot.sync.enable
		esc.offers.publish.preprodhosts
		personaldata.demanderCode
		esc.multimedia.files.preprod.path
		googleSitemapJob.startDelay
		quoteonline.promotion.image.folder
		reporting.availableViews
		kpi.aggregatorJob.periodInMinutes
		htdocs
		distrinet.soa.user
		documentpicker.cms.host
		esc.multimedia.publish.prodhosts
	File properties jetty-cog.properties not found.
	File properties vagrant.properties not found.
	File properties cognifide-integration.properties not found.
File properties : admin2-valid-ren.properties
	- Properties not found in admin2-valid-ren.properties but found in reference file :
		c2g.prodHost
		webstore.url.prod
		compilation.path
		elasticsearch.hosts
		vo.backoffice.log.file.link
		reporting.country
		toprenault.url.prod
		central.ws.url
		ws.warning.recipient
		kpi.aggregatorJob.autoStartup
		cms_dirs
		webstore.url.preprod
		promoflash.importfile.hosts
		leadforms.publish.prodhosts
		esc.offers.picture.preprod.path
		esc.multimedia.files.bo.path
		reporting.availableSources
		vo.export.directory
		esc.multimedia.files.prod.path
		distrinet.soa.host
		front.host
		toprenault.url.preprod
		c2g.stringClientHandlerPort
		leadforms.publish.prodPath
		esc.multimedia.publish.preprodhosts
		c2g.objectClientHandlerPort
		dws.frontoffice.url
		leadforms.publish.repositorypath
		reporting.webservice.hostname
		esc.offers.picture.prod.path
		ws.bo.fileupload.path
		esc.offers.picture.bo.path
		promoflash.importfile.path
		deploy.root
		kpi.aggregatorJob.startsAt
		leadforms.publish.preprodPath
		c2g.prodStringClientHandlerPort
		esc.offers.publish.prodhosts
		distrinet.soa.path
		vo.backoffice.csv.file.link
		esc.offers.publish.preprodhosts
		personaldata.demanderCode
		esc.multimedia.files.preprod.path
		c2g.prodObjectClientHandlerPort
		c2g.host
		reporting.availableViews
		kpi.aggregatorJob.periodInMinutes
		leadforms.publish.preprodhosts
		distrinet.soa.user
		documentpicker.cms.host
		esc.multimedia.publish.prodhosts
File properties : admin-ren.properties
	- Properties not found in admin-ren.properties but found in reference file :
		c2g.prodHost
		webstore.url.prod
		compilation.path
		elasticsearch.hosts
		vo.backoffice.log.file.link
		reporting.country
		toprenault.url.prod
		central.ws.url
		ws.warning.recipient
		kpi.aggregatorJob.autoStartup
		cms_dirs
		webstore.url.preprod
		promoflash.importfile.hosts
		leadforms.publish.prodhosts
		esc.offers.picture.preprod.path
		esc.multimedia.files.bo.path
		reporting.availableSources
		vo.export.directory
		esc.multimedia.files.prod.path
		distrinet.soa.host
		front.host
		toprenault.url.preprod
		c2g.stringClientHandlerPort
		leadforms.publish.prodPath
		esc.multimedia.publish.preprodhosts
		c2g.objectClientHandlerPort
		dws.frontoffice.url
		leadforms.publish.repositorypath
		reporting.webservice.hostname
		esc.offers.picture.prod.path
		ws.bo.fileupload.path
		esc.offers.picture.bo.path
		promoflash.importfile.path
		deploy.root
		kpi.aggregatorJob.startsAt
		datapower.vegasContractUrl
		leadforms.publish.preprodPath
		c2g.prodStringClientHandlerPort
		esc.offers.publish.prodhosts
		distrinet.soa.path
		vo.backoffice.csv.file.link
		esc.offers.publish.preprodhosts
		personaldata.demanderCode
		esc.multimedia.files.preprod.path
		c2g.prodObjectClientHandlerPort
		c2g.host
		reporting.availableViews
		kpi.aggregatorJob.periodInMinutes
		leadforms.publish.preprodhosts
		distrinet.soa.user
		documentpicker.cms.host
		esc.multimedia.publish.prodhosts
File properties : admin-valid-ren.properties
	- Properties not found in admin-valid-ren.properties but found in reference file :
		c2g.prodHost
		webstore.url.prod
		compilation.path
		elasticsearch.hosts
		vo.backoffice.log.file.link
		reporting.country
		toprenault.url.prod
		central.ws.url
		ws.warning.recipient
		kpi.aggregatorJob.autoStartup
		cms_dirs
		webstore.url.preprod
		leadforms.publish.prodhosts
		esc.offers.picture.preprod.path
		esc.multimedia.files.bo.path
		reporting.availableSources
		vo.export.directory
		esc.multimedia.files.prod.path
		distrinet.soa.host
		front.host
		toprenault.url.preprod
		c2g.stringClientHandlerPort
		leadforms.publish.prodPath
		esc.multimedia.publish.preprodhosts
		c2g.objectClientHandlerPort
		dws.frontoffice.url
		leadforms.publish.repositorypath
		reporting.webservice.hostname
		esc.offers.picture.prod.path
		ws.bo.fileupload.path
		esc.offers.picture.bo.path
		deploy.root
		kpi.aggregatorJob.startsAt
		leadforms.publish.preprodPath
		c2g.prodStringClientHandlerPort
		esc.offers.publish.prodhosts
		distrinet.soa.path
		vo.backoffice.csv.file.link
		esc.offers.publish.preprodhosts
		personaldata.demanderCode
		esc.multimedia.files.preprod.path
		c2g.prodObjectClientHandlerPort
		c2g.host
		reporting.availableViews
		kpi.aggregatorJob.periodInMinutes
		leadforms.publish.preprodhosts
		distrinet.soa.user
		documentpicker.cms.host
		esc.multimedia.publish.prodhosts
------- renault-dk VS. renault-fr -------
File properties : renault-integ.properties
	+ Properties found in renault-integ.properties but not found in reference file :
		urlPreprod
	- Properties not found in renault-integ.properties but found in reference file :
		webstore.url.prod
		reporting.country
		toprenault.url.prod
		ws.warning.recipient
		kpi.aggregatorJob.autoStartup
		webstore.url.preprod
		esc.offers.picture.preprod.path
		esc.multimedia.files.bo.path
		reporting.availableSources
		esc.multimedia.files.prod.path
		toprenault.url.preprod
		esc.multimedia.publish.preprodhosts
		reporting.webservice.hostname
		esc.offers.picture.prod.path
		esc.offers.picture.bo.path
		kpi.aggregatorJob.startsAt
		esc.offers.publish.prodhosts
		esc.offers.publish.preprodhosts
		personaldata.demanderCode
		esc.multimedia.files.preprod.path
		reporting.availableViews
		kpi.aggregatorJob.periodInMinutes
		esc.multimedia.publish.prodhosts
File properties : renault-dev.properties
	+ Properties found in renault-dev.properties but not found in reference file :
		urlPreprod
	- Properties not found in renault-dev.properties but found in reference file :
		webstore.url.prod
		reporting.country
		toprenault.url.prod
		ws.warning.recipient
		kpi.aggregatorJob.autoStartup
		webstore.url.preprod
		esc.offers.picture.preprod.path
		esc.multimedia.files.bo.path
		reporting.availableSources
		esc.multimedia.files.prod.path
		toprenault.url.preprod
		esc.multimedia.publish.preprodhosts
		reporting.webservice.hostname
		esc.offers.picture.prod.path
		esc.offers.picture.bo.path
		kpi.aggregatorJob.startsAt
		esc.offers.publish.prodhosts
		esc.offers.publish.preprodhosts
		personaldata.demanderCode
		esc.multimedia.files.preprod.path
		reporting.availableViews
		kpi.aggregatorJob.periodInMinutes
		esc.multimedia.publish.prodhosts
File properties : jetty.properties
	- Properties not found in jetty.properties but found in reference file :
		qol.image.preprod.path
		webstore.url.prod
		reporting.country
		toprenault.url.prod
		ws.warning.recipient
		kpi.aggregatorJob.autoStartup
		webstore.url.preprod
		qol.image.prod.path
		promoflash.importfile.hosts
		esc.offers.picture.preprod.path
		esc.multimedia.files.bo.path
		reporting.availableSources
		qol.image.front.path
		esc.multimedia.files.prod.path
		toprenault.url.preprod
		esc.multimedia.publish.preprodhosts
		reporting.webservice.hostname
		esc.offers.picture.prod.path
		esc.offers.picture.bo.path
		promoflash.importfile.path
		misc.bo.fileupload.path
		kpi.aggregatorJob.startsAt
		esc.offers.publish.prodhosts
		esc.offers.publish.preprodhosts
		personaldata.demanderCode
		esc.multimedia.files.preprod.path
		quoteonline.promotion.image.folder
		reporting.availableViews
		kpi.aggregatorJob.periodInMinutes
		esc.multimedia.publish.prodhosts
	File properties jetty-cog.properties not found.
	File properties vagrant.properties not found.
	File properties cognifide-integration.properties not found.
File properties : admin2-valid-ren.properties
	+ Properties found in admin2-valid-ren.properties but not found in reference file :
		urlPreprod
	- Properties not found in admin2-valid-ren.properties but found in reference file :
		webstore.url.prod
		reporting.country
		toprenault.url.prod
		ws.warning.recipient
		kpi.aggregatorJob.autoStartup
		webstore.url.preprod
		promoflash.importfile.hosts
		esc.offers.picture.preprod.path
		esc.multimedia.files.bo.path
		reporting.availableSources
		esc.multimedia.files.prod.path
		toprenault.url.preprod
		esc.multimedia.publish.preprodhosts
		reporting.webservice.hostname
		esc.offers.picture.prod.path
		esc.offers.picture.bo.path
		promoflash.importfile.path
		kpi.aggregatorJob.startsAt
		esc.offers.publish.prodhosts
		esc.offers.publish.preprodhosts
		personaldata.demanderCode
		esc.multimedia.files.preprod.path
		reporting.availableViews
		kpi.aggregatorJob.periodInMinutes
		esc.multimedia.publish.prodhosts
File properties : admin-ren.properties
	+ Properties found in admin-ren.properties but not found in reference file :
		urlPreprod
	- Properties not found in admin-ren.properties but found in reference file :
		webstore.url.prod
		reporting.country
		toprenault.url.prod
		ws.warning.recipient
		kpi.aggregatorJob.autoStartup
		webstore.url.preprod
		promoflash.importfile.hosts
		esc.offers.picture.preprod.path
		esc.multimedia.files.bo.path
		reporting.availableSources
		esc.multimedia.files.prod.path
		toprenault.url.preprod
		esc.multimedia.publish.preprodhosts
		reporting.webservice.hostname
		esc.offers.picture.prod.path
		esc.offers.picture.bo.path
		promoflash.importfile.path
		kpi.aggregatorJob.startsAt
		esc.offers.publish.prodhosts
		esc.offers.publish.preprodhosts
		personaldata.demanderCode
		esc.multimedia.files.preprod.path
		reporting.availableViews
		kpi.aggregatorJob.periodInMinutes
		esc.multimedia.publish.prodhosts
File properties : admin-valid-ren.properties
	+ Properties found in admin-valid-ren.properties but not found in reference file :
		urlPreprod
	- Properties not found in admin-valid-ren.properties but found in reference file :
		webstore.url.prod
		reporting.country
		toprenault.url.prod
		ws.warning.recipient
		kpi.aggregatorJob.autoStartup
		webstore.url.preprod
		esc.offers.picture.preprod.path
		esc.multimedia.files.bo.path
		reporting.availableSources
		esc.multimedia.files.prod.path
		toprenault.url.preprod
		esc.multimedia.publish.preprodhosts
		reporting.webservice.hostname
		esc.offers.picture.prod.path
		esc.offers.picture.bo.path
		kpi.aggregatorJob.startsAt
		esc.offers.publish.prodhosts
		esc.offers.publish.preprodhosts
		personaldata.demanderCode
		esc.multimedia.files.preprod.path
		reporting.availableViews
		kpi.aggregatorJob.periodInMinutes
		esc.multimedia.publish.prodhosts
------- renault-sk VS. renault-fr -------
File properties : renault-integ.properties
	- Properties not found in renault-integ.properties but found in reference file :
		webstore.url.prod
		reporting.country
		toprenault.url.prod
		ws.warning.recipient
		kpi.aggregatorJob.autoStartup
		webstore.url.preprod
		esc.offers.picture.preprod.path
		esc.multimedia.files.bo.path
		reporting.availableSources
		esc.multimedia.files.prod.path
		distrinet.soa.host
		toprenault.url.preprod
		esc.multimedia.publish.preprodhosts
		reporting.webservice.hostname
		esc.offers.picture.prod.path
		ws.bo.fileupload.path
		esc.offers.picture.bo.path
		kpi.aggregatorJob.startsAt
		esc.offers.publish.prodhosts
		distrinet.soa.path
		esc.offers.publish.preprodhosts
		personaldata.demanderCode
		esc.multimedia.files.preprod.path
		reporting.availableViews
		kpi.aggregatorJob.periodInMinutes
		distrinet.soa.user
		esc.multimedia.publish.prodhosts
File properties : renault-dev.properties
	- Properties not found in renault-dev.properties but found in reference file :
		webstore.url.prod
		reporting.country
		toprenault.url.prod
		ws.warning.recipient
		kpi.aggregatorJob.autoStartup
		webstore.url.preprod
		esc.offers.picture.preprod.path
		esc.multimedia.files.bo.path
		reporting.availableSources
		esc.multimedia.files.prod.path
		distrinet.soa.host
		toprenault.url.preprod
		esc.multimedia.publish.preprodhosts
		reporting.webservice.hostname
		esc.offers.picture.prod.path
		ws.bo.fileupload.path
		esc.offers.picture.bo.path
		kpi.aggregatorJob.startsAt
		esc.offers.publish.prodhosts
		distrinet.soa.path
		esc.offers.publish.preprodhosts
		personaldata.demanderCode
		esc.multimedia.files.preprod.path
		reporting.availableViews
		kpi.aggregatorJob.periodInMinutes
		distrinet.soa.user
		esc.multimedia.publish.prodhosts
File properties : jetty.properties
	- Properties not found in jetty.properties but found in reference file :
		qol.image.preprod.path
		webstore.url.prod
		reporting.country
		toprenault.url.prod
		ws.warning.recipient
		kpi.aggregatorJob.autoStartup
		previewVehicleBeanUrl
		webstore.url.preprod
		qol.image.prod.path
		promoflash.importfile.hosts
		esc.offers.picture.preprod.path
		esc.multimedia.files.bo.path
		reporting.availableSources
		qol.image.front.path
		esc.multimedia.files.prod.path
		distrinet.soa.host
		toprenault.url.preprod
		esc.multimedia.publish.preprodhosts
		reporting.webservice.hostname
		esc.offers.picture.prod.path
		urlPreprod
		ws.bo.fileupload.path
		esc.offers.picture.bo.path
		catalina.base
		promoflash.importfile.path
		misc.bo.fileupload.path
		kpi.aggregatorJob.startsAt
		esc.offers.publish.prodhosts
		distrinet.soa.path
		esc.offers.publish.preprodhosts
		personaldata.demanderCode
		esc.multimedia.files.preprod.path
		quoteonline.promotion.image.folder
		reporting.availableViews
		kpi.aggregatorJob.periodInMinutes
		distrinet.soa.user
		esc.multimedia.publish.prodhosts
	File properties jetty-cog.properties not found.
	File properties vagrant.properties not found.
	File properties cognifide-integration.properties not found.
File properties : admin2-valid-ren.properties
	- Properties not found in admin2-valid-ren.properties but found in reference file :
		webstore.url.prod
		reporting.country
		toprenault.url.prod
		ws.warning.recipient
		kpi.aggregatorJob.autoStartup
		webstore.url.preprod
		promoflash.importfile.hosts
		esc.offers.picture.preprod.path
		esc.multimedia.files.bo.path
		reporting.availableSources
		esc.multimedia.files.prod.path
		distrinet.soa.host
		toprenault.url.preprod
		esc.multimedia.publish.preprodhosts
		reporting.webservice.hostname
		esc.offers.picture.prod.path
		ws.bo.fileupload.path
		esc.offers.picture.bo.path
		promoflash.importfile.path
		kpi.aggregatorJob.startsAt
		esc.offers.publish.prodhosts
		distrinet.soa.path
		esc.offers.publish.preprodhosts
		personaldata.demanderCode
		esc.multimedia.files.preprod.path
		reporting.availableViews
		kpi.aggregatorJob.periodInMinutes
		distrinet.soa.user
		esc.multimedia.publish.prodhosts
File properties : admin-ren.properties
	- Properties not found in admin-ren.properties but found in reference file :
		webstore.url.prod
		reporting.country
		toprenault.url.prod
		ws.warning.recipient
		kpi.aggregatorJob.autoStartup
		webstore.url.preprod
		promoflash.importfile.hosts
		esc.offers.picture.preprod.path
		esc.multimedia.files.bo.path
		reporting.availableSources
		esc.multimedia.files.prod.path
		distrinet.soa.host
		toprenault.url.preprod
		esc.multimedia.publish.preprodhosts
		reporting.webservice.hostname
		esc.offers.picture.prod.path
		ws.bo.fileupload.path
		esc.offers.picture.bo.path
		promoflash.importfile.path
		kpi.aggregatorJob.startsAt
		esc.offers.publish.prodhosts
		distrinet.soa.path
		esc.offers.publish.preprodhosts
		personaldata.demanderCode
		esc.multimedia.files.preprod.path
		reporting.availableViews
		kpi.aggregatorJob.periodInMinutes
		distrinet.soa.user
		esc.multimedia.publish.prodhosts
File properties : admin-valid-ren.properties
	- Properties not found in admin-valid-ren.properties but found in reference file :
		webstore.url.prod
		reporting.country
		toprenault.url.prod
		ws.warning.recipient
		kpi.aggregatorJob.autoStartup
		webstore.url.preprod
		esc.offers.picture.preprod.path
		esc.multimedia.files.bo.path
		reporting.availableSources
		esc.multimedia.files.prod.path
		distrinet.soa.host
		toprenault.url.preprod
		esc.multimedia.publish.preprodhosts
		reporting.webservice.hostname
		esc.offers.picture.prod.path
		ws.bo.fileupload.path
		esc.offers.picture.bo.path
		kpi.aggregatorJob.startsAt
		esc.offers.publish.prodhosts
		distrinet.soa.path
		esc.offers.publish.preprodhosts
		personaldata.demanderCode
		esc.multimedia.files.preprod.path
		reporting.availableViews
		kpi.aggregatorJob.periodInMinutes
		distrinet.soa.user
		esc.multimedia.publish.prodhosts
------- renault-pt VS. renault-fr -------
File properties : renault-integ.properties
	- Properties not found in renault-integ.properties but found in reference file :
		reporting.country
		toprenault.url.prod
		ws.warning.recipient
		kpi.aggregatorJob.autoStartup
		reporting.availableSources
		toprenault.url.preprod
		reporting.webservice.hostname
		kpi.aggregatorJob.startsAt
		reporting.availableViews
		kpi.aggregatorJob.periodInMinutes
File properties : renault-dev.properties
	- Properties not found in renault-dev.properties but found in reference file :
		reporting.country
		toprenault.url.prod
		ws.warning.recipient
		kpi.aggregatorJob.autoStartup
		reporting.availableSources
		toprenault.url.preprod
		reporting.webservice.hostname
		kpi.aggregatorJob.startsAt
		reporting.availableViews
		kpi.aggregatorJob.periodInMinutes
File properties : jetty.properties
	- Properties not found in jetty.properties but found in reference file :
		qol.image.preprod.path
		reporting.country
		toprenault.url.prod
		ws.warning.recipient
		kpi.aggregatorJob.autoStartup
		qol.image.prod.path
		promoflash.importfile.hosts
		reporting.availableSources
		qol.image.front.path
		toprenault.url.preprod
		reporting.webservice.hostname
		catalina.base
		promoflash.importfile.path
		kpi.aggregatorJob.startsAt
		quoteonline.promotion.image.folder
		reporting.availableViews
		kpi.aggregatorJob.periodInMinutes
	File properties jetty-cog.properties not found.
	File properties vagrant.properties not found.
	File properties cognifide-integration.properties not found.
File properties : admin2-valid-ren.properties
	+ Properties found in admin2-valid-ren.properties but not found in reference file :
		urlPreprod
	- Properties not found in admin2-valid-ren.properties but found in reference file :
		reporting.country
		toprenault.url.prod
		ws.warning.recipient
		kpi.aggregatorJob.autoStartup
		promoflash.importfile.hosts
		reporting.availableSources
		toprenault.url.preprod
		reporting.webservice.hostname
		promoflash.importfile.path
		kpi.aggregatorJob.startsAt
		reporting.availableViews
		kpi.aggregatorJob.periodInMinutes
File properties : admin-ren.properties
	+ Properties found in admin-ren.properties but not found in reference file :
		urlPreprod
	- Properties not found in admin-ren.properties but found in reference file :
		reporting.country
		toprenault.url.prod
		ws.warning.recipient
		kpi.aggregatorJob.autoStartup
		promoflash.importfile.hosts
		reporting.availableSources
		toprenault.url.preprod
		reporting.webservice.hostname
		promoflash.importfile.path
		kpi.aggregatorJob.startsAt
		reporting.availableViews
		kpi.aggregatorJob.periodInMinutes
File properties : admin-valid-ren.properties
	+ Properties found in admin-valid-ren.properties but not found in reference file :
		urlPreprod
	- Properties not found in admin-valid-ren.properties but found in reference file :
		reporting.country
		toprenault.url.prod
		ws.warning.recipient
		kpi.aggregatorJob.autoStartup
		reporting.availableSources
		toprenault.url.preprod
		reporting.webservice.hostname
		kpi.aggregatorJob.startsAt
		reporting.availableViews
		kpi.aggregatorJob.periodInMinutes
------- renault-es VS. renault-fr -------
File properties : renault-integ.properties
	+ Properties found in renault-integ.properties but not found in reference file :
		urlPreprod
	- Properties not found in renault-integ.properties but found in reference file :
		toprenault.url.prod
		ws.warning.recipient
		toprenault.url.preprod
File properties : renault-dev.properties
	+ Properties found in renault-dev.properties but not found in reference file :
		urlPreprod
	- Properties not found in renault-dev.properties but found in reference file :
		toprenault.url.prod
		ws.warning.recipient
		toprenault.url.preprod
File properties : jetty.properties
	- Properties not found in jetty.properties but found in reference file :
		qol.image.preprod.path
		toprenault.url.prod
		ws.warning.recipient
		qol.image.prod.path
		promoflash.importfile.hosts
		qol.image.front.path
		toprenault.url.preprod
		promoflash.importfile.path
		quoteonline.promotion.image.folder
	File properties jetty-cog.properties not found.
	File properties vagrant.properties not found.
	File properties cognifide-integration.properties not found.
File properties : admin2-valid-ren.properties
	+ Properties found in admin2-valid-ren.properties but not found in reference file :
		urlPreprod
	- Properties not found in admin2-valid-ren.properties but found in reference file :
		toprenault.url.prod
		ws.warning.recipient
		promoflash.importfile.hosts
		toprenault.url.preprod
		promoflash.importfile.path
File properties : admin-ren.properties
	+ Properties found in admin-ren.properties but not found in reference file :
		urlPreprod
	- Properties not found in admin-ren.properties but found in reference file :
		toprenault.url.prod
		ws.warning.recipient
		promoflash.importfile.hosts
		toprenault.url.preprod
		promoflash.importfile.path
File properties : admin-valid-ren.properties
	+ Properties found in admin-valid-ren.properties but not found in reference file :
		urlPreprod
	- Properties not found in admin-valid-ren.properties but found in reference file :
		toprenault.url.prod
		ws.warning.recipient
		toprenault.url.preprod
------- renault-nl VS. renault-fr -------
File properties : renault-integ.properties
	- Properties not found in renault-integ.properties but found in reference file :
		reporting.country
		toprenault.url.prod
		ws.warning.recipient
		kpi.aggregatorJob.autoStartup
		reporting.availableSources
		toprenault.url.preprod
		reporting.webservice.hostname
		kpi.aggregatorJob.startsAt
		reporting.availableViews
		kpi.aggregatorJob.periodInMinutes
File properties : renault-dev.properties
	- Properties not found in renault-dev.properties but found in reference file :
		reporting.country
		toprenault.url.prod
		ws.warning.recipient
		kpi.aggregatorJob.autoStartup
		reporting.availableSources
		toprenault.url.preprod
		reporting.webservice.hostname
		kpi.aggregatorJob.startsAt
		reporting.availableViews
		kpi.aggregatorJob.periodInMinutes
File properties : jetty.properties
	- Properties not found in jetty.properties but found in reference file :
		qol.image.preprod.path
		reporting.country
		toprenault.url.prod
		ws.warning.recipient
		kpi.aggregatorJob.autoStartup
		qol.image.prod.path
		promoflash.importfile.hosts
		reporting.availableSources
		qol.image.front.path
		toprenault.url.preprod
		reporting.webservice.hostname
		urlPreprod
		promoflash.importfile.path
		kpi.aggregatorJob.startsAt
		quoteonline.promotion.image.folder
		reporting.availableViews
		kpi.aggregatorJob.periodInMinutes
	File properties jetty-cog.properties not found.
	File properties vagrant.properties not found.
	File properties cognifide-integration.properties not found.
File properties : admin2-valid-ren.properties
	- Properties not found in admin2-valid-ren.properties but found in reference file :
		reporting.country
		toprenault.url.prod
		ws.warning.recipient
		kpi.aggregatorJob.autoStartup
		promoflash.importfile.hosts
		reporting.availableSources
		toprenault.url.preprod
		reporting.webservice.hostname
		promoflash.importfile.path
		kpi.aggregatorJob.startsAt
		reporting.availableViews
		kpi.aggregatorJob.periodInMinutes
File properties : admin-ren.properties
	- Properties not found in admin-ren.properties but found in reference file :
		reporting.country
		toprenault.url.prod
		ws.warning.recipient
		kpi.aggregatorJob.autoStartup
		promoflash.importfile.hosts
		reporting.availableSources
		toprenault.url.preprod
		reporting.webservice.hostname
		promoflash.importfile.path
		kpi.aggregatorJob.startsAt
		reporting.availableViews
		kpi.aggregatorJob.periodInMinutes
File properties : admin-valid-ren.properties
	- Properties not found in admin-valid-ren.properties but found in reference file :
		reporting.country
		toprenault.url.prod
		ws.warning.recipient
		kpi.aggregatorJob.autoStartup
		reporting.availableSources
		toprenault.url.preprod
		reporting.webservice.hostname
		kpi.aggregatorJob.startsAt
		reporting.availableViews
		kpi.aggregatorJob.periodInMinutes
------- renault-si VS. renault-fr -------
File properties : renault-integ.properties
	- Properties not found in renault-integ.properties but found in reference file :
		reporting.country
		toprenault.url.prod
		kpi.aggregatorJob.autoStartup
		reporting.availableSources
		toprenault.url.preprod
		reporting.webservice.hostname
		kpi.aggregatorJob.startsAt
		reporting.availableViews
		kpi.aggregatorJob.periodInMinutes
File properties : renault-dev.properties
	- Properties not found in renault-dev.properties but found in reference file :
		reporting.country
		toprenault.url.prod
		kpi.aggregatorJob.autoStartup
		reporting.availableSources
		toprenault.url.preprod
		reporting.webservice.hostname
		kpi.aggregatorJob.startsAt
		reporting.availableViews
		kpi.aggregatorJob.periodInMinutes
File properties : jetty.properties
	+ Properties found in jetty.properties but not found in reference file :
		cdn.root
		gdc.portal.url
		resourcebundle.vo
		resourcebundle.webstore
	- Properties not found in jetty.properties but found in reference file :
		qol.image.preprod.path
		reporting.country
		toprenault.url.prod
		kpi.aggregatorJob.autoStartup
		qol.image.prod.path
		promoflash.importfile.hosts
		reporting.availableSources
		qol.image.front.path
		toprenault.url.preprod
		reporting.webservice.hostname
		promoflash.importfile.path
		kpi.aggregatorJob.startsAt
		quoteonline.promotion.image.folder
		reporting.availableViews
		kpi.aggregatorJob.periodInMinutes
	File properties jetty-cog.properties not found.
	File properties vagrant.properties not found.
	File properties cognifide-integration.properties not found.
File properties : admin2-valid-ren.properties
	- Properties not found in admin2-valid-ren.properties but found in reference file :
		toprenault.url.prod
		promoflash.importfile.hosts
		toprenault.url.preprod
		promoflash.importfile.path
File properties : admin-ren.properties
	- Properties not found in admin-ren.properties but found in reference file :
		toprenault.url.prod
		ws.warning.recipient
		promoflash.importfile.hosts
		toprenault.url.preprod
		promoflash.importfile.path
File properties : admin-valid-ren.properties
	- Properties not found in admin-valid-ren.properties but found in reference file :
		toprenault.url.prod
		ws.warning.recipient
		toprenault.url.preprod
------- renault-ru VS. renault-fr -------
File properties : renault-integ.properties
	- Properties not found in renault-integ.properties but found in reference file :
		toprenault.url.prod
		ws.warning.recipient
		toprenault.url.preprod
		ws.bo.fileupload.path
File properties : renault-dev.properties
	- Properties not found in renault-dev.properties but found in reference file :
		toprenault.url.prod
		ws.warning.recipient
		toprenault.url.preprod
		ws.bo.fileupload.path
File properties : jetty.properties
	- Properties not found in jetty.properties but found in reference file :
		qol.image.preprod.path
		toprenault.url.prod
		ws.warning.recipient
		qol.image.prod.path
		promoflash.importfile.hosts
		qol.image.front.path
		toprenault.url.preprod
		urlPreprod
		ws.bo.fileupload.path
		promoflash.importfile.path
		quoteonline.promotion.image.folder
	File properties jetty-cog.properties not found.
	File properties vagrant.properties not found.
	File properties cognifide-integration.properties not found.
File properties : admin2-valid-ren.properties
	- Properties not found in admin2-valid-ren.properties but found in reference file :
		toprenault.url.prod
		ws.warning.recipient
		promoflash.importfile.hosts
		toprenault.url.preprod
		ws.bo.fileupload.path
		promoflash.importfile.path
File properties : admin-ren.properties
	- Properties not found in admin-ren.properties but found in reference file :
		toprenault.url.prod
		ws.warning.recipient
		promoflash.importfile.hosts
		toprenault.url.preprod
		ws.bo.fileupload.path
		promoflash.importfile.path
File properties : admin-valid-ren.properties
	- Properties not found in admin-valid-ren.properties but found in reference file :
		toprenault.url.prod
		ws.warning.recipient
		toprenault.url.preprod
		ws.bo.fileupload.path
------- renault-uk VS. renault-fr -------
File properties : renault-integ.properties
	- Properties not found in renault-integ.properties but found in reference file :
		reporting.country
		toprenault.url.prod
		ws.warning.recipient
		kpi.aggregatorJob.autoStartup
		esc.offers.picture.preprod.path
		esc.multimedia.files.bo.path
		reporting.availableSources
		esc.multimedia.files.prod.path
		toprenault.url.preprod
		esc.multimedia.publish.preprodhosts
		reporting.webservice.hostname
		esc.offers.picture.prod.path
		esc.offers.picture.bo.path
		kpi.aggregatorJob.startsAt
		esc.offers.publish.prodhosts
		esc.offers.publish.preprodhosts
		personaldata.demanderCode
		esc.multimedia.files.preprod.path
		reporting.availableViews
		kpi.aggregatorJob.periodInMinutes
		esc.multimedia.publish.prodhosts
File properties : renault-dev.properties
	- Properties not found in renault-dev.properties but found in reference file :
		reporting.country
		toprenault.url.prod
		ws.warning.recipient
		kpi.aggregatorJob.autoStartup
		esc.offers.picture.preprod.path
		esc.multimedia.files.bo.path
		reporting.availableSources
		esc.multimedia.files.prod.path
		toprenault.url.preprod
		esc.multimedia.publish.preprodhosts
		reporting.webservice.hostname
		esc.offers.picture.prod.path
		esc.offers.picture.bo.path
		kpi.aggregatorJob.startsAt
		esc.offers.publish.prodhosts
		esc.offers.publish.preprodhosts
		personaldata.demanderCode
		esc.multimedia.files.preprod.path
		reporting.availableViews
		kpi.aggregatorJob.periodInMinutes
		esc.multimedia.publish.prodhosts
File properties : jetty.properties
	+ Properties found in jetty.properties but not found in reference file :
		docbase
		notificationServices.prod
	- Properties not found in jetty.properties but found in reference file :
		qol.image.preprod.path
		reporting.country
		toprenault.url.prod
		ws.warning.recipient
		kpi.aggregatorJob.autoStartup
		qol.image.prod.path
		promoflash.importfile.hosts
		esc.offers.picture.preprod.path
		esc.multimedia.files.bo.path
		reporting.availableSources
		qol.image.front.path
		esc.multimedia.files.prod.path
		toprenault.url.preprod
		esc.multimedia.publish.preprodhosts
		reporting.webservice.hostname
		esc.offers.picture.prod.path
		urlPreprod
		esc.offers.picture.bo.path
		promoflash.importfile.path
		kpi.aggregatorJob.startsAt
		esc.offers.publish.prodhosts
		esc.offers.publish.preprodhosts
		personaldata.demanderCode
		esc.multimedia.files.preprod.path
		quoteonline.promotion.image.folder
		reporting.availableViews
		kpi.aggregatorJob.periodInMinutes
		esc.multimedia.publish.prodhosts
	File properties jetty-cog.properties not found.
	File properties vagrant.properties not found.
	File properties cognifide-integration.properties not found.
File properties : admin2-valid-ren.properties
	- Properties not found in admin2-valid-ren.properties but found in reference file :
		reporting.country
		toprenault.url.prod
		ws.warning.recipient
		kpi.aggregatorJob.autoStartup
		promoflash.importfile.hosts
		esc.offers.picture.preprod.path
		esc.multimedia.files.bo.path
		reporting.availableSources
		esc.multimedia.files.prod.path
		toprenault.url.preprod
		esc.multimedia.publish.preprodhosts
		reporting.webservice.hostname
		esc.offers.picture.prod.path
		esc.offers.picture.bo.path
		promoflash.importfile.path
		kpi.aggregatorJob.startsAt
		esc.offers.publish.prodhosts
		esc.offers.publish.preprodhosts
		esc.multimedia.files.preprod.path
		reporting.availableViews
		kpi.aggregatorJob.periodInMinutes
		esc.multimedia.publish.prodhosts
File properties : admin-ren.properties
	- Properties not found in admin-ren.properties but found in reference file :
		reporting.country
		toprenault.url.prod
		ws.warning.recipient
		kpi.aggregatorJob.autoStartup
		promoflash.importfile.hosts
		esc.offers.picture.preprod.path
		esc.multimedia.files.bo.path
		reporting.availableSources
		esc.multimedia.files.prod.path
		toprenault.url.preprod
		esc.multimedia.publish.preprodhosts
		reporting.webservice.hostname
		esc.offers.picture.prod.path
		esc.offers.picture.bo.path
		promoflash.importfile.path
		kpi.aggregatorJob.startsAt
		esc.offers.publish.prodhosts
		esc.offers.publish.preprodhosts
		esc.multimedia.files.preprod.path
		reporting.availableViews
		kpi.aggregatorJob.periodInMinutes
		esc.multimedia.publish.prodhosts
	File properties admin-valid-ren.properties not found.
------- renault-se VS. renault-fr -------
File properties : renault-integ.properties
	+ Properties found in renault-integ.properties but not found in reference file :
		urlPreprod
	- Properties not found in renault-integ.properties but found in reference file :
		webstore.url.prod
		reporting.country
		toprenault.url.prod
		ws.warning.recipient
		kpi.aggregatorJob.autoStartup
		webstore.url.preprod
		esc.offers.picture.preprod.path
		esc.multimedia.files.bo.path
		reporting.availableSources
		esc.multimedia.files.prod.path
		toprenault.url.preprod
		esc.multimedia.publish.preprodhosts
		reporting.webservice.hostname
		esc.offers.picture.prod.path
		esc.offers.picture.bo.path
		kpi.aggregatorJob.startsAt
		esc.offers.publish.prodhosts
		esc.offers.publish.preprodhosts
		personaldata.demanderCode
		esc.multimedia.files.preprod.path
		reporting.availableViews
		kpi.aggregatorJob.periodInMinutes
		esc.multimedia.publish.prodhosts
File properties : renault-dev.properties
	+ Properties found in renault-dev.properties but not found in reference file :
		urlPreprod
	- Properties not found in renault-dev.properties but found in reference file :
		webstore.url.prod
		reporting.country
		toprenault.url.prod
		ws.warning.recipient
		kpi.aggregatorJob.autoStartup
		webstore.url.preprod
		esc.offers.picture.preprod.path
		esc.multimedia.files.bo.path
		reporting.availableSources
		esc.multimedia.files.prod.path
		toprenault.url.preprod
		esc.multimedia.publish.preprodhosts
		reporting.webservice.hostname
		esc.offers.picture.prod.path
		esc.offers.picture.bo.path
		kpi.aggregatorJob.startsAt
		esc.offers.publish.prodhosts
		esc.offers.publish.preprodhosts
		personaldata.demanderCode
		esc.multimedia.files.preprod.path
		reporting.availableViews
		kpi.aggregatorJob.periodInMinutes
		esc.multimedia.publish.prodhosts
File properties : jetty.properties
	- Properties not found in jetty.properties but found in reference file :
		qol.image.preprod.path
		webstore.url.prod
		reporting.country
		toprenault.url.prod
		ws.warning.recipient
		kpi.aggregatorJob.autoStartup
		webstore.url.preprod
		qol.image.prod.path
		promoflash.importfile.hosts
		esc.offers.picture.preprod.path
		esc.multimedia.files.bo.path
		reporting.availableSources
		qol.image.front.path
		esc.multimedia.files.prod.path
		toprenault.url.preprod
		esc.multimedia.publish.preprodhosts
		reporting.webservice.hostname
		esc.offers.picture.prod.path
		esc.offers.picture.bo.path
		promoflash.importfile.path
		misc.bo.fileupload.path
		kpi.aggregatorJob.startsAt
		esc.offers.publish.prodhosts
		esc.offers.publish.preprodhosts
		personaldata.demanderCode
		esc.multimedia.files.preprod.path
		quoteonline.promotion.image.folder
		reporting.availableViews
		kpi.aggregatorJob.periodInMinutes
		esc.multimedia.publish.prodhosts
	File properties jetty-cog.properties not found.
	File properties vagrant.properties not found.
	File properties cognifide-integration.properties not found.
File properties : admin2-valid-ren.properties
	+ Properties found in admin2-valid-ren.properties but not found in reference file :
		urlPreprod
	- Properties not found in admin2-valid-ren.properties but found in reference file :
		webstore.url.prod
		reporting.country
		toprenault.url.prod
		ws.warning.recipient
		kpi.aggregatorJob.autoStartup
		webstore.url.preprod
		promoflash.importfile.hosts
		esc.offers.picture.preprod.path
		esc.multimedia.files.bo.path
		reporting.availableSources
		esc.multimedia.files.prod.path
		toprenault.url.preprod
		esc.multimedia.publish.preprodhosts
		reporting.webservice.hostname
		esc.offers.picture.prod.path
		esc.offers.picture.bo.path
		promoflash.importfile.path
		kpi.aggregatorJob.startsAt
		esc.offers.publish.prodhosts
		esc.offers.publish.preprodhosts
		personaldata.demanderCode
		esc.multimedia.files.preprod.path
		reporting.availableViews
		kpi.aggregatorJob.periodInMinutes
		esc.multimedia.publish.prodhosts
File properties : admin-ren.properties
	+ Properties found in admin-ren.properties but not found in reference file :
		urlPreprod
	- Properties not found in admin-ren.properties but found in reference file :
		webstore.url.prod
		reporting.country
		toprenault.url.prod
		ws.warning.recipient
		kpi.aggregatorJob.autoStartup
		webstore.url.preprod
		promoflash.importfile.hosts
		esc.offers.picture.preprod.path
		esc.multimedia.files.bo.path
		reporting.availableSources
		esc.multimedia.files.prod.path
		toprenault.url.preprod
		esc.multimedia.publish.preprodhosts
		reporting.webservice.hostname
		esc.offers.picture.prod.path
		esc.offers.picture.bo.path
		promoflash.importfile.path
		kpi.aggregatorJob.startsAt
		esc.offers.publish.prodhosts
		esc.offers.publish.preprodhosts
		personaldata.demanderCode
		esc.multimedia.files.preprod.path
		reporting.availableViews
		kpi.aggregatorJob.periodInMinutes
		esc.multimedia.publish.prodhosts
File properties : admin-valid-ren.properties
	+ Properties found in admin-valid-ren.properties but not found in reference file :
		urlPreprod
	- Properties not found in admin-valid-ren.properties but found in reference file :
		webstore.url.prod
		reporting.country
		toprenault.url.prod
		ws.warning.recipient
		kpi.aggregatorJob.autoStartup
		webstore.url.preprod
		esc.offers.picture.preprod.path
		esc.multimedia.files.bo.path
		reporting.availableSources
		esc.multimedia.files.prod.path
		toprenault.url.preprod
		esc.multimedia.publish.preprodhosts
		reporting.webservice.hostname
		esc.offers.picture.prod.path
		esc.offers.picture.bo.path
		kpi.aggregatorJob.startsAt
		esc.offers.publish.prodhosts
		esc.offers.publish.preprodhosts
		personaldata.demanderCode
		esc.multimedia.files.preprod.path
		reporting.availableViews
		kpi.aggregatorJob.periodInMinutes
		esc.multimedia.publish.prodhosts
------- renault-master VS. renault-fr -------
File properties : renault-integ.properties
	- Properties not found in renault-integ.properties but found in reference file :
		elasticsearch.hosts
		toprenault.url.prod
		toprenault.url.preprod
File properties : renault-dev.properties
	- Properties not found in renault-dev.properties but found in reference file :
		toprenault.url.prod
		toprenault.url.preprod
File properties : jetty.properties
	+ Properties found in jetty.properties but not found in reference file :
		+#
	- Properties not found in jetty.properties but found in reference file :
		qol.image.preprod.path
		toprenault.url.prod
		qol.image.prod.path
		promoflash.importfile.hosts
		qol.image.front.path
		toprenault.url.preprod
		urlPreprod
		catalina.base
		promoflash.importfile.path
		quoteonline.promotion.image.folder
	File properties jetty-cog.properties not found.
	File properties vagrant.properties not found.
	File properties cognifide-integration.properties not found.
File properties : admin2-valid-ren.properties
	- Properties not found in admin2-valid-ren.properties but found in reference file :
		toprenault.url.prod
		promoflash.importfile.hosts
		toprenault.url.preprod
		promoflash.importfile.path
File properties : admin-ren.properties
	- Properties not found in admin-ren.properties but found in reference file :
		toprenault.url.prod
		promoflash.importfile.hosts
		toprenault.url.preprod
		promoflash.importfile.path
File properties : admin-valid-ren.properties
	- Properties not found in admin-valid-ren.properties but found in reference file :
		toprenault.url.prod
		toprenault.url.preprod
------- renault-ua VS. renault-fr -------
File properties : renault-integ.properties
	- Properties not found in renault-integ.properties but found in reference file :
		reporting.country
		toprenault.url.prod
		ws.warning.recipient
		kpi.aggregatorJob.autoStartup
		esc.offers.picture.preprod.path
		esc.multimedia.files.bo.path
		reporting.availableSources
		esc.multimedia.files.prod.path
		toprenault.url.preprod
		esc.multimedia.publish.preprodhosts
		reporting.webservice.hostname
		esc.offers.picture.prod.path
		esc.offers.picture.bo.path
		kpi.aggregatorJob.startsAt
		esc.offers.publish.prodhosts
		esc.offers.publish.preprodhosts
		personaldata.demanderCode
		esc.multimedia.files.preprod.path
		reporting.availableViews
		kpi.aggregatorJob.periodInMinutes
		esc.multimedia.publish.prodhosts
File properties : renault-dev.properties
	- Properties not found in renault-dev.properties but found in reference file :
		reporting.country
		toprenault.url.prod
		ws.warning.recipient
		kpi.aggregatorJob.autoStartup
		esc.offers.picture.preprod.path
		esc.multimedia.files.bo.path
		reporting.availableSources
		esc.multimedia.files.prod.path
		toprenault.url.preprod
		esc.multimedia.publish.preprodhosts
		reporting.webservice.hostname
		esc.offers.picture.prod.path
		esc.offers.picture.bo.path
		kpi.aggregatorJob.startsAt
		esc.offers.publish.prodhosts
		esc.offers.publish.preprodhosts
		personaldata.demanderCode
		esc.multimedia.files.preprod.path
		reporting.availableViews
		kpi.aggregatorJob.periodInMinutes
		esc.multimedia.publish.prodhosts
File properties : jetty.properties
	+ Properties found in jetty.properties but not found in reference file :
		notificationServices.prod
	- Properties not found in jetty.properties but found in reference file :
		qol.image.preprod.path
		reporting.country
		toprenault.url.prod
		ws.warning.recipient
		kpi.aggregatorJob.autoStartup
		qol.image.prod.path
		promoflash.importfile.hosts
		esc.offers.picture.preprod.path
		esc.multimedia.files.bo.path
		reporting.availableSources
		qol.image.front.path
		esc.multimedia.files.prod.path
		toprenault.url.preprod
		esc.multimedia.publish.preprodhosts
		reporting.webservice.hostname
		esc.offers.picture.prod.path
		urlPreprod
		esc.offers.picture.bo.path
		promoflash.importfile.path
		kpi.aggregatorJob.startsAt
		esc.offers.publish.prodhosts
		esc.offers.publish.preprodhosts
		personaldata.demanderCode
		esc.multimedia.files.preprod.path
		quoteonline.promotion.image.folder
		reporting.availableViews
		kpi.aggregatorJob.periodInMinutes
		esc.multimedia.publish.prodhosts
	File properties jetty-cog.properties not found.
	File properties vagrant.properties not found.
	File properties cognifide-integration.properties not found.
File properties : admin2-valid-ren.properties
	- Properties not found in admin2-valid-ren.properties but found in reference file :
		reporting.country
		toprenault.url.prod
		ws.warning.recipient
		kpi.aggregatorJob.autoStartup
		promoflash.importfile.hosts
		esc.offers.picture.preprod.path
		esc.multimedia.files.bo.path
		reporting.availableSources
		esc.multimedia.files.prod.path
		toprenault.url.preprod
		esc.multimedia.publish.preprodhosts
		reporting.webservice.hostname
		esc.offers.picture.prod.path
		esc.offers.picture.bo.path
		promoflash.importfile.path
		kpi.aggregatorJob.startsAt
		esc.offers.publish.prodhosts
		esc.offers.publish.preprodhosts
		personaldata.demanderCode
		esc.multimedia.files.preprod.path
		reporting.availableViews
		kpi.aggregatorJob.periodInMinutes
		esc.multimedia.publish.prodhosts
File properties : admin-ren.properties
	- Properties not found in admin-ren.properties but found in reference file :
		reporting.country
		toprenault.url.prod
		ws.warning.recipient
		kpi.aggregatorJob.autoStartup
		promoflash.importfile.hosts
		esc.offers.picture.preprod.path
		esc.multimedia.files.bo.path
		reporting.availableSources
		esc.multimedia.files.prod.path
		toprenault.url.preprod
		esc.multimedia.publish.preprodhosts
		reporting.webservice.hostname
		esc.offers.picture.prod.path
		esc.offers.picture.bo.path
		promoflash.importfile.path
		kpi.aggregatorJob.startsAt
		esc.offers.publish.prodhosts
		esc.offers.publish.preprodhosts
		personaldata.demanderCode
		esc.multimedia.files.preprod.path
		reporting.availableViews
		kpi.aggregatorJob.periodInMinutes
		esc.multimedia.publish.prodhosts
File properties : admin-valid-ren.properties
	- Properties not found in admin-valid-ren.properties but found in reference file :
		reporting.country
		toprenault.url.prod
		ws.warning.recipient
		kpi.aggregatorJob.autoStartup
		esc.offers.picture.preprod.path
		esc.multimedia.files.bo.path
		reporting.availableSources
		esc.multimedia.files.prod.path
		toprenault.url.preprod
		esc.multimedia.publish.preprodhosts
		reporting.webservice.hostname
		esc.offers.picture.prod.path
		esc.offers.picture.bo.path
		kpi.aggregatorJob.startsAt
		esc.offers.publish.prodhosts
		esc.offers.publish.preprodhosts
		personaldata.demanderCode
		esc.multimedia.files.preprod.path
		reporting.availableViews
		kpi.aggregatorJob.periodInMinutes
		esc.multimedia.publish.prodhosts
------- renault-pl VS. renault-fr -------
File properties : renault-integ.properties
	- Properties not found in renault-integ.properties but found in reference file :
		webstore.url.prod
		reporting.country
		toprenault.url.prod
		ws.warning.recipient
		kpi.aggregatorJob.autoStartup
		webstore.url.preprod
		reporting.availableSources
		distrinet.soa.host
		toprenault.url.preprod
		reporting.webservice.hostname
		ws.bo.fileupload.path
		kpi.aggregatorJob.startsAt
		distrinet.soa.path
		reporting.availableViews
		kpi.aggregatorJob.periodInMinutes
		distrinet.soa.user
File properties : renault-dev.properties
	- Properties not found in renault-dev.properties but found in reference file :
		webstore.url.prod
		reporting.country
		toprenault.url.prod
		ws.warning.recipient
		kpi.aggregatorJob.autoStartup
		webstore.url.preprod
		reporting.availableSources
		distrinet.soa.host
		toprenault.url.preprod
		reporting.webservice.hostname
		ws.bo.fileupload.path
		kpi.aggregatorJob.startsAt
		distrinet.soa.path
		reporting.availableViews
		kpi.aggregatorJob.periodInMinutes
		distrinet.soa.user
File properties : jetty.properties
	- Properties not found in jetty.properties but found in reference file :
		qol.image.preprod.path
		webstore.url.prod
		reporting.country
		toprenault.url.prod
		ws.warning.recipient
		kpi.aggregatorJob.autoStartup
		previewVehicleBeanUrl
		webstore.url.preprod
		qol.image.prod.path
		promoflash.importfile.hosts
		reporting.availableSources
		qol.image.front.path
		distrinet.soa.host
		toprenault.url.preprod
		reporting.webservice.hostname
		urlPreprod
		ws.bo.fileupload.path
		promoflash.importfile.path
		misc.bo.fileupload.path
		kpi.aggregatorJob.startsAt
		distrinet.soa.path
		quoteonline.promotion.image.folder
		reporting.availableViews
		kpi.aggregatorJob.periodInMinutes
		distrinet.soa.user
	File properties jetty-cog.properties not found.
	File properties vagrant.properties not found.
	File properties cognifide-integration.properties not found.
File properties : admin2-valid-ren.properties
	- Properties not found in admin2-valid-ren.properties but found in reference file :
		webstore.url.prod
		reporting.country
		toprenault.url.prod
		ws.warning.recipient
		kpi.aggregatorJob.autoStartup
		webstore.url.preprod
		promoflash.importfile.hosts
		reporting.availableSources
		distrinet.soa.host
		toprenault.url.preprod
		reporting.webservice.hostname
		ws.bo.fileupload.path
		promoflash.importfile.path
		kpi.aggregatorJob.startsAt
		distrinet.soa.path
		reporting.availableViews
		kpi.aggregatorJob.periodInMinutes
		distrinet.soa.user
File properties : admin-ren.properties
	- Properties not found in admin-ren.properties but found in reference file :
		webstore.url.prod
		reporting.country
		toprenault.url.prod
		ws.warning.recipient
		kpi.aggregatorJob.autoStartup
		webstore.url.preprod
		promoflash.importfile.hosts
		reporting.availableSources
		distrinet.soa.host
		toprenault.url.preprod
		reporting.webservice.hostname
		ws.bo.fileupload.path
		promoflash.importfile.path
		kpi.aggregatorJob.startsAt
		distrinet.soa.path
		reporting.availableViews
		kpi.aggregatorJob.periodInMinutes
		distrinet.soa.user
File properties : admin-valid-ren.properties
	- Properties not found in admin-valid-ren.properties but found in reference file :
		webstore.url.prod
		reporting.country
		toprenault.url.prod
		ws.warning.recipient
		kpi.aggregatorJob.autoStartup
		webstore.url.preprod
		reporting.availableSources
		distrinet.soa.host
		toprenault.url.preprod
		reporting.webservice.hostname
		ws.bo.fileupload.path
		kpi.aggregatorJob.startsAt
		distrinet.soa.path
		reporting.availableViews
		kpi.aggregatorJob.periodInMinutes
		distrinet.soa.user
------- renault-ro VS. renault-fr -------
File properties : renault-integ.properties
	- Properties not found in renault-integ.properties but found in reference file :
		ws.warning.recipient
File properties : renault-dev.properties
	- Properties not found in renault-dev.properties but found in reference file :
		ws.warning.recipient
File properties : jetty.properties
	- Properties not found in jetty.properties but found in reference file :
		qol.image.preprod.path
		qol.image.prod.path
		promoflash.importfile.hosts
		qol.image.front.path
		promoflash.importfile.path
		quoteonline.promotion.image.folder
	File properties jetty-cog.properties not found.
	File properties vagrant.properties not found.
	File properties cognifide-integration.properties not found.
File properties : admin2-valid-ren.properties
	- Properties not found in admin2-valid-ren.properties but found in reference file :
		ws.warning.recipient
		promoflash.importfile.hosts
		promoflash.importfile.path
File properties : admin-ren.properties
	- Properties not found in admin-ren.properties but found in reference file :
		ws.warning.recipient
		promoflash.importfile.hosts
		promoflash.importfile.path
File properties : admin-valid-ren.properties
	- Properties not found in admin-valid-ren.properties but found in reference file :
		ws.warning.recipient
------- renault-cz VS. renault-fr -------
File properties : renault-integ.properties
	- Properties not found in renault-integ.properties but found in reference file :
		webstore.url.prod
		reporting.country
		toprenault.url.prod
		ws.warning.recipient
		kpi.aggregatorJob.autoStartup
		webstore.url.preprod
		esc.offers.picture.preprod.path
		esc.multimedia.files.bo.path
		reporting.availableSources
		esc.multimedia.files.prod.path
		distrinet.soa.host
		toprenault.url.preprod
		esc.multimedia.publish.preprodhosts
		reporting.webservice.hostname
		esc.offers.picture.prod.path
		ws.bo.fileupload.path
		esc.offers.picture.bo.path
		kpi.aggregatorJob.startsAt
		esc.offers.publish.prodhosts
		distrinet.soa.path
		esc.offers.publish.preprodhosts
		personaldata.demanderCode
		esc.multimedia.files.preprod.path
		reporting.availableViews
		kpi.aggregatorJob.periodInMinutes
		distrinet.soa.user
		esc.multimedia.publish.prodhosts
File properties : renault-dev.properties
	- Properties not found in renault-dev.properties but found in reference file :
		webstore.url.prod
		reporting.country
		toprenault.url.prod
		ws.warning.recipient
		kpi.aggregatorJob.autoStartup
		webstore.url.preprod
		esc.offers.picture.preprod.path
		esc.multimedia.files.bo.path
		reporting.availableSources
		esc.multimedia.files.prod.path
		distrinet.soa.host
		toprenault.url.preprod
		esc.multimedia.publish.preprodhosts
		reporting.webservice.hostname
		esc.offers.picture.prod.path
		ws.bo.fileupload.path
		esc.offers.picture.bo.path
		kpi.aggregatorJob.startsAt
		esc.offers.publish.prodhosts
		distrinet.soa.path
		esc.offers.publish.preprodhosts
		personaldata.demanderCode
		esc.multimedia.files.preprod.path
		reporting.availableViews
		kpi.aggregatorJob.periodInMinutes
		distrinet.soa.user
		esc.multimedia.publish.prodhosts
File properties : jetty.properties
	- Properties not found in jetty.properties but found in reference file :
		qol.image.preprod.path
		webstore.url.prod
		reporting.country
		toprenault.url.prod
		ws.warning.recipient
		kpi.aggregatorJob.autoStartup
		previewVehicleBeanUrl
		webstore.url.preprod
		qol.image.prod.path
		promoflash.importfile.hosts
		esc.offers.picture.preprod.path
		esc.multimedia.files.bo.path
		reporting.availableSources
		qol.image.front.path
		esc.multimedia.files.prod.path
		distrinet.soa.host
		toprenault.url.preprod
		esc.multimedia.publish.preprodhosts
		reporting.webservice.hostname
		esc.offers.picture.prod.path
		urlPreprod
		ws.bo.fileupload.path
		esc.offers.picture.bo.path
		promoflash.importfile.path
		misc.bo.fileupload.path
		kpi.aggregatorJob.startsAt
		esc.offers.publish.prodhosts
		distrinet.soa.path
		esc.offers.publish.preprodhosts
		personaldata.demanderCode
		esc.multimedia.files.preprod.path
		quoteonline.promotion.image.folder
		reporting.availableViews
		kpi.aggregatorJob.periodInMinutes
		distrinet.soa.user
		esc.multimedia.publish.prodhosts
	File properties jetty-cog.properties not found.
	File properties vagrant.properties not found.
	File properties cognifide-integration.properties not found.
File properties : admin2-valid-ren.properties
	- Properties not found in admin2-valid-ren.properties but found in reference file :
		webstore.url.prod
		reporting.country
		toprenault.url.prod
		ws.warning.recipient
		kpi.aggregatorJob.autoStartup
		webstore.url.preprod
		promoflash.importfile.hosts
		esc.offers.picture.preprod.path
		esc.multimedia.files.bo.path
		reporting.availableSources
		esc.multimedia.files.prod.path
		distrinet.soa.host
		toprenault.url.preprod
		esc.multimedia.publish.preprodhosts
		reporting.webservice.hostname
		esc.offers.picture.prod.path
		ws.bo.fileupload.path
		esc.offers.picture.bo.path
		promoflash.importfile.path
		kpi.aggregatorJob.startsAt
		esc.offers.publish.prodhosts
		distrinet.soa.path
		esc.offers.publish.preprodhosts
		personaldata.demanderCode
		esc.multimedia.files.preprod.path
		reporting.availableViews
		kpi.aggregatorJob.periodInMinutes
		distrinet.soa.user
		esc.multimedia.publish.prodhosts
File properties : admin-ren.properties
	- Properties not found in admin-ren.properties but found in reference file :
		webstore.url.prod
		reporting.country
		toprenault.url.prod
		ws.warning.recipient
		kpi.aggregatorJob.autoStartup
		webstore.url.preprod
		promoflash.importfile.hosts
		esc.offers.picture.preprod.path
		esc.multimedia.files.bo.path
		reporting.availableSources
		esc.multimedia.files.prod.path
		distrinet.soa.host
		toprenault.url.preprod
		esc.multimedia.publish.preprodhosts
		reporting.webservice.hostname
		esc.offers.picture.prod.path
		ws.bo.fileupload.path
		esc.offers.picture.bo.path
		promoflash.importfile.path
		kpi.aggregatorJob.startsAt
		esc.offers.publish.prodhosts
		distrinet.soa.path
		esc.offers.publish.preprodhosts
		personaldata.demanderCode
		esc.multimedia.files.preprod.path
		reporting.availableViews
		kpi.aggregatorJob.periodInMinutes
		distrinet.soa.user
		esc.multimedia.publish.prodhosts
File properties : admin-valid-ren.properties
	- Properties not found in admin-valid-ren.properties but found in reference file :
		webstore.url.prod
		reporting.country
		toprenault.url.prod
		ws.warning.recipient
		kpi.aggregatorJob.autoStartup
		webstore.url.preprod
		esc.offers.picture.preprod.path
		esc.multimedia.files.bo.path
		reporting.availableSources
		esc.multimedia.files.prod.path
		distrinet.soa.host
		toprenault.url.preprod
		esc.multimedia.publish.preprodhosts
		reporting.webservice.hostname
		esc.offers.picture.prod.path
		ws.bo.fileupload.path
		esc.offers.picture.bo.path
		kpi.aggregatorJob.startsAt
		esc.offers.publish.prodhosts
		distrinet.soa.path
		esc.offers.publish.preprodhosts
		personaldata.demanderCode
		esc.multimedia.files.preprod.path
		reporting.availableViews
		kpi.aggregatorJob.periodInMinutes
		distrinet.soa.user
		esc.multimedia.publish.prodhosts
------- renault-it VS. renault-fr -------
File properties : renault-integ.properties
	+ Properties found in renault-integ.properties but not found in reference file :
		c2g.background
		urlPreprod
	- Properties not found in renault-integ.properties but found in reference file :
		webstore.url.prod
		reporting.country
		toprenault.url.prod
		kpi.aggregatorJob.autoStartup
		webstore.url.preprod
		reporting.availableSources
		toprenault.url.preprod
		reporting.webservice.hostname
		ws.bo.fileupload.path
		kpi.aggregatorJob.startsAt
		reporting.availableViews
		kpi.aggregatorJob.periodInMinutes
File properties : renault-dev.properties
	+ Properties found in renault-dev.properties but not found in reference file :
		c2g.background
		urlPreprod
	- Properties not found in renault-dev.properties but found in reference file :
		webstore.url.prod
		reporting.country
		toprenault.url.prod
		kpi.aggregatorJob.autoStartup
		webstore.url.preprod
		reporting.availableSources
		toprenault.url.preprod
		reporting.webservice.hostname
		ws.bo.fileupload.path
		kpi.aggregatorJob.startsAt
		reporting.availableViews
		kpi.aggregatorJob.periodInMinutes
File properties : jetty.properties
	- Properties not found in jetty.properties but found in reference file :
		qol.image.preprod.path
		webstore.url.prod
		reporting.country
		toprenault.url.prod
		kpi.aggregatorJob.autoStartup
		webstore.url.preprod
		qol.image.prod.path
		promoflash.importfile.hosts
		reporting.availableSources
		qol.image.front.path
		toprenault.url.preprod
		reporting.webservice.hostname
		ws.bo.fileupload.path
		promoflash.importfile.path
		misc.bo.fileupload.path
		kpi.aggregatorJob.startsAt
		quoteonline.promotion.image.folder
		reporting.availableViews
		kpi.aggregatorJob.periodInMinutes
	File properties jetty-cog.properties not found.
	File properties vagrant.properties not found.
	File properties cognifide-integration.properties not found.
File properties : admin2-valid-ren.properties
	+ Properties found in admin2-valid-ren.properties but not found in reference file :
		urlPreprod
	- Properties not found in admin2-valid-ren.properties but found in reference file :
		webstore.url.prod
		reporting.country
		toprenault.url.prod
		kpi.aggregatorJob.autoStartup
		webstore.url.preprod
		promoflash.importfile.hosts
		reporting.availableSources
		toprenault.url.preprod
		reporting.webservice.hostname
		ws.bo.fileupload.path
		promoflash.importfile.path
		kpi.aggregatorJob.startsAt
		reporting.availableViews
		kpi.aggregatorJob.periodInMinutes
File properties : admin-ren.properties
	+ Properties found in admin-ren.properties but not found in reference file :
		urlPreprod
	- Properties not found in admin-ren.properties but found in reference file :
		webstore.url.prod
		reporting.country
		toprenault.url.prod
		kpi.aggregatorJob.autoStartup
		webstore.url.preprod
		promoflash.importfile.hosts
		reporting.availableSources
		toprenault.url.preprod
		reporting.webservice.hostname
		ws.bo.fileupload.path
		promoflash.importfile.path
		kpi.aggregatorJob.startsAt
		reporting.availableViews
		kpi.aggregatorJob.periodInMinutes
File properties : admin-valid-ren.properties
	+ Properties found in admin-valid-ren.properties but not found in reference file :
		urlPreprod
	- Properties not found in admin-valid-ren.properties but found in reference file :
		webstore.url.prod
		reporting.country
		toprenault.url.prod
		kpi.aggregatorJob.autoStartup
		webstore.url.preprod
		reporting.availableSources
		toprenault.url.preprod
		reporting.webservice.hostname
		ws.bo.fileupload.path
		kpi.aggregatorJob.startsAt
		reporting.availableViews
		kpi.aggregatorJob.periodInMinutes
------- renault-lu VS. renault-fr -------
File properties : renault-integ.properties
	- Properties not found in renault-integ.properties but found in reference file :
		webstore.url.prod
		reporting.country
		toprenault.url.prod
		ws.warning.recipient
		kpi.aggregatorJob.autoStartup
		webstore.url.preprod
		esc.offers.picture.preprod.path
		esc.multimedia.files.bo.path
		reporting.availableSources
		esc.multimedia.files.prod.path
		distrinet.soa.host
		toprenault.url.preprod
		esc.multimedia.publish.preprodhosts
		reporting.webservice.hostname
		esc.offers.picture.prod.path
		ws.bo.fileupload.path
		esc.offers.picture.bo.path
		kpi.aggregatorJob.startsAt
		esc.offers.publish.prodhosts
		distrinet.soa.path
		esc.offers.publish.preprodhosts
		personaldata.demanderCode
		esc.multimedia.files.preprod.path
		reporting.availableViews
		kpi.aggregatorJob.periodInMinutes
		distrinet.soa.user
		esc.multimedia.publish.prodhosts
File properties : renault-dev.properties
	- Properties not found in renault-dev.properties but found in reference file :
		webstore.url.prod
		reporting.country
		toprenault.url.prod
		ws.warning.recipient
		kpi.aggregatorJob.autoStartup
		webstore.url.preprod
		esc.offers.picture.preprod.path
		esc.multimedia.files.bo.path
		reporting.availableSources
		esc.multimedia.files.prod.path
		distrinet.soa.host
		toprenault.url.preprod
		esc.multimedia.publish.preprodhosts
		reporting.webservice.hostname
		esc.offers.picture.prod.path
		ws.bo.fileupload.path
		esc.offers.picture.bo.path
		kpi.aggregatorJob.startsAt
		esc.offers.publish.prodhosts
		distrinet.soa.path
		esc.offers.publish.preprodhosts
		personaldata.demanderCode
		esc.multimedia.files.preprod.path
		reporting.availableViews
		kpi.aggregatorJob.periodInMinutes
		distrinet.soa.user
		esc.multimedia.publish.prodhosts
File properties : jetty.properties
	- Properties not found in jetty.properties but found in reference file :
		qol.image.preprod.path
		webstore.url.prod
		reporting.country
		toprenault.url.prod
		ws.warning.recipient
		kpi.aggregatorJob.autoStartup
		previewVehicleBeanUrl
		webstore.url.preprod
		qol.image.prod.path
		promoflash.importfile.hosts
		esc.offers.picture.preprod.path
		esc.multimedia.files.bo.path
		reporting.availableSources
		qol.image.front.path
		esc.multimedia.files.prod.path
		distrinet.soa.host
		toprenault.url.preprod
		esc.multimedia.publish.preprodhosts
		reporting.webservice.hostname
		esc.offers.picture.prod.path
		urlPreprod
		ws.bo.fileupload.path
		esc.offers.picture.bo.path
		promoflash.importfile.path
		misc.bo.fileupload.path
		kpi.aggregatorJob.startsAt
		esc.offers.publish.prodhosts
		distrinet.soa.path
		esc.offers.publish.preprodhosts
		personaldata.demanderCode
		esc.multimedia.files.preprod.path
		quoteonline.promotion.image.folder
		reporting.availableViews
		kpi.aggregatorJob.periodInMinutes
		distrinet.soa.user
		esc.multimedia.publish.prodhosts
	File properties jetty-cog.properties not found.
	File properties vagrant.properties not found.
	File properties cognifide-integration.properties not found.
File properties : admin2-valid-ren.properties
	- Properties not found in admin2-valid-ren.properties but found in reference file :
		webstore.url.prod
		reporting.country
		toprenault.url.prod
		ws.warning.recipient
		kpi.aggregatorJob.autoStartup
		webstore.url.preprod
		promoflash.importfile.hosts
		esc.offers.picture.preprod.path
		esc.multimedia.files.bo.path
		reporting.availableSources
		esc.multimedia.files.prod.path
		distrinet.soa.host
		toprenault.url.preprod
		esc.multimedia.publish.preprodhosts
		reporting.webservice.hostname
		esc.offers.picture.prod.path
		ws.bo.fileupload.path
		esc.offers.picture.bo.path
		promoflash.importfile.path
		kpi.aggregatorJob.startsAt
		esc.offers.publish.prodhosts
		distrinet.soa.path
		esc.offers.publish.preprodhosts
		personaldata.demanderCode
		esc.multimedia.files.preprod.path
		reporting.availableViews
		kpi.aggregatorJob.periodInMinutes
		distrinet.soa.user
		esc.multimedia.publish.prodhosts
File properties : admin-ren.properties
	- Properties not found in admin-ren.properties but found in reference file :
		webstore.url.prod
		reporting.country
		toprenault.url.prod
		ws.warning.recipient
		kpi.aggregatorJob.autoStartup
		webstore.url.preprod
		promoflash.importfile.hosts
		esc.offers.picture.preprod.path
		esc.multimedia.files.bo.path
		reporting.availableSources
		esc.multimedia.files.prod.path
		distrinet.soa.host
		toprenault.url.preprod
		esc.multimedia.publish.preprodhosts
		reporting.webservice.hostname
		esc.offers.picture.prod.path
		ws.bo.fileupload.path
		esc.offers.picture.bo.path
		promoflash.importfile.path
		kpi.aggregatorJob.startsAt
		esc.offers.publish.prodhosts
		distrinet.soa.path
		esc.offers.publish.preprodhosts
		personaldata.demanderCode
		esc.multimedia.files.preprod.path
		reporting.availableViews
		kpi.aggregatorJob.periodInMinutes
		distrinet.soa.user
		esc.multimedia.publish.prodhosts
File properties : admin-valid-ren.properties
	- Properties not found in admin-valid-ren.properties but found in reference file :
		webstore.url.prod
		reporting.country
		toprenault.url.prod
		ws.warning.recipient
		kpi.aggregatorJob.autoStartup
		webstore.url.preprod
		esc.offers.picture.preprod.path
		esc.multimedia.files.bo.path
		reporting.availableSources
		esc.multimedia.files.prod.path
		distrinet.soa.host
		toprenault.url.preprod
		esc.multimedia.publish.preprodhosts
		reporting.webservice.hostname
		esc.offers.picture.prod.path
		ws.bo.fileupload.path
		esc.offers.picture.bo.path
		kpi.aggregatorJob.startsAt
		esc.offers.publish.prodhosts
		distrinet.soa.path
		esc.offers.publish.preprodhosts
		personaldata.demanderCode
		esc.multimedia.files.preprod.path
		reporting.availableViews
		kpi.aggregatorJob.periodInMinutes
		distrinet.soa.user
		esc.multimedia.publish.prodhosts
------- renault-central VS. renault-fr -------
File properties : renault-integ.properties
	- Properties not found in renault-integ.properties but found in reference file :
		webstore.url.prod
		vo.backoffice.log.file.link
		reporting.country
		toprenault.url.prod
		ws.warning.recipient
		kpi.aggregatorJob.autoStartup
		webstore.url.preprod
		leadforms.publish.prodhosts
		esc.offers.picture.preprod.path
		esc.multimedia.files.bo.path
		reporting.availableSources
		vo.export.directory
		esc.multimedia.files.prod.path
		distrinet.soa.host
		toprenault.url.preprod
		leadforms.publish.prodPath
		esc.multimedia.publish.preprodhosts
		leadforms.publish.repositorypath
		reporting.webservice.hostname
		esc.offers.picture.prod.path
		ws.bo.fileupload.path
		esc.offers.picture.bo.path
		kpi.aggregatorJob.startsAt
		leadforms.publish.preprodPath
		esc.offers.publish.prodhosts
		distrinet.soa.path
		vo.backoffice.csv.file.link
		esc.offers.publish.preprodhosts
		esc.multimedia.files.preprod.path
		criteria.display.resultlist.prod
		reporting.availableViews
		kpi.aggregatorJob.periodInMinutes
		leadforms.publish.preprodhosts
		distrinet.soa.user
		esc.multimedia.publish.prodhosts
File properties : renault-dev.properties
	- Properties not found in renault-dev.properties but found in reference file :
		webstore.url.prod
		vo.backoffice.log.file.link
		reporting.country
		toprenault.url.prod
		ws.warning.recipient
		kpi.aggregatorJob.autoStartup
		webstore.url.preprod
		leadforms.publish.prodhosts
		esc.offers.picture.preprod.path
		esc.multimedia.files.bo.path
		reporting.availableSources
		vo.export.directory
		esc.multimedia.files.prod.path
		distrinet.soa.host
		toprenault.url.preprod
		leadforms.publish.prodPath
		esc.multimedia.publish.preprodhosts
		leadforms.publish.repositorypath
		reporting.webservice.hostname
		esc.offers.picture.prod.path
		ws.bo.fileupload.path
		esc.offers.picture.bo.path
		kpi.aggregatorJob.startsAt
		leadforms.publish.preprodPath
		esc.offers.publish.prodhosts
		distrinet.soa.path
		vo.backoffice.csv.file.link
		esc.offers.publish.preprodhosts
		esc.multimedia.files.preprod.path
		criteria.display.resultlist.prod
		reporting.availableViews
		kpi.aggregatorJob.periodInMinutes
		leadforms.publish.preprodhosts
		distrinet.soa.user
		esc.multimedia.publish.prodhosts
File properties : jetty.properties
	+ Properties found in jetty.properties but not found in reference file :
		notificationServices.prod
	- Properties not found in jetty.properties but found in reference file :
		qol.image.preprod.path
		webstore.url.prod
		reporting.country
		toprenault.url.prod
		ws.warning.recipient
		kpi.aggregatorJob.autoStartup
		previewVehicleBeanUrl
		webstore.url.preprod
		qol.image.prod.path
		promoflash.importfile.hosts
		esc.offers.picture.preprod.path
		esc.multimedia.files.bo.path
		reporting.availableSources
		qol.image.front.path
		esc.multimedia.files.prod.path
		distrinet.soa.host
		toprenault.url.preprod
		esc.multimedia.publish.preprodhosts
		reporting.webservice.hostname
		esc.offers.picture.prod.path
		urlPreprod
		ws.bo.fileupload.path
		esc.offers.picture.bo.path
		promoflash.importfile.path
		misc.bo.fileupload.path
		kpi.aggregatorJob.startsAt
		esc.offers.publish.prodhosts
		distrinet.soa.path
		esc.offers.publish.preprodhosts
		esc.multimedia.files.preprod.path
		quoteonline.promotion.image.folder
		reporting.availableViews
		kpi.aggregatorJob.periodInMinutes
		distrinet.soa.user
		esc.multimedia.publish.prodhosts
	File properties jetty-cog.properties not found.
	File properties vagrant.properties not found.
	File properties cognifide-integration.properties not found.
File properties : admin2-valid-ren.properties
	- Properties not found in admin2-valid-ren.properties but found in reference file :
		webstore.url.prod
		vo.backoffice.log.file.link
		reporting.country
		toprenault.url.prod
		ws.warning.recipient
		kpi.aggregatorJob.autoStartup
		webstore.url.preprod
		promoflash.importfile.hosts
		leadforms.publish.prodhosts
		esc.offers.picture.preprod.path
		esc.multimedia.files.bo.path
		reporting.availableSources
		vo.export.directory
		esc.multimedia.files.prod.path
		distrinet.soa.host
		toprenault.url.preprod
		leadforms.publish.prodPath
		esc.multimedia.publish.preprodhosts
		leadforms.publish.repositorypath
		reporting.webservice.hostname
		esc.offers.picture.prod.path
		ws.bo.fileupload.path
		esc.offers.picture.bo.path
		promoflash.importfile.path
		kpi.aggregatorJob.startsAt
		leadforms.publish.preprodPath
		esc.offers.publish.prodhosts
		distrinet.soa.path
		vo.backoffice.csv.file.link
		esc.offers.publish.preprodhosts
		esc.multimedia.files.preprod.path
		reporting.availableViews
		kpi.aggregatorJob.periodInMinutes
		leadforms.publish.preprodhosts
		distrinet.soa.user
		esc.multimedia.publish.prodhosts
File properties : admin-ren.properties
	- Properties not found in admin-ren.properties but found in reference file :
		webstore.url.prod
		vo.backoffice.log.file.link
		reporting.country
		toprenault.url.prod
		ws.warning.recipient
		kpi.aggregatorJob.autoStartup
		webstore.url.preprod
		promoflash.importfile.hosts
		leadforms.publish.prodhosts
		esc.offers.picture.preprod.path
		esc.multimedia.files.bo.path
		reporting.availableSources
		vo.export.directory
		esc.multimedia.files.prod.path
		distrinet.soa.host
		toprenault.url.preprod
		leadforms.publish.prodPath
		esc.multimedia.publish.preprodhosts
		leadforms.publish.repositorypath
		reporting.webservice.hostname
		esc.offers.picture.prod.path
		ws.bo.fileupload.path
		esc.offers.picture.bo.path
		promoflash.importfile.path
		kpi.aggregatorJob.startsAt
		leadforms.publish.preprodPath
		esc.offers.publish.prodhosts
		distrinet.soa.path
		vo.backoffice.csv.file.link
		esc.offers.publish.preprodhosts
		esc.multimedia.files.preprod.path
		reporting.availableViews
		kpi.aggregatorJob.periodInMinutes
		leadforms.publish.preprodhosts
		distrinet.soa.user
		esc.multimedia.publish.prodhosts
File properties : admin-valid-ren.properties
	- Properties not found in admin-valid-ren.properties but found in reference file :
		webstore.url.prod
		vo.backoffice.log.file.link
		reporting.country
		toprenault.url.prod
		ws.warning.recipient
		kpi.aggregatorJob.autoStartup
		webstore.url.preprod
		leadforms.publish.prodhosts
		esc.offers.picture.preprod.path
		esc.multimedia.files.bo.path
		reporting.availableSources
		vo.export.directory
		esc.multimedia.files.prod.path
		distrinet.soa.host
		toprenault.url.preprod
		leadforms.publish.prodPath
		esc.multimedia.publish.preprodhosts
		leadforms.publish.repositorypath
		reporting.webservice.hostname
		esc.offers.picture.prod.path
		ws.bo.fileupload.path
		esc.offers.picture.bo.path
		kpi.aggregatorJob.startsAt
		leadforms.publish.preprodPath
		esc.offers.publish.prodhosts
		distrinet.soa.path
		vo.backoffice.csv.file.link
		esc.offers.publish.preprodhosts
		esc.multimedia.files.preprod.path
		reporting.availableViews
		kpi.aggregatorJob.periodInMinutes
		leadforms.publish.preprodhosts
		distrinet.soa.user
		esc.multimedia.publish.prodhosts
------- renault-at VS. renault-fr -------
File properties : renault-integ.properties
	- Properties not found in renault-integ.properties but found in reference file :
		webstore.url.prod
		reporting.country
		toprenault.url.prod
		ws.warning.recipient
		kpi.aggregatorJob.autoStartup
		webstore.url.preprod
		esc.offers.picture.preprod.path
		esc.multimedia.files.bo.path
		reporting.availableSources
		esc.multimedia.files.prod.path
		distrinet.soa.host
		toprenault.url.preprod
		esc.multimedia.publish.preprodhosts
		reporting.webservice.hostname
		esc.offers.picture.prod.path
		ws.bo.fileupload.path
		esc.offers.picture.bo.path
		kpi.aggregatorJob.startsAt
		esc.offers.publish.prodhosts
		distrinet.soa.path
		esc.offers.publish.preprodhosts
		personaldata.demanderCode
		esc.multimedia.files.preprod.path
		reporting.availableViews
		kpi.aggregatorJob.periodInMinutes
		distrinet.soa.user
		esc.multimedia.publish.prodhosts
File properties : renault-dev.properties
	- Properties not found in renault-dev.properties but found in reference file :
		webstore.url.prod
		reporting.country
		toprenault.url.prod
		ws.warning.recipient
		kpi.aggregatorJob.autoStartup
		webstore.url.preprod
		esc.offers.picture.preprod.path
		esc.multimedia.files.bo.path
		reporting.availableSources
		esc.multimedia.files.prod.path
		distrinet.soa.host
		toprenault.url.preprod
		esc.multimedia.publish.preprodhosts
		reporting.webservice.hostname
		esc.offers.picture.prod.path
		ws.bo.fileupload.path
		esc.offers.picture.bo.path
		kpi.aggregatorJob.startsAt
		esc.offers.publish.prodhosts
		distrinet.soa.path
		esc.offers.publish.preprodhosts
		personaldata.demanderCode
		esc.multimedia.files.preprod.path
		reporting.availableViews
		kpi.aggregatorJob.periodInMinutes
		distrinet.soa.user
		esc.multimedia.publish.prodhosts
File properties : jetty.properties
	- Properties not found in jetty.properties but found in reference file :
		qol.image.preprod.path
		webstore.url.prod
		reporting.country
		toprenault.url.prod
		ws.warning.recipient
		kpi.aggregatorJob.autoStartup
		previewVehicleBeanUrl
		webstore.url.preprod
		qol.image.prod.path
		promoflash.importfile.hosts
		esc.offers.picture.preprod.path
		esc.multimedia.files.bo.path
		reporting.availableSources
		qol.image.front.path
		esc.multimedia.files.prod.path
		distrinet.soa.host
		toprenault.url.preprod
		esc.multimedia.publish.preprodhosts
		reporting.webservice.hostname
		esc.offers.picture.prod.path
		urlPreprod
		ws.bo.fileupload.path
		esc.offers.picture.bo.path
		promoflash.importfile.path
		misc.bo.fileupload.path
		kpi.aggregatorJob.startsAt
		esc.offers.publish.prodhosts
		distrinet.soa.path
		esc.offers.publish.preprodhosts
		personaldata.demanderCode
		esc.multimedia.files.preprod.path
		quoteonline.promotion.image.folder
		reporting.availableViews
		kpi.aggregatorJob.periodInMinutes
		distrinet.soa.user
		esc.multimedia.publish.prodhosts
	File properties jetty-cog.properties not found.
	File properties vagrant.properties not found.
	File properties cognifide-integration.properties not found.
File properties : admin2-valid-ren.properties
	- Properties not found in admin2-valid-ren.properties but found in reference file :
		webstore.url.prod
		reporting.country
		toprenault.url.prod
		ws.warning.recipient
		kpi.aggregatorJob.autoStartup
		webstore.url.preprod
		promoflash.importfile.hosts
		esc.offers.picture.preprod.path
		esc.multimedia.files.bo.path
		reporting.availableSources
		esc.multimedia.files.prod.path
		distrinet.soa.host
		toprenault.url.preprod
		esc.multimedia.publish.preprodhosts
		reporting.webservice.hostname
		esc.offers.picture.prod.path
		ws.bo.fileupload.path
		esc.offers.picture.bo.path
		promoflash.importfile.path
		kpi.aggregatorJob.startsAt
		esc.offers.publish.prodhosts
		distrinet.soa.path
		esc.offers.publish.preprodhosts
		personaldata.demanderCode
		esc.multimedia.files.preprod.path
		reporting.availableViews
		kpi.aggregatorJob.periodInMinutes
		distrinet.soa.user
		esc.multimedia.publish.prodhosts
File properties : admin-ren.properties
	+ Properties found in admin-ren.properties but not found in reference file :
		c2g.prodphysicalConnectionsNumber
	- Properties not found in admin-ren.properties but found in reference file :
		webstore.url.prod
		reporting.country
		toprenault.url.prod
		ws.warning.recipient
		kpi.aggregatorJob.autoStartup
		webstore.url.preprod
		promoflash.importfile.hosts
		esc.offers.picture.preprod.path
		esc.multimedia.files.bo.path
		reporting.availableSources
		esc.multimedia.files.prod.path
		distrinet.soa.host
		toprenault.url.preprod
		esc.multimedia.publish.preprodhosts
		reporting.webservice.hostname
		esc.offers.picture.prod.path
		ws.bo.fileupload.path
		esc.offers.picture.bo.path
		promoflash.importfile.path
		kpi.aggregatorJob.startsAt
		esc.offers.publish.prodhosts
		distrinet.soa.path
		esc.offers.publish.preprodhosts
		personaldata.demanderCode
		esc.multimedia.files.preprod.path
		reporting.availableViews
		kpi.aggregatorJob.periodInMinutes
		distrinet.soa.user
		esc.multimedia.publish.prodhosts
File properties : admin-valid-ren.properties
	- Properties not found in admin-valid-ren.properties but found in reference file :
		webstore.url.prod
		reporting.country
		toprenault.url.prod
		ws.warning.recipient
		kpi.aggregatorJob.autoStartup
		webstore.url.preprod
		esc.offers.picture.preprod.path
		esc.multimedia.files.bo.path
		reporting.availableSources
		esc.multimedia.files.prod.path
		distrinet.soa.host
		toprenault.url.preprod
		esc.multimedia.publish.preprodhosts
		reporting.webservice.hostname
		esc.offers.picture.prod.path
		ws.bo.fileupload.path
		esc.offers.picture.bo.path
		kpi.aggregatorJob.startsAt
		esc.offers.publish.prodhosts
		distrinet.soa.path
		esc.offers.publish.preprodhosts
		personaldata.demanderCode
		esc.multimedia.files.preprod.path
		reporting.availableViews
		kpi.aggregatorJob.periodInMinutes
		distrinet.soa.user
		esc.multimedia.publish.prodhosts
------- renault-esc-portal VS. renault-fr -------
	File properties renault-integ.properties not found.
File properties : renault-dev.properties
	+ Properties found in renault-dev.properties but not found in reference file :
		profile
	- Properties not found in renault-dev.properties but found in reference file :
		webstore.url.prod
		compilation.path
		baseUrl
		vo.backoffice.log.file.link
		reporting.country
		remoteServices.prod.hosts
		toprenault.url.prod
		central.ws.url
		ws.warning.recipient
		kpi.aggregatorJob.autoStartup
		cms_dirs
		webstore.url.preprod
		cas.urls.base
		leadforms.publish.prodhosts
		esc.offers.picture.preprod.path
		esc.multimedia.files.bo.path
		reporting.availableSources
		vo.export.directory
		esc.multimedia.files.prod.path
		country
		distrinet.soa.host
		front.host
		toprenault.url.preprod
		preprod.JMXUrls
		leadforms.publish.prodPath
		cmsUrl
		esc.multimedia.publish.preprodhosts
		renault.truststore
		dws.frontoffice.url
		leadforms.publish.repositorypath
		reporting.webservice.hostname
		esc.offers.picture.prod.path
		serviceName
		ws.bo.fileupload.path
		esc.offers.picture.bo.path
		deploy.root
		kpi.aggregatorJob.startsAt
		leadforms.publish.preprodPath
		esc.offers.publish.prodhosts
		distrinet.soa.path
		vo.backoffice.csv.file.link
		esc.offers.publish.preprodhosts
		personaldata.demanderCode
		esc.multimedia.files.preprod.path
		remoteServices.preprod.hosts
		criteria.display.resultlist.prod
		smtp.host
		reporting.availableViews
		kpi.aggregatorJob.periodInMinutes
		leadforms.publish.preprodhosts
		distrinet.soa.user
		documentpicker.cms.host
		esc.multimedia.publish.prodhosts
File properties : jetty.properties
	+ Properties found in jetty.properties but not found in reference file :
		profile
	- Properties not found in jetty.properties but found in reference file :
		qol.image.preprod.path
		webstore.url.prod
		compilation.path
		baseUrl
		reporting.country
		remoteServices.prod.hosts
		toprenault.url.prod
		central.ws.url
		ws.warning.recipient
		kpi.aggregatorJob.autoStartup
		previewVehicleBeanUrl
		webstore.url.preprod
		qol.image.prod.path
		cas.urls.base
		promoflash.importfile.hosts
		esc.offers.picture.preprod.path
		esc.multimedia.files.bo.path
		reporting.availableSources
		qol.image.front.path
		googleSitemapJob.repeatInterval
		esc.multimedia.files.prod.path
		c2g.backgroundStart
		axs.bo.upload.images.path
		distrinet.soa.host
		front.host
		toprenault.url.preprod
		preprod.JMXUrls
		cmsUrl
		renault.truststore
		esc.multimedia.publish.preprodhosts
		axs.category.images.path
		reporting.webservice.hostname
		packshot.upload.path
		resourcebundle.root
		esc.offers.picture.prod.path
		urlPreprod
		ws.bo.fileupload.path
		esc.offers.picture.bo.path
		catalina.base
		deploy.root
		promoflash.importfile.path
		packshot.sync.script
		misc.bo.fileupload.path
		kpi.aggregatorJob.startsAt
		esc.offers.publish.prodhosts
		distrinet.soa.path
		packshot.sync.enable
		esc.offers.publish.preprodhosts
		personaldata.demanderCode
		esc.multimedia.files.preprod.path
		googleSitemapJob.startDelay
		quoteonline.promotion.image.folder
		remoteServices.preprod.hosts
		smtp.host
		reporting.availableViews
		kpi.aggregatorJob.periodInMinutes
		htdocs
		distrinet.soa.user
		documentpicker.cms.host
		esc.multimedia.publish.prodhosts
	File properties jetty-cog.properties not found.
	File properties vagrant.properties not found.
	File properties cognifide-integration.properties not found.
	File properties admin2-valid-ren.properties not found.
	File properties admin-ren.properties not found.
	File properties admin-valid-ren.properties not found.
------- renault-tr VS. renault-fr -------
File properties : renault-integ.properties
	- Properties not found in renault-integ.properties but found in reference file :
		reporting.country
		toprenault.url.prod
		ws.warning.recipient
		kpi.aggregatorJob.autoStartup
		esc.offers.picture.preprod.path
		esc.multimedia.files.bo.path
		reporting.availableSources
		esc.multimedia.files.prod.path
		toprenault.url.preprod
		esc.multimedia.publish.preprodhosts
		reporting.webservice.hostname
		esc.offers.picture.prod.path
		esc.offers.picture.bo.path
		kpi.aggregatorJob.startsAt
		esc.offers.publish.prodhosts
		esc.offers.publish.preprodhosts
		personaldata.demanderCode
		esc.multimedia.files.preprod.path
		reporting.availableViews
		kpi.aggregatorJob.periodInMinutes
		esc.multimedia.publish.prodhosts
File properties : renault-dev.properties
	- Properties not found in renault-dev.properties but found in reference file :
		reporting.country
		toprenault.url.prod
		ws.warning.recipient
		kpi.aggregatorJob.autoStartup
		esc.offers.picture.preprod.path
		esc.multimedia.files.bo.path
		reporting.availableSources
		esc.multimedia.files.prod.path
		toprenault.url.preprod
		esc.multimedia.publish.preprodhosts
		reporting.webservice.hostname
		esc.offers.picture.prod.path
		esc.offers.picture.bo.path
		kpi.aggregatorJob.startsAt
		esc.offers.publish.prodhosts
		esc.offers.publish.preprodhosts
		personaldata.demanderCode
		esc.multimedia.files.preprod.path
		reporting.availableViews
		kpi.aggregatorJob.periodInMinutes
		esc.multimedia.publish.prodhosts
File properties : jetty.properties
	+ Properties found in jetty.properties but not found in reference file :
		docbase
		notificationServices.prod
	- Properties not found in jetty.properties but found in reference file :
		qol.image.preprod.path
		reporting.country
		toprenault.url.prod
		ws.warning.recipient
		kpi.aggregatorJob.autoStartup
		qol.image.prod.path
		promoflash.importfile.hosts
		esc.offers.picture.preprod.path
		esc.multimedia.files.bo.path
		reporting.availableSources
		qol.image.front.path
		esc.multimedia.files.prod.path
		toprenault.url.preprod
		esc.multimedia.publish.preprodhosts
		reporting.webservice.hostname
		esc.offers.picture.prod.path
		urlPreprod
		esc.offers.picture.bo.path
		promoflash.importfile.path
		kpi.aggregatorJob.startsAt
		esc.offers.publish.prodhosts
		esc.offers.publish.preprodhosts
		personaldata.demanderCode
		esc.multimedia.files.preprod.path
		quoteonline.promotion.image.folder
		reporting.availableViews
		kpi.aggregatorJob.periodInMinutes
		esc.multimedia.publish.prodhosts
	File properties jetty-cog.properties not found.
	File properties vagrant.properties not found.
	File properties cognifide-integration.properties not found.
File properties : admin2-valid-ren.properties
	- Properties not found in admin2-valid-ren.properties but found in reference file :
		reporting.country
		toprenault.url.prod
		ws.warning.recipient
		kpi.aggregatorJob.autoStartup
		promoflash.importfile.hosts
		esc.offers.picture.preprod.path
		esc.multimedia.files.bo.path
		reporting.availableSources
		esc.multimedia.files.prod.path
		toprenault.url.preprod
		esc.multimedia.publish.preprodhosts
		reporting.webservice.hostname
		esc.offers.picture.prod.path
		esc.offers.picture.bo.path
		promoflash.importfile.path
		kpi.aggregatorJob.startsAt
		esc.offers.publish.prodhosts
		esc.offers.publish.preprodhosts
		esc.multimedia.files.preprod.path
		reporting.availableViews
		kpi.aggregatorJob.periodInMinutes
		esc.multimedia.publish.prodhosts
File properties : admin-ren.properties
	- Properties not found in admin-ren.properties but found in reference file :
		reporting.country
		toprenault.url.prod
		ws.warning.recipient
		kpi.aggregatorJob.autoStartup
		promoflash.importfile.hosts
		esc.offers.picture.preprod.path
		esc.multimedia.files.bo.path
		reporting.availableSources
		esc.multimedia.files.prod.path
		toprenault.url.preprod
		esc.multimedia.publish.preprodhosts
		reporting.webservice.hostname
		esc.offers.picture.prod.path
		esc.offers.picture.bo.path
		promoflash.importfile.path
		kpi.aggregatorJob.startsAt
		esc.offers.publish.prodhosts
		esc.offers.publish.preprodhosts
		esc.multimedia.files.preprod.path
		reporting.availableViews
		kpi.aggregatorJob.periodInMinutes
		esc.multimedia.publish.prodhosts
	File properties admin-valid-ren.properties not found.
------- renault-ch VS. renault-fr -------
File properties : renault-integ.properties
	- Properties not found in renault-integ.properties but found in reference file :
		webstore.url.prod
		reporting.country
		toprenault.url.prod
		ws.warning.recipient
		kpi.aggregatorJob.autoStartup
		webstore.url.preprod
		esc.offers.picture.preprod.path
		esc.multimedia.files.bo.path
		reporting.availableSources
		esc.multimedia.files.prod.path
		distrinet.soa.host
		toprenault.url.preprod
		esc.multimedia.publish.preprodhosts
		reporting.webservice.hostname
		esc.offers.picture.prod.path
		ws.bo.fileupload.path
		esc.offers.picture.bo.path
		kpi.aggregatorJob.startsAt
		esc.offers.publish.prodhosts
		distrinet.soa.path
		esc.offers.publish.preprodhosts
		personaldata.demanderCode
		esc.multimedia.files.preprod.path
		reporting.availableViews
		kpi.aggregatorJob.periodInMinutes
		distrinet.soa.user
		esc.multimedia.publish.prodhosts
File properties : renault-dev.properties
	- Properties not found in renault-dev.properties but found in reference file :
		webstore.url.prod
		reporting.country
		toprenault.url.prod
		ws.warning.recipient
		kpi.aggregatorJob.autoStartup
		webstore.url.preprod
		esc.offers.picture.preprod.path
		esc.multimedia.files.bo.path
		reporting.availableSources
		esc.multimedia.files.prod.path
		distrinet.soa.host
		toprenault.url.preprod
		esc.multimedia.publish.preprodhosts
		reporting.webservice.hostname
		esc.offers.picture.prod.path
		ws.bo.fileupload.path
		esc.offers.picture.bo.path
		kpi.aggregatorJob.startsAt
		esc.offers.publish.prodhosts
		distrinet.soa.path
		esc.offers.publish.preprodhosts
		personaldata.demanderCode
		esc.multimedia.files.preprod.path
		reporting.availableViews
		kpi.aggregatorJob.periodInMinutes
		distrinet.soa.user
		esc.multimedia.publish.prodhosts
File properties : jetty.properties
	+ Properties found in jetty.properties but not found in reference file :
		notificationServices.prod
	- Properties not found in jetty.properties but found in reference file :
		qol.image.preprod.path
		webstore.url.prod
		reporting.country
		toprenault.url.prod
		ws.warning.recipient
		kpi.aggregatorJob.autoStartup
		previewVehicleBeanUrl
		webstore.url.preprod
		qol.image.prod.path
		promoflash.importfile.hosts
		esc.offers.picture.preprod.path
		esc.multimedia.files.bo.path
		reporting.availableSources
		qol.image.front.path
		esc.multimedia.files.prod.path
		distrinet.soa.host
		toprenault.url.preprod
		esc.multimedia.publish.preprodhosts
		reporting.webservice.hostname
		esc.offers.picture.prod.path
		urlPreprod
		ws.bo.fileupload.path
		esc.offers.picture.bo.path
		promoflash.importfile.path
		misc.bo.fileupload.path
		kpi.aggregatorJob.startsAt
		esc.offers.publish.prodhosts
		distrinet.soa.path
		esc.offers.publish.preprodhosts
		personaldata.demanderCode
		esc.multimedia.files.preprod.path
		quoteonline.promotion.image.folder
		reporting.availableViews
		kpi.aggregatorJob.periodInMinutes
		distrinet.soa.user
		esc.multimedia.publish.prodhosts
	File properties jetty-cog.properties not found.
	File properties vagrant.properties not found.
	File properties cognifide-integration.properties not found.
File properties : admin2-valid-ren.properties
	- Properties not found in admin2-valid-ren.properties but found in reference file :
		webstore.url.prod
		reporting.country
		toprenault.url.prod
		ws.warning.recipient
		kpi.aggregatorJob.autoStartup
		webstore.url.preprod
		promoflash.importfile.hosts
		esc.offers.picture.preprod.path
		esc.multimedia.files.bo.path
		reporting.availableSources
		esc.multimedia.files.prod.path
		distrinet.soa.host
		toprenault.url.preprod
		esc.multimedia.publish.preprodhosts
		reporting.webservice.hostname
		esc.offers.picture.prod.path
		ws.bo.fileupload.path
		esc.offers.picture.bo.path
		promoflash.importfile.path
		kpi.aggregatorJob.startsAt
		esc.offers.publish.prodhosts
		distrinet.soa.path
		esc.offers.publish.preprodhosts
		personaldata.demanderCode
		esc.multimedia.files.preprod.path
		reporting.availableViews
		kpi.aggregatorJob.periodInMinutes
		distrinet.soa.user
		esc.multimedia.publish.prodhosts
File properties : admin-ren.properties
	- Properties not found in admin-ren.properties but found in reference file :
		webstore.url.prod
		reporting.country
		toprenault.url.prod
		ws.warning.recipient
		kpi.aggregatorJob.autoStartup
		webstore.url.preprod
		promoflash.importfile.hosts
		esc.offers.picture.preprod.path
		esc.multimedia.files.bo.path
		reporting.availableSources
		esc.multimedia.files.prod.path
		distrinet.soa.host
		toprenault.url.preprod
		esc.multimedia.publish.preprodhosts
		reporting.webservice.hostname
		esc.offers.picture.prod.path
		ws.bo.fileupload.path
		esc.offers.picture.bo.path
		promoflash.importfile.path
		kpi.aggregatorJob.startsAt
		esc.offers.publish.prodhosts
		distrinet.soa.path
		esc.offers.publish.preprodhosts
		personaldata.demanderCode
		esc.multimedia.files.preprod.path
		reporting.availableViews
		kpi.aggregatorJob.periodInMinutes
		distrinet.soa.user
		esc.multimedia.publish.prodhosts
File properties : admin-valid-ren.properties
	- Properties not found in admin-valid-ren.properties but found in reference file :
		webstore.url.prod
		reporting.country
		toprenault.url.prod
		ws.warning.recipient
		kpi.aggregatorJob.autoStartup
		webstore.url.preprod
		esc.offers.picture.preprod.path
		esc.multimedia.files.bo.path
		reporting.availableSources
		esc.multimedia.files.prod.path
		distrinet.soa.host
		toprenault.url.preprod
		esc.multimedia.publish.preprodhosts
		reporting.webservice.hostname
		esc.offers.picture.prod.path
		ws.bo.fileupload.path
		esc.offers.picture.bo.path
		kpi.aggregatorJob.startsAt
		esc.offers.publish.prodhosts
		distrinet.soa.path
		esc.offers.publish.preprodhosts
		personaldata.demanderCode
		esc.multimedia.files.preprod.path
		reporting.availableViews
		kpi.aggregatorJob.periodInMinutes
		distrinet.soa.user
		esc.multimedia.publish.prodhosts
------- flyingblue VS. renault-fr -------
	File properties renault-integ.properties not found.
	File properties renault-dev.properties not found.
	File properties jetty.properties not found.
	File properties jetty-cog.properties not found.
	File properties vagrant.properties not found.
	File properties cognifide-integration.properties not found.
	File properties admin2-valid-ren.properties not found.
	File properties admin-ren.properties not found.
	File properties admin-valid-ren.properties not found.
------- renault-ie VS. renault-fr -------
File properties : renault-integ.properties
	+ Properties found in renault-integ.properties but not found in reference file :
		urlPreprod
	- Properties not found in renault-integ.properties but found in reference file :
		webstore.url.prod
		reporting.country
		toprenault.url.prod
		ws.warning.recipient
		kpi.aggregatorJob.autoStartup
		webstore.url.preprod
		esc.offers.picture.preprod.path
		esc.multimedia.files.bo.path
		reporting.availableSources
		esc.multimedia.files.prod.path
		toprenault.url.preprod
		esc.multimedia.publish.preprodhosts
		reporting.webservice.hostname
		esc.offers.picture.prod.path
		esc.offers.picture.bo.path
		kpi.aggregatorJob.startsAt
		esc.offers.publish.prodhosts
		esc.offers.publish.preprodhosts
		personaldata.demanderCode
		esc.multimedia.files.preprod.path
		reporting.availableViews
		kpi.aggregatorJob.periodInMinutes
		esc.multimedia.publish.prodhosts
File properties : renault-dev.properties
	+ Properties found in renault-dev.properties but not found in reference file :
		urlPreprod
	- Properties not found in renault-dev.properties but found in reference file :
		webstore.url.prod
		reporting.country
		toprenault.url.prod
		ws.warning.recipient
		kpi.aggregatorJob.autoStartup
		webstore.url.preprod
		esc.offers.picture.preprod.path
		esc.multimedia.files.bo.path
		reporting.availableSources
		esc.multimedia.files.prod.path
		toprenault.url.preprod
		esc.multimedia.publish.preprodhosts
		reporting.webservice.hostname
		esc.offers.picture.prod.path
		esc.offers.picture.bo.path
		kpi.aggregatorJob.startsAt
		esc.offers.publish.prodhosts
		esc.offers.publish.preprodhosts
		personaldata.demanderCode
		esc.multimedia.files.preprod.path
		reporting.availableViews
		kpi.aggregatorJob.periodInMinutes
		esc.multimedia.publish.prodhosts
File properties : jetty.properties
	- Properties not found in jetty.properties but found in reference file :
		qol.image.preprod.path
		webstore.url.prod
		reporting.country
		toprenault.url.prod
		ws.warning.recipient
		kpi.aggregatorJob.autoStartup
		webstore.url.preprod
		qol.image.prod.path
		promoflash.importfile.hosts
		esc.offers.picture.preprod.path
		esc.multimedia.files.bo.path
		reporting.availableSources
		qol.image.front.path
		esc.multimedia.files.prod.path
		toprenault.url.preprod
		esc.multimedia.publish.preprodhosts
		reporting.webservice.hostname
		esc.offers.picture.prod.path
		esc.offers.picture.bo.path
		promoflash.importfile.path
		misc.bo.fileupload.path
		kpi.aggregatorJob.startsAt
		esc.offers.publish.prodhosts
		esc.offers.publish.preprodhosts
		personaldata.demanderCode
		esc.multimedia.files.preprod.path
		quoteonline.promotion.image.folder
		reporting.availableViews
		kpi.aggregatorJob.periodInMinutes
		esc.multimedia.publish.prodhosts
	File properties jetty-cog.properties not found.
	File properties vagrant.properties not found.
	File properties cognifide-integration.properties not found.
File properties : admin2-valid-ren.properties
	+ Properties found in admin2-valid-ren.properties but not found in reference file :
		urlPreprod
	- Properties not found in admin2-valid-ren.properties but found in reference file :
		webstore.url.prod
		reporting.country
		toprenault.url.prod
		ws.warning.recipient
		kpi.aggregatorJob.autoStartup
		webstore.url.preprod
		promoflash.importfile.hosts
		esc.offers.picture.preprod.path
		esc.multimedia.files.bo.path
		reporting.availableSources
		esc.multimedia.files.prod.path
		toprenault.url.preprod
		esc.multimedia.publish.preprodhosts
		reporting.webservice.hostname
		esc.offers.picture.prod.path
		esc.offers.picture.bo.path
		promoflash.importfile.path
		kpi.aggregatorJob.startsAt
		esc.offers.publish.prodhosts
		esc.offers.publish.preprodhosts
		personaldata.demanderCode
		esc.multimedia.files.preprod.path
		reporting.availableViews
		kpi.aggregatorJob.periodInMinutes
		esc.multimedia.publish.prodhosts
File properties : admin-ren.properties
	+ Properties found in admin-ren.properties but not found in reference file :
		urlPreprod
	- Properties not found in admin-ren.properties but found in reference file :
		webstore.url.prod
		reporting.country
		toprenault.url.prod
		ws.warning.recipient
		kpi.aggregatorJob.autoStartup
		webstore.url.preprod
		promoflash.importfile.hosts
		esc.offers.picture.preprod.path
		esc.multimedia.files.bo.path
		reporting.availableSources
		esc.multimedia.files.prod.path
		toprenault.url.preprod
		esc.multimedia.publish.preprodhosts
		reporting.webservice.hostname
		esc.offers.picture.prod.path
		esc.offers.picture.bo.path
		promoflash.importfile.path
		kpi.aggregatorJob.startsAt
		esc.offers.publish.prodhosts
		esc.offers.publish.preprodhosts
		personaldata.demanderCode
		esc.multimedia.files.preprod.path
		reporting.availableViews
		kpi.aggregatorJob.periodInMinutes
		esc.multimedia.publish.prodhosts
File properties : admin-valid-ren.properties
	+ Properties found in admin-valid-ren.properties but not found in reference file :
		urlPreprod
	- Properties not found in admin-valid-ren.properties but found in reference file :
		webstore.url.prod
		reporting.country
		toprenault.url.prod
		ws.warning.recipient
		kpi.aggregatorJob.autoStartup
		webstore.url.preprod
		esc.offers.picture.preprod.path
		esc.multimedia.files.bo.path
		reporting.availableSources
		esc.multimedia.files.prod.path
		toprenault.url.preprod
		esc.multimedia.publish.preprodhosts
		reporting.webservice.hostname
		esc.offers.picture.prod.path
		esc.offers.picture.bo.path
		kpi.aggregatorJob.startsAt
		esc.offers.publish.prodhosts
		esc.offers.publish.preprodhosts
		personaldata.demanderCode
		esc.multimedia.files.preprod.path
		reporting.availableViews
		kpi.aggregatorJob.periodInMinutes
		esc.multimedia.publish.prodhosts
------- renault-ma VS. renault-fr -------
File properties : renault-integ.properties
	+ Properties found in renault-integ.properties but not found in reference file :
		urlPreprod
	- Properties not found in renault-integ.properties but found in reference file :
		webstore.url.prod
		reporting.country
		toprenault.url.prod
		ws.warning.recipient
		kpi.aggregatorJob.autoStartup
		webstore.url.preprod
		reporting.availableSources
		toprenault.url.preprod
		reporting.webservice.hostname
		kpi.aggregatorJob.startsAt
		reporting.availableViews
		kpi.aggregatorJob.periodInMinutes
File properties : renault-dev.properties
	+ Properties found in renault-dev.properties but not found in reference file :
		urlPreprod
	- Properties not found in renault-dev.properties but found in reference file :
		webstore.url.prod
		reporting.country
		toprenault.url.prod
		ws.warning.recipient
		kpi.aggregatorJob.autoStartup
		webstore.url.preprod
		reporting.availableSources
		toprenault.url.preprod
		reporting.webservice.hostname
		kpi.aggregatorJob.startsAt
		reporting.availableViews
		kpi.aggregatorJob.periodInMinutes
File properties : jetty.properties
	- Properties not found in jetty.properties but found in reference file :
		qol.image.preprod.path
		webstore.url.prod
		reporting.country
		toprenault.url.prod
		ws.warning.recipient
		kpi.aggregatorJob.autoStartup
		webstore.url.preprod
		qol.image.prod.path
		promoflash.importfile.hosts
		reporting.availableSources
		qol.image.front.path
		toprenault.url.preprod
		reporting.webservice.hostname
		promoflash.importfile.path
		misc.bo.fileupload.path
		kpi.aggregatorJob.startsAt
		quoteonline.promotion.image.folder
		reporting.availableViews
		kpi.aggregatorJob.periodInMinutes
	File properties jetty-cog.properties not found.
	File properties vagrant.properties not found.
	File properties cognifide-integration.properties not found.
File properties : admin2-valid-ren.properties
	+ Properties found in admin2-valid-ren.properties but not found in reference file :
		urlPreprod
	- Properties not found in admin2-valid-ren.properties but found in reference file :
		webstore.url.prod
		reporting.country
		toprenault.url.prod
		ws.warning.recipient
		kpi.aggregatorJob.autoStartup
		webstore.url.preprod
		promoflash.importfile.hosts
		reporting.availableSources
		toprenault.url.preprod
		reporting.webservice.hostname
		promoflash.importfile.path
		kpi.aggregatorJob.startsAt
		reporting.availableViews
		kpi.aggregatorJob.periodInMinutes
File properties : admin-ren.properties
	+ Properties found in admin-ren.properties but not found in reference file :
		urlPreprod
	- Properties not found in admin-ren.properties but found in reference file :
		webstore.url.prod
		reporting.country
		toprenault.url.prod
		ws.warning.recipient
		kpi.aggregatorJob.autoStartup
		webstore.url.preprod
		promoflash.importfile.hosts
		reporting.availableSources
		toprenault.url.preprod
		reporting.webservice.hostname
		promoflash.importfile.path
		kpi.aggregatorJob.startsAt
		reporting.availableViews
		kpi.aggregatorJob.periodInMinutes
File properties : admin-valid-ren.properties
	+ Properties found in admin-valid-ren.properties but not found in reference file :
		urlPreprod
	- Properties not found in admin-valid-ren.properties but found in reference file :
		webstore.url.prod
		reporting.country
		toprenault.url.prod
		ws.warning.recipient
		kpi.aggregatorJob.autoStartup
		webstore.url.preprod
		reporting.availableSources
		toprenault.url.preprod
		reporting.webservice.hostname
		kpi.aggregatorJob.startsAt
		reporting.availableViews
		kpi.aggregatorJob.periodInMinutes
------- network-backoffice VS. renault-fr -------
File properties : renault-integ.properties
	+ Properties found in renault-integ.properties but not found in reference file :
		portalUrl
	- Properties not found in renault-integ.properties but found in reference file :
		webstore.url.prod
		compilation.path
		elasticsearch.hosts
		vo.backoffice.log.file.link
		reporting.country
		toprenault.url.prod
		central.ws.url
		ws.warning.recipient
		kpi.aggregatorJob.autoStartup
		cms_dirs
		webstore.url.preprod
		leadforms.publish.prodhosts
		esc.offers.picture.preprod.path
		esc.multimedia.files.bo.path
		reporting.availableSources
		vo.export.directory
		esc.multimedia.files.prod.path
		country
		distrinet.soa.host
		front.host
		toprenault.url.preprod
		preprod.JMXUrls
		leadforms.publish.prodPath
		esc.multimedia.publish.preprodhosts
		dws.frontoffice.url
		leadforms.publish.repositorypath
		reporting.webservice.hostname
		esc.offers.picture.prod.path
		ws.bo.fileupload.path
		esc.offers.picture.bo.path
		deploy.root
		kpi.aggregatorJob.startsAt
		leadforms.publish.preprodPath
		esc.offers.publish.prodhosts
		distrinet.soa.path
		vo.backoffice.csv.file.link
		esc.offers.publish.preprodhosts
		personaldata.demanderCode
		esc.multimedia.files.preprod.path
		criteria.display.resultlist.prod
		smtp.host
		reporting.availableViews
		kpi.aggregatorJob.periodInMinutes
		leadforms.publish.preprodhosts
		distrinet.soa.user
		documentpicker.cms.host
		esc.multimedia.publish.prodhosts
File properties : renault-dev.properties
	+ Properties found in renault-dev.properties but not found in reference file :
		portalUrl
	- Properties not found in renault-dev.properties but found in reference file :
		webstore.url.prod
		compilation.path
		elasticsearch.hosts
		vo.backoffice.log.file.link
		reporting.country
		toprenault.url.prod
		central.ws.url
		ws.warning.recipient
		kpi.aggregatorJob.autoStartup
		cms_dirs
		webstore.url.preprod
		leadforms.publish.prodhosts
		esc.offers.picture.preprod.path
		esc.multimedia.files.bo.path
		reporting.availableSources
		vo.export.directory
		esc.multimedia.files.prod.path
		country
		distrinet.soa.host
		front.host
		toprenault.url.preprod
		preprod.JMXUrls
		leadforms.publish.prodPath
		esc.multimedia.publish.preprodhosts
		dws.frontoffice.url
		leadforms.publish.repositorypath
		reporting.webservice.hostname
		esc.offers.picture.prod.path
		ws.bo.fileupload.path
		esc.offers.picture.bo.path
		deploy.root
		kpi.aggregatorJob.startsAt
		leadforms.publish.preprodPath
		esc.offers.publish.prodhosts
		distrinet.soa.path
		vo.backoffice.csv.file.link
		esc.offers.publish.preprodhosts
		personaldata.demanderCode
		esc.multimedia.files.preprod.path
		criteria.display.resultlist.prod
		smtp.host
		reporting.availableViews
		kpi.aggregatorJob.periodInMinutes
		leadforms.publish.preprodhosts
		distrinet.soa.user
		documentpicker.cms.host
		esc.multimedia.publish.prodhosts
File properties : jetty.properties
	+ Properties found in jetty.properties but not found in reference file :
		images.renault.frontoffice.folder
		portalUrl
		images.renault.backoffice.folder
	- Properties not found in jetty.properties but found in reference file :
		qol.image.preprod.path
		webstore.url.prod
		compilation.path
		elasticsearch.hosts
		reporting.country
		toprenault.url.prod
		central.ws.url
		ws.warning.recipient
		kpi.aggregatorJob.autoStartup
		previewVehicleBeanUrl
		webstore.url.preprod
		qol.image.prod.path
		promoflash.importfile.hosts
		esc.offers.picture.preprod.path
		esc.multimedia.files.bo.path
		reporting.availableSources
		qol.image.front.path
		googleSitemapJob.repeatInterval
		esc.multimedia.files.prod.path
		c2g.backgroundStart
		axs.bo.upload.images.path
		distrinet.soa.host
		front.host
		toprenault.url.preprod
		preprod.JMXUrls
		esc.multimedia.publish.preprodhosts
		axs.category.images.path
		reporting.webservice.hostname
		packshot.upload.path
		esc.offers.picture.prod.path
		urlPreprod
		ws.bo.fileupload.path
		esc.offers.picture.bo.path
		catalina.base
		deploy.root
		promoflash.importfile.path
		packshot.sync.script
		misc.bo.fileupload.path
		kpi.aggregatorJob.startsAt
		esc.offers.publish.prodhosts
		distrinet.soa.path
		packshot.sync.enable
		esc.offers.publish.preprodhosts
		personaldata.demanderCode
		esc.multimedia.files.preprod.path
		googleSitemapJob.startDelay
		quoteonline.promotion.image.folder
		smtp.host
		reporting.availableViews
		kpi.aggregatorJob.periodInMinutes
		htdocs
		distrinet.soa.user
		documentpicker.cms.host
		esc.multimedia.publish.prodhosts
File properties : jetty-cog.properties
	+ Properties found in jetty-cog.properties but not found in reference file :
		images.renault.frontoffice.folder
		portalUrl
		images.renault.backoffice.folder
	- Properties not found in jetty-cog.properties but found in reference file :
		qol.image.preprod.path
		webstore.url.prod
		compilation.path
		toprenault.url.prod
		kpi.aggregatorJob.autoStartup
		ws.warning.recipient
		previewVehicleBeanUrl
		qol.image.prod.path
		esc.offers.picture.preprod.path
		promoflash.importfile.hosts
		esc.multimedia.files.bo.path
		reporting.availableSources
		qol.image.front.path
		esc.multimedia.files.prod.path
		axs.bo.upload.images.path
		c2g.backgroundStart
		distrinet.soa.host
		front.host
		preprod.JMXUrls
		esc.multimedia.publish.preprodhosts
		c2g.objectClientHandlerPort
		reporting.webservice.hostname
		esc.offers.picture.prod.path
		ws.bo.fileupload.path
		urlPreprod
		esc.offers.picture.bo.path
		catalina.base
		deploy.root
		misc.bo.fileupload.path
		packshot.sync.script
		kpi.aggregatorJob.startsAt
		distrinet.soa.path
		packshot.sync.enable
		esc.offers.publish.preprodhosts
		googleSitemapJob.startDelay
		c2g.host
		quoteonline.promotion.image.folder
		smtp.host
		distrinet.soa.user
		esc.multimedia.publish.prodhosts
		c2g.prodHost
		elasticsearch.hosts
		reporting.country
		central.ws.url
		webstore.url.preprod
		acl.mode
		c2g.physicalConnectionsNumber
		googleSitemapJob.repeatInterval
		toprenault.url.preprod
		c2g.stringClientHandlerPort
		axs.category.images.path
		packshot.upload.path
		promoflash.importfile.path
		esc.offers.publish.prodhosts
		personaldata.demanderCode
		esc.multimedia.files.preprod.path
		reporting.availableViews
		kpi.aggregatorJob.periodInMinutes
		htdocs
		documentpicker.cms.host
	File properties vagrant.properties not found.
	File properties cognifide-integration.properties not found.
File properties : admin2-valid-ren.properties
	+ Properties found in admin2-valid-ren.properties but not found in reference file :
		portalUrl
	- Properties not found in admin2-valid-ren.properties but found in reference file :
		c2g.prodHost
		webstore.url.prod
		compilation.path
		elasticsearch.hosts
		vo.backoffice.log.file.link
		reporting.country
		toprenault.url.prod
		central.ws.url
		ws.warning.recipient
		kpi.aggregatorJob.autoStartup
		cms_dirs
		webstore.url.preprod
		promoflash.importfile.hosts
		leadforms.publish.prodhosts
		esc.offers.picture.preprod.path
		esc.multimedia.files.bo.path
		reporting.availableSources
		vo.export.directory
		esc.multimedia.files.prod.path
		distrinet.soa.host
		front.host
		toprenault.url.preprod
		preprod.JMXUrls
		c2g.stringClientHandlerPort
		leadforms.publish.prodPath
		esc.multimedia.publish.preprodhosts
		c2g.objectClientHandlerPort
		dws.frontoffice.url
		leadforms.publish.repositorypath
		reporting.webservice.hostname
		esc.offers.picture.prod.path
		ws.bo.fileupload.path
		esc.offers.picture.bo.path
		promoflash.importfile.path
		deploy.root
		kpi.aggregatorJob.startsAt
		leadforms.publish.preprodPath
		c2g.prodStringClientHandlerPort
		esc.offers.publish.prodhosts
		distrinet.soa.path
		vo.backoffice.csv.file.link
		esc.offers.publish.preprodhosts
		personaldata.demanderCode
		esc.multimedia.files.preprod.path
		c2g.prodObjectClientHandlerPort
		c2g.host
		reporting.availableViews
		kpi.aggregatorJob.periodInMinutes
		leadforms.publish.preprodhosts
		distrinet.soa.user
		documentpicker.cms.host
		esc.multimedia.publish.prodhosts
File properties : admin-ren.properties
	+ Properties found in admin-ren.properties but not found in reference file :
		portalUrl
	- Properties not found in admin-ren.properties but found in reference file :
		c2g.prodHost
		webstore.url.prod
		compilation.path
		elasticsearch.hosts
		vo.backoffice.log.file.link
		reporting.country
		toprenault.url.prod
		central.ws.url
		ws.warning.recipient
		kpi.aggregatorJob.autoStartup
		cms_dirs
		webstore.url.preprod
		promoflash.importfile.hosts
		leadforms.publish.prodhosts
		esc.offers.picture.preprod.path
		esc.multimedia.files.bo.path
		reporting.availableSources
		vo.export.directory
		esc.multimedia.files.prod.path
		distrinet.soa.host
		front.host
		toprenault.url.preprod
		preprod.JMXUrls
		c2g.stringClientHandlerPort
		leadforms.publish.prodPath
		esc.multimedia.publish.preprodhosts
		c2g.objectClientHandlerPort
		dws.frontoffice.url
		leadforms.publish.repositorypath
		reporting.webservice.hostname
		esc.offers.picture.prod.path
		ws.bo.fileupload.path
		esc.offers.picture.bo.path
		promoflash.importfile.path
		deploy.root
		kpi.aggregatorJob.startsAt
		datapower.vegasContractUrl
		leadforms.publish.preprodPath
		c2g.prodStringClientHandlerPort
		esc.offers.publish.prodhosts
		distrinet.soa.path
		vo.backoffice.csv.file.link
		esc.offers.publish.preprodhosts
		personaldata.demanderCode
		esc.multimedia.files.preprod.path
		c2g.prodObjectClientHandlerPort
		c2g.host
		reporting.availableViews
		kpi.aggregatorJob.periodInMinutes
		leadforms.publish.preprodhosts
		distrinet.soa.user
		documentpicker.cms.host
		esc.multimedia.publish.prodhosts
File properties : admin-valid-ren.properties
	+ Properties found in admin-valid-ren.properties but not found in reference file :
		portalUrl
	- Properties not found in admin-valid-ren.properties but found in reference file :
		c2g.prodHost
		webstore.url.prod
		compilation.path
		elasticsearch.hosts
		vo.backoffice.log.file.link
		reporting.country
		toprenault.url.prod
		central.ws.url
		ws.warning.recipient
		kpi.aggregatorJob.autoStartup
		cms_dirs
		webstore.url.preprod
		leadforms.publish.prodhosts
		esc.offers.picture.preprod.path
		esc.multimedia.files.bo.path
		reporting.availableSources
		vo.export.directory
		esc.multimedia.files.prod.path
		distrinet.soa.host
		front.host
		toprenault.url.preprod
		preprod.JMXUrls
		c2g.stringClientHandlerPort
		leadforms.publish.prodPath
		esc.multimedia.publish.preprodhosts
		c2g.objectClientHandlerPort
		dws.frontoffice.url
		leadforms.publish.repositorypath
		reporting.webservice.hostname
		esc.offers.picture.prod.path
		ws.bo.fileupload.path
		esc.offers.picture.bo.path
		deploy.root
		kpi.aggregatorJob.startsAt
		leadforms.publish.preprodPath
		c2g.prodStringClientHandlerPort
		esc.offers.publish.prodhosts
		distrinet.soa.path
		vo.backoffice.csv.file.link
		esc.offers.publish.preprodhosts
		personaldata.demanderCode
		esc.multimedia.files.preprod.path
		c2g.prodObjectClientHandlerPort
		c2g.host
		reporting.availableViews
		kpi.aggregatorJob.periodInMinutes
		leadforms.publish.preprodhosts
		distrinet.soa.user
		documentpicker.cms.host
		esc.multimedia.publish.prodhosts
------- renault-be VS. renault-fr -------
File properties : renault-integ.properties
	- Properties not found in renault-integ.properties but found in reference file :
		webstore.url.prod
		reporting.country
		toprenault.url.prod
		ws.warning.recipient
		kpi.aggregatorJob.autoStartup
		webstore.url.preprod
		esc.offers.picture.preprod.path
		esc.multimedia.files.bo.path
		reporting.availableSources
		esc.multimedia.files.prod.path
		distrinet.soa.host
		toprenault.url.preprod
		esc.multimedia.publish.preprodhosts
		reporting.webservice.hostname
		esc.offers.picture.prod.path
		ws.bo.fileupload.path
		esc.offers.picture.bo.path
		kpi.aggregatorJob.startsAt
		esc.offers.publish.prodhosts
		distrinet.soa.path
		esc.offers.publish.preprodhosts
		personaldata.demanderCode
		esc.multimedia.files.preprod.path
		reporting.availableViews
		kpi.aggregatorJob.periodInMinutes
		distrinet.soa.user
		esc.multimedia.publish.prodhosts
File properties : renault-dev.properties
	- Properties not found in renault-dev.properties but found in reference file :
		webstore.url.prod
		reporting.country
		toprenault.url.prod
		ws.warning.recipient
		kpi.aggregatorJob.autoStartup
		webstore.url.preprod
		esc.offers.picture.preprod.path
		esc.multimedia.files.bo.path
		reporting.availableSources
		esc.multimedia.files.prod.path
		distrinet.soa.host
		toprenault.url.preprod
		esc.multimedia.publish.preprodhosts
		reporting.webservice.hostname
		esc.offers.picture.prod.path
		ws.bo.fileupload.path
		esc.offers.picture.bo.path
		kpi.aggregatorJob.startsAt
		esc.offers.publish.prodhosts
		distrinet.soa.path
		esc.offers.publish.preprodhosts
		personaldata.demanderCode
		esc.multimedia.files.preprod.path
		reporting.availableViews
		kpi.aggregatorJob.periodInMinutes
		distrinet.soa.user
		esc.multimedia.publish.prodhosts
File properties : jetty.properties
	+ Properties found in jetty.properties but not found in reference file :
		notificationServices.prod
	- Properties not found in jetty.properties but found in reference file :
		qol.image.preprod.path
		webstore.url.prod
		reporting.country
		toprenault.url.prod
		ws.warning.recipient
		kpi.aggregatorJob.autoStartup
		previewVehicleBeanUrl
		webstore.url.preprod
		qol.image.prod.path
		promoflash.importfile.hosts
		esc.offers.picture.preprod.path
		esc.multimedia.files.bo.path
		reporting.availableSources
		qol.image.front.path
		esc.multimedia.files.prod.path
		distrinet.soa.host
		toprenault.url.preprod
		esc.multimedia.publish.preprodhosts
		reporting.webservice.hostname
		esc.offers.picture.prod.path
		urlPreprod
		ws.bo.fileupload.path
		esc.offers.picture.bo.path
		promoflash.importfile.path
		misc.bo.fileupload.path
		kpi.aggregatorJob.startsAt
		esc.offers.publish.prodhosts
		distrinet.soa.path
		esc.offers.publish.preprodhosts
		personaldata.demanderCode
		esc.multimedia.files.preprod.path
		quoteonline.promotion.image.folder
		reporting.availableViews
		kpi.aggregatorJob.periodInMinutes
		distrinet.soa.user
		esc.multimedia.publish.prodhosts
	File properties jetty-cog.properties not found.
	File properties vagrant.properties not found.
	File properties cognifide-integration.properties not found.
File properties : admin2-valid-ren.properties
	- Properties not found in admin2-valid-ren.properties but found in reference file :
		webstore.url.prod
		reporting.country
		toprenault.url.prod
		ws.warning.recipient
		kpi.aggregatorJob.autoStartup
		webstore.url.preprod
		promoflash.importfile.hosts
		esc.offers.picture.preprod.path
		esc.multimedia.files.bo.path
		reporting.availableSources
		esc.multimedia.files.prod.path
		distrinet.soa.host
		toprenault.url.preprod
		esc.multimedia.publish.preprodhosts
		reporting.webservice.hostname
		esc.offers.picture.prod.path
		ws.bo.fileupload.path
		esc.offers.picture.bo.path
		promoflash.importfile.path
		kpi.aggregatorJob.startsAt
		esc.offers.publish.prodhosts
		distrinet.soa.path
		esc.offers.publish.preprodhosts
		personaldata.demanderCode
		esc.multimedia.files.preprod.path
		reporting.availableViews
		kpi.aggregatorJob.periodInMinutes
		distrinet.soa.user
		esc.multimedia.publish.prodhosts
File properties : admin-ren.properties
	+ Properties found in admin-ren.properties but not found in reference file :
		c2g.prodphysicalConnectionsNumber
	- Properties not found in admin-ren.properties but found in reference file :
		webstore.url.prod
		reporting.country
		toprenault.url.prod
		ws.warning.recipient
		kpi.aggregatorJob.autoStartup
		webstore.url.preprod
		promoflash.importfile.hosts
		esc.offers.picture.preprod.path
		esc.multimedia.files.bo.path
		reporting.availableSources
		esc.multimedia.files.prod.path
		distrinet.soa.host
		toprenault.url.preprod
		esc.multimedia.publish.preprodhosts
		reporting.webservice.hostname
		esc.offers.picture.prod.path
		ws.bo.fileupload.path
		esc.offers.picture.bo.path
		promoflash.importfile.path
		kpi.aggregatorJob.startsAt
		esc.offers.publish.prodhosts
		distrinet.soa.path
		esc.offers.publish.preprodhosts
		personaldata.demanderCode
		esc.multimedia.files.preprod.path
		reporting.availableViews
		kpi.aggregatorJob.periodInMinutes
		distrinet.soa.user
		esc.multimedia.publish.prodhosts
File properties : admin-valid-ren.properties
	- Properties not found in admin-valid-ren.properties but found in reference file :
		webstore.url.prod
		reporting.country
		toprenault.url.prod
		ws.warning.recipient
		kpi.aggregatorJob.autoStartup
		webstore.url.preprod
		esc.offers.picture.preprod.path
		esc.multimedia.files.bo.path
		reporting.availableSources
		esc.multimedia.files.prod.path
		distrinet.soa.host
		toprenault.url.preprod
		esc.multimedia.publish.preprodhosts
		reporting.webservice.hostname
		esc.offers.picture.prod.path
		ws.bo.fileupload.path
		esc.offers.picture.bo.path
		kpi.aggregatorJob.startsAt
		esc.offers.publish.prodhosts
		distrinet.soa.path
		esc.offers.publish.preprodhosts
		personaldata.demanderCode
		esc.multimedia.files.preprod.path
		reporting.availableViews
		kpi.aggregatorJob.periodInMinutes
		distrinet.soa.user
		esc.multimedia.publish.prodhosts
------- renault-br VS. renault-fr -------
File properties : renault-integ.properties
	+ Properties found in renault-integ.properties but not found in reference file :
		urlPreprod
	- Properties not found in renault-integ.properties but found in reference file :
		webstore.url.prod
		reporting.country
		toprenault.url.prod
		ws.warning.recipient
		kpi.aggregatorJob.autoStartup
		webstore.url.preprod
		esc.offers.picture.preprod.path
		esc.multimedia.files.bo.path
		reporting.availableSources
		esc.multimedia.files.prod.path
		toprenault.url.preprod
		esc.multimedia.publish.preprodhosts
		reporting.webservice.hostname
		esc.offers.picture.prod.path
		esc.offers.picture.bo.path
		kpi.aggregatorJob.startsAt
		esc.offers.publish.prodhosts
		esc.offers.publish.preprodhosts
		personaldata.demanderCode
		esc.multimedia.files.preprod.path
		reporting.availableViews
		kpi.aggregatorJob.periodInMinutes
		esc.multimedia.publish.prodhosts
File properties : renault-dev.properties
	+ Properties found in renault-dev.properties but not found in reference file :
		urlPreprod
	- Properties not found in renault-dev.properties but found in reference file :
		webstore.url.prod
		reporting.country
		toprenault.url.prod
		ws.warning.recipient
		kpi.aggregatorJob.autoStartup
		webstore.url.preprod
		esc.offers.picture.preprod.path
		esc.multimedia.files.bo.path
		reporting.availableSources
		esc.multimedia.files.prod.path
		toprenault.url.preprod
		esc.multimedia.publish.preprodhosts
		reporting.webservice.hostname
		esc.offers.picture.prod.path
		esc.offers.picture.bo.path
		kpi.aggregatorJob.startsAt
		esc.offers.publish.prodhosts
		esc.offers.publish.preprodhosts
		personaldata.demanderCode
		esc.multimedia.files.preprod.path
		reporting.availableViews
		kpi.aggregatorJob.periodInMinutes
		esc.multimedia.publish.prodhosts
File properties : jetty.properties
	- Properties not found in jetty.properties but found in reference file :
		qol.image.preprod.path
		webstore.url.prod
		reporting.country
		toprenault.url.prod
		ws.warning.recipient
		kpi.aggregatorJob.autoStartup
		webstore.url.preprod
		qol.image.prod.path
		promoflash.importfile.hosts
		esc.offers.picture.preprod.path
		esc.multimedia.files.bo.path
		reporting.availableSources
		qol.image.front.path
		esc.multimedia.files.prod.path
		toprenault.url.preprod
		esc.multimedia.publish.preprodhosts
		reporting.webservice.hostname
		esc.offers.picture.prod.path
		esc.offers.picture.bo.path
		promoflash.importfile.path
		misc.bo.fileupload.path
		kpi.aggregatorJob.startsAt
		esc.offers.publish.prodhosts
		esc.offers.publish.preprodhosts
		personaldata.demanderCode
		esc.multimedia.files.preprod.path
		quoteonline.promotion.image.folder
		reporting.availableViews
		kpi.aggregatorJob.periodInMinutes
		esc.multimedia.publish.prodhosts
	File properties jetty-cog.properties not found.
	File properties vagrant.properties not found.
	File properties cognifide-integration.properties not found.
File properties : admin2-valid-ren.properties
	+ Properties found in admin2-valid-ren.properties but not found in reference file :
		urlPreprod
	- Properties not found in admin2-valid-ren.properties but found in reference file :
		webstore.url.prod
		reporting.country
		toprenault.url.prod
		ws.warning.recipient
		kpi.aggregatorJob.autoStartup
		webstore.url.preprod
		promoflash.importfile.hosts
		esc.offers.picture.preprod.path
		esc.multimedia.files.bo.path
		reporting.availableSources
		esc.multimedia.files.prod.path
		toprenault.url.preprod
		esc.multimedia.publish.preprodhosts
		reporting.webservice.hostname
		esc.offers.picture.prod.path
		esc.offers.picture.bo.path
		promoflash.importfile.path
		kpi.aggregatorJob.startsAt
		esc.offers.publish.prodhosts
		esc.offers.publish.preprodhosts
		personaldata.demanderCode
		esc.multimedia.files.preprod.path
		reporting.availableViews
		kpi.aggregatorJob.periodInMinutes
		esc.multimedia.publish.prodhosts
File properties : admin-ren.properties
	+ Properties found in admin-ren.properties but not found in reference file :
		urlPreprod
	- Properties not found in admin-ren.properties but found in reference file :
		webstore.url.prod
		reporting.country
		toprenault.url.prod
		ws.warning.recipient
		kpi.aggregatorJob.autoStartup
		webstore.url.preprod
		promoflash.importfile.hosts
		esc.offers.picture.preprod.path
		esc.multimedia.files.bo.path
		reporting.availableSources
		esc.multimedia.files.prod.path
		toprenault.url.preprod
		esc.multimedia.publish.preprodhosts
		reporting.webservice.hostname
		esc.offers.picture.prod.path
		esc.offers.picture.bo.path
		promoflash.importfile.path
		kpi.aggregatorJob.startsAt
		esc.offers.publish.prodhosts
		esc.offers.publish.preprodhosts
		personaldata.demanderCode
		esc.multimedia.files.preprod.path
		reporting.availableViews
		kpi.aggregatorJob.periodInMinutes
		esc.multimedia.publish.prodhosts
File properties : admin-valid-ren.properties
	+ Properties found in admin-valid-ren.properties but not found in reference file :
		urlPreprod
	- Properties not found in admin-valid-ren.properties but found in reference file :
		webstore.url.prod
		reporting.country
		toprenault.url.prod
		ws.warning.recipient
		kpi.aggregatorJob.autoStartup
		webstore.url.preprod
		esc.offers.picture.preprod.path
		esc.multimedia.files.bo.path
		reporting.availableSources
		esc.multimedia.files.prod.path
		toprenault.url.preprod
		esc.multimedia.publish.preprodhosts
		reporting.webservice.hostname
		esc.offers.picture.prod.path
		esc.offers.picture.bo.path
		kpi.aggregatorJob.startsAt
		esc.offers.publish.prodhosts
		esc.offers.publish.preprodhosts
		personaldata.demanderCode
		esc.multimedia.files.preprod.path
		reporting.availableViews
		kpi.aggregatorJob.periodInMinutes
		esc.multimedia.publish.prodhosts
------- portail-backoffice VS. renault-fr -------
File properties : renault-integ.properties
	+ Properties found in renault-integ.properties but not found in reference file :
		partenariat.url
		daciaCmsV4Url
		baseSSLUrl
		daciaCmsUrl
		kia.urls.fo_lmt
		renaultCmsUrl
	- Properties not found in renault-integ.properties but found in reference file :
		webstore.url.prod
		compilation.path
		elasticsearch.hosts
		vo.backoffice.log.file.link
		reporting.country
		toprenault.url.prod
		central.ws.url
		ws.warning.recipient
		kpi.aggregatorJob.autoStartup
		cms_dirs
		webstore.url.preprod
		leadforms.publish.prodhosts
		esc.offers.picture.preprod.path
		esc.multimedia.files.bo.path
		reporting.availableSources
		vo.export.directory
		esc.multimedia.files.prod.path
		country
		distrinet.soa.host
		front.host
		toprenault.url.preprod
		preprod.JMXUrls
		leadforms.publish.prodPath
		cmsUrl
		esc.multimedia.publish.preprodhosts
		dws.frontoffice.url
		leadforms.publish.repositorypath
		reporting.webservice.hostname
		esc.offers.picture.prod.path
		serviceName
		ws.bo.fileupload.path
		esc.offers.picture.bo.path
		deploy.root
		kpi.aggregatorJob.startsAt
		leadforms.publish.preprodPath
		esc.offers.publish.prodhosts
		distrinet.soa.path
		vo.backoffice.csv.file.link
		esc.offers.publish.preprodhosts
		personaldata.demanderCode
		esc.multimedia.files.preprod.path
		criteria.display.resultlist.prod
		smtp.host
		reporting.availableViews
		kpi.aggregatorJob.periodInMinutes
		leadforms.publish.preprodhosts
		distrinet.soa.user
		documentpicker.cms.host
		esc.multimedia.publish.prodhosts
File properties : renault-dev.properties
	+ Properties found in renault-dev.properties but not found in reference file :
		partenariat.url
		kia.urls.fo_lmt_1_9
		daciaCmsV4Url
		bo_lmts
		fo_lmts
		daciaCmsUrl
		kia.urls.fo_lmt_1_11
		kia.urls.fo_lmt
		kia.urls.fo_lmt_1_10
		renaultCmsUrl
	- Properties not found in renault-dev.properties but found in reference file :
		webstore.url.prod
		compilation.path
		elasticsearch.hosts
		vo.backoffice.log.file.link
		reporting.country
		toprenault.url.prod
		central.ws.url
		ws.warning.recipient
		kpi.aggregatorJob.autoStartup
		cms_dirs
		webstore.url.preprod
		leadforms.publish.prodhosts
		esc.offers.picture.preprod.path
		esc.multimedia.files.bo.path
		reporting.availableSources
		vo.export.directory
		esc.multimedia.files.prod.path
		country
		distrinet.soa.host
		front.host
		toprenault.url.preprod
		preprod.JMXUrls
		leadforms.publish.prodPath
		cmsUrl
		esc.multimedia.publish.preprodhosts
		dws.frontoffice.url
		leadforms.publish.repositorypath
		reporting.webservice.hostname
		esc.offers.picture.prod.path
		serviceName
		ws.bo.fileupload.path
		esc.offers.picture.bo.path
		deploy.root
		kpi.aggregatorJob.startsAt
		leadforms.publish.preprodPath
		esc.offers.publish.prodhosts
		distrinet.soa.path
		vo.backoffice.csv.file.link
		esc.offers.publish.preprodhosts
		personaldata.demanderCode
		esc.multimedia.files.preprod.path
		criteria.display.resultlist.prod
		smtp.host
		reporting.availableViews
		kpi.aggregatorJob.periodInMinutes
		leadforms.publish.preprodhosts
		distrinet.soa.user
		documentpicker.cms.host
		esc.multimedia.publish.prodhosts
File properties : jetty.properties
	+ Properties found in jetty.properties but not found in reference file :
		daciaCmsV4Url
		portalUrl
		daciaCmsUrl
		kia.urls.fo_lmt
		renaultCmsUrl
	- Properties not found in jetty.properties but found in reference file :
		qol.image.preprod.path
		webstore.url.prod
		compilation.path
		elasticsearch.hosts
		reporting.country
		toprenault.url.prod
		central.ws.url
		ws.warning.recipient
		kpi.aggregatorJob.autoStartup
		previewVehicleBeanUrl
		webstore.url.preprod
		qol.image.prod.path
		promoflash.importfile.hosts
		esc.offers.picture.preprod.path
		esc.multimedia.files.bo.path
		reporting.availableSources
		qol.image.front.path
		googleSitemapJob.repeatInterval
		esc.multimedia.files.prod.path
		c2g.backgroundStart
		axs.bo.upload.images.path
		distrinet.soa.host
		front.host
		toprenault.url.preprod
		preprod.JMXUrls
		cmsUrl
		esc.multimedia.publish.preprodhosts
		axs.category.images.path
		reporting.webservice.hostname
		packshot.upload.path
		esc.offers.picture.prod.path
		urlPreprod
		ws.bo.fileupload.path
		esc.offers.picture.bo.path
		catalina.base
		deploy.root
		promoflash.importfile.path
		packshot.sync.script
		misc.bo.fileupload.path
		kpi.aggregatorJob.startsAt
		esc.offers.publish.prodhosts
		distrinet.soa.path
		packshot.sync.enable
		esc.offers.publish.preprodhosts
		personaldata.demanderCode
		esc.multimedia.files.preprod.path
		googleSitemapJob.startDelay
		quoteonline.promotion.image.folder
		smtp.host
		reporting.availableViews
		kpi.aggregatorJob.periodInMinutes
		htdocs
		distrinet.soa.user
		documentpicker.cms.host
		esc.multimedia.publish.prodhosts
	File properties jetty-cog.properties not found.
File properties : vagrant.properties
	+ Properties found in vagrant.properties but not found in reference file :
		daciaCmsV4Url
		portalUrl
		daciaCmsUrl
		kia.urls.fo_lmt
		renaultCmsUrl
	- Properties not found in vagrant.properties but found in reference file :
		c2g.prodHost
		webstore.url.prod
		compilation.path
		elasticsearch.hosts
		reporting.country
		toprenault.url.prod
		central.ws.url
		ws.warning.recipient
		kpi.aggregatorJob.autoStartup
		previewVehicleBeanUrl
		webstore.url.preprod
		esc.offers.picture.preprod.path
		esc.multimedia.files.bo.path
		reporting.availableSources
		c2g.physicalConnectionsNumber
		googleSitemapJob.repeatInterval
		esc.multimedia.files.prod.path
		axs.bo.upload.images.path
		c2g.backgroundStart
		distrinet.soa.host
		front.host
		toprenault.url.preprod
		preprod.JMXUrls
		c2g.stringClientHandlerPort
		cmsUrl
		esc.multimedia.publish.preprodhosts
		c2g.objectClientHandlerPort
		axs.category.images.path
		reporting.webservice.hostname
		packshot.upload.path
		esc.offers.picture.prod.path
		urlPreprod
		ws.bo.fileupload.path
		esc.offers.picture.bo.path
		catalina.base
		deploy.root
		packshot.sync.script
		misc.bo.fileupload.path
		kpi.aggregatorJob.startsAt
		c2g.prodStringClientHandlerPort
		esc.offers.publish.prodhosts
		distrinet.soa.path
		packshot.sync.enable
		esc.offers.publish.preprodhosts
		personaldata.demanderCode
		esc.multimedia.files.preprod.path
		c2g.prodObjectClientHandlerPort
		c2g.host
		googleSitemapJob.startDelay
		smtp.host
		reporting.availableViews
		kpi.aggregatorJob.periodInMinutes
		htdocs
		distrinet.soa.user
		documentpicker.cms.host
		esc.multimedia.publish.prodhosts
File properties : cognifide-integration.properties
	+ Properties found in cognifide-integration.properties but not found in reference file :
		daciaCmsV4Url
		daciaCmsUrl
		kia.urls.fo_lmt
		renaultCmsUrl
	- Properties not found in cognifide-integration.properties but found in reference file :
		c2g.prodHost
		webstore.url.prod
		compilation.path
		elasticsearch.hosts
		reporting.country
		toprenault.url.prod
		central.ws.url
		ws.warning.recipient
		kpi.aggregatorJob.autoStartup
		previewVehicleBeanUrl
		webstore.url.preprod
		esc.offers.picture.preprod.path
		esc.multimedia.files.bo.path
		reporting.availableSources
		c2g.physicalConnectionsNumber
		googleSitemapJob.repeatInterval
		esc.multimedia.files.prod.path
		axs.bo.upload.images.path
		c2g.backgroundStart
		distrinet.soa.host
		front.host
		toprenault.url.preprod
		preprod.JMXUrls
		c2g.stringClientHandlerPort
		cmsUrl
		esc.multimedia.publish.preprodhosts
		c2g.objectClientHandlerPort
		axs.category.images.path
		reporting.webservice.hostname
		packshot.upload.path
		esc.offers.picture.prod.path
		urlPreprod
		ws.bo.fileupload.path
		esc.offers.picture.bo.path
		catalina.base
		deploy.root
		packshot.sync.script
		misc.bo.fileupload.path
		kpi.aggregatorJob.startsAt
		c2g.prodStringClientHandlerPort
		esc.offers.publish.prodhosts
		distrinet.soa.path
		packshot.sync.enable
		esc.offers.publish.preprodhosts
		personaldata.demanderCode
		esc.multimedia.files.preprod.path
		c2g.prodObjectClientHandlerPort
		c2g.host
		googleSitemapJob.startDelay
		smtp.host
		reporting.availableViews
		kpi.aggregatorJob.periodInMinutes
		htdocs
		distrinet.soa.user
		documentpicker.cms.host
		esc.multimedia.publish.prodhosts
File properties : admin2-valid-ren.properties
	+ Properties found in admin2-valid-ren.properties but not found in reference file :
		partenariat.url
		daciaCmsV4Url
		baseSSLUrl
		daciaCmsUrl
		kia.urls.fo_lmt
		renaultCmsUrl
	- Properties not found in admin2-valid-ren.properties but found in reference file :
		c2g.prodHost
		webstore.url.prod
		compilation.path
		elasticsearch.hosts
		vo.backoffice.log.file.link
		reporting.country
		toprenault.url.prod
		central.ws.url
		ws.warning.recipient
		kpi.aggregatorJob.autoStartup
		cms_dirs
		webstore.url.preprod
		promoflash.importfile.hosts
		leadforms.publish.prodhosts
		esc.offers.picture.preprod.path
		esc.multimedia.files.bo.path
		reporting.availableSources
		vo.export.directory
		esc.multimedia.files.prod.path
		distrinet.soa.host
		front.host
		toprenault.url.preprod
		preprod.JMXUrls
		c2g.stringClientHandlerPort
		leadforms.publish.prodPath
		cmsUrl
		esc.multimedia.publish.preprodhosts
		c2g.objectClientHandlerPort
		dws.frontoffice.url
		leadforms.publish.repositorypath
		reporting.webservice.hostname
		esc.offers.picture.prod.path
		ws.bo.fileupload.path
		esc.offers.picture.bo.path
		promoflash.importfile.path
		deploy.root
		kpi.aggregatorJob.startsAt
		leadforms.publish.preprodPath
		c2g.prodStringClientHandlerPort
		esc.offers.publish.prodhosts
		distrinet.soa.path
		vo.backoffice.csv.file.link
		esc.offers.publish.preprodhosts
		personaldata.demanderCode
		esc.multimedia.files.preprod.path
		c2g.prodObjectClientHandlerPort
		c2g.host
		reporting.availableViews
		kpi.aggregatorJob.periodInMinutes
		leadforms.publish.preprodhosts
		distrinet.soa.user
		documentpicker.cms.host
		esc.multimedia.publish.prodhosts
File properties : admin-ren.properties
	+ Properties found in admin-ren.properties but not found in reference file :
		partenariat.url
		daciaCmsV4Url
		baseSSLUrl
		daciaCmsUrl
		kia.urls.fo_lmt
		renaultCmsUrl
	- Properties not found in admin-ren.properties but found in reference file :
		c2g.prodHost
		webstore.url.prod
		compilation.path
		elasticsearch.hosts
		vo.backoffice.log.file.link
		reporting.country
		toprenault.url.prod
		central.ws.url
		ws.warning.recipient
		kpi.aggregatorJob.autoStartup
		cms_dirs
		webstore.url.preprod
		promoflash.importfile.hosts
		leadforms.publish.prodhosts
		esc.offers.picture.preprod.path
		esc.multimedia.files.bo.path
		reporting.availableSources
		vo.export.directory
		esc.multimedia.files.prod.path
		distrinet.soa.host
		front.host
		toprenault.url.preprod
		preprod.JMXUrls
		c2g.stringClientHandlerPort
		leadforms.publish.prodPath
		cmsUrl
		esc.multimedia.publish.preprodhosts
		c2g.objectClientHandlerPort
		dws.frontoffice.url
		leadforms.publish.repositorypath
		reporting.webservice.hostname
		esc.offers.picture.prod.path
		ws.bo.fileupload.path
		esc.offers.picture.bo.path
		promoflash.importfile.path
		deploy.root
		kpi.aggregatorJob.startsAt
		datapower.vegasContractUrl
		leadforms.publish.preprodPath
		c2g.prodStringClientHandlerPort
		esc.offers.publish.prodhosts
		distrinet.soa.path
		vo.backoffice.csv.file.link
		esc.offers.publish.preprodhosts
		personaldata.demanderCode
		esc.multimedia.files.preprod.path
		c2g.prodObjectClientHandlerPort
		c2g.host
		reporting.availableViews
		kpi.aggregatorJob.periodInMinutes
		leadforms.publish.preprodhosts
		distrinet.soa.user
		documentpicker.cms.host
		esc.multimedia.publish.prodhosts
File properties : admin-valid-ren.properties
	+ Properties found in admin-valid-ren.properties but not found in reference file :
		partenariat.url
		baseSSLUrl
		daciaCmsUrl
		kia.urls.fo_lmt
		renaultCmsUrl
	- Properties not found in admin-valid-ren.properties but found in reference file :
		c2g.prodHost
		webstore.url.prod
		compilation.path
		elasticsearch.hosts
		vo.backoffice.log.file.link
		reporting.country
		toprenault.url.prod
		central.ws.url
		ws.warning.recipient
		kpi.aggregatorJob.autoStartup
		cms_dirs
		webstore.url.preprod
		leadforms.publish.prodhosts
		esc.offers.picture.preprod.path
		esc.multimedia.files.bo.path
		reporting.availableSources
		vo.export.directory
		esc.multimedia.files.prod.path
		distrinet.soa.host
		front.host
		toprenault.url.preprod
		preprod.JMXUrls
		c2g.stringClientHandlerPort
		leadforms.publish.prodPath
		cmsUrl
		esc.multimedia.publish.preprodhosts
		c2g.objectClientHandlerPort
		dws.frontoffice.url
		leadforms.publish.repositorypath
		reporting.webservice.hostname
		esc.offers.picture.prod.path
		ws.bo.fileupload.path
		esc.offers.picture.bo.path
		deploy.root
		kpi.aggregatorJob.startsAt
		leadforms.publish.preprodPath
		c2g.prodStringClientHandlerPort
		esc.offers.publish.prodhosts
		distrinet.soa.path
		vo.backoffice.csv.file.link
		esc.offers.publish.preprodhosts
		personaldata.demanderCode
		esc.multimedia.files.preprod.path
		c2g.prodObjectClientHandlerPort
		c2g.host
		reporting.availableViews
		kpi.aggregatorJob.periodInMinutes
		leadforms.publish.preprodhosts
		distrinet.soa.user
		documentpicker.cms.host
		esc.multimedia.publish.prodhosts
------- renault-dz VS. renault-fr -------
File properties : renault-integ.properties
	- Properties not found in renault-integ.properties but found in reference file :
		reporting.country
		toprenault.url.prod
		kpi.aggregatorJob.autoStartup
		esc.multimedia.files.bo.path
		reporting.availableSources
		esc.multimedia.files.prod.path
		toprenault.url.preprod
		esc.multimedia.publish.preprodhosts
		reporting.webservice.hostname
		kpi.aggregatorJob.startsAt
		esc.multimedia.files.preprod.path
		reporting.availableViews
		kpi.aggregatorJob.periodInMinutes
		esc.multimedia.publish.prodhosts
File properties : renault-dev.properties
	- Properties not found in renault-dev.properties but found in reference file :
		reporting.country
		toprenault.url.prod
		kpi.aggregatorJob.autoStartup
		esc.multimedia.files.bo.path
		reporting.availableSources
		esc.multimedia.files.prod.path
		toprenault.url.preprod
		esc.multimedia.publish.preprodhosts
		reporting.webservice.hostname
		kpi.aggregatorJob.startsAt
		esc.multimedia.files.preprod.path
		reporting.availableViews
		kpi.aggregatorJob.periodInMinutes
		esc.multimedia.publish.prodhosts
File properties : jetty.properties
	- Properties not found in jetty.properties but found in reference file :
		qol.image.preprod.path
		toprenault.url.prod
		qol.image.prod.path
		promoflash.importfile.hosts
		esc.multimedia.files.bo.path
		qol.image.front.path
		esc.multimedia.files.prod.path
		toprenault.url.preprod
		esc.multimedia.publish.preprodhosts
		urlPreprod
		promoflash.importfile.path
		esc.multimedia.files.preprod.path
		quoteonline.promotion.image.folder
		esc.multimedia.publish.prodhosts
	File properties jetty-cog.properties not found.
	File properties vagrant.properties not found.
	File properties cognifide-integration.properties not found.
File properties : admin2-valid-ren.properties
	- Properties not found in admin2-valid-ren.properties but found in reference file :
		reporting.country
		toprenault.url.prod
		ws.warning.recipient
		kpi.aggregatorJob.autoStartup
		promoflash.importfile.hosts
		reporting.availableSources
		toprenault.url.preprod
		reporting.webservice.hostname
		promoflash.importfile.path
		kpi.aggregatorJob.startsAt
		reporting.availableViews
		kpi.aggregatorJob.periodInMinutes
File properties : admin-ren.properties
	- Properties not found in admin-ren.properties but found in reference file :
		reporting.country
		toprenault.url.prod
		ws.warning.recipient
		kpi.aggregatorJob.autoStartup
		promoflash.importfile.hosts
		esc.multimedia.files.bo.path
		reporting.availableSources
		esc.multimedia.files.prod.path
		toprenault.url.preprod
		esc.multimedia.publish.preprodhosts
		reporting.webservice.hostname
		promoflash.importfile.path
		kpi.aggregatorJob.startsAt
		esc.multimedia.files.preprod.path
		reporting.availableViews
		kpi.aggregatorJob.periodInMinutes
		esc.multimedia.publish.prodhosts
File properties : admin-valid-ren.properties
	- Properties not found in admin-valid-ren.properties but found in reference file :
		reporting.country
		toprenault.url.prod
		ws.warning.recipient
		kpi.aggregatorJob.autoStartup
		esc.multimedia.files.bo.path
		reporting.availableSources
		esc.multimedia.files.prod.path
		toprenault.url.preprod
		esc.multimedia.publish.preprodhosts
		reporting.webservice.hostname
		kpi.aggregatorJob.startsAt
		esc.multimedia.files.preprod.path
		reporting.availableViews
		kpi.aggregatorJob.periodInMinutes
		esc.multimedia.publish.prodhosts
------- renault-hu VS. renault-fr -------
File properties : renault-integ.properties
	- Properties not found in renault-integ.properties but found in reference file :
		webstore.url.prod
		reporting.country
		toprenault.url.prod
		ws.warning.recipient
		kpi.aggregatorJob.autoStartup
		webstore.url.preprod
		esc.offers.picture.preprod.path
		esc.multimedia.files.bo.path
		reporting.availableSources
		esc.multimedia.files.prod.path
		distrinet.soa.host
		toprenault.url.preprod
		esc.multimedia.publish.preprodhosts
		reporting.webservice.hostname
		esc.offers.picture.prod.path
		ws.bo.fileupload.path
		esc.offers.picture.bo.path
		kpi.aggregatorJob.startsAt
		esc.offers.publish.prodhosts
		distrinet.soa.path
		esc.offers.publish.preprodhosts
		personaldata.demanderCode
		esc.multimedia.files.preprod.path
		reporting.availableViews
		kpi.aggregatorJob.periodInMinutes
		distrinet.soa.user
		esc.multimedia.publish.prodhosts
File properties : renault-dev.properties
	- Properties not found in renault-dev.properties but found in reference file :
		webstore.url.prod
		reporting.country
		toprenault.url.prod
		ws.warning.recipient
		kpi.aggregatorJob.autoStartup
		webstore.url.preprod
		esc.offers.picture.preprod.path
		esc.multimedia.files.bo.path
		reporting.availableSources
		esc.multimedia.files.prod.path
		distrinet.soa.host
		toprenault.url.preprod
		esc.multimedia.publish.preprodhosts
		reporting.webservice.hostname
		esc.offers.picture.prod.path
		ws.bo.fileupload.path
		esc.offers.picture.bo.path
		kpi.aggregatorJob.startsAt
		esc.offers.publish.prodhosts
		distrinet.soa.path
		esc.offers.publish.preprodhosts
		personaldata.demanderCode
		esc.multimedia.files.preprod.path
		reporting.availableViews
		kpi.aggregatorJob.periodInMinutes
		distrinet.soa.user
		esc.multimedia.publish.prodhosts
File properties : jetty.properties
	- Properties not found in jetty.properties but found in reference file :
		qol.image.preprod.path
		webstore.url.prod
		reporting.country
		toprenault.url.prod
		ws.warning.recipient
		kpi.aggregatorJob.autoStartup
		previewVehicleBeanUrl
		webstore.url.preprod
		qol.image.prod.path
		promoflash.importfile.hosts
		esc.offers.picture.preprod.path
		esc.multimedia.files.bo.path
		reporting.availableSources
		qol.image.front.path
		esc.multimedia.files.prod.path
		distrinet.soa.host
		toprenault.url.preprod
		esc.multimedia.publish.preprodhosts
		reporting.webservice.hostname
		esc.offers.picture.prod.path
		urlPreprod
		ws.bo.fileupload.path
		esc.offers.picture.bo.path
		catalina.base
		promoflash.importfile.path
		misc.bo.fileupload.path
		kpi.aggregatorJob.startsAt
		esc.offers.publish.prodhosts
		distrinet.soa.path
		esc.offers.publish.preprodhosts
		personaldata.demanderCode
		esc.multimedia.files.preprod.path
		quoteonline.promotion.image.folder
		reporting.availableViews
		kpi.aggregatorJob.periodInMinutes
		distrinet.soa.user
		esc.multimedia.publish.prodhosts
	File properties jetty-cog.properties not found.
	File properties vagrant.properties not found.
	File properties cognifide-integration.properties not found.
File properties : admin2-valid-ren.properties
	- Properties not found in admin2-valid-ren.properties but found in reference file :
		webstore.url.prod
		reporting.country
		toprenault.url.prod
		ws.warning.recipient
		kpi.aggregatorJob.autoStartup
		webstore.url.preprod
		promoflash.importfile.hosts
		esc.offers.picture.preprod.path
		esc.multimedia.files.bo.path
		reporting.availableSources
		esc.multimedia.files.prod.path
		distrinet.soa.host
		toprenault.url.preprod
		esc.multimedia.publish.preprodhosts
		reporting.webservice.hostname
		esc.offers.picture.prod.path
		ws.bo.fileupload.path
		esc.offers.picture.bo.path
		promoflash.importfile.path
		kpi.aggregatorJob.startsAt
		esc.offers.publish.prodhosts
		distrinet.soa.path
		esc.offers.publish.preprodhosts
		personaldata.demanderCode
		esc.multimedia.files.preprod.path
		reporting.availableViews
		kpi.aggregatorJob.periodInMinutes
		distrinet.soa.user
		esc.multimedia.publish.prodhosts
File properties : admin-ren.properties
	- Properties not found in admin-ren.properties but found in reference file :
		webstore.url.prod
		reporting.country
		toprenault.url.prod
		ws.warning.recipient
		kpi.aggregatorJob.autoStartup
		webstore.url.preprod
		promoflash.importfile.hosts
		esc.offers.picture.preprod.path
		esc.multimedia.files.bo.path
		reporting.availableSources
		esc.multimedia.files.prod.path
		distrinet.soa.host
		toprenault.url.preprod
		esc.multimedia.publish.preprodhosts
		reporting.webservice.hostname
		esc.offers.picture.prod.path
		ws.bo.fileupload.path
		esc.offers.picture.bo.path
		promoflash.importfile.path
		kpi.aggregatorJob.startsAt
		esc.offers.publish.prodhosts
		distrinet.soa.path
		esc.offers.publish.preprodhosts
		personaldata.demanderCode
		esc.multimedia.files.preprod.path
		reporting.availableViews
		kpi.aggregatorJob.periodInMinutes
		distrinet.soa.user
		esc.multimedia.publish.prodhosts
File properties : admin-valid-ren.properties
	- Properties not found in admin-valid-ren.properties but found in reference file :
		webstore.url.prod
		reporting.country
		toprenault.url.prod
		ws.warning.recipient
		kpi.aggregatorJob.autoStartup
		webstore.url.preprod
		esc.offers.picture.preprod.path
		esc.multimedia.files.bo.path
		reporting.availableSources
		esc.multimedia.files.prod.path
		distrinet.soa.host
		toprenault.url.preprod
		esc.multimedia.publish.preprodhosts
		reporting.webservice.hostname
		esc.offers.picture.prod.path
		ws.bo.fileupload.path
		esc.offers.picture.bo.path
		kpi.aggregatorJob.startsAt
		esc.offers.publish.prodhosts
		distrinet.soa.path
		esc.offers.publish.preprodhosts
		personaldata.demanderCode
		esc.multimedia.files.preprod.path
		reporting.availableViews
		kpi.aggregatorJob.periodInMinutes
		distrinet.soa.user
		esc.multimedia.publish.prodhosts
------- renault-hr VS. renault-fr -------
File properties : renault-integ.properties
	- Properties not found in renault-integ.properties but found in reference file :
		reporting.country
		toprenault.url.prod
		kpi.aggregatorJob.autoStartup
		reporting.availableSources
		toprenault.url.preprod
		reporting.webservice.hostname
		kpi.aggregatorJob.startsAt
		reporting.availableViews
		kpi.aggregatorJob.periodInMinutes
File properties : renault-dev.properties
	- Properties not found in renault-dev.properties but found in reference file :
		reporting.country
		toprenault.url.prod
		kpi.aggregatorJob.autoStartup
		reporting.availableSources
		toprenault.url.preprod
		reporting.webservice.hostname
		kpi.aggregatorJob.startsAt
		reporting.availableViews
		kpi.aggregatorJob.periodInMinutes
File properties : jetty.properties
	- Properties not found in jetty.properties but found in reference file :
		qol.image.preprod.path
		reporting.country
		toprenault.url.prod
		kpi.aggregatorJob.autoStartup
		qol.image.prod.path
		promoflash.importfile.hosts
		reporting.availableSources
		qol.image.front.path
		toprenault.url.preprod
		reporting.webservice.hostname
		promoflash.importfile.path
		kpi.aggregatorJob.startsAt
		quoteonline.promotion.image.folder
		reporting.availableViews
		kpi.aggregatorJob.periodInMinutes
	File properties jetty-cog.properties not found.
	File properties vagrant.properties not found.
	File properties cognifide-integration.properties not found.
File properties : admin2-valid-ren.properties
	- Properties not found in admin2-valid-ren.properties but found in reference file :
		toprenault.url.prod
		ws.warning.recipient
		promoflash.importfile.hosts
		toprenault.url.preprod
		promoflash.importfile.path
File properties : admin-ren.properties
	- Properties not found in admin-ren.properties but found in reference file :
		toprenault.url.prod
		ws.warning.recipient
		promoflash.importfile.hosts
		toprenault.url.preprod
		promoflash.importfile.path
File properties : admin-valid-ren.properties
	- Properties not found in admin-valid-ren.properties but found in reference file :
		toprenault.url.prod
		ws.warning.recipient
		toprenault.url.preprod
------- lmt VS. renault-fr -------
File properties : renault-integ.properties
	- Properties not found in renault-integ.properties but found in reference file :
		webstore.url.prod
		compilation.path
		elasticsearch.hosts
		vo.backoffice.log.file.link
		reporting.country
		toprenault.url.prod
		central.ws.url
		ws.warning.recipient
		kpi.aggregatorJob.autoStartup
		cms_dirs
		webstore.url.preprod
		leadforms.publish.prodhosts
		esc.offers.picture.preprod.path
		esc.multimedia.files.bo.path
		reporting.availableSources
		vo.export.directory
		esc.multimedia.files.prod.path
		country
		distrinet.soa.host
		front.host
		toprenault.url.preprod
		leadforms.publish.prodPath
		esc.multimedia.publish.preprodhosts
		dws.frontoffice.url
		leadforms.publish.repositorypath
		reporting.webservice.hostname
		esc.offers.picture.prod.path
		ws.bo.fileupload.path
		esc.offers.picture.bo.path
		deploy.root
		kpi.aggregatorJob.startsAt
		leadforms.publish.preprodPath
		esc.offers.publish.prodhosts
		distrinet.soa.path
		vo.backoffice.csv.file.link
		esc.offers.publish.preprodhosts
		personaldata.demanderCode
		esc.multimedia.files.preprod.path
		criteria.display.resultlist.prod
		reporting.availableViews
		kpi.aggregatorJob.periodInMinutes
		leadforms.publish.preprodhosts
		distrinet.soa.user
		documentpicker.cms.host
		esc.multimedia.publish.prodhosts
File properties : renault-dev.properties
	+ Properties found in renault-dev.properties but not found in reference file :
		lmt.images.folderpath
		lmt.images.webpath
	- Properties not found in renault-dev.properties but found in reference file :
		webstore.url.prod
		compilation.path
		elasticsearch.hosts
		vo.backoffice.log.file.link
		reporting.country
		toprenault.url.prod
		central.ws.url
		ws.warning.recipient
		kpi.aggregatorJob.autoStartup
		cms_dirs
		webstore.url.preprod
		leadforms.publish.prodhosts
		esc.offers.picture.preprod.path
		esc.multimedia.files.bo.path
		reporting.availableSources
		vo.export.directory
		esc.multimedia.files.prod.path
		country
		distrinet.soa.host
		front.host
		toprenault.url.preprod
		leadforms.publish.prodPath
		esc.multimedia.publish.preprodhosts
		dws.frontoffice.url
		leadforms.publish.repositorypath
		reporting.webservice.hostname
		esc.offers.picture.prod.path
		ws.bo.fileupload.path
		esc.offers.picture.bo.path
		deploy.root
		kpi.aggregatorJob.startsAt
		leadforms.publish.preprodPath
		esc.offers.publish.prodhosts
		distrinet.soa.path
		vo.backoffice.csv.file.link
		esc.offers.publish.preprodhosts
		personaldata.demanderCode
		esc.multimedia.files.preprod.path
		criteria.display.resultlist.prod
		reporting.availableViews
		kpi.aggregatorJob.periodInMinutes
		leadforms.publish.preprodhosts
		distrinet.soa.user
		documentpicker.cms.host
		esc.multimedia.publish.prodhosts
File properties : jetty.properties
	+ Properties found in jetty.properties but not found in reference file :
		lmt.images.folderpath
		lmt.images.webpath
	- Properties not found in jetty.properties but found in reference file :
		qol.image.preprod.path
		webstore.url.prod
		compilation.path
		elasticsearch.hosts
		reporting.country
		toprenault.url.prod
		central.ws.url
		ws.warning.recipient
		kpi.aggregatorJob.autoStartup
		previewVehicleBeanUrl
		webstore.url.preprod
		qol.image.prod.path
		promoflash.importfile.hosts
		esc.offers.picture.preprod.path
		esc.multimedia.files.bo.path
		reporting.availableSources
		qol.image.front.path
		googleSitemapJob.repeatInterval
		esc.multimedia.files.prod.path
		c2g.backgroundStart
		axs.bo.upload.images.path
		distrinet.soa.host
		front.host
		toprenault.url.preprod
		esc.multimedia.publish.preprodhosts
		axs.category.images.path
		reporting.webservice.hostname
		packshot.upload.path
		esc.offers.picture.prod.path
		urlPreprod
		ws.bo.fileupload.path
		esc.offers.picture.bo.path
		catalina.base
		deploy.root
		promoflash.importfile.path
		packshot.sync.script
		misc.bo.fileupload.path
		kpi.aggregatorJob.startsAt
		esc.offers.publish.prodhosts
		distrinet.soa.path
		packshot.sync.enable
		esc.offers.publish.preprodhosts
		personaldata.demanderCode
		esc.multimedia.files.preprod.path
		googleSitemapJob.startDelay
		quoteonline.promotion.image.folder
		reporting.availableViews
		kpi.aggregatorJob.periodInMinutes
		htdocs
		distrinet.soa.user
		documentpicker.cms.host
		esc.multimedia.publish.prodhosts
	File properties jetty-cog.properties not found.
	File properties vagrant.properties not found.
	File properties cognifide-integration.properties not found.
File properties : admin2-valid-ren.properties
	+ Properties found in admin2-valid-ren.properties but not found in reference file :
		lmt.images.folderpath
		lmt.images.webpath
	- Properties not found in admin2-valid-ren.properties but found in reference file :
		c2g.prodHost
		webstore.url.prod
		compilation.path
		elasticsearch.hosts
		vo.backoffice.log.file.link
		reporting.country
		toprenault.url.prod
		central.ws.url
		ws.warning.recipient
		kpi.aggregatorJob.autoStartup
		cms_dirs
		webstore.url.preprod
		promoflash.importfile.hosts
		leadforms.publish.prodhosts
		esc.offers.picture.preprod.path
		esc.multimedia.files.bo.path
		reporting.availableSources
		vo.export.directory
		esc.multimedia.files.prod.path
		distrinet.soa.host
		front.host
		toprenault.url.preprod
		c2g.stringClientHandlerPort
		leadforms.publish.prodPath
		esc.multimedia.publish.preprodhosts
		c2g.objectClientHandlerPort
		dws.frontoffice.url
		leadforms.publish.repositorypath
		reporting.webservice.hostname
		esc.offers.picture.prod.path
		ws.bo.fileupload.path
		esc.offers.picture.bo.path
		promoflash.importfile.path
		deploy.root
		kpi.aggregatorJob.startsAt
		leadforms.publish.preprodPath
		c2g.prodStringClientHandlerPort
		esc.offers.publish.prodhosts
		distrinet.soa.path
		vo.backoffice.csv.file.link
		esc.offers.publish.preprodhosts
		personaldata.demanderCode
		esc.multimedia.files.preprod.path
		c2g.prodObjectClientHandlerPort
		c2g.host
		reporting.availableViews
		kpi.aggregatorJob.periodInMinutes
		leadforms.publish.preprodhosts
		distrinet.soa.user
		documentpicker.cms.host
		esc.multimedia.publish.prodhosts
File properties : admin-ren.properties
	+ Properties found in admin-ren.properties but not found in reference file :
		lmt.images.folderpath
		lmt.images.webpath
	- Properties not found in admin-ren.properties but found in reference file :
		c2g.prodHost
		webstore.url.prod
		compilation.path
		elasticsearch.hosts
		vo.backoffice.log.file.link
		reporting.country
		toprenault.url.prod
		central.ws.url
		ws.warning.recipient
		kpi.aggregatorJob.autoStartup
		cms_dirs
		webstore.url.preprod
		promoflash.importfile.hosts
		leadforms.publish.prodhosts
		esc.offers.picture.preprod.path
		esc.multimedia.files.bo.path
		reporting.availableSources
		vo.export.directory
		esc.multimedia.files.prod.path
		distrinet.soa.host
		front.host
		toprenault.url.preprod
		c2g.stringClientHandlerPort
		leadforms.publish.prodPath
		esc.multimedia.publish.preprodhosts
		c2g.objectClientHandlerPort
		dws.frontoffice.url
		leadforms.publish.repositorypath
		reporting.webservice.hostname
		esc.offers.picture.prod.path
		ws.bo.fileupload.path
		esc.offers.picture.bo.path
		promoflash.importfile.path
		deploy.root
		kpi.aggregatorJob.startsAt
		datapower.vegasContractUrl
		leadforms.publish.preprodPath
		c2g.prodStringClientHandlerPort
		esc.offers.publish.prodhosts
		distrinet.soa.path
		vo.backoffice.csv.file.link
		esc.offers.publish.preprodhosts
		personaldata.demanderCode
		esc.multimedia.files.preprod.path
		c2g.prodObjectClientHandlerPort
		c2g.host
		reporting.availableViews
		kpi.aggregatorJob.periodInMinutes
		leadforms.publish.preprodhosts
		distrinet.soa.user
		documentpicker.cms.host
		esc.multimedia.publish.prodhosts
File properties : admin-valid-ren.properties
	+ Properties found in admin-valid-ren.properties but not found in reference file :
		lmt.images.folderpath
		lmt.images.webpath
	- Properties not found in admin-valid-ren.properties but found in reference file :
		c2g.prodHost
		webstore.url.prod
		compilation.path
		elasticsearch.hosts
		vo.backoffice.log.file.link
		reporting.country
		toprenault.url.prod
		central.ws.url
		ws.warning.recipient
		kpi.aggregatorJob.autoStartup
		cms_dirs
		webstore.url.preprod
		leadforms.publish.prodhosts
		esc.offers.picture.preprod.path
		esc.multimedia.files.bo.path
		reporting.availableSources
		vo.export.directory
		esc.multimedia.files.prod.path
		distrinet.soa.host
		front.host
		toprenault.url.preprod
		c2g.stringClientHandlerPort
		leadforms.publish.prodPath
		esc.multimedia.publish.preprodhosts
		c2g.objectClientHandlerPort
		dws.frontoffice.url
		leadforms.publish.repositorypath
		reporting.webservice.hostname
		esc.offers.picture.prod.path
		ws.bo.fileupload.path
		esc.offers.picture.bo.path
		deploy.root
		kpi.aggregatorJob.startsAt
		leadforms.publish.preprodPath
		c2g.prodStringClientHandlerPort
		esc.offers.publish.prodhosts
		distrinet.soa.path
		vo.backoffice.csv.file.link
		esc.offers.publish.preprodhosts
		personaldata.demanderCode
		esc.multimedia.files.preprod.path
		c2g.prodObjectClientHandlerPort
		c2g.host
		reporting.availableViews
		kpi.aggregatorJob.periodInMinutes
		leadforms.publish.preprodhosts
		distrinet.soa.user
		documentpicker.cms.host
		esc.multimedia.publish.prodhosts

</system-out>
  </testcase>
  <testcase time="0.073" classname="com.renault.tools.synchronization.config.webapp.resources.SynchronizationConfigWebappTest" name="should_renault_frontoffice_configurations_synchronized">
    <failure type="java.lang.AssertionError:">java.lang.AssertionError: 
	at org.junit.Assert.fail(Assert.java:91)
	at org.junit.Assert.assertTrue(Assert.java:43)
	at org.junit.Assert.assertTrue(Assert.java:54)
	at com.renault.tools.synchronization.config.webapp.resources.SynchronizationConfigWebappTest.should_renault_frontoffice_configurations_synchronized(SynchronizationConfigWebappTest.java:103)
	at sun.reflect.NativeMethodAccessorImpl.invoke0(Native Method)
	at sun.reflect.NativeMethodAccessorImpl.invoke(NativeMethodAccessorImpl.java:39)
	at sun.reflect.DelegatingMethodAccessorImpl.invoke(DelegatingMethodAccessorImpl.java:25)
	at java.lang.reflect.Method.invoke(Method.java:597)
	at org.junit.runners.model.FrameworkMethod$1.runReflectiveCall(FrameworkMethod.java:44)
	at org.junit.internal.runners.model.ReflectiveCallable.run(ReflectiveCallable.java:15)
	at org.junit.runners.model.FrameworkMethod.invokeExplosively(FrameworkMethod.java:41)
	at org.junit.internal.runners.statements.InvokeMethod.evaluate(InvokeMethod.java:20)
	at org.junit.runners.BlockJUnit4ClassRunner.runNotIgnored(BlockJUnit4ClassRunner.java:79)
	at org.junit.runners.BlockJUnit4ClassRunner.runChild(BlockJUnit4ClassRunner.java:71)
	at org.junit.runners.BlockJUnit4ClassRunner.runChild(BlockJUnit4ClassRunner.java:49)
	at org.junit.runners.ParentRunner$3.run(ParentRunner.java:193)
	at org.junit.runners.ParentRunner$1.schedule(ParentRunner.java:52)
	at org.junit.runners.ParentRunner.runChildren(ParentRunner.java:191)
	at org.junit.runners.ParentRunner.access$000(ParentRunner.java:42)
	at org.junit.runners.ParentRunner$2.evaluate(ParentRunner.java:184)
	at org.junit.internal.runners.statements.RunBefores.evaluate(RunBefores.java:28)
	at org.junit.runners.ParentRunner.run(ParentRunner.java:236)
	at org.apache.maven.surefire.junit4.JUnit4TestSet.execute(JUnit4TestSet.java:53)
	at org.apache.maven.surefire.junit4.JUnit4Provider.executeTestSet(JUnit4Provider.java:123)
	at org.apache.maven.surefire.junit4.JUnit4Provider.invoke(JUnit4Provider.java:104)
	at sun.reflect.NativeMethodAccessorImpl.invoke0(Native Method)
	at sun.reflect.NativeMethodAccessorImpl.invoke(NativeMethodAccessorImpl.java:39)
	at sun.reflect.DelegatingMethodAccessorImpl.invoke(DelegatingMethodAccessorImpl.java:25)
	at java.lang.reflect.Method.invoke(Method.java:597)
	at org.apache.maven.surefire.util.ReflectionUtils.invokeMethodWithArray(ReflectionUtils.java:164)
	at org.apache.maven.surefire.booter.ProviderFactory$ProviderProxy.invoke(ProviderFactory.java:110)
	at org.apache.maven.surefire.booter.SurefireStarter.invokeProvider(SurefireStarter.java:175)
	at org.apache.maven.surefire.booter.SurefireStarter.runSuitesInProcessWhenForked(SurefireStarter.java:107)
	at org.apache.maven.surefire.booter.ForkedBooter.main(ForkedBooter.java:68)
</failure>
    <system-out>================ RENAULT FRONTOFFICE ================
------- renault-mx VS. renault-fr -------
File properties : web-valid-ren.properties
	- Properties not found in web-valid-ren.properties but found in reference file :
		dws.webform.axs.id
		dws.webform.vn.id
		dwsBaseUrl
		dws.webform.tire.id
		eshop.order.payment.default_price
		dws.webform.merch.id
		dws.webform.contact.apva.id
		dws.webform.fixedprice.id
		dws.webform.contact.vo.id
		dws.webform.contact.rpe.id
		personaldata.demanderCode
		gdc.portal.url
		dws.webform.contact.other.id
		dws.webform.contact.vn.id
		dws.webform.generalinfo.id
File properties : renault-integ.properties
	- Properties not found in renault-integ.properties but found in reference file :
		esc.multimedia.deploy.path
		dws.webform.axs.id
		dwsBaseUrl
		dws.webform.tire.id
		eshop.order.payment.default_price
		dws.webform.merch.id
		dws.webform.contact.apva.id
		dws.webform.fixedprice.id
		dws.webform.contact.vo.id
		dws.webform.contact.rpe.id
		esc.multimedia.files.bo.path
		vo.cdn.url
		gdc.portal.url
		dws.webform.contact.vn.id
		esc.multimedia.files.prod.path
		esc.multimedia.publish.preprodhosts
		dws.webform.vn.id
		personaldata.demanderCode
		esc.multimedia.files.preprod.path
		dws.webform.contact.other.id
		vn.pgr.price.method.percentage
		dws.webform.generalinfo.id
		esc.multimedia.publish.prodhosts
File properties : preprod-ren.properties
	- Properties not found in preprod-ren.properties but found in reference file :
		dws.webform.axs.id
		dws.webform.vn.id
		dwsBaseUrl
		dws.webform.tire.id
		eshop.order.payment.default_price
		dws.webform.merch.id
		dws.webform.contact.apva.id
		dws.webform.fixedprice.id
		dws.webform.contact.vo.id
		dws.webform.contact.rpe.id
		vo.cdn.url
		personaldata.demanderCode
		gdc.portal.url
		dws.webform.contact.other.id
		dws.webform.contact.vn.id
		dws.webform.generalinfo.id
File properties : preprod-valid-ren.properties
	- Properties not found in preprod-valid-ren.properties but found in reference file :
		dws.webform.axs.id
		dws.webform.vn.id
		dwsBaseUrl
		dws.webform.tire.id
		eshop.order.payment.default_price
		dws.webform.merch.id
		dws.webform.contact.apva.id
		dws.webform.fixedprice.id
		dws.webform.contact.vo.id
		dws.webform.contact.rpe.id
		personaldata.demanderCode
		gdc.portal.url
		dws.webform.contact.other.id
		dws.webform.contact.vn.id
		dws.webform.generalinfo.id
File properties : renault-dev.properties
	- Properties not found in renault-dev.properties but found in reference file :
		esc.multimedia.deploy.path
		dws.webform.axs.id
		dwsBaseUrl
		dws.webform.tire.id
		eshop.order.payment.default_price
		dws.webform.merch.id
		dws.webform.contact.apva.id
		dws.webform.fixedprice.id
		dws.webform.contact.vo.id
		dws.webform.contact.rpe.id
		esc.multimedia.files.bo.path
		vo.cdn.url
		gdc.portal.url
		dws.webform.contact.vn.id
		esc.multimedia.files.prod.path
		esc.multimedia.publish.preprodhosts
		dws.webform.vn.id
		personaldata.demanderCode
		esc.multimedia.files.preprod.path
		dws.webform.contact.other.id
		vn.pgr.price.method.percentage
		dws.webform.generalinfo.id
		esc.multimedia.publish.prodhosts
File properties : jetty.properties
	- Properties not found in jetty.properties but found in reference file :
		c2g.prodHost
		dws.webform.axs.id
		dwsBaseUrl
		dws.webform.tire.id
		eshop.order.payment.default_price
		dws.webform.merch.id
		dws.webform.contact.apva.id
		dws.webform.contact.vo.id
		dws.webform.contact.rpe.id
		vo.cdn.url
		gdc.portal.url
		dws.webform.contact.vn.id
		topr.lvd.endpoint
		esc.myservice.revisionkeyword
		dws.webform.vn.id
		urlPreprod
		misc.bo.fileupload.path
		dws.webform.contact.other.id
		vn.pgr.price.method.percentage
		dws.webform.generalinfo.id
	File properties cognifide.properties not found.
	File properties vagrant.properties not found.
File properties : web-ren.properties
	- Properties not found in web-ren.properties but found in reference file :
		dws.webform.axs.id
		dws.webform.vn.id
		dwsBaseUrl
		dws.webform.tire.id
		eshop.order.payment.default_price
		dws.webform.merch.id
		dws.webform.contact.apva.id
		dws.webform.fixedprice.id
		dws.webform.contact.vo.id
		dws.webform.contact.rpe.id
		vo.cdn.url
		gdc.portal.url
		dws.webform.contact.other.id
		dws.webform.contact.vn.id
		dws.webform.generalinfo.id
File properties : admin-valid-ren.properties
	- Properties not found in admin-valid-ren.properties but found in reference file :
		dws.webform.fixedprice.id
		dws.webform.axs.id
		dwsBaseUrl
		personaldata.demanderCode
		dws.webform.tire.id
		dws.webform.generalinfo.id
		dws.webform.merch.id
	File properties cruisecontrol.properties not found.
------- renault-de VS. renault-fr -------
File properties : web-valid-ren.properties
	- Properties not found in web-valid-ren.properties but found in reference file :
		dws.webform.axs.id
		dws.webform.vn.id
		dwsBaseUrl
		dws.webform.tire.id
		dws.webform.merch.id
		dws.webform.contact.apva.id
		dws.webform.fixedprice.id
		dws.webform.contact.vo.id
		dws.webform.contact.rpe.id
		dws.webform.contact.other.id
		dws.webform.contact.vn.id
		dws.webform.generalinfo.id
File properties : renault-integ.properties
	- Properties not found in renault-integ.properties but found in reference file :
		dws.webform.axs.id
		dwsBaseUrl
		dws.webform.tire.id
		dws.webform.merch.id
		dws.webform.contact.apva.id
		dws.webform.fixedprice.id
		dws.webform.contact.vo.id
		dws.webform.contact.rpe.id
		vo.cdn.url
		dws.webform.contact.vn.id
		dws.webform.vn.id
		dws.webform.contact.other.id
		vn.pgr.price.method.percentage
		dws.webform.generalinfo.id
File properties : preprod-ren.properties
	- Properties not found in preprod-ren.properties but found in reference file :
		dws.webform.axs.id
		dws.webform.vn.id
		dwsBaseUrl
		dws.webform.tire.id
		dws.webform.merch.id
		dws.webform.contact.apva.id
		dws.webform.fixedprice.id
		dws.webform.contact.vo.id
		dws.webform.contact.rpe.id
		vo.cdn.url
		dws.webform.contact.other.id
		dws.webform.contact.vn.id
		dws.webform.generalinfo.id
File properties : preprod-valid-ren.properties
	- Properties not found in preprod-valid-ren.properties but found in reference file :
		dws.webform.axs.id
		dws.webform.vn.id
		dwsBaseUrl
		dws.webform.tire.id
		dws.webform.merch.id
		dws.webform.contact.apva.id
		dws.webform.fixedprice.id
		dws.webform.contact.vo.id
		dws.webform.contact.rpe.id
		dws.webform.contact.other.id
		dws.webform.contact.vn.id
		dws.webform.generalinfo.id
File properties : renault-dev.properties
	- Properties not found in renault-dev.properties but found in reference file :
		dws.webform.axs.id
		dwsBaseUrl
		dws.webform.tire.id
		dws.webform.merch.id
		dws.webform.contact.apva.id
		dws.webform.fixedprice.id
		dws.webform.contact.vo.id
		dws.webform.contact.rpe.id
		vo.cdn.url
		dws.webform.contact.vn.id
		dws.webform.vn.id
		dws.webform.contact.other.id
		vn.pgr.price.method.percentage
		dws.webform.generalinfo.id
File properties : jetty.properties
	- Properties not found in jetty.properties but found in reference file :
		c2g.prodHost
		dws.webform.axs.id
		dwsBaseUrl
		dws.webform.tire.id
		dws.webform.merch.id
		dws.webform.contact.apva.id
		dws.webform.contact.vo.id
		dws.webform.contact.rpe.id
		vo.cdn.url
		dws.webform.contact.vn.id
		topr.lvd.endpoint
		dws.webform.vn.id
		misc.bo.fileupload.path
		dws.webform.contact.other.id
		vn.pgr.price.method.percentage
		dws.webform.generalinfo.id
	File properties cognifide.properties not found.
	File properties vagrant.properties not found.
File properties : web-ren.properties
	- Properties not found in web-ren.properties but found in reference file :
		dws.webform.axs.id
		dws.webform.vn.id
		dwsBaseUrl
		dws.webform.tire.id
		dws.webform.merch.id
		dws.webform.contact.apva.id
		dws.webform.fixedprice.id
		dws.webform.contact.vo.id
		dws.webform.contact.rpe.id
		vo.cdn.url
		dws.webform.contact.other.id
		dws.webform.contact.vn.id
		dws.webform.generalinfo.id
File properties : admin-valid-ren.properties
	+ Properties found in admin-valid-ren.properties but not found in reference file :
		vo.backoffice.csv.file.link
		leadforms.source.folder
		gdc.portal.url
		eshop.order.payment.default_price
		vo.backoffice.log.file.link
	- Properties not found in admin-valid-ren.properties but found in reference file :
		dws.webform.fixedprice.id
		dws.webform.axs.id
		dwsBaseUrl
		dws.webform.tire.id
		dws.webform.generalinfo.id
		dws.webform.merch.id
File properties : cruisecontrol.properties
------- renault-dk VS. renault-fr -------
File properties : web-valid-ren.properties
	- Properties not found in web-valid-ren.properties but found in reference file :
		dws.webform.axs.id
		dws.webform.vn.id
		dwsBaseUrl
		dws.webform.tire.id
		eshop.order.payment.default_price
		dws.webform.merch.id
		dws.webform.contact.apva.id
		dws.webform.fixedprice.id
		dws.webform.contact.vo.id
		dws.webform.contact.rpe.id
		personaldata.demanderCode
		gdc.portal.url
		dws.webform.contact.other.id
		dws.webform.contact.vn.id
		dws.webform.generalinfo.id
File properties : renault-integ.properties
	- Properties not found in renault-integ.properties but found in reference file :
		esc.multimedia.deploy.path
		dws.webform.axs.id
		dwsBaseUrl
		dws.webform.tire.id
		eshop.order.payment.default_price
		dws.webform.merch.id
		dws.webform.contact.apva.id
		dws.webform.fixedprice.id
		dws.webform.contact.vo.id
		dws.webform.contact.rpe.id
		esc.multimedia.files.bo.path
		vo.cdn.url
		gdc.portal.url
		dws.webform.contact.vn.id
		esc.multimedia.files.prod.path
		esc.multimedia.publish.preprodhosts
		dws.webform.vn.id
		personaldata.demanderCode
		esc.multimedia.files.preprod.path
		dws.webform.contact.other.id
		vn.pgr.price.method.percentage
		dws.webform.generalinfo.id
		esc.multimedia.publish.prodhosts
File properties : preprod-ren.properties
	- Properties not found in preprod-ren.properties but found in reference file :
		dws.webform.axs.id
		dws.webform.vn.id
		dwsBaseUrl
		dws.webform.tire.id
		eshop.order.payment.default_price
		dws.webform.merch.id
		dws.webform.contact.apva.id
		dws.webform.fixedprice.id
		dws.webform.contact.vo.id
		dws.webform.contact.rpe.id
		vo.cdn.url
		personaldata.demanderCode
		gdc.portal.url
		dws.webform.contact.other.id
		dws.webform.contact.vn.id
		dws.webform.generalinfo.id
File properties : preprod-valid-ren.properties
	- Properties not found in preprod-valid-ren.properties but found in reference file :
		dws.webform.axs.id
		dws.webform.vn.id
		dwsBaseUrl
		dws.webform.tire.id
		eshop.order.payment.default_price
		dws.webform.merch.id
		dws.webform.contact.apva.id
		dws.webform.fixedprice.id
		dws.webform.contact.vo.id
		dws.webform.contact.rpe.id
		personaldata.demanderCode
		gdc.portal.url
		dws.webform.contact.other.id
		dws.webform.contact.vn.id
		dws.webform.generalinfo.id
File properties : renault-dev.properties
	- Properties not found in renault-dev.properties but found in reference file :
		esc.multimedia.deploy.path
		dws.webform.axs.id
		dwsBaseUrl
		dws.webform.tire.id
		eshop.order.payment.default_price
		dws.webform.merch.id
		dws.webform.contact.apva.id
		dws.webform.fixedprice.id
		dws.webform.contact.vo.id
		dws.webform.contact.rpe.id
		esc.multimedia.files.bo.path
		vo.cdn.url
		gdc.portal.url
		dws.webform.contact.vn.id
		esc.multimedia.files.prod.path
		esc.multimedia.publish.preprodhosts
		dws.webform.vn.id
		personaldata.demanderCode
		esc.multimedia.files.preprod.path
		dws.webform.contact.other.id
		vn.pgr.price.method.percentage
		dws.webform.generalinfo.id
		esc.multimedia.publish.prodhosts
File properties : jetty.properties
	- Properties not found in jetty.properties but found in reference file :
		c2g.prodHost
		dws.webform.axs.id
		dwsBaseUrl
		dws.webform.tire.id
		eshop.order.payment.default_price
		dws.webform.merch.id
		dws.webform.contact.apva.id
		dws.webform.contact.vo.id
		dws.webform.contact.rpe.id
		vo.cdn.url
		gdc.portal.url
		dws.webform.contact.vn.id
		topr.lvd.endpoint
		esc.myservice.revisionkeyword
		dws.webform.vn.id
		urlPreprod
		misc.bo.fileupload.path
		dws.webform.contact.other.id
		vn.pgr.price.method.percentage
		dws.webform.generalinfo.id
	File properties cognifide.properties not found.
	File properties vagrant.properties not found.
File properties : web-ren.properties
	- Properties not found in web-ren.properties but found in reference file :
		dws.webform.axs.id
		dws.webform.vn.id
		dwsBaseUrl
		dws.webform.tire.id
		eshop.order.payment.default_price
		dws.webform.merch.id
		dws.webform.contact.apva.id
		dws.webform.fixedprice.id
		dws.webform.contact.vo.id
		dws.webform.contact.rpe.id
		vo.cdn.url
		personaldata.demanderCode
		gdc.portal.url
		dws.webform.contact.other.id
		dws.webform.contact.vn.id
		dws.webform.generalinfo.id
File properties : admin-valid-ren.properties
	+ Properties found in admin-valid-ren.properties but not found in reference file :
		vo.backoffice.log.file.link
		vo.backoffice.csv.file.link
		leadforms.source.folder
	- Properties not found in admin-valid-ren.properties but found in reference file :
		dws.webform.fixedprice.id
		dws.webform.axs.id
		dwsBaseUrl
		personaldata.demanderCode
		dws.webform.tire.id
		dws.webform.generalinfo.id
		dws.webform.merch.id
File properties : cruisecontrol.properties
------- renault-sk VS. renault-fr -------
File properties : web-valid-ren.properties
	- Properties not found in web-valid-ren.properties but found in reference file :
		dws.webform.axs.id
		dws.webform.vn.id
		dwsBaseUrl
		dws.webform.tire.id
		eshop.order.payment.default_price
		dws.webform.merch.id
		dws.webform.contact.apva.id
		dws.webform.fixedprice.id
		dws.webform.contact.vo.id
		dws.webform.contact.rpe.id
		personaldata.demanderCode
		gdc.portal.url
		dws.webform.contact.other.id
		dws.webform.contact.vn.id
		dws.webform.generalinfo.id
File properties : renault-integ.properties
	- Properties not found in renault-integ.properties but found in reference file :
		esc.multimedia.deploy.path
		dws.webform.axs.id
		dwsBaseUrl
		dws.webform.tire.id
		eshop.order.payment.default_price
		dws.webform.merch.id
		dws.webform.contact.apva.id
		dws.webform.fixedprice.id
		dws.webform.contact.vo.id
		dws.webform.contact.rpe.id
		esc.multimedia.files.bo.path
		vo.cdn.url
		gdc.portal.url
		dws.webform.contact.vn.id
		esc.multimedia.files.prod.path
		esc.multimedia.publish.preprodhosts
		dws.webform.vn.id
		personaldata.demanderCode
		esc.multimedia.files.preprod.path
		dws.webform.contact.other.id
		vn.pgr.price.method.percentage
		dws.webform.generalinfo.id
		esc.multimedia.publish.prodhosts
File properties : preprod-ren.properties
	- Properties not found in preprod-ren.properties but found in reference file :
		dws.webform.axs.id
		dws.webform.vn.id
		dwsBaseUrl
		dws.webform.tire.id
		eshop.order.payment.default_price
		dws.webform.merch.id
		dws.webform.contact.apva.id
		dws.webform.fixedprice.id
		dws.webform.contact.vo.id
		dws.webform.contact.rpe.id
		vo.cdn.url
		personaldata.demanderCode
		gdc.portal.url
		dws.webform.contact.other.id
		dws.webform.contact.vn.id
		dws.webform.generalinfo.id
File properties : preprod-valid-ren.properties
	- Properties not found in preprod-valid-ren.properties but found in reference file :
		dws.webform.axs.id
		dws.webform.vn.id
		dwsBaseUrl
		dws.webform.tire.id
		eshop.order.payment.default_price
		dws.webform.merch.id
		dws.webform.contact.apva.id
		dws.webform.fixedprice.id
		dws.webform.contact.vo.id
		dws.webform.contact.rpe.id
		personaldata.demanderCode
		gdc.portal.url
		dws.webform.contact.other.id
		dws.webform.contact.vn.id
		dws.webform.generalinfo.id
File properties : renault-dev.properties
	- Properties not found in renault-dev.properties but found in reference file :
		esc.multimedia.deploy.path
		dws.webform.axs.id
		dwsBaseUrl
		dws.webform.tire.id
		eshop.order.payment.default_price
		dws.webform.merch.id
		dws.webform.contact.apva.id
		dws.webform.fixedprice.id
		dws.webform.contact.vo.id
		dws.webform.contact.rpe.id
		esc.multimedia.files.bo.path
		vo.cdn.url
		gdc.portal.url
		dws.webform.contact.vn.id
		esc.multimedia.files.prod.path
		esc.multimedia.publish.preprodhosts
		dws.webform.vn.id
		personaldata.demanderCode
		esc.multimedia.files.preprod.path
		dws.webform.contact.other.id
		vn.pgr.price.method.percentage
		dws.webform.generalinfo.id
		esc.multimedia.publish.prodhosts
File properties : jetty.properties
	- Properties not found in jetty.properties but found in reference file :
		c2g.prodHost
		dws.webform.axs.id
		dwsBaseUrl
		dws.webform.tire.id
		eshop.order.payment.default_price
		dws.webform.merch.id
		dws.webform.contact.apva.id
		dws.webform.contact.vo.id
		dws.webform.contact.rpe.id
		vo.cdn.url
		gdc.portal.url
		dws.webform.contact.vn.id
		topr.lvd.endpoint
		esc.myservice.revisionkeyword
		dws.webform.vn.id
		urlPreprod
		catalina.base
		misc.bo.fileupload.path
		dws.webform.contact.other.id
		vn.pgr.price.method.percentage
		dws.webform.generalinfo.id
	File properties cognifide.properties not found.
	File properties vagrant.properties not found.
File properties : web-ren.properties
	- Properties not found in web-ren.properties but found in reference file :
		dws.webform.axs.id
		dws.webform.vn.id
		dwsBaseUrl
		dws.webform.tire.id
		eshop.order.payment.default_price
		dws.webform.merch.id
		dws.webform.contact.apva.id
		dws.webform.fixedprice.id
		dws.webform.contact.vo.id
		dws.webform.contact.rpe.id
		vo.cdn.url
		personaldata.demanderCode
		gdc.portal.url
		dws.webform.contact.other.id
		dws.webform.contact.vn.id
		dws.webform.generalinfo.id
File properties : admin-valid-ren.properties
	- Properties not found in admin-valid-ren.properties but found in reference file :
		dws.webform.fixedprice.id
		dws.webform.axs.id
		dwsBaseUrl
		personaldata.demanderCode
		dws.webform.tire.id
		dws.webform.generalinfo.id
		dws.webform.merch.id
File properties : cruisecontrol.properties
------- renault-es VS. renault-fr -------
File properties : web-valid-ren.properties
	- Properties not found in web-valid-ren.properties but found in reference file :
		dws.webform.axs.id
		dws.webform.vn.id
		dwsBaseUrl
		dws.webform.tire.id
		dws.webform.merch.id
		dws.webform.contact.apva.id
		dws.webform.fixedprice.id
		dws.webform.contact.vo.id
		dws.webform.contact.rpe.id
		dws.webform.contact.other.id
		dws.webform.contact.vn.id
		dws.webform.generalinfo.id
File properties : renault-integ.properties
	- Properties not found in renault-integ.properties but found in reference file :
		dws.webform.axs.id
		dwsBaseUrl
		dws.webform.tire.id
		dws.webform.merch.id
		dws.webform.contact.apva.id
		dws.webform.fixedprice.id
		dws.webform.contact.vo.id
		dws.webform.contact.rpe.id
		esc.multimedia.files.bo.path
		vo.cdn.url
		dws.webform.contact.vn.id
		esc.multimedia.files.prod.path
		esc.multimedia.publish.preprodhosts
		dws.webform.vn.id
		esc.multimedia.files.preprod.path
		dws.webform.contact.other.id
		vn.pgr.price.method.percentage
		dws.webform.generalinfo.id
		esc.multimedia.publish.prodhosts
File properties : preprod-ren.properties
	- Properties not found in preprod-ren.properties but found in reference file :
		dws.webform.axs.id
		dws.webform.vn.id
		dwsBaseUrl
		dws.webform.tire.id
		dws.webform.merch.id
		dws.webform.contact.apva.id
		dws.webform.fixedprice.id
		dws.webform.contact.vo.id
		dws.webform.contact.rpe.id
		vo.cdn.url
		dws.webform.contact.other.id
		dws.webform.contact.vn.id
		dws.webform.generalinfo.id
File properties : preprod-valid-ren.properties
	- Properties not found in preprod-valid-ren.properties but found in reference file :
		dws.webform.axs.id
		dws.webform.vn.id
		dwsBaseUrl
		dws.webform.tire.id
		dws.webform.merch.id
		dws.webform.contact.apva.id
		dws.webform.fixedprice.id
		dws.webform.contact.vo.id
		dws.webform.contact.rpe.id
		dws.webform.contact.other.id
		dws.webform.contact.vn.id
		dws.webform.generalinfo.id
File properties : renault-dev.properties
	- Properties not found in renault-dev.properties but found in reference file :
		dws.webform.axs.id
		dwsBaseUrl
		dws.webform.tire.id
		dws.webform.merch.id
		dws.webform.contact.apva.id
		dws.webform.fixedprice.id
		dws.webform.contact.vo.id
		dws.webform.contact.rpe.id
		esc.multimedia.files.bo.path
		vo.cdn.url
		dws.webform.contact.vn.id
		esc.multimedia.files.prod.path
		esc.multimedia.publish.preprodhosts
		dws.webform.vn.id
		esc.multimedia.files.preprod.path
		dws.webform.contact.other.id
		vn.pgr.price.method.percentage
		dws.webform.generalinfo.id
		esc.multimedia.publish.prodhosts
File properties : jetty.properties
	- Properties not found in jetty.properties but found in reference file :
		c2g.prodHost
		dws.webform.axs.id
		dwsBaseUrl
		dws.webform.tire.id
		dws.webform.merch.id
		dws.webform.contact.apva.id
		dws.webform.contact.vo.id
		dws.webform.contact.rpe.id
		vo.cdn.url
		dws.webform.contact.vn.id
		topr.lvd.endpoint
		dws.webform.vn.id
		urlPreprod
		misc.bo.fileupload.path
		dws.webform.contact.other.id
		vn.pgr.price.method.percentage
		dws.webform.generalinfo.id
	File properties cognifide.properties not found.
	File properties vagrant.properties not found.
File properties : web-ren.properties
	- Properties not found in web-ren.properties but found in reference file :
		dws.webform.axs.id
		dws.webform.vn.id
		dwsBaseUrl
		dws.webform.tire.id
		dws.webform.merch.id
		dws.webform.contact.apva.id
		dws.webform.fixedprice.id
		dws.webform.contact.vo.id
		dws.webform.contact.rpe.id
		vo.cdn.url
		dws.webform.contact.other.id
		dws.webform.contact.vn.id
		dws.webform.generalinfo.id
File properties : admin-valid-ren.properties
	- Properties not found in admin-valid-ren.properties but found in reference file :
		dws.webform.fixedprice.id
		dws.webform.axs.id
		dwsBaseUrl
		dws.webform.tire.id
		dws.webform.generalinfo.id
		dws.webform.merch.id
File properties : cruisecontrol.properties
------- renault-pt VS. renault-fr -------
File properties : web-valid-ren.properties
	- Properties not found in web-valid-ren.properties but found in reference file :
		dws.webform.axs.id
		dws.webform.vn.id
		dwsBaseUrl
		dws.webform.tire.id
		dws.webform.merch.id
		dws.webform.contact.apva.id
		dws.webform.fixedprice.id
		dws.webform.contact.vo.id
		dws.webform.contact.rpe.id
		dws.webform.contact.other.id
		dws.webform.contact.vn.id
		dws.webform.generalinfo.id
File properties : renault-integ.properties
	- Properties not found in renault-integ.properties but found in reference file :
		dws.webform.axs.id
		dwsBaseUrl
		dws.webform.tire.id
		dws.webform.merch.id
		dws.webform.contact.apva.id
		dws.webform.fixedprice.id
		dws.webform.contact.vo.id
		dws.webform.contact.rpe.id
		vo.cdn.url
		dws.webform.contact.vn.id
		dws.webform.vn.id
		dws.webform.contact.other.id
		vn.pgr.price.method.percentage
		dws.webform.generalinfo.id
File properties : preprod-ren.properties
	- Properties not found in preprod-ren.properties but found in reference file :
		dws.webform.axs.id
		dws.webform.vn.id
		dwsBaseUrl
		dws.webform.tire.id
		dws.webform.merch.id
		dws.webform.contact.apva.id
		dws.webform.fixedprice.id
		dws.webform.contact.vo.id
		dws.webform.contact.rpe.id
		vo.cdn.url
		dws.webform.contact.other.id
		dws.webform.contact.vn.id
		dws.webform.generalinfo.id
File properties : preprod-valid-ren.properties
	- Properties not found in preprod-valid-ren.properties but found in reference file :
		dws.webform.axs.id
		dws.webform.vn.id
		dwsBaseUrl
		dws.webform.tire.id
		dws.webform.merch.id
		dws.webform.contact.apva.id
		dws.webform.fixedprice.id
		dws.webform.contact.vo.id
		dws.webform.contact.rpe.id
		dws.webform.contact.other.id
		dws.webform.contact.vn.id
		dws.webform.generalinfo.id
File properties : renault-dev.properties
	- Properties not found in renault-dev.properties but found in reference file :
		dws.webform.axs.id
		dwsBaseUrl
		dws.webform.tire.id
		dws.webform.merch.id
		dws.webform.contact.apva.id
		dws.webform.fixedprice.id
		dws.webform.contact.vo.id
		dws.webform.contact.rpe.id
		vo.cdn.url
		dws.webform.contact.vn.id
		dws.webform.vn.id
		dws.webform.contact.other.id
		vn.pgr.price.method.percentage
		dws.webform.generalinfo.id
File properties : jetty.properties
	- Properties not found in jetty.properties but found in reference file :
		c2g.prodHost
		dws.webform.axs.id
		dwsBaseUrl
		dws.webform.tire.id
		dws.webform.merch.id
		dws.webform.contact.apva.id
		dws.webform.contact.vo.id
		dws.webform.contact.rpe.id
		vo.cdn.url
		dws.webform.contact.vn.id
		topr.lvd.endpoint
		dws.webform.vn.id
		urlPreprod
		catalina.base
		misc.bo.fileupload.path
		dws.webform.contact.other.id
		vn.pgr.price.method.percentage
		dws.webform.generalinfo.id
	File properties cognifide.properties not found.
	File properties vagrant.properties not found.
File properties : web-ren.properties
	- Properties not found in web-ren.properties but found in reference file :
		dws.webform.axs.id
		dws.webform.vn.id
		dwsBaseUrl
		dws.webform.tire.id
		dws.webform.merch.id
		dws.webform.contact.apva.id
		dws.webform.fixedprice.id
		dws.webform.contact.vo.id
		dws.webform.contact.rpe.id
		vo.cdn.url
		dws.webform.contact.other.id
		dws.webform.contact.vn.id
		dws.webform.generalinfo.id
File properties : admin-valid-ren.properties
	+ Properties found in admin-valid-ren.properties but not found in reference file :
		eshop.order.payment.default_price
	- Properties not found in admin-valid-ren.properties but found in reference file :
		dws.webform.fixedprice.id
		dws.webform.axs.id
		dwsBaseUrl
		dws.webform.tire.id
		dws.webform.generalinfo.id
		dws.webform.merch.id
File properties : cruisecontrol.properties
------- renault-nl VS. renault-fr -------
File properties : web-valid-ren.properties
	- Properties not found in web-valid-ren.properties but found in reference file :
		dws.webform.axs.id
		dws.webform.vn.id
		dwsBaseUrl
		dws.webform.tire.id
		dws.webform.merch.id
		dws.webform.contact.apva.id
		dws.webform.fixedprice.id
		dws.webform.contact.vo.id
		dws.webform.contact.rpe.id
		dws.webform.contact.other.id
		dws.webform.contact.vn.id
		dws.webform.generalinfo.id
File properties : renault-integ.properties
	- Properties not found in renault-integ.properties but found in reference file :
		dws.webform.axs.id
		dwsBaseUrl
		dws.webform.tire.id
		dws.webform.merch.id
		dws.webform.contact.apva.id
		dws.webform.fixedprice.id
		dws.webform.contact.vo.id
		dws.webform.contact.rpe.id
		vo.cdn.url
		dws.webform.contact.vn.id
		dws.webform.vn.id
		dws.webform.contact.other.id
		vn.pgr.price.method.percentage
		dws.webform.generalinfo.id
File properties : preprod-ren.properties
	- Properties not found in preprod-ren.properties but found in reference file :
		dws.webform.axs.id
		dws.webform.vn.id
		dwsBaseUrl
		dws.webform.tire.id
		dws.webform.merch.id
		dws.webform.contact.apva.id
		dws.webform.fixedprice.id
		dws.webform.contact.vo.id
		dws.webform.contact.rpe.id
		vo.cdn.url
		dws.webform.contact.other.id
		dws.webform.contact.vn.id
		dws.webform.generalinfo.id
File properties : preprod-valid-ren.properties
	- Properties not found in preprod-valid-ren.properties but found in reference file :
		dws.webform.axs.id
		dws.webform.vn.id
		dwsBaseUrl
		dws.webform.tire.id
		dws.webform.merch.id
		dws.webform.contact.apva.id
		dws.webform.fixedprice.id
		dws.webform.contact.vo.id
		dws.webform.contact.rpe.id
		dws.webform.contact.other.id
		dws.webform.contact.vn.id
		dws.webform.generalinfo.id
File properties : renault-dev.properties
	- Properties not found in renault-dev.properties but found in reference file :
		dws.webform.axs.id
		dwsBaseUrl
		dws.webform.tire.id
		dws.webform.merch.id
		dws.webform.contact.apva.id
		dws.webform.fixedprice.id
		dws.webform.contact.vo.id
		dws.webform.contact.rpe.id
		vo.cdn.url
		dws.webform.contact.vn.id
		dws.webform.vn.id
		dws.webform.contact.other.id
		vn.pgr.price.method.percentage
		dws.webform.generalinfo.id
File properties : jetty.properties
	- Properties not found in jetty.properties but found in reference file :
		dws.webform.axs.id
		dwsBaseUrl
		dws.webform.tire.id
		dws.webform.merch.id
		dws.webform.contact.apva.id
		dws.webform.contact.vo.id
		dws.webform.contact.rpe.id
		vo.cdn.url
		dws.webform.contact.vn.id
		topr.lvd.endpoint
		dws.webform.vn.id
		urlPreprod
		dws.webform.contact.other.id
		vn.pgr.price.method.percentage
		dws.webform.generalinfo.id
	File properties cognifide.properties not found.
	File properties vagrant.properties not found.
File properties : web-ren.properties
	- Properties not found in web-ren.properties but found in reference file :
		dws.webform.axs.id
		dws.webform.vn.id
		dwsBaseUrl
		dws.webform.tire.id
		dws.webform.merch.id
		dws.webform.contact.apva.id
		dws.webform.fixedprice.id
		dws.webform.contact.vo.id
		dws.webform.contact.rpe.id
		vo.cdn.url
		dws.webform.contact.other.id
		dws.webform.contact.vn.id
		dws.webform.generalinfo.id
File properties : admin-valid-ren.properties
	+ Properties found in admin-valid-ren.properties but not found in reference file :
		gdc.portal.url
		eshop.order.payment.default_price
	- Properties not found in admin-valid-ren.properties but found in reference file :
		dws.webform.fixedprice.id
		dws.webform.axs.id
		dwsBaseUrl
		dws.webform.tire.id
		dws.webform.generalinfo.id
		dws.webform.merch.id
File properties : cruisecontrol.properties
------- renault-si VS. renault-fr -------
File properties : web-valid-ren.properties
	- Properties not found in web-valid-ren.properties but found in reference file :
		dwsBaseUrl
		dws.webform.contact.apva.id
		dws.webform.fixedprice.id
		dws.webform.contact.vo.id
		dws.webform.contact.rpe.id
		dws.webform.contact.other.id
		dws.webform.contact.vn.id
File properties : renault-integ.properties
	- Properties not found in renault-integ.properties but found in reference file :
		dwsBaseUrl
		dws.webform.contact.apva.id
		dws.webform.fixedprice.id
		dws.webform.contact.vo.id
		dws.webform.contact.rpe.id
		dws.webform.contact.vn.id
		dws.webform.contact.other.id
File properties : preprod-ren.properties
	- Properties not found in preprod-ren.properties but found in reference file :
		dwsBaseUrl
		dws.webform.contact.apva.id
		dws.webform.fixedprice.id
		dws.webform.contact.vo.id
		dws.webform.contact.rpe.id
		dws.webform.contact.other.id
		dws.webform.contact.vn.id
File properties : preprod-valid-ren.properties
	- Properties not found in preprod-valid-ren.properties but found in reference file :
		dwsBaseUrl
		dws.webform.contact.apva.id
		dws.webform.fixedprice.id
		dws.webform.contact.vo.id
		dws.webform.contact.rpe.id
		dws.webform.contact.other.id
		dws.webform.contact.vn.id
File properties : renault-dev.properties
	- Properties not found in renault-dev.properties but found in reference file :
		dwsBaseUrl
		dws.webform.contact.apva.id
		dws.webform.fixedprice.id
		dws.webform.contact.vo.id
		dws.webform.contact.rpe.id
		dws.webform.contact.vn.id
		dws.webform.contact.other.id
File properties : jetty.properties
	- Properties not found in jetty.properties but found in reference file :
		dws.webform.axs.id
		dwsBaseUrl
		dws.webform.tire.id
		dws.webform.merch.id
		dws.webform.contact.apva.id
		dws.webform.contact.vo.id
		dws.webform.contact.rpe.id
		vo.cdn.url
		dws.webform.contact.vn.id
		topr.lvd.endpoint
		dws.webform.vn.id
		urlPreprod
		misc.bo.fileupload.path
		dws.webform.contact.other.id
		vn.pgr.price.method.percentage
		dws.webform.generalinfo.id
	File properties cognifide.properties not found.
	File properties vagrant.properties not found.
File properties : web-ren.properties
	- Properties not found in web-ren.properties but found in reference file :
		dwsBaseUrl
		dws.webform.contact.apva.id
		dws.webform.fixedprice.id
		dws.webform.contact.vo.id
		dws.webform.contact.rpe.id
		dws.webform.contact.other.id
		dws.webform.contact.vn.id
File properties : admin-valid-ren.properties
	- Properties not found in admin-valid-ren.properties but found in reference file :
		dws.webform.fixedprice.id
		dwsBaseUrl
File properties : cruisecontrol.properties
------- renault-ru VS. renault-fr -------
File properties : web-valid-ren.properties
	- Properties not found in web-valid-ren.properties but found in reference file :
		dws.webform.axs.id
		dws.webform.vn.id
		dwsBaseUrl
		dws.webform.tire.id
		dws.webform.merch.id
		dws.webform.contact.apva.id
		dws.webform.fixedprice.id
		dws.webform.contact.vo.id
		dws.webform.contact.rpe.id
		dws.webform.contact.other.id
		dws.webform.contact.vn.id
		dws.webform.generalinfo.id
File properties : renault-integ.properties
	- Properties not found in renault-integ.properties but found in reference file :
		dws.webform.axs.id
		dwsBaseUrl
		dws.webform.tire.id
		dws.webform.merch.id
		dws.webform.contact.apva.id
		dws.webform.fixedprice.id
		dws.webform.contact.vo.id
		dws.webform.contact.rpe.id
		vo.cdn.url
		dws.webform.contact.vn.id
		dws.webform.vn.id
		dws.webform.contact.other.id
		vn.pgr.price.method.percentage
		dws.webform.generalinfo.id
File properties : preprod-ren.properties
	- Properties not found in preprod-ren.properties but found in reference file :
		dws.webform.axs.id
		dws.webform.vn.id
		dwsBaseUrl
		dws.webform.tire.id
		dws.webform.merch.id
		dws.webform.contact.apva.id
		dws.webform.fixedprice.id
		dws.webform.contact.vo.id
		dws.webform.contact.rpe.id
		vo.cdn.url
		dws.webform.contact.other.id
		dws.webform.contact.vn.id
		dws.webform.generalinfo.id
File properties : preprod-valid-ren.properties
	- Properties not found in preprod-valid-ren.properties but found in reference file :
		dws.webform.axs.id
		dws.webform.vn.id
		dwsBaseUrl
		dws.webform.tire.id
		dws.webform.merch.id
		dws.webform.contact.apva.id
		dws.webform.fixedprice.id
		dws.webform.contact.vo.id
		dws.webform.contact.rpe.id
		dws.webform.contact.other.id
		dws.webform.contact.vn.id
		dws.webform.generalinfo.id
File properties : renault-dev.properties
	- Properties not found in renault-dev.properties but found in reference file :
		dws.webform.axs.id
		dwsBaseUrl
		dws.webform.tire.id
		dws.webform.merch.id
		dws.webform.contact.apva.id
		dws.webform.fixedprice.id
		dws.webform.contact.vo.id
		dws.webform.contact.rpe.id
		vo.cdn.url
		dws.webform.contact.vn.id
		dws.webform.vn.id
		dws.webform.contact.other.id
		vn.pgr.price.method.percentage
		dws.webform.generalinfo.id
File properties : jetty.properties
	+ Properties found in jetty.properties but not found in reference file :
		flexDwsUrlBase
	- Properties not found in jetty.properties but found in reference file :
		dws.webform.axs.id
		dwsBaseUrl
		dws.webform.tire.id
		dws.webform.merch.id
		dws.webform.contact.apva.id
		dws.webform.contact.vo.id
		dws.webform.contact.rpe.id
		vo.cdn.url
		dws.webform.contact.vn.id
		topr.lvd.endpoint
		dws.webform.vn.id
		urlPreprod
		misc.bo.fileupload.path
		dws.webform.contact.other.id
		vn.pgr.price.method.percentage
		dws.webform.generalinfo.id
	File properties cognifide.properties not found.
	File properties vagrant.properties not found.
File properties : web-ren.properties
	- Properties not found in web-ren.properties but found in reference file :
		dws.webform.axs.id
		dws.webform.vn.id
		dwsBaseUrl
		dws.webform.tire.id
		dws.webform.merch.id
		dws.webform.contact.apva.id
		dws.webform.fixedprice.id
		dws.webform.contact.vo.id
		dws.webform.contact.rpe.id
		vo.cdn.url
		dws.webform.contact.other.id
		dws.webform.contact.vn.id
		dws.webform.generalinfo.id
File properties : admin-valid-ren.properties
	+ Properties found in admin-valid-ren.properties but not found in reference file :
		gdc.portal.url
		eshop.order.payment.default_price
	- Properties not found in admin-valid-ren.properties but found in reference file :
		dws.webform.fixedprice.id
		dws.webform.axs.id
		dwsBaseUrl
		dws.webform.tire.id
		dws.webform.generalinfo.id
		dws.webform.merch.id
File properties : cruisecontrol.properties
------- renault-uk VS. renault-fr -------
File properties : web-valid-ren.properties
	- Properties not found in web-valid-ren.properties but found in reference file :
		dws.webform.axs.id
		dws.webform.vn.id
		dwsBaseUrl
		dws.webform.tire.id
		eshop.order.payment.default_price
		dws.webform.merch.id
		dws.webform.contact.apva.id
		dws.webform.fixedprice.id
		dws.webform.contact.vo.id
		dws.webform.contact.rpe.id
		personaldata.demanderCode
		gdc.portal.url
		dws.webform.contact.other.id
		dws.webform.contact.vn.id
		dws.webform.generalinfo.id
File properties : renault-integ.properties
	- Properties not found in renault-integ.properties but found in reference file :
		esc.multimedia.deploy.path
		dws.webform.axs.id
		dwsBaseUrl
		dws.webform.tire.id
		eshop.order.payment.default_price
		dws.webform.merch.id
		dws.webform.contact.apva.id
		dws.webform.fixedprice.id
		dws.webform.contact.vo.id
		dws.webform.contact.rpe.id
		esc.multimedia.files.bo.path
		vo.cdn.url
		gdc.portal.url
		dws.webform.contact.vn.id
		esc.multimedia.files.prod.path
		esc.multimedia.publish.preprodhosts
		dws.webform.vn.id
		personaldata.demanderCode
		esc.multimedia.files.preprod.path
		dws.webform.contact.other.id
		vn.pgr.price.method.percentage
		dws.webform.generalinfo.id
		esc.multimedia.publish.prodhosts
File properties : preprod-ren.properties
	- Properties not found in preprod-ren.properties but found in reference file :
		dws.webform.axs.id
		dws.webform.vn.id
		dwsBaseUrl
		dws.webform.tire.id
		eshop.order.payment.default_price
		dws.webform.merch.id
		dws.webform.contact.apva.id
		dws.webform.fixedprice.id
		dws.webform.contact.vo.id
		dws.webform.contact.rpe.id
		vo.cdn.url
		personaldata.demanderCode
		gdc.portal.url
		dws.webform.contact.other.id
		dws.webform.contact.vn.id
		dws.webform.generalinfo.id
File properties : preprod-valid-ren.properties
	- Properties not found in preprod-valid-ren.properties but found in reference file :
		dws.webform.axs.id
		dws.webform.vn.id
		dwsBaseUrl
		dws.webform.tire.id
		eshop.order.payment.default_price
		dws.webform.merch.id
		dws.webform.contact.apva.id
		dws.webform.fixedprice.id
		dws.webform.contact.vo.id
		dws.webform.contact.rpe.id
		personaldata.demanderCode
		gdc.portal.url
		dws.webform.contact.other.id
		dws.webform.contact.vn.id
		dws.webform.generalinfo.id
File properties : renault-dev.properties
	- Properties not found in renault-dev.properties but found in reference file :
		esc.multimedia.deploy.path
		dws.webform.axs.id
		dwsBaseUrl
		dws.webform.tire.id
		eshop.order.payment.default_price
		dws.webform.merch.id
		dws.webform.contact.apva.id
		dws.webform.fixedprice.id
		dws.webform.contact.vo.id
		dws.webform.contact.rpe.id
		esc.multimedia.files.bo.path
		vo.cdn.url
		gdc.portal.url
		dws.webform.contact.vn.id
		esc.multimedia.files.prod.path
		esc.multimedia.publish.preprodhosts
		dws.webform.vn.id
		personaldata.demanderCode
		esc.multimedia.files.preprod.path
		dws.webform.contact.other.id
		vn.pgr.price.method.percentage
		dws.webform.generalinfo.id
		esc.multimedia.publish.prodhosts
File properties : jetty.properties
	- Properties not found in jetty.properties but found in reference file :
		c2g.prodHost
		dws.webform.axs.id
		dwsBaseUrl
		dws.webform.tire.id
		eshop.order.payment.default_price
		dws.webform.merch.id
		dws.webform.contact.apva.id
		dws.webform.contact.vo.id
		dws.webform.contact.rpe.id
		vo.cdn.url
		gdc.portal.url
		dws.webform.contact.vn.id
		topr.lvd.endpoint
		esc.myservice.revisionkeyword
		dws.webform.vn.id
		urlPreprod
		catalina.base
		misc.bo.fileupload.path
		dws.webform.contact.other.id
		vn.pgr.price.method.percentage
		dws.webform.generalinfo.id
	File properties cognifide.properties not found.
	File properties vagrant.properties not found.
File properties : web-ren.properties
	- Properties not found in web-ren.properties but found in reference file :
		dws.webform.axs.id
		dws.webform.vn.id
		dwsBaseUrl
		dws.webform.tire.id
		eshop.order.payment.default_price
		dws.webform.merch.id
		dws.webform.contact.apva.id
		dws.webform.fixedprice.id
		dws.webform.contact.vo.id
		dws.webform.contact.rpe.id
		vo.cdn.url
		gdc.portal.url
		dws.webform.contact.other.id
		dws.webform.contact.vn.id
		dws.webform.generalinfo.id
File properties : admin-valid-ren.properties
	- Properties not found in admin-valid-ren.properties but found in reference file :
		dws.webform.fixedprice.id
		dws.webform.axs.id
		dwsBaseUrl
		personaldata.demanderCode
		dws.webform.tire.id
		dws.webform.generalinfo.id
		dws.webform.merch.id
	File properties cruisecontrol.properties not found.
------- renault-se VS. renault-fr -------
File properties : web-valid-ren.properties
	- Properties not found in web-valid-ren.properties but found in reference file :
		dws.webform.axs.id
		dws.webform.vn.id
		dwsBaseUrl
		dws.webform.tire.id
		eshop.order.payment.default_price
		dws.webform.merch.id
		dws.webform.contact.apva.id
		dws.webform.fixedprice.id
		dws.webform.contact.vo.id
		dws.webform.contact.rpe.id
		personaldata.demanderCode
		gdc.portal.url
		dws.webform.contact.other.id
		dws.webform.contact.vn.id
		dws.webform.generalinfo.id
File properties : renault-integ.properties
	- Properties not found in renault-integ.properties but found in reference file :
		esc.multimedia.deploy.path
		dws.webform.axs.id
		dwsBaseUrl
		dws.webform.tire.id
		eshop.order.payment.default_price
		dws.webform.merch.id
		dws.webform.contact.apva.id
		dws.webform.fixedprice.id
		dws.webform.contact.vo.id
		dws.webform.contact.rpe.id
		esc.multimedia.files.bo.path
		vo.cdn.url
		gdc.portal.url
		dws.webform.contact.vn.id
		esc.multimedia.files.prod.path
		esc.multimedia.publish.preprodhosts
		dws.webform.vn.id
		personaldata.demanderCode
		esc.multimedia.files.preprod.path
		dws.webform.contact.other.id
		vn.pgr.price.method.percentage
		dws.webform.generalinfo.id
		esc.multimedia.publish.prodhosts
File properties : preprod-ren.properties
	- Properties not found in preprod-ren.properties but found in reference file :
		dws.webform.axs.id
		dws.webform.vn.id
		dwsBaseUrl
		dws.webform.tire.id
		eshop.order.payment.default_price
		dws.webform.merch.id
		dws.webform.contact.apva.id
		dws.webform.fixedprice.id
		dws.webform.contact.vo.id
		dws.webform.contact.rpe.id
		vo.cdn.url
		personaldata.demanderCode
		gdc.portal.url
		dws.webform.contact.other.id
		dws.webform.contact.vn.id
		dws.webform.generalinfo.id
File properties : preprod-valid-ren.properties
	- Properties not found in preprod-valid-ren.properties but found in reference file :
		dws.webform.axs.id
		dws.webform.vn.id
		dwsBaseUrl
		dws.webform.tire.id
		eshop.order.payment.default_price
		dws.webform.merch.id
		dws.webform.contact.apva.id
		dws.webform.fixedprice.id
		dws.webform.contact.vo.id
		dws.webform.contact.rpe.id
		personaldata.demanderCode
		gdc.portal.url
		dws.webform.contact.other.id
		dws.webform.contact.vn.id
		dws.webform.generalinfo.id
File properties : renault-dev.properties
	- Properties not found in renault-dev.properties but found in reference file :
		esc.multimedia.deploy.path
		dws.webform.axs.id
		dwsBaseUrl
		dws.webform.tire.id
		eshop.order.payment.default_price
		dws.webform.merch.id
		dws.webform.contact.apva.id
		dws.webform.fixedprice.id
		dws.webform.contact.vo.id
		dws.webform.contact.rpe.id
		esc.multimedia.files.bo.path
		vo.cdn.url
		gdc.portal.url
		dws.webform.contact.vn.id
		esc.multimedia.files.prod.path
		esc.multimedia.publish.preprodhosts
		dws.webform.vn.id
		personaldata.demanderCode
		esc.multimedia.files.preprod.path
		dws.webform.contact.other.id
		vn.pgr.price.method.percentage
		dws.webform.generalinfo.id
		esc.multimedia.publish.prodhosts
File properties : jetty.properties
	- Properties not found in jetty.properties but found in reference file :
		c2g.prodHost
		dws.webform.axs.id
		dwsBaseUrl
		dws.webform.tire.id
		eshop.order.payment.default_price
		dws.webform.merch.id
		dws.webform.contact.apva.id
		dws.webform.contact.vo.id
		dws.webform.contact.rpe.id
		vo.cdn.url
		gdc.portal.url
		dws.webform.contact.vn.id
		topr.lvd.endpoint
		esc.myservice.revisionkeyword
		dws.webform.vn.id
		urlPreprod
		misc.bo.fileupload.path
		dws.webform.contact.other.id
		vn.pgr.price.method.percentage
		dws.webform.generalinfo.id
	File properties cognifide.properties not found.
	File properties vagrant.properties not found.
File properties : web-ren.properties
	- Properties not found in web-ren.properties but found in reference file :
		dws.webform.axs.id
		dws.webform.vn.id
		dwsBaseUrl
		dws.webform.tire.id
		eshop.order.payment.default_price
		dws.webform.merch.id
		dws.webform.contact.apva.id
		dws.webform.fixedprice.id
		dws.webform.contact.vo.id
		dws.webform.contact.rpe.id
		vo.cdn.url
		personaldata.demanderCode
		gdc.portal.url
		dws.webform.contact.other.id
		dws.webform.contact.vn.id
		dws.webform.generalinfo.id
File properties : admin-valid-ren.properties
	+ Properties found in admin-valid-ren.properties but not found in reference file :
		vo.backoffice.log.file.link
		vo.backoffice.csv.file.link
		leadforms.source.folder
	- Properties not found in admin-valid-ren.properties but found in reference file :
		dws.webform.fixedprice.id
		dws.webform.axs.id
		dwsBaseUrl
		personaldata.demanderCode
		dws.webform.tire.id
		dws.webform.generalinfo.id
		dws.webform.merch.id
File properties : cruisecontrol.properties
------- renault-master VS. renault-fr -------
File properties : web-valid-ren.properties
	- Properties not found in web-valid-ren.properties but found in reference file :
		dws.webform.vn.id
		dwsBaseUrl
		dws.webform.contact.apva.id
		dws.webform.fixedprice.id
		dws.webform.contact.vo.id
		dws.webform.contact.rpe.id
		dws.webform.contact.other.id
		dws.webform.contact.vn.id
File properties : renault-integ.properties
	- Properties not found in renault-integ.properties but found in reference file :
		dwsBaseUrl
		elasticsearch.hosts
		dws.webform.contact.apva.id
		dws.webform.fixedprice.id
		dws.webform.contact.vo.id
		dws.webform.contact.rpe.id
		dws.webform.contact.vn.id
		dws.webform.vn.id
		dws.webform.contact.other.id
File properties : preprod-ren.properties
	- Properties not found in preprod-ren.properties but found in reference file :
		dws.webform.vn.id
		dwsBaseUrl
		dws.webform.contact.apva.id
		dws.webform.fixedprice.id
		dws.webform.contact.vo.id
		dws.webform.contact.rpe.id
		dws.webform.contact.other.id
		dws.webform.contact.vn.id
File properties : preprod-valid-ren.properties
	- Properties not found in preprod-valid-ren.properties but found in reference file :
		dws.webform.vn.id
		dwsBaseUrl
		dws.webform.contact.apva.id
		dws.webform.fixedprice.id
		dws.webform.contact.vo.id
		dws.webform.contact.rpe.id
		dws.webform.contact.other.id
		dws.webform.contact.vn.id
File properties : renault-dev.properties
	- Properties not found in renault-dev.properties but found in reference file :
		dwsBaseUrl
		dws.webform.contact.apva.id
		dws.webform.fixedprice.id
		dws.webform.contact.vo.id
		dws.webform.contact.rpe.id
		dws.webform.contact.vn.id
		dws.webform.vn.id
		dws.webform.contact.other.id
File properties : jetty.properties
	- Properties not found in jetty.properties but found in reference file :
		dwsBaseUrl
		dws.webform.contact.apva.id
		dws.webform.contact.vo.id
		dws.webform.contact.rpe.id
		dws.webform.contact.vn.id
		topr.lvd.endpoint
		dws.webform.vn.id
		urlPreprod
		catalina.base
		dws.webform.contact.other.id
	File properties cognifide.properties not found.
	File properties vagrant.properties not found.
File properties : web-ren.properties
	- Properties not found in web-ren.properties but found in reference file :
		dws.webform.vn.id
		dwsBaseUrl
		dws.webform.contact.apva.id
		dws.webform.fixedprice.id
		dws.webform.contact.vo.id
		dws.webform.contact.rpe.id
		dws.webform.contact.other.id
		dws.webform.contact.vn.id
File properties : admin-valid-ren.properties
	- Properties not found in admin-valid-ren.properties but found in reference file :
		dws.webform.fixedprice.id
		dwsBaseUrl
File properties : cruisecontrol.properties
------- renault-multimedia VS. renault-fr -------
File properties : web-valid-ren.properties
	- Properties not found in web-valid-ren.properties but found in reference file :
		dws.webform.axs.id
		dws.webform.vn.id
		dwsBaseUrl
		dws.webform.tire.id
		eshop.order.payment.default_price
		dws.webform.merch.id
		dws.webform.contact.apva.id
		dws.webform.fixedprice.id
		dws.webform.contact.vo.id
		dws.webform.contact.rpe.id
		personaldata.demanderCode
		gdc.portal.url
		dws.webform.contact.other.id
		dws.webform.contact.vn.id
		front.host
		dws.webform.generalinfo.id
File properties : renault-integ.properties
	- Properties not found in renault-integ.properties but found in reference file :
		esc.multimedia.deploy.path
		dws.webform.axs.id
		dwsBaseUrl
		gsa.service.gsaHost
		dws.webform.tire.id
		eshop.order.payment.default_price
		dws.webform.merch.id
		dws.webform.contact.apva.id
		dws.webform.fixedprice.id
		dws.webform.contact.vo.id
		dws.webform.contact.rpe.id
		esc.multimedia.files.bo.path
		vo.cdn.url
		gdc.portal.url
		dws.webform.contact.vn.id
		esc.multimedia.files.prod.path
		country
		front.host
		gsa.service.gsaPort
		esc.multimedia.publish.preprodhosts
		dws.webform.vn.id
		personaldata.demanderCode
		esc.multimedia.files.preprod.path
		dws.webform.contact.other.id
		dws.webform.generalinfo.id
		esc.multimedia.publish.prodhosts
File properties : preprod-ren.properties
	- Properties not found in preprod-ren.properties but found in reference file :
		dws.webform.axs.id
		dws.webform.vn.id
		dwsBaseUrl
		dws.webform.tire.id
		eshop.order.payment.default_price
		dws.webform.merch.id
		dws.webform.contact.apva.id
		dws.webform.fixedprice.id
		dws.webform.contact.vo.id
		dws.webform.contact.rpe.id
		vo.cdn.url
		personaldata.demanderCode
		gdc.portal.url
		dws.webform.contact.other.id
		dws.webform.contact.vn.id
		front.host
		criteria.display.resultlist.prod
		dws.webform.generalinfo.id
File properties : preprod-valid-ren.properties
	- Properties not found in preprod-valid-ren.properties but found in reference file :
		dws.webform.axs.id
		dws.webform.vn.id
		dwsBaseUrl
		dws.webform.tire.id
		eshop.order.payment.default_price
		dws.webform.merch.id
		dws.webform.contact.apva.id
		dws.webform.fixedprice.id
		dws.webform.contact.vo.id
		dws.webform.contact.rpe.id
		personaldata.demanderCode
		gdc.portal.url
		dws.webform.contact.other.id
		dws.webform.contact.vn.id
		front.host
		dws.webform.generalinfo.id
File properties : renault-dev.properties
	- Properties not found in renault-dev.properties but found in reference file :
		esc.multimedia.deploy.path
		dws.webform.axs.id
		dwsBaseUrl
		gsa.service.gsaHost
		dws.webform.tire.id
		eshop.order.payment.default_price
		dws.webform.merch.id
		dws.webform.contact.apva.id
		dws.webform.fixedprice.id
		dws.webform.contact.vo.id
		dws.webform.contact.rpe.id
		esc.multimedia.files.bo.path
		vo.cdn.url
		gdc.portal.url
		dws.webform.contact.vn.id
		esc.multimedia.files.prod.path
		country
		front.host
		gsa.service.gsaPort
		esc.multimedia.publish.preprodhosts
		dws.webform.vn.id
		personaldata.demanderCode
		esc.multimedia.files.preprod.path
		dws.webform.contact.other.id
		dws.webform.generalinfo.id
		esc.multimedia.publish.prodhosts
File properties : jetty.properties
	- Properties not found in jetty.properties but found in reference file :
		c2g.prodHost
		dws.webform.axs.id
		dwsBaseUrl
		dws.webform.tire.id
		eshop.order.payment.default_price
		dws.webform.merch.id
		dws.webform.contact.apva.id
		dws.webform.contact.vo.id
		dws.webform.contact.rpe.id
		vo.cdn.url
		gdc.portal.url
		dws.webform.contact.vn.id
		topr.lvd.endpoint
		front.host
		c2g.stringClientHandlerPort
		c2g.objectClientHandlerPort
		esc.myservice.revisionkeyword
		dws.webform.vn.id
		urlPreprod
		catalina.base
		misc.bo.fileupload.path
		dws.webform.contact.other.id
		criteria.display.resultlist.prod
		dws.webform.generalinfo.id
	File properties cognifide.properties not found.
	File properties vagrant.properties not found.
File properties : web-ren.properties
	- Properties not found in web-ren.properties but found in reference file :
		dws.webform.axs.id
		dws.webform.vn.id
		dwsBaseUrl
		dws.webform.tire.id
		eshop.order.payment.default_price
		dws.webform.merch.id
		dws.webform.contact.apva.id
		dws.webform.fixedprice.id
		dws.webform.contact.vo.id
		dws.webform.contact.rpe.id
		vo.cdn.url
		personaldata.demanderCode
		gdc.portal.url
		dws.webform.contact.other.id
		dws.webform.contact.vn.id
		front.host
		criteria.display.resultlist.prod
		dws.webform.generalinfo.id
File properties : admin-valid-ren.properties
	- Properties not found in admin-valid-ren.properties but found in reference file :
		dws.webform.fixedprice.id
		dws.webform.axs.id
		dwsBaseUrl
		personaldata.demanderCode
		dws.webform.tire.id
		front.host
		dws.webform.generalinfo.id
		dws.webform.merch.id
File properties : cruisecontrol.properties
------- renault-ua VS. renault-fr -------
File properties : web-valid-ren.properties
	- Properties not found in web-valid-ren.properties but found in reference file :
		dws.webform.axs.id
		dws.webform.vn.id
		dwsBaseUrl
		dws.webform.tire.id
		eshop.order.payment.default_price
		dws.webform.merch.id
		dws.webform.contact.apva.id
		dws.webform.fixedprice.id
		dws.webform.contact.vo.id
		dws.webform.contact.rpe.id
		personaldata.demanderCode
		gdc.portal.url
		dws.webform.contact.other.id
		dws.webform.contact.vn.id
		dws.webform.generalinfo.id
File properties : renault-integ.properties
	- Properties not found in renault-integ.properties but found in reference file :
		esc.multimedia.deploy.path
		dws.webform.axs.id
		dwsBaseUrl
		dws.webform.tire.id
		eshop.order.payment.default_price
		dws.webform.merch.id
		dws.webform.contact.apva.id
		dws.webform.fixedprice.id
		dws.webform.contact.vo.id
		dws.webform.contact.rpe.id
		esc.multimedia.files.bo.path
		vo.cdn.url
		gdc.portal.url
		dws.webform.contact.vn.id
		esc.multimedia.files.prod.path
		esc.multimedia.publish.preprodhosts
		dws.webform.vn.id
		personaldata.demanderCode
		esc.multimedia.files.preprod.path
		dws.webform.contact.other.id
		vn.pgr.price.method.percentage
		dws.webform.generalinfo.id
		esc.multimedia.publish.prodhosts
File properties : preprod-ren.properties
	- Properties not found in preprod-ren.properties but found in reference file :
		dws.webform.axs.id
		dws.webform.vn.id
		dwsBaseUrl
		dws.webform.tire.id
		eshop.order.payment.default_price
		dws.webform.merch.id
		dws.webform.contact.apva.id
		dws.webform.fixedprice.id
		dws.webform.contact.vo.id
		dws.webform.contact.rpe.id
		vo.cdn.url
		personaldata.demanderCode
		gdc.portal.url
		dws.webform.contact.other.id
		dws.webform.contact.vn.id
		dws.webform.generalinfo.id
File properties : preprod-valid-ren.properties
	- Properties not found in preprod-valid-ren.properties but found in reference file :
		dws.webform.axs.id
		dws.webform.vn.id
		dwsBaseUrl
		dws.webform.tire.id
		eshop.order.payment.default_price
		dws.webform.merch.id
		dws.webform.contact.apva.id
		dws.webform.fixedprice.id
		dws.webform.contact.vo.id
		dws.webform.contact.rpe.id
		personaldata.demanderCode
		gdc.portal.url
		dws.webform.contact.other.id
		dws.webform.contact.vn.id
		dws.webform.generalinfo.id
File properties : renault-dev.properties
	- Properties not found in renault-dev.properties but found in reference file :
		esc.multimedia.deploy.path
		dws.webform.axs.id
		dwsBaseUrl
		dws.webform.tire.id
		eshop.order.payment.default_price
		dws.webform.merch.id
		dws.webform.contact.apva.id
		dws.webform.fixedprice.id
		dws.webform.contact.vo.id
		dws.webform.contact.rpe.id
		esc.multimedia.files.bo.path
		vo.cdn.url
		gdc.portal.url
		dws.webform.contact.vn.id
		esc.multimedia.files.prod.path
		esc.multimedia.publish.preprodhosts
		dws.webform.vn.id
		personaldata.demanderCode
		esc.multimedia.files.preprod.path
		dws.webform.contact.other.id
		vn.pgr.price.method.percentage
		dws.webform.generalinfo.id
		esc.multimedia.publish.prodhosts
File properties : jetty.properties
	- Properties not found in jetty.properties but found in reference file :
		c2g.prodHost
		dws.webform.axs.id
		dwsBaseUrl
		dws.webform.tire.id
		eshop.order.payment.default_price
		dws.webform.merch.id
		dws.webform.contact.apva.id
		dws.webform.contact.vo.id
		dws.webform.contact.rpe.id
		vo.cdn.url
		gdc.portal.url
		dws.webform.contact.vn.id
		topr.lvd.endpoint
		esc.myservice.revisionkeyword
		dws.webform.vn.id
		urlPreprod
		misc.bo.fileupload.path
		dws.webform.contact.other.id
		vn.pgr.price.method.percentage
		dws.webform.generalinfo.id
	File properties cognifide.properties not found.
	File properties vagrant.properties not found.
File properties : web-ren.properties
	- Properties not found in web-ren.properties but found in reference file :
		dws.webform.axs.id
		dws.webform.vn.id
		dwsBaseUrl
		dws.webform.tire.id
		eshop.order.payment.default_price
		dws.webform.merch.id
		dws.webform.contact.apva.id
		dws.webform.fixedprice.id
		dws.webform.contact.vo.id
		dws.webform.contact.rpe.id
		vo.cdn.url
		personaldata.demanderCode
		gdc.portal.url
		dws.webform.contact.other.id
		dws.webform.contact.vn.id
		dws.webform.generalinfo.id
File properties : admin-valid-ren.properties
	- Properties not found in admin-valid-ren.properties but found in reference file :
		dws.webform.fixedprice.id
		dws.webform.axs.id
		dwsBaseUrl
		personaldata.demanderCode
		dws.webform.tire.id
		dws.webform.generalinfo.id
		dws.webform.merch.id
File properties : cruisecontrol.properties
------- renault-pl VS. renault-fr -------
File properties : web-valid-ren.properties
	- Properties not found in web-valid-ren.properties but found in reference file :
		dws.webform.axs.id
		dws.webform.vn.id
		dwsBaseUrl
		dws.webform.tire.id
		dws.webform.merch.id
		dws.webform.contact.apva.id
		dws.webform.fixedprice.id
		dws.webform.contact.vo.id
		dws.webform.contact.rpe.id
		dws.webform.contact.other.id
		dws.webform.contact.vn.id
		dws.webform.generalinfo.id
File properties : renault-integ.properties
	- Properties not found in renault-integ.properties but found in reference file :
		dws.webform.axs.id
		dwsBaseUrl
		dws.webform.tire.id
		dws.webform.merch.id
		dws.webform.contact.apva.id
		dws.webform.fixedprice.id
		dws.webform.contact.vo.id
		dws.webform.contact.rpe.id
		vo.cdn.url
		dws.webform.contact.vn.id
		dws.webform.vn.id
		dws.webform.contact.other.id
		vn.pgr.price.method.percentage
		dws.webform.generalinfo.id
File properties : preprod-ren.properties
	- Properties not found in preprod-ren.properties but found in reference file :
		dws.webform.axs.id
		dws.webform.vn.id
		dwsBaseUrl
		dws.webform.tire.id
		dws.webform.merch.id
		dws.webform.contact.apva.id
		dws.webform.fixedprice.id
		dws.webform.contact.vo.id
		dws.webform.contact.rpe.id
		vo.cdn.url
		dws.webform.contact.other.id
		dws.webform.contact.vn.id
		dws.webform.generalinfo.id
File properties : preprod-valid-ren.properties
	- Properties not found in preprod-valid-ren.properties but found in reference file :
		dws.webform.axs.id
		dws.webform.vn.id
		dwsBaseUrl
		dws.webform.tire.id
		dws.webform.merch.id
		dws.webform.contact.apva.id
		dws.webform.fixedprice.id
		dws.webform.contact.vo.id
		dws.webform.contact.rpe.id
		dws.webform.contact.other.id
		dws.webform.contact.vn.id
		dws.webform.generalinfo.id
File properties : renault-dev.properties
	- Properties not found in renault-dev.properties but found in reference file :
		dws.webform.axs.id
		dwsBaseUrl
		dws.webform.tire.id
		dws.webform.merch.id
		dws.webform.contact.apva.id
		dws.webform.fixedprice.id
		dws.webform.contact.vo.id
		dws.webform.contact.rpe.id
		vo.cdn.url
		dws.webform.contact.vn.id
		dws.webform.vn.id
		dws.webform.contact.other.id
		vn.pgr.price.method.percentage
		dws.webform.generalinfo.id
File properties : jetty.properties
	- Properties not found in jetty.properties but found in reference file :
		c2g.prodHost
		dws.webform.axs.id
		dwsBaseUrl
		dws.webform.tire.id
		dws.webform.merch.id
		dws.webform.contact.apva.id
		dws.webform.contact.vo.id
		dws.webform.contact.rpe.id
		vo.cdn.url
		dws.webform.contact.vn.id
		topr.lvd.endpoint
		dws.webform.vn.id
		urlPreprod
		misc.bo.fileupload.path
		dws.webform.contact.other.id
		vn.pgr.price.method.percentage
		dws.webform.generalinfo.id
	File properties cognifide.properties not found.
	File properties vagrant.properties not found.
File properties : web-ren.properties
	- Properties not found in web-ren.properties but found in reference file :
		dws.webform.axs.id
		dws.webform.vn.id
		dwsBaseUrl
		dws.webform.tire.id
		dws.webform.merch.id
		dws.webform.contact.apva.id
		dws.webform.fixedprice.id
		dws.webform.contact.vo.id
		dws.webform.contact.rpe.id
		vo.cdn.url
		dws.webform.contact.other.id
		dws.webform.contact.vn.id
		dws.webform.generalinfo.id
File properties : admin-valid-ren.properties
	- Properties not found in admin-valid-ren.properties but found in reference file :
		dws.webform.fixedprice.id
		dws.webform.axs.id
		dwsBaseUrl
		dws.webform.tire.id
		dws.webform.generalinfo.id
		dws.webform.merch.id
File properties : cruisecontrol.properties
------- renault-cz VS. renault-fr -------
File properties : web-valid-ren.properties
	- Properties not found in web-valid-ren.properties but found in reference file :
		dws.webform.axs.id
		dws.webform.vn.id
		dwsBaseUrl
		dws.webform.tire.id
		eshop.order.payment.default_price
		dws.webform.merch.id
		dws.webform.contact.apva.id
		dws.webform.fixedprice.id
		dws.webform.contact.vo.id
		dws.webform.contact.rpe.id
		personaldata.demanderCode
		gdc.portal.url
		dws.webform.contact.other.id
		dws.webform.contact.vn.id
		dws.webform.generalinfo.id
File properties : renault-integ.properties
	- Properties not found in renault-integ.properties but found in reference file :
		esc.multimedia.deploy.path
		dws.webform.axs.id
		dwsBaseUrl
		dws.webform.tire.id
		eshop.order.payment.default_price
		dws.webform.merch.id
		dws.webform.contact.apva.id
		dws.webform.fixedprice.id
		dws.webform.contact.vo.id
		dws.webform.contact.rpe.id
		esc.multimedia.files.bo.path
		vo.cdn.url
		gdc.portal.url
		dws.webform.contact.vn.id
		esc.multimedia.files.prod.path
		esc.multimedia.publish.preprodhosts
		dws.webform.vn.id
		personaldata.demanderCode
		esc.multimedia.files.preprod.path
		dws.webform.contact.other.id
		vn.pgr.price.method.percentage
		dws.webform.generalinfo.id
		esc.multimedia.publish.prodhosts
File properties : preprod-ren.properties
	- Properties not found in preprod-ren.properties but found in reference file :
		dws.webform.axs.id
		dws.webform.vn.id
		dwsBaseUrl
		dws.webform.tire.id
		eshop.order.payment.default_price
		dws.webform.merch.id
		dws.webform.contact.apva.id
		dws.webform.fixedprice.id
		dws.webform.contact.vo.id
		dws.webform.contact.rpe.id
		vo.cdn.url
		personaldata.demanderCode
		gdc.portal.url
		dws.webform.contact.other.id
		dws.webform.contact.vn.id
		dws.webform.generalinfo.id
File properties : preprod-valid-ren.properties
	- Properties not found in preprod-valid-ren.properties but found in reference file :
		dws.webform.axs.id
		dws.webform.vn.id
		dwsBaseUrl
		dws.webform.tire.id
		eshop.order.payment.default_price
		dws.webform.merch.id
		dws.webform.contact.apva.id
		dws.webform.fixedprice.id
		dws.webform.contact.vo.id
		dws.webform.contact.rpe.id
		personaldata.demanderCode
		gdc.portal.url
		dws.webform.contact.other.id
		dws.webform.contact.vn.id
		dws.webform.generalinfo.id
File properties : renault-dev.properties
	- Properties not found in renault-dev.properties but found in reference file :
		esc.multimedia.deploy.path
		dws.webform.axs.id
		dwsBaseUrl
		dws.webform.tire.id
		eshop.order.payment.default_price
		dws.webform.merch.id
		dws.webform.contact.apva.id
		dws.webform.fixedprice.id
		dws.webform.contact.vo.id
		dws.webform.contact.rpe.id
		esc.multimedia.files.bo.path
		vo.cdn.url
		gdc.portal.url
		dws.webform.contact.vn.id
		esc.multimedia.files.prod.path
		esc.multimedia.publish.preprodhosts
		dws.webform.vn.id
		personaldata.demanderCode
		esc.multimedia.files.preprod.path
		dws.webform.contact.other.id
		vn.pgr.price.method.percentage
		dws.webform.generalinfo.id
		esc.multimedia.publish.prodhosts
File properties : jetty.properties
	- Properties not found in jetty.properties but found in reference file :
		c2g.prodHost
		dws.webform.axs.id
		dwsBaseUrl
		dws.webform.tire.id
		eshop.order.payment.default_price
		dws.webform.merch.id
		dws.webform.contact.apva.id
		dws.webform.contact.vo.id
		dws.webform.contact.rpe.id
		vo.cdn.url
		gdc.portal.url
		dws.webform.contact.vn.id
		topr.lvd.endpoint
		esc.myservice.revisionkeyword
		dws.webform.vn.id
		urlPreprod
		misc.bo.fileupload.path
		dws.webform.contact.other.id
		vn.pgr.price.method.percentage
		dws.webform.generalinfo.id
	File properties cognifide.properties not found.
	File properties vagrant.properties not found.
File properties : web-ren.properties
	- Properties not found in web-ren.properties but found in reference file :
		dws.webform.axs.id
		dws.webform.vn.id
		dwsBaseUrl
		dws.webform.tire.id
		eshop.order.payment.default_price
		dws.webform.merch.id
		dws.webform.contact.apva.id
		dws.webform.fixedprice.id
		dws.webform.contact.vo.id
		dws.webform.contact.rpe.id
		vo.cdn.url
		personaldata.demanderCode
		gdc.portal.url
		dws.webform.contact.other.id
		dws.webform.contact.vn.id
		dws.webform.generalinfo.id
File properties : admin-valid-ren.properties
	- Properties not found in admin-valid-ren.properties but found in reference file :
		dws.webform.fixedprice.id
		dws.webform.axs.id
		dwsBaseUrl
		personaldata.demanderCode
		dws.webform.tire.id
		dws.webform.generalinfo.id
		dws.webform.merch.id
File properties : cruisecontrol.properties
------- renault-ro VS. renault-fr -------
File properties : web-valid-ren.properties
File properties : renault-integ.properties
	- Properties not found in renault-integ.properties but found in reference file :
		vn.pgr.price.method.percentage
File properties : preprod-ren.properties
File properties : preprod-valid-ren.properties
File properties : renault-dev.properties
	- Properties not found in renault-dev.properties but found in reference file :
		vn.pgr.price.method.percentage
File properties : jetty.properties
	+ Properties found in jetty.properties but not found in reference file :
		docbase
	- Properties not found in jetty.properties but found in reference file :
		c2g.prodHost
		topr.lvd.endpoint
		urlPreprod
		misc.bo.fileupload.path
		vn.pgr.price.method.percentage
	File properties cognifide.properties not found.
	File properties vagrant.properties not found.
File properties : web-ren.properties
File properties : admin-valid-ren.properties
File properties : cruisecontrol.properties
------- renault-it VS. renault-fr -------
File properties : web-valid-ren.properties
	- Properties not found in web-valid-ren.properties but found in reference file :
		dws.webform.axs.id
		dws.webform.vn.id
		dwsBaseUrl
		dws.webform.tire.id
		dws.webform.merch.id
		dws.webform.contact.apva.id
		dws.webform.fixedprice.id
		dws.webform.contact.vo.id
		dws.webform.contact.rpe.id
		dws.webform.contact.other.id
		dws.webform.contact.vn.id
		dws.webform.generalinfo.id
File properties : renault-integ.properties
	- Properties not found in renault-integ.properties but found in reference file :
		dws.webform.axs.id
		dwsBaseUrl
		dws.webform.tire.id
		dws.webform.merch.id
		dws.webform.contact.apva.id
		dws.webform.fixedprice.id
		dws.webform.contact.vo.id
		dws.webform.contact.rpe.id
		vo.cdn.url
		dws.webform.contact.vn.id
		dws.webform.vn.id
		dws.webform.contact.other.id
		vn.pgr.price.method.percentage
		dws.webform.generalinfo.id
File properties : preprod-ren.properties
	- Properties not found in preprod-ren.properties but found in reference file :
		dws.webform.axs.id
		dws.webform.vn.id
		dwsBaseUrl
		dws.webform.tire.id
		dws.webform.merch.id
		dws.webform.contact.apva.id
		dws.webform.fixedprice.id
		dws.webform.contact.vo.id
		dws.webform.contact.rpe.id
		vo.cdn.url
		dws.webform.contact.other.id
		dws.webform.contact.vn.id
		dws.webform.generalinfo.id
File properties : preprod-valid-ren.properties
	- Properties not found in preprod-valid-ren.properties but found in reference file :
		dws.webform.axs.id
		dws.webform.vn.id
		dwsBaseUrl
		dws.webform.tire.id
		dws.webform.merch.id
		dws.webform.contact.apva.id
		dws.webform.fixedprice.id
		dws.webform.contact.vo.id
		dws.webform.contact.rpe.id
		dws.webform.contact.other.id
		dws.webform.contact.vn.id
		dws.webform.generalinfo.id
File properties : renault-dev.properties
	- Properties not found in renault-dev.properties but found in reference file :
		dws.webform.axs.id
		dwsBaseUrl
		dws.webform.tire.id
		dws.webform.merch.id
		dws.webform.contact.apva.id
		dws.webform.fixedprice.id
		dws.webform.contact.vo.id
		dws.webform.contact.rpe.id
		vo.cdn.url
		dws.webform.contact.vn.id
		dws.webform.vn.id
		dws.webform.contact.other.id
		vn.pgr.price.method.percentage
		dws.webform.generalinfo.id
File properties : jetty.properties
	- Properties not found in jetty.properties but found in reference file :
		c2g.prodHost
		dws.webform.axs.id
		dwsBaseUrl
		dws.webform.tire.id
		dws.webform.merch.id
		dws.webform.contact.apva.id
		dws.webform.contact.vo.id
		dws.webform.contact.rpe.id
		vo.cdn.url
		dws.webform.contact.vn.id
		topr.lvd.endpoint
		dws.webform.vn.id
		urlPreprod
		misc.bo.fileupload.path
		dws.webform.contact.other.id
		vn.pgr.price.method.percentage
		criteria.display.resultlist.prod
		dws.webform.generalinfo.id
	File properties cognifide.properties not found.
	File properties vagrant.properties not found.
File properties : web-ren.properties
	- Properties not found in web-ren.properties but found in reference file :
		dws.webform.axs.id
		dws.webform.vn.id
		dwsBaseUrl
		dws.webform.tire.id
		dws.webform.merch.id
		dws.webform.contact.apva.id
		dws.webform.fixedprice.id
		dws.webform.contact.vo.id
		dws.webform.contact.rpe.id
		vo.cdn.url
		dws.webform.contact.other.id
		dws.webform.contact.vn.id
		criteria.display.resultlist.prod
		dws.webform.generalinfo.id
File properties : admin-valid-ren.properties
	- Properties not found in admin-valid-ren.properties but found in reference file :
		dws.webform.fixedprice.id
		dws.webform.axs.id
		dwsBaseUrl
		dws.webform.tire.id
		dws.webform.generalinfo.id
		dws.webform.merch.id
File properties : cruisecontrol.properties
------- renault-lu VS. renault-fr -------
File properties : web-valid-ren.properties
	- Properties not found in web-valid-ren.properties but found in reference file :
		dws.webform.axs.id
		dws.webform.vn.id
		dwsBaseUrl
		dws.webform.tire.id
		eshop.order.payment.default_price
		dws.webform.merch.id
		dws.webform.contact.apva.id
		dws.webform.fixedprice.id
		dws.webform.contact.vo.id
		dws.webform.contact.rpe.id
		personaldata.demanderCode
		gdc.portal.url
		dws.webform.contact.other.id
		dws.webform.contact.vn.id
		dws.webform.generalinfo.id
File properties : renault-integ.properties
	- Properties not found in renault-integ.properties but found in reference file :
		esc.multimedia.deploy.path
		dws.webform.axs.id
		dwsBaseUrl
		dws.webform.tire.id
		eshop.order.payment.default_price
		dws.webform.merch.id
		dws.webform.contact.apva.id
		dws.webform.fixedprice.id
		dws.webform.contact.vo.id
		dws.webform.contact.rpe.id
		esc.multimedia.files.bo.path
		vo.cdn.url
		gdc.portal.url
		dws.webform.contact.vn.id
		esc.multimedia.files.prod.path
		esc.multimedia.publish.preprodhosts
		dws.webform.vn.id
		personaldata.demanderCode
		esc.multimedia.files.preprod.path
		dws.webform.contact.other.id
		vn.pgr.price.method.percentage
		dws.webform.generalinfo.id
		esc.multimedia.publish.prodhosts
File properties : preprod-ren.properties
	- Properties not found in preprod-ren.properties but found in reference file :
		dws.webform.axs.id
		dws.webform.vn.id
		dwsBaseUrl
		dws.webform.tire.id
		eshop.order.payment.default_price
		dws.webform.merch.id
		dws.webform.contact.apva.id
		dws.webform.fixedprice.id
		dws.webform.contact.vo.id
		dws.webform.contact.rpe.id
		vo.cdn.url
		personaldata.demanderCode
		gdc.portal.url
		dws.webform.contact.other.id
		dws.webform.contact.vn.id
		dws.webform.generalinfo.id
File properties : preprod-valid-ren.properties
	- Properties not found in preprod-valid-ren.properties but found in reference file :
		dws.webform.axs.id
		dws.webform.vn.id
		dwsBaseUrl
		dws.webform.tire.id
		eshop.order.payment.default_price
		dws.webform.merch.id
		dws.webform.contact.apva.id
		dws.webform.fixedprice.id
		dws.webform.contact.vo.id
		dws.webform.contact.rpe.id
		personaldata.demanderCode
		gdc.portal.url
		dws.webform.contact.other.id
		dws.webform.contact.vn.id
		dws.webform.generalinfo.id
File properties : renault-dev.properties
	- Properties not found in renault-dev.properties but found in reference file :
		esc.multimedia.deploy.path
		dws.webform.axs.id
		dwsBaseUrl
		dws.webform.tire.id
		eshop.order.payment.default_price
		dws.webform.merch.id
		dws.webform.contact.apva.id
		dws.webform.fixedprice.id
		dws.webform.contact.vo.id
		dws.webform.contact.rpe.id
		esc.multimedia.files.bo.path
		vo.cdn.url
		gdc.portal.url
		dws.webform.contact.vn.id
		esc.multimedia.files.prod.path
		esc.multimedia.publish.preprodhosts
		dws.webform.vn.id
		personaldata.demanderCode
		esc.multimedia.files.preprod.path
		dws.webform.contact.other.id
		vn.pgr.price.method.percentage
		dws.webform.generalinfo.id
		esc.multimedia.publish.prodhosts
File properties : jetty.properties
	- Properties not found in jetty.properties but found in reference file :
		c2g.prodHost
		dws.webform.axs.id
		dwsBaseUrl
		dws.webform.tire.id
		eshop.order.payment.default_price
		dws.webform.merch.id
		dws.webform.contact.apva.id
		dws.webform.contact.vo.id
		dws.webform.contact.rpe.id
		vo.cdn.url
		gdc.portal.url
		dws.webform.contact.vn.id
		topr.lvd.endpoint
		esc.myservice.revisionkeyword
		dws.webform.vn.id
		urlPreprod
		misc.bo.fileupload.path
		dws.webform.contact.other.id
		vn.pgr.price.method.percentage
		dws.webform.generalinfo.id
	File properties cognifide.properties not found.
	File properties vagrant.properties not found.
File properties : web-ren.properties
	- Properties not found in web-ren.properties but found in reference file :
		dws.webform.axs.id
		dws.webform.vn.id
		dwsBaseUrl
		dws.webform.tire.id
		eshop.order.payment.default_price
		dws.webform.merch.id
		dws.webform.contact.apva.id
		dws.webform.fixedprice.id
		dws.webform.contact.vo.id
		dws.webform.contact.rpe.id
		vo.cdn.url
		personaldata.demanderCode
		gdc.portal.url
		dws.webform.contact.other.id
		dws.webform.contact.vn.id
		dws.webform.generalinfo.id
File properties : admin-valid-ren.properties
	- Properties not found in admin-valid-ren.properties but found in reference file :
		dws.webform.fixedprice.id
		dws.webform.axs.id
		dwsBaseUrl
		personaldata.demanderCode
		dws.webform.tire.id
		dws.webform.generalinfo.id
		dws.webform.merch.id
File properties : cruisecontrol.properties
------- renault-central VS. renault-fr -------
	File properties web-valid-ren.properties not found.
File properties : renault-integ.properties
	- Properties not found in renault-integ.properties but found in reference file :
		esc.multimedia.deploy.path
		dws.webform.axs.id
		dwsBaseUrl
		dws.webform.tire.id
		eshop.order.payment.default_price
		dws.webform.merch.id
		dws.webform.contact.apva.id
		dws.webform.fixedprice.id
		dws.webform.contact.vo.id
		dws.webform.contact.rpe.id
		esc.multimedia.files.bo.path
		vo.cdn.url
		gdc.portal.url
		dws.webform.contact.vn.id
		esc.multimedia.files.prod.path
		esc.multimedia.publish.preprodhosts
		dws.webform.vn.id
		personaldata.demanderCode
		esc.multimedia.files.preprod.path
		dws.webform.contact.other.id
		dws.webform.generalinfo.id
		esc.multimedia.publish.prodhosts
File properties : preprod-ren.properties
	- Properties not found in preprod-ren.properties but found in reference file :
		dws.webform.axs.id
		dws.webform.vn.id
		dwsBaseUrl
		dws.webform.tire.id
		eshop.order.payment.default_price
		dws.webform.merch.id
		dws.webform.contact.apva.id
		dws.webform.fixedprice.id
		dws.webform.contact.vo.id
		dws.webform.contact.rpe.id
		vo.cdn.url
		personaldata.demanderCode
		gdc.portal.url
		dws.webform.contact.other.id
		dws.webform.contact.vn.id
		dws.webform.generalinfo.id
File properties : preprod-valid-ren.properties
	- Properties not found in preprod-valid-ren.properties but found in reference file :
		dws.webform.axs.id
		dws.webform.vn.id
		dwsBaseUrl
		dws.webform.tire.id
		eshop.order.payment.default_price
		dws.webform.merch.id
		dws.webform.contact.apva.id
		dws.webform.fixedprice.id
		dws.webform.contact.vo.id
		dws.webform.contact.rpe.id
		personaldata.demanderCode
		gdc.portal.url
		dws.webform.contact.other.id
		dws.webform.contact.vn.id
		dws.webform.generalinfo.id
File properties : renault-dev.properties
	- Properties not found in renault-dev.properties but found in reference file :
		esc.multimedia.deploy.path
		dws.webform.axs.id
		dwsBaseUrl
		dws.webform.tire.id
		eshop.order.payment.default_price
		dws.webform.merch.id
		dws.webform.contact.apva.id
		dws.webform.fixedprice.id
		dws.webform.contact.vo.id
		dws.webform.contact.rpe.id
		esc.multimedia.files.bo.path
		vo.cdn.url
		gdc.portal.url
		dws.webform.contact.vn.id
		esc.multimedia.files.prod.path
		esc.multimedia.publish.preprodhosts
		dws.webform.vn.id
		personaldata.demanderCode
		esc.multimedia.files.preprod.path
		dws.webform.contact.other.id
		dws.webform.generalinfo.id
		esc.multimedia.publish.prodhosts
File properties : jetty.properties
	- Properties not found in jetty.properties but found in reference file :
		c2g.prodHost
		dws.webform.axs.id
		dwsBaseUrl
		dws.webform.tire.id
		eshop.order.payment.default_price
		dws.webform.merch.id
		dws.webform.contact.apva.id
		dws.webform.contact.vo.id
		dws.webform.contact.rpe.id
		vo.cdn.url
		gdc.portal.url
		dws.webform.contact.vn.id
		topr.lvd.endpoint
		esc.myservice.revisionkeyword
		dws.webform.vn.id
		urlPreprod
		misc.bo.fileupload.path
		dws.webform.contact.other.id
		dws.webform.generalinfo.id
	File properties cognifide.properties not found.
	File properties vagrant.properties not found.
	File properties web-ren.properties not found.
File properties : admin-valid-ren.properties
	- Properties not found in admin-valid-ren.properties but found in reference file :
		dws.webform.fixedprice.id
		dws.webform.axs.id
		dwsBaseUrl
		personaldata.demanderCode
		dws.webform.tire.id
		dws.webform.generalinfo.id
		dws.webform.merch.id
File properties : cruisecontrol.properties
------- renault-at VS. renault-fr -------
File properties : web-valid-ren.properties
	- Properties not found in web-valid-ren.properties but found in reference file :
		dws.webform.axs.id
		dws.webform.vn.id
		dwsBaseUrl
		dws.webform.tire.id
		eshop.order.payment.default_price
		dws.webform.merch.id
		dws.webform.contact.apva.id
		dws.webform.fixedprice.id
		dws.webform.contact.vo.id
		dws.webform.contact.rpe.id
		personaldata.demanderCode
		gdc.portal.url
		dws.webform.contact.other.id
		dws.webform.contact.vn.id
		dws.webform.generalinfo.id
File properties : renault-integ.properties
	- Properties not found in renault-integ.properties but found in reference file :
		esc.multimedia.deploy.path
		dws.webform.axs.id
		dwsBaseUrl
		dws.webform.tire.id
		eshop.order.payment.default_price
		dws.webform.merch.id
		dws.webform.contact.apva.id
		dws.webform.fixedprice.id
		dws.webform.contact.vo.id
		dws.webform.contact.rpe.id
		esc.multimedia.files.bo.path
		vo.cdn.url
		gdc.portal.url
		dws.webform.contact.vn.id
		esc.multimedia.files.prod.path
		esc.multimedia.publish.preprodhosts
		dws.webform.vn.id
		personaldata.demanderCode
		esc.multimedia.files.preprod.path
		dws.webform.contact.other.id
		vn.pgr.price.method.percentage
		dws.webform.generalinfo.id
		esc.multimedia.publish.prodhosts
File properties : preprod-ren.properties
	- Properties not found in preprod-ren.properties but found in reference file :
		dws.webform.axs.id
		dws.webform.vn.id
		dwsBaseUrl
		dws.webform.tire.id
		eshop.order.payment.default_price
		dws.webform.merch.id
		dws.webform.contact.apva.id
		dws.webform.fixedprice.id
		dws.webform.contact.vo.id
		dws.webform.contact.rpe.id
		vo.cdn.url
		personaldata.demanderCode
		gdc.portal.url
		dws.webform.contact.other.id
		dws.webform.contact.vn.id
		dws.webform.generalinfo.id
File properties : preprod-valid-ren.properties
	- Properties not found in preprod-valid-ren.properties but found in reference file :
		dws.webform.axs.id
		dws.webform.vn.id
		dwsBaseUrl
		dws.webform.tire.id
		eshop.order.payment.default_price
		dws.webform.merch.id
		dws.webform.contact.apva.id
		dws.webform.fixedprice.id
		dws.webform.contact.vo.id
		dws.webform.contact.rpe.id
		personaldata.demanderCode
		gdc.portal.url
		dws.webform.contact.other.id
		dws.webform.contact.vn.id
		dws.webform.generalinfo.id
File properties : renault-dev.properties
	- Properties not found in renault-dev.properties but found in reference file :
		esc.multimedia.deploy.path
		dws.webform.axs.id
		dwsBaseUrl
		dws.webform.tire.id
		eshop.order.payment.default_price
		dws.webform.merch.id
		dws.webform.contact.apva.id
		dws.webform.fixedprice.id
		dws.webform.contact.vo.id
		dws.webform.contact.rpe.id
		esc.multimedia.files.bo.path
		vo.cdn.url
		gdc.portal.url
		dws.webform.contact.vn.id
		esc.multimedia.files.prod.path
		esc.multimedia.publish.preprodhosts
		dws.webform.vn.id
		personaldata.demanderCode
		esc.multimedia.files.preprod.path
		dws.webform.contact.other.id
		vn.pgr.price.method.percentage
		dws.webform.generalinfo.id
		esc.multimedia.publish.prodhosts
File properties : jetty.properties
	- Properties not found in jetty.properties but found in reference file :
		c2g.prodHost
		dws.webform.axs.id
		dwsBaseUrl
		dws.webform.tire.id
		eshop.order.payment.default_price
		dws.webform.merch.id
		dws.webform.contact.apva.id
		dws.webform.contact.vo.id
		dws.webform.contact.rpe.id
		vo.cdn.url
		gdc.portal.url
		dws.webform.contact.vn.id
		topr.lvd.endpoint
		esc.myservice.revisionkeyword
		dws.webform.vn.id
		urlPreprod
		misc.bo.fileupload.path
		dws.webform.contact.other.id
		vn.pgr.price.method.percentage
		dws.webform.generalinfo.id
	File properties cognifide.properties not found.
	File properties vagrant.properties not found.
File properties : web-ren.properties
	- Properties not found in web-ren.properties but found in reference file :
		dws.webform.axs.id
		dws.webform.vn.id
		dwsBaseUrl
		dws.webform.tire.id
		eshop.order.payment.default_price
		dws.webform.merch.id
		dws.webform.contact.apva.id
		dws.webform.fixedprice.id
		dws.webform.contact.vo.id
		dws.webform.contact.rpe.id
		vo.cdn.url
		personaldata.demanderCode
		gdc.portal.url
		dws.webform.contact.other.id
		dws.webform.contact.vn.id
		dws.webform.generalinfo.id
File properties : admin-valid-ren.properties
	- Properties not found in admin-valid-ren.properties but found in reference file :
		dws.webform.fixedprice.id
		dws.webform.axs.id
		dwsBaseUrl
		personaldata.demanderCode
		dws.webform.tire.id
		dws.webform.generalinfo.id
		dws.webform.merch.id
File properties : cruisecontrol.properties
------- renault-esc-portal VS. renault-fr -------
File properties : web-valid-ren.properties
	+ Properties found in web-valid-ren.properties but not found in reference file :
		profile
	- Properties not found in web-valid-ren.properties but found in reference file :
		dws.webform.axs.id
		dws.webform.vn.id
		dwsBaseUrl
		gsa.service.gsaHost
		dws.webform.tire.id
		eshop.order.payment.default_price
		baseUrl
		dws.webform.merch.id
		dws.webform.contact.apva.id
		dws.webform.fixedprice.id
		dws.webform.contact.vo.id
		dws.webform.contact.rpe.id
		personaldata.demanderCode
		gdc.portal.url
		dws.webform.contact.other.id
		dws.webform.contact.vn.id
		c2g.host
		front.host
		gsa.service.gsaPort
		c2g.stringClientHandlerPort
		dws.webform.generalinfo.id
		c2g.objectClientHandlerPort
	File properties renault-integ.properties not found.
File properties : preprod-ren.properties
	+ Properties found in preprod-ren.properties but not found in reference file :
		profile
	- Properties not found in preprod-ren.properties but found in reference file :
		dws.webform.axs.id
		dws.webform.vn.id
		dwsBaseUrl
		dws.webform.tire.id
		eshop.order.payment.default_price
		baseUrl
		dws.webform.merch.id
		dws.webform.contact.apva.id
		datapower.vegasContractUrl
		platform
		dws.webform.fixedprice.id
		dws.webform.contact.vo.id
		dws.webform.contact.rpe.id
		vo.cdn.url
		personaldata.demanderCode
		gdc.portal.url
		dws.webform.contact.other.id
		dws.webform.contact.vn.id
		c2g.host
		front.host
		criteria.display.resultlist.prod
		c2g.stringClientHandlerPort
		dws.webform.generalinfo.id
		c2g.objectClientHandlerPort
File properties : preprod-valid-ren.properties
	+ Properties found in preprod-valid-ren.properties but not found in reference file :
		profile
	- Properties not found in preprod-valid-ren.properties but found in reference file :
		dws.webform.axs.id
		dws.webform.vn.id
		dwsBaseUrl
		gsa.service.gsaHost
		dws.webform.tire.id
		eshop.order.payment.default_price
		baseUrl
		dws.webform.merch.id
		dws.webform.contact.apva.id
		platform
		dws.webform.fixedprice.id
		dws.webform.contact.vo.id
		dws.webform.contact.rpe.id
		personaldata.demanderCode
		gdc.portal.url
		dws.webform.contact.other.id
		dws.webform.contact.vn.id
		c2g.host
		front.host
		gsa.service.gsaPort
		c2g.stringClientHandlerPort
		dws.webform.generalinfo.id
		c2g.objectClientHandlerPort
File properties : renault-dev.properties
	+ Properties found in renault-dev.properties but not found in reference file :
		profile
	- Properties not found in renault-dev.properties but found in reference file :
		esc.multimedia.deploy.path
		dws.webform.axs.id
		dwsBaseUrl
		gsa.service.gsaHost
		dws.webform.tire.id
		eshop.order.payment.default_price
		baseUrl
		dws.webform.merch.id
		dws.webform.contact.apva.id
		dws.webform.fixedprice.id
		dws.webform.contact.vo.id
		dws.webform.contact.rpe.id
		esc.multimedia.files.bo.path
		vo.cdn.url
		gdc.portal.url
		dws.webform.contact.vn.id
		esc.multimedia.files.prod.path
		country
		front.host
		gsa.service.gsaPort
		esc.multimedia.publish.preprodhosts
		dws.webform.vn.id
		personaldata.demanderCode
		esc.multimedia.files.preprod.path
		dws.webform.contact.other.id
		vn.pgr.price.method.percentage
		vo.images.url
		smtp.host
		dws.webform.generalinfo.id
		esc.multimedia.publish.prodhosts
File properties : jetty.properties
	+ Properties found in jetty.properties but not found in reference file :
		profile
	- Properties not found in jetty.properties but found in reference file :
		c2g.prodHost
		dws.webform.axs.id
		dwsBaseUrl
		dws.webform.tire.id
		eshop.order.payment.default_price
		baseUrl
		dws.webform.merch.id
		dws.webform.contact.apva.id
		dws.webform.contact.vo.id
		dws.webform.contact.rpe.id
		vn.configurator.images.rootDir
		c2g.physicalConnectionsNumber
		vo.cdn.url
		gdc.portal.url
		dws.webform.contact.vn.id
		topr.lvd.endpoint
		c2g.backgroundStart
		front.host
		c2g.stringClientHandlerPort
		c2g.objectClientHandlerPort
		esc.myservice.revisionkeyword
		dws.webform.vn.id
		packshot.upload.path
		vn.configurator.images.3D.rootDir
		urlPreprod
		catalina.base
		misc.bo.fileupload.path
		dws.webform.contact.other.id
		vn.pgr.price.method.percentage
		criteria.display.resultlist.prod
		vo.images.url
		smtp.host
		dws.webform.generalinfo.id
		htdocs
	File properties cognifide.properties not found.
	File properties vagrant.properties not found.
File properties : web-ren.properties
	+ Properties found in web-ren.properties but not found in reference file :
		profile
	- Properties not found in web-ren.properties but found in reference file :
		dws.webform.axs.id
		dws.webform.vn.id
		dwsBaseUrl
		dws.webform.tire.id
		eshop.order.payment.default_price
		baseUrl
		dws.webform.merch.id
		dws.webform.contact.apva.id
		datapower.vegasContractUrl
		dws.webform.fixedprice.id
		dws.webform.contact.vo.id
		dws.webform.contact.rpe.id
		c2g.physicalConnectionsNumber
		vo.cdn.url
		personaldata.demanderCode
		gdc.portal.url
		dws.webform.contact.other.id
		dws.webform.contact.vn.id
		c2g.host
		front.host
		criteria.display.resultlist.prod
		dws.webform.generalinfo.id
		c2g.stringClientHandlerPort
		c2g.objectClientHandlerPort
	File properties admin-valid-ren.properties not found.
	File properties cruisecontrol.properties not found.
------- renault-tr VS. renault-fr -------
File properties : web-valid-ren.properties
	- Properties not found in web-valid-ren.properties but found in reference file :
		dws.webform.axs.id
		dws.webform.vn.id
		dwsBaseUrl
		dws.webform.tire.id
		eshop.order.payment.default_price
		dws.webform.merch.id
		dws.webform.contact.apva.id
		dws.webform.fixedprice.id
		dws.webform.contact.vo.id
		dws.webform.contact.rpe.id
		personaldata.demanderCode
		gdc.portal.url
		dws.webform.contact.other.id
		dws.webform.contact.vn.id
		dws.webform.generalinfo.id
File properties : renault-integ.properties
	- Properties not found in renault-integ.properties but found in reference file :
		esc.multimedia.deploy.path
		dws.webform.axs.id
		dwsBaseUrl
		dws.webform.tire.id
		eshop.order.payment.default_price
		dws.webform.merch.id
		dws.webform.contact.apva.id
		dws.webform.fixedprice.id
		dws.webform.contact.vo.id
		dws.webform.contact.rpe.id
		esc.multimedia.files.bo.path
		vo.cdn.url
		gdc.portal.url
		dws.webform.contact.vn.id
		esc.multimedia.files.prod.path
		esc.multimedia.publish.preprodhosts
		dws.webform.vn.id
		personaldata.demanderCode
		esc.multimedia.files.preprod.path
		dws.webform.contact.other.id
		vn.pgr.price.method.percentage
		dws.webform.generalinfo.id
		esc.multimedia.publish.prodhosts
File properties : preprod-ren.properties
	- Properties not found in preprod-ren.properties but found in reference file :
		dws.webform.axs.id
		dws.webform.vn.id
		dwsBaseUrl
		dws.webform.tire.id
		eshop.order.payment.default_price
		dws.webform.merch.id
		dws.webform.contact.apva.id
		dws.webform.fixedprice.id
		dws.webform.contact.vo.id
		dws.webform.contact.rpe.id
		vo.cdn.url
		personaldata.demanderCode
		gdc.portal.url
		dws.webform.contact.other.id
		dws.webform.contact.vn.id
		dws.webform.generalinfo.id
File properties : preprod-valid-ren.properties
	- Properties not found in preprod-valid-ren.properties but found in reference file :
		dws.webform.axs.id
		dws.webform.vn.id
		dwsBaseUrl
		dws.webform.tire.id
		eshop.order.payment.default_price
		dws.webform.merch.id
		dws.webform.contact.apva.id
		dws.webform.fixedprice.id
		dws.webform.contact.vo.id
		dws.webform.contact.rpe.id
		personaldata.demanderCode
		gdc.portal.url
		dws.webform.contact.other.id
		dws.webform.contact.vn.id
		dws.webform.generalinfo.id
File properties : renault-dev.properties
	- Properties not found in renault-dev.properties but found in reference file :
		esc.multimedia.deploy.path
		dws.webform.axs.id
		dwsBaseUrl
		dws.webform.tire.id
		eshop.order.payment.default_price
		dws.webform.merch.id
		dws.webform.contact.apva.id
		dws.webform.fixedprice.id
		dws.webform.contact.vo.id
		dws.webform.contact.rpe.id
		esc.multimedia.files.bo.path
		vo.cdn.url
		gdc.portal.url
		dws.webform.contact.vn.id
		esc.multimedia.files.prod.path
		esc.multimedia.publish.preprodhosts
		dws.webform.vn.id
		personaldata.demanderCode
		esc.multimedia.files.preprod.path
		dws.webform.contact.other.id
		vn.pgr.price.method.percentage
		dws.webform.generalinfo.id
		esc.multimedia.publish.prodhosts
File properties : jetty.properties
	- Properties not found in jetty.properties but found in reference file :
		c2g.prodHost
		dws.webform.axs.id
		dwsBaseUrl
		dws.webform.tire.id
		eshop.order.payment.default_price
		dws.webform.merch.id
		dws.webform.contact.apva.id
		dws.webform.contact.vo.id
		dws.webform.contact.rpe.id
		vo.cdn.url
		gdc.portal.url
		dws.webform.contact.vn.id
		topr.lvd.endpoint
		esc.myservice.revisionkeyword
		dws.webform.vn.id
		urlPreprod
		catalina.base
		misc.bo.fileupload.path
		dws.webform.contact.other.id
		vn.pgr.price.method.percentage
		dws.webform.generalinfo.id
	File properties cognifide.properties not found.
	File properties vagrant.properties not found.
File properties : web-ren.properties
	- Properties not found in web-ren.properties but found in reference file :
		dws.webform.axs.id
		dws.webform.vn.id
		dwsBaseUrl
		dws.webform.tire.id
		eshop.order.payment.default_price
		dws.webform.merch.id
		dws.webform.contact.apva.id
		dws.webform.fixedprice.id
		dws.webform.contact.vo.id
		dws.webform.contact.rpe.id
		vo.cdn.url
		gdc.portal.url
		dws.webform.contact.other.id
		dws.webform.contact.vn.id
		dws.webform.generalinfo.id
File properties : admin-valid-ren.properties
	- Properties not found in admin-valid-ren.properties but found in reference file :
		dws.webform.fixedprice.id
		dws.webform.axs.id
		dwsBaseUrl
		personaldata.demanderCode
		dws.webform.tire.id
		dws.webform.generalinfo.id
		dws.webform.merch.id
	File properties cruisecontrol.properties not found.
------- renault-ch VS. renault-fr -------
File properties : web-valid-ren.properties
	- Properties not found in web-valid-ren.properties but found in reference file :
		dws.webform.axs.id
		dws.webform.vn.id
		dwsBaseUrl
		dws.webform.tire.id
		eshop.order.payment.default_price
		dws.webform.merch.id
		dws.webform.contact.apva.id
		dws.webform.fixedprice.id
		dws.webform.contact.vo.id
		dws.webform.contact.rpe.id
		personaldata.demanderCode
		gdc.portal.url
		dws.webform.contact.other.id
		dws.webform.contact.vn.id
		dws.webform.generalinfo.id
File properties : renault-integ.properties
	+ Properties found in renault-integ.properties but not found in reference file :
		leadforms.source.folder
	- Properties not found in renault-integ.properties but found in reference file :
		esc.multimedia.deploy.path
		dws.webform.axs.id
		dwsBaseUrl
		dws.webform.tire.id
		eshop.order.payment.default_price
		dws.webform.merch.id
		dws.webform.contact.apva.id
		dws.webform.fixedprice.id
		dws.webform.contact.vo.id
		dws.webform.contact.rpe.id
		esc.multimedia.files.bo.path
		vo.cdn.url
		gdc.portal.url
		dws.webform.contact.vn.id
		esc.multimedia.files.prod.path
		esc.multimedia.publish.preprodhosts
		dws.webform.vn.id
		personaldata.demanderCode
		esc.multimedia.files.preprod.path
		dws.webform.contact.other.id
		vn.pgr.price.method.percentage
		dws.webform.generalinfo.id
		esc.multimedia.publish.prodhosts
File properties : preprod-ren.properties
	- Properties not found in preprod-ren.properties but found in reference file :
		dws.webform.axs.id
		dws.webform.vn.id
		dwsBaseUrl
		dws.webform.tire.id
		eshop.order.payment.default_price
		dws.webform.merch.id
		dws.webform.contact.apva.id
		dws.webform.fixedprice.id
		dws.webform.contact.vo.id
		dws.webform.contact.rpe.id
		vo.cdn.url
		personaldata.demanderCode
		gdc.portal.url
		dws.webform.contact.other.id
		dws.webform.contact.vn.id
		dws.webform.generalinfo.id
File properties : preprod-valid-ren.properties
	- Properties not found in preprod-valid-ren.properties but found in reference file :
		dws.webform.axs.id
		dws.webform.vn.id
		dwsBaseUrl
		dws.webform.tire.id
		eshop.order.payment.default_price
		dws.webform.merch.id
		dws.webform.contact.apva.id
		dws.webform.fixedprice.id
		dws.webform.contact.vo.id
		dws.webform.contact.rpe.id
		personaldata.demanderCode
		gdc.portal.url
		dws.webform.contact.other.id
		dws.webform.contact.vn.id
		dws.webform.generalinfo.id
File properties : renault-dev.properties
	+ Properties found in renault-dev.properties but not found in reference file :
		leadforms.source.folder
	- Properties not found in renault-dev.properties but found in reference file :
		esc.multimedia.deploy.path
		dws.webform.axs.id
		dwsBaseUrl
		dws.webform.tire.id
		eshop.order.payment.default_price
		dws.webform.merch.id
		dws.webform.contact.apva.id
		dws.webform.fixedprice.id
		dws.webform.contact.vo.id
		dws.webform.contact.rpe.id
		esc.multimedia.files.bo.path
		vo.cdn.url
		gdc.portal.url
		dws.webform.contact.vn.id
		esc.multimedia.files.prod.path
		esc.multimedia.publish.preprodhosts
		dws.webform.vn.id
		personaldata.demanderCode
		esc.multimedia.files.preprod.path
		dws.webform.contact.other.id
		vn.pgr.price.method.percentage
		dws.webform.generalinfo.id
		esc.multimedia.publish.prodhosts
File properties : jetty.properties
	- Properties not found in jetty.properties but found in reference file :
		c2g.prodHost
		dws.webform.axs.id
		dwsBaseUrl
		dws.webform.tire.id
		eshop.order.payment.default_price
		dws.webform.merch.id
		dws.webform.contact.apva.id
		dws.webform.contact.vo.id
		dws.webform.contact.rpe.id
		vo.cdn.url
		gdc.portal.url
		dws.webform.contact.vn.id
		topr.lvd.endpoint
		esc.myservice.revisionkeyword
		dws.webform.vn.id
		urlPreprod
		misc.bo.fileupload.path
		dws.webform.contact.other.id
		vn.pgr.price.method.percentage
		dws.webform.generalinfo.id
	File properties cognifide.properties not found.
	File properties vagrant.properties not found.
File properties : web-ren.properties
	- Properties not found in web-ren.properties but found in reference file :
		dws.webform.axs.id
		dws.webform.vn.id
		dwsBaseUrl
		dws.webform.tire.id
		eshop.order.payment.default_price
		dws.webform.merch.id
		dws.webform.contact.apva.id
		dws.webform.fixedprice.id
		dws.webform.contact.vo.id
		dws.webform.contact.rpe.id
		vo.cdn.url
		personaldata.demanderCode
		gdc.portal.url
		dws.webform.contact.other.id
		dws.webform.contact.vn.id
		dws.webform.generalinfo.id
File properties : admin-valid-ren.properties
	- Properties not found in admin-valid-ren.properties but found in reference file :
		dws.webform.fixedprice.id
		dws.webform.axs.id
		dwsBaseUrl
		personaldata.demanderCode
		dws.webform.tire.id
		dws.webform.generalinfo.id
		dws.webform.merch.id
File properties : cruisecontrol.properties
------- renault-ie VS. renault-fr -------
File properties : web-valid-ren.properties
	- Properties not found in web-valid-ren.properties but found in reference file :
		dws.webform.axs.id
		dws.webform.vn.id
		dwsBaseUrl
		dws.webform.tire.id
		eshop.order.payment.default_price
		dws.webform.merch.id
		dws.webform.contact.apva.id
		dws.webform.fixedprice.id
		dws.webform.contact.vo.id
		dws.webform.contact.rpe.id
		gdc.portal.url
		dws.webform.contact.other.id
		dws.webform.contact.vn.id
		dws.webform.generalinfo.id
File properties : renault-integ.properties
	- Properties not found in renault-integ.properties but found in reference file :
		esc.multimedia.deploy.path
		dws.webform.axs.id
		dwsBaseUrl
		dws.webform.tire.id
		eshop.order.payment.default_price
		dws.webform.merch.id
		dws.webform.contact.apva.id
		dws.webform.fixedprice.id
		dws.webform.contact.vo.id
		dws.webform.contact.rpe.id
		esc.multimedia.files.bo.path
		vo.cdn.url
		gdc.portal.url
		dws.webform.contact.vn.id
		esc.multimedia.files.prod.path
		esc.multimedia.publish.preprodhosts
		dws.webform.vn.id
		esc.multimedia.files.preprod.path
		dws.webform.contact.other.id
		vn.pgr.price.method.percentage
		dws.webform.generalinfo.id
		esc.multimedia.publish.prodhosts
File properties : preprod-ren.properties
	- Properties not found in preprod-ren.properties but found in reference file :
		dws.webform.axs.id
		dws.webform.vn.id
		dwsBaseUrl
		dws.webform.tire.id
		eshop.order.payment.default_price
		dws.webform.merch.id
		dws.webform.contact.apva.id
		dws.webform.fixedprice.id
		dws.webform.contact.vo.id
		dws.webform.contact.rpe.id
		vo.cdn.url
		gdc.portal.url
		dws.webform.contact.other.id
		dws.webform.contact.vn.id
		dws.webform.generalinfo.id
File properties : preprod-valid-ren.properties
	- Properties not found in preprod-valid-ren.properties but found in reference file :
		dws.webform.axs.id
		dws.webform.vn.id
		dwsBaseUrl
		dws.webform.tire.id
		eshop.order.payment.default_price
		dws.webform.merch.id
		dws.webform.contact.apva.id
		dws.webform.fixedprice.id
		dws.webform.contact.vo.id
		dws.webform.contact.rpe.id
		gdc.portal.url
		dws.webform.contact.other.id
		dws.webform.contact.vn.id
		dws.webform.generalinfo.id
File properties : renault-dev.properties
	- Properties not found in renault-dev.properties but found in reference file :
		esc.multimedia.deploy.path
		dws.webform.axs.id
		dwsBaseUrl
		dws.webform.tire.id
		eshop.order.payment.default_price
		dws.webform.merch.id
		dws.webform.contact.apva.id
		dws.webform.fixedprice.id
		dws.webform.contact.vo.id
		dws.webform.contact.rpe.id
		esc.multimedia.files.bo.path
		vo.cdn.url
		gdc.portal.url
		dws.webform.contact.vn.id
		esc.multimedia.files.prod.path
		esc.multimedia.publish.preprodhosts
		dws.webform.vn.id
		esc.multimedia.files.preprod.path
		dws.webform.contact.other.id
		vn.pgr.price.method.percentage
		dws.webform.generalinfo.id
		esc.multimedia.publish.prodhosts
File properties : jetty.properties
	- Properties not found in jetty.properties but found in reference file :
		c2g.prodHost
		dws.webform.axs.id
		dwsBaseUrl
		dws.webform.tire.id
		eshop.order.payment.default_price
		dws.webform.merch.id
		dws.webform.contact.apva.id
		dws.webform.contact.vo.id
		dws.webform.contact.rpe.id
		vo.cdn.url
		gdc.portal.url
		dws.webform.contact.vn.id
		topr.lvd.endpoint
		esc.myservice.revisionkeyword
		dws.webform.vn.id
		urlPreprod
		misc.bo.fileupload.path
		dws.webform.contact.other.id
		vn.pgr.price.method.percentage
		dws.webform.generalinfo.id
	File properties cognifide.properties not found.
	File properties vagrant.properties not found.
File properties : web-ren.properties
	- Properties not found in web-ren.properties but found in reference file :
		dws.webform.axs.id
		dws.webform.vn.id
		dwsBaseUrl
		dws.webform.tire.id
		eshop.order.payment.default_price
		dws.webform.merch.id
		dws.webform.contact.apva.id
		dws.webform.fixedprice.id
		dws.webform.contact.vo.id
		dws.webform.contact.rpe.id
		vo.cdn.url
		gdc.portal.url
		dws.webform.contact.other.id
		dws.webform.contact.vn.id
		dws.webform.generalinfo.id
File properties : admin-valid-ren.properties
	+ Properties found in admin-valid-ren.properties but not found in reference file :
		vo.backoffice.log.file.link
		vo.backoffice.csv.file.link
		leadforms.source.folder
	- Properties not found in admin-valid-ren.properties but found in reference file :
		dws.webform.fixedprice.id
		dws.webform.axs.id
		dwsBaseUrl
		dws.webform.tire.id
		dws.webform.generalinfo.id
		dws.webform.merch.id
File properties : cruisecontrol.properties
------- renault-ma VS. renault-fr -------
File properties : web-valid-ren.properties
	- Properties not found in web-valid-ren.properties but found in reference file :
		dws.webform.axs.id
		dws.webform.vn.id
		dwsBaseUrl
		dws.webform.tire.id
		dws.webform.merch.id
		dws.webform.contact.apva.id
		dws.webform.fixedprice.id
		dws.webform.contact.vo.id
		dws.webform.contact.rpe.id
		dws.webform.contact.other.id
		dws.webform.contact.vn.id
		dws.webform.generalinfo.id
File properties : renault-integ.properties
	- Properties not found in renault-integ.properties but found in reference file :
		esc.multimedia.deploy.path
		dws.webform.axs.id
		dwsBaseUrl
		dws.webform.tire.id
		dws.webform.merch.id
		dws.webform.contact.apva.id
		dws.webform.fixedprice.id
		dws.webform.contact.vo.id
		dws.webform.contact.rpe.id
		esc.multimedia.files.bo.path
		vo.cdn.url
		dws.webform.contact.vn.id
		esc.multimedia.files.prod.path
		esc.multimedia.publish.preprodhosts
		dws.webform.vn.id
		esc.multimedia.files.preprod.path
		dws.webform.contact.other.id
		vn.pgr.price.method.percentage
		dws.webform.generalinfo.id
		esc.multimedia.publish.prodhosts
File properties : preprod-ren.properties
	- Properties not found in preprod-ren.properties but found in reference file :
		dws.webform.axs.id
		dws.webform.vn.id
		dwsBaseUrl
		dws.webform.tire.id
		dws.webform.merch.id
		dws.webform.contact.apva.id
		dws.webform.fixedprice.id
		dws.webform.contact.vo.id
		dws.webform.contact.rpe.id
		vo.cdn.url
		dws.webform.contact.other.id
		dws.webform.contact.vn.id
		dws.webform.generalinfo.id
File properties : preprod-valid-ren.properties
	- Properties not found in preprod-valid-ren.properties but found in reference file :
		dws.webform.axs.id
		dws.webform.vn.id
		dwsBaseUrl
		dws.webform.tire.id
		dws.webform.merch.id
		dws.webform.contact.apva.id
		dws.webform.fixedprice.id
		dws.webform.contact.vo.id
		dws.webform.contact.rpe.id
		dws.webform.contact.other.id
		dws.webform.contact.vn.id
		dws.webform.generalinfo.id
File properties : renault-dev.properties
	- Properties not found in renault-dev.properties but found in reference file :
		esc.multimedia.deploy.path
		dws.webform.axs.id
		dwsBaseUrl
		dws.webform.tire.id
		dws.webform.merch.id
		dws.webform.contact.apva.id
		dws.webform.fixedprice.id
		dws.webform.contact.vo.id
		dws.webform.contact.rpe.id
		esc.multimedia.files.bo.path
		vo.cdn.url
		dws.webform.contact.vn.id
		esc.multimedia.files.prod.path
		esc.multimedia.publish.preprodhosts
		dws.webform.vn.id
		esc.multimedia.files.preprod.path
		dws.webform.contact.other.id
		vn.pgr.price.method.percentage
		dws.webform.generalinfo.id
		esc.multimedia.publish.prodhosts
File properties : jetty.properties
	- Properties not found in jetty.properties but found in reference file :
		c2g.prodHost
		dws.webform.axs.id
		dwsBaseUrl
		dws.webform.tire.id
		dws.webform.merch.id
		dws.webform.contact.apva.id
		dws.webform.contact.vo.id
		dws.webform.contact.rpe.id
		vo.cdn.url
		dws.webform.contact.vn.id
		topr.lvd.endpoint
		dws.webform.vn.id
		urlPreprod
		misc.bo.fileupload.path
		dws.webform.contact.other.id
		vn.pgr.price.method.percentage
		dws.webform.generalinfo.id
	File properties cognifide.properties not found.
	File properties vagrant.properties not found.
File properties : web-ren.properties
	- Properties not found in web-ren.properties but found in reference file :
		dws.webform.axs.id
		dws.webform.vn.id
		dwsBaseUrl
		dws.webform.tire.id
		dws.webform.merch.id
		dws.webform.contact.apva.id
		dws.webform.fixedprice.id
		dws.webform.contact.vo.id
		dws.webform.contact.rpe.id
		vo.cdn.url
		dws.webform.contact.other.id
		dws.webform.contact.vn.id
		dws.webform.generalinfo.id
File properties : admin-valid-ren.properties
	+ Properties found in admin-valid-ren.properties but not found in reference file :
		leadforms.source.folder
		vo.backoffice.csv.file.link
		vo.backoffice.log.file.link
	- Properties not found in admin-valid-ren.properties but found in reference file :
		dws.webform.fixedprice.id
		dws.webform.axs.id
		dwsBaseUrl
		dws.webform.tire.id
		dws.webform.generalinfo.id
		dws.webform.merch.id
File properties : cruisecontrol.properties
------- renault-be VS. renault-fr -------
File properties : web-valid-ren.properties
	- Properties not found in web-valid-ren.properties but found in reference file :
		dws.webform.axs.id
		dws.webform.vn.id
		dwsBaseUrl
		dws.webform.tire.id
		eshop.order.payment.default_price
		dws.webform.merch.id
		dws.webform.contact.apva.id
		dws.webform.fixedprice.id
		dws.webform.contact.vo.id
		dws.webform.contact.rpe.id
		gdc.portal.url
		dws.webform.contact.other.id
		dws.webform.contact.vn.id
		dws.webform.generalinfo.id
File properties : renault-integ.properties
	- Properties not found in renault-integ.properties but found in reference file :
		esc.multimedia.deploy.path
		dws.webform.axs.id
		dwsBaseUrl
		dws.webform.tire.id
		eshop.order.payment.default_price
		dws.webform.merch.id
		dws.webform.contact.apva.id
		dws.webform.fixedprice.id
		dws.webform.contact.vo.id
		dws.webform.contact.rpe.id
		esc.multimedia.files.bo.path
		vo.cdn.url
		gdc.portal.url
		dws.webform.contact.vn.id
		esc.multimedia.files.prod.path
		esc.multimedia.publish.preprodhosts
		dws.webform.vn.id
		esc.multimedia.files.preprod.path
		dws.webform.contact.other.id
		vn.pgr.price.method.percentage
		dws.webform.generalinfo.id
		esc.multimedia.publish.prodhosts
File properties : preprod-ren.properties
	- Properties not found in preprod-ren.properties but found in reference file :
		dws.webform.axs.id
		dws.webform.vn.id
		dwsBaseUrl
		dws.webform.tire.id
		eshop.order.payment.default_price
		dws.webform.merch.id
		dws.webform.contact.apva.id
		dws.webform.fixedprice.id
		dws.webform.contact.vo.id
		dws.webform.contact.rpe.id
		vo.cdn.url
		gdc.portal.url
		dws.webform.contact.other.id
		dws.webform.contact.vn.id
		dws.webform.generalinfo.id
File properties : preprod-valid-ren.properties
	- Properties not found in preprod-valid-ren.properties but found in reference file :
		dws.webform.axs.id
		dws.webform.vn.id
		dwsBaseUrl
		dws.webform.tire.id
		eshop.order.payment.default_price
		dws.webform.merch.id
		dws.webform.contact.apva.id
		dws.webform.fixedprice.id
		dws.webform.contact.vo.id
		dws.webform.contact.rpe.id
		gdc.portal.url
		dws.webform.contact.other.id
		dws.webform.contact.vn.id
		dws.webform.generalinfo.id
File properties : renault-dev.properties
	- Properties not found in renault-dev.properties but found in reference file :
		esc.multimedia.deploy.path
		dws.webform.axs.id
		dwsBaseUrl
		dws.webform.tire.id
		eshop.order.payment.default_price
		dws.webform.merch.id
		dws.webform.contact.apva.id
		dws.webform.fixedprice.id
		dws.webform.contact.vo.id
		dws.webform.contact.rpe.id
		esc.multimedia.files.bo.path
		vo.cdn.url
		gdc.portal.url
		dws.webform.contact.vn.id
		esc.multimedia.files.prod.path
		esc.multimedia.publish.preprodhosts
		dws.webform.vn.id
		esc.multimedia.files.preprod.path
		dws.webform.contact.other.id
		vn.pgr.price.method.percentage
		dws.webform.generalinfo.id
		esc.multimedia.publish.prodhosts
File properties : jetty.properties
	- Properties not found in jetty.properties but found in reference file :
		c2g.prodHost
		dws.webform.axs.id
		dwsBaseUrl
		dws.webform.tire.id
		eshop.order.payment.default_price
		dws.webform.merch.id
		dws.webform.contact.apva.id
		dws.webform.contact.vo.id
		dws.webform.contact.rpe.id
		vo.cdn.url
		gdc.portal.url
		dws.webform.contact.vn.id
		topr.lvd.endpoint
		dws.webform.vn.id
		urlPreprod
		misc.bo.fileupload.path
		dws.webform.contact.other.id
		vn.pgr.price.method.percentage
		dws.webform.generalinfo.id
	File properties cognifide.properties not found.
	File properties vagrant.properties not found.
File properties : web-ren.properties
	- Properties not found in web-ren.properties but found in reference file :
		dws.webform.axs.id
		dws.webform.vn.id
		dwsBaseUrl
		dws.webform.tire.id
		eshop.order.payment.default_price
		dws.webform.merch.id
		dws.webform.contact.apva.id
		dws.webform.fixedprice.id
		dws.webform.contact.vo.id
		dws.webform.contact.rpe.id
		vo.cdn.url
		gdc.portal.url
		dws.webform.contact.other.id
		dws.webform.contact.vn.id
		dws.webform.generalinfo.id
File properties : admin-valid-ren.properties
	- Properties not found in admin-valid-ren.properties but found in reference file :
		dws.webform.fixedprice.id
		dws.webform.axs.id
		dwsBaseUrl
		dws.webform.tire.id
		dws.webform.generalinfo.id
		dws.webform.merch.id
File properties : cruisecontrol.properties
------- renault-br VS. renault-fr -------
File properties : web-valid-ren.properties
	- Properties not found in web-valid-ren.properties but found in reference file :
		dws.webform.axs.id
		dws.webform.vn.id
		dwsBaseUrl
		dws.webform.tire.id
		eshop.order.payment.default_price
		dws.webform.merch.id
		dws.webform.contact.apva.id
		dws.webform.fixedprice.id
		dws.webform.contact.vo.id
		dws.webform.contact.rpe.id
		personaldata.demanderCode
		gdc.portal.url
		dws.webform.contact.other.id
		dws.webform.contact.vn.id
		dws.webform.generalinfo.id
File properties : renault-integ.properties
	- Properties not found in renault-integ.properties but found in reference file :
		esc.multimedia.deploy.path
		dws.webform.axs.id
		dwsBaseUrl
		dws.webform.tire.id
		eshop.order.payment.default_price
		dws.webform.merch.id
		dws.webform.contact.apva.id
		dws.webform.fixedprice.id
		dws.webform.contact.vo.id
		dws.webform.contact.rpe.id
		esc.multimedia.files.bo.path
		vo.cdn.url
		gdc.portal.url
		dws.webform.contact.vn.id
		esc.multimedia.files.prod.path
		esc.multimedia.publish.preprodhosts
		dws.webform.vn.id
		personaldata.demanderCode
		esc.multimedia.files.preprod.path
		dws.webform.contact.other.id
		vn.pgr.price.method.percentage
		dws.webform.generalinfo.id
		esc.multimedia.publish.prodhosts
File properties : preprod-ren.properties
	- Properties not found in preprod-ren.properties but found in reference file :
		dws.webform.axs.id
		dws.webform.vn.id
		dwsBaseUrl
		dws.webform.tire.id
		eshop.order.payment.default_price
		dws.webform.merch.id
		dws.webform.contact.apva.id
		dws.webform.fixedprice.id
		dws.webform.contact.vo.id
		dws.webform.contact.rpe.id
		vo.cdn.url
		personaldata.demanderCode
		gdc.portal.url
		dws.webform.contact.other.id
		dws.webform.contact.vn.id
		dws.webform.generalinfo.id
File properties : preprod-valid-ren.properties
	- Properties not found in preprod-valid-ren.properties but found in reference file :
		dws.webform.axs.id
		dws.webform.vn.id
		dwsBaseUrl
		dws.webform.tire.id
		eshop.order.payment.default_price
		dws.webform.merch.id
		dws.webform.contact.apva.id
		dws.webform.fixedprice.id
		dws.webform.contact.vo.id
		dws.webform.contact.rpe.id
		personaldata.demanderCode
		gdc.portal.url
		dws.webform.contact.other.id
		dws.webform.contact.vn.id
		dws.webform.generalinfo.id
File properties : renault-dev.properties
	- Properties not found in renault-dev.properties but found in reference file :
		esc.multimedia.deploy.path
		dws.webform.axs.id
		dwsBaseUrl
		dws.webform.tire.id
		eshop.order.payment.default_price
		dws.webform.merch.id
		dws.webform.contact.apva.id
		dws.webform.fixedprice.id
		dws.webform.contact.vo.id
		dws.webform.contact.rpe.id
		esc.multimedia.files.bo.path
		vo.cdn.url
		gdc.portal.url
		dws.webform.contact.vn.id
		esc.multimedia.files.prod.path
		esc.multimedia.publish.preprodhosts
		dws.webform.vn.id
		personaldata.demanderCode
		esc.multimedia.files.preprod.path
		dws.webform.contact.other.id
		vn.pgr.price.method.percentage
		dws.webform.generalinfo.id
		esc.multimedia.publish.prodhosts
File properties : jetty.properties
	- Properties not found in jetty.properties but found in reference file :
		dws.webform.axs.id
		dwsBaseUrl
		dws.webform.tire.id
		eshop.order.payment.default_price
		dws.webform.merch.id
		dws.webform.contact.apva.id
		dws.webform.contact.vo.id
		dws.webform.contact.rpe.id
		vo.cdn.url
		gdc.portal.url
		dws.webform.contact.vn.id
		topr.lvd.endpoint
		esc.myservice.revisionkeyword
		dws.webform.vn.id
		urlPreprod
		misc.bo.fileupload.path
		dws.webform.contact.other.id
		vn.pgr.price.method.percentage
		dws.webform.generalinfo.id
	File properties cognifide.properties not found.
	File properties vagrant.properties not found.
File properties : web-ren.properties
	- Properties not found in web-ren.properties but found in reference file :
		dws.webform.axs.id
		dws.webform.vn.id
		dwsBaseUrl
		dws.webform.tire.id
		eshop.order.payment.default_price
		dws.webform.merch.id
		dws.webform.contact.apva.id
		dws.webform.fixedprice.id
		dws.webform.contact.vo.id
		dws.webform.contact.rpe.id
		vo.cdn.url
		personaldata.demanderCode
		gdc.portal.url
		dws.webform.contact.other.id
		dws.webform.contact.vn.id
		dws.webform.generalinfo.id
File properties : admin-valid-ren.properties
	+ Properties found in admin-valid-ren.properties but not found in reference file :
		vo.backoffice.log.file.link
		vo.backoffice.csv.file.link
		leadforms.source.folder
	- Properties not found in admin-valid-ren.properties but found in reference file :
		dws.webform.fixedprice.id
		dws.webform.axs.id
		dwsBaseUrl
		personaldata.demanderCode
		dws.webform.tire.id
		dws.webform.generalinfo.id
		dws.webform.merch.id
File properties : cruisecontrol.properties
------- renault-dz VS. renault-fr -------
File properties : web-valid-ren.properties
File properties : renault-integ.properties
	- Properties not found in renault-integ.properties but found in reference file :
		vn.pgr.price.method.percentage
File properties : preprod-ren.properties
File properties : preprod-valid-ren.properties
File properties : renault-dev.properties
	- Properties not found in renault-dev.properties but found in reference file :
		vn.pgr.price.method.percentage
File properties : jetty.properties
	- Properties not found in jetty.properties but found in reference file :
		c2g.prodHost
		topr.lvd.endpoint
		urlPreprod
		misc.bo.fileupload.path
		vn.pgr.price.method.percentage
	File properties cognifide.properties not found.
	File properties vagrant.properties not found.
File properties : web-ren.properties
File properties : admin-valid-ren.properties
	+ Properties found in admin-valid-ren.properties but not found in reference file :
		leadforms.source.folder
File properties : cruisecontrol.properties
------- renault-hu VS. renault-fr -------
File properties : web-valid-ren.properties
	- Properties not found in web-valid-ren.properties but found in reference file :
		dws.webform.axs.id
		dws.webform.vn.id
		dwsBaseUrl
		dws.webform.tire.id
		eshop.order.payment.default_price
		dws.webform.merch.id
		dws.webform.contact.apva.id
		dws.webform.fixedprice.id
		dws.webform.contact.vo.id
		dws.webform.contact.rpe.id
		personaldata.demanderCode
		gdc.portal.url
		dws.webform.contact.other.id
		dws.webform.contact.vn.id
		dws.webform.generalinfo.id
File properties : renault-integ.properties
	- Properties not found in renault-integ.properties but found in reference file :
		esc.multimedia.deploy.path
		dws.webform.axs.id
		dwsBaseUrl
		dws.webform.tire.id
		eshop.order.payment.default_price
		dws.webform.merch.id
		dws.webform.contact.apva.id
		dws.webform.fixedprice.id
		dws.webform.contact.vo.id
		dws.webform.contact.rpe.id
		esc.multimedia.files.bo.path
		vo.cdn.url
		gdc.portal.url
		dws.webform.contact.vn.id
		esc.multimedia.files.prod.path
		esc.multimedia.publish.preprodhosts
		dws.webform.vn.id
		personaldata.demanderCode
		esc.multimedia.files.preprod.path
		dws.webform.contact.other.id
		vn.pgr.price.method.percentage
		dws.webform.generalinfo.id
		esc.multimedia.publish.prodhosts
File properties : preprod-ren.properties
	- Properties not found in preprod-ren.properties but found in reference file :
		dws.webform.axs.id
		dws.webform.vn.id
		dwsBaseUrl
		dws.webform.tire.id
		eshop.order.payment.default_price
		dws.webform.merch.id
		dws.webform.contact.apva.id
		dws.webform.fixedprice.id
		dws.webform.contact.vo.id
		dws.webform.contact.rpe.id
		vo.cdn.url
		personaldata.demanderCode
		gdc.portal.url
		dws.webform.contact.other.id
		dws.webform.contact.vn.id
		dws.webform.generalinfo.id
File properties : preprod-valid-ren.properties
	- Properties not found in preprod-valid-ren.properties but found in reference file :
		dws.webform.axs.id
		dws.webform.vn.id
		dwsBaseUrl
		dws.webform.tire.id
		eshop.order.payment.default_price
		dws.webform.merch.id
		dws.webform.contact.apva.id
		dws.webform.fixedprice.id
		dws.webform.contact.vo.id
		dws.webform.contact.rpe.id
		personaldata.demanderCode
		gdc.portal.url
		dws.webform.contact.other.id
		dws.webform.contact.vn.id
		dws.webform.generalinfo.id
File properties : renault-dev.properties
	- Properties not found in renault-dev.properties but found in reference file :
		esc.multimedia.deploy.path
		dws.webform.axs.id
		dwsBaseUrl
		dws.webform.tire.id
		eshop.order.payment.default_price
		dws.webform.merch.id
		dws.webform.contact.apva.id
		dws.webform.fixedprice.id
		dws.webform.contact.vo.id
		dws.webform.contact.rpe.id
		esc.multimedia.files.bo.path
		vo.cdn.url
		gdc.portal.url
		dws.webform.contact.vn.id
		esc.multimedia.files.prod.path
		esc.multimedia.publish.preprodhosts
		dws.webform.vn.id
		personaldata.demanderCode
		esc.multimedia.files.preprod.path
		dws.webform.contact.other.id
		vn.pgr.price.method.percentage
		dws.webform.generalinfo.id
		esc.multimedia.publish.prodhosts
File properties : jetty.properties
	- Properties not found in jetty.properties but found in reference file :
		c2g.prodHost
		dws.webform.axs.id
		dwsBaseUrl
		dws.webform.tire.id
		eshop.order.payment.default_price
		dws.webform.merch.id
		dws.webform.contact.apva.id
		dws.webform.contact.vo.id
		dws.webform.contact.rpe.id
		vo.cdn.url
		gdc.portal.url
		dws.webform.contact.vn.id
		topr.lvd.endpoint
		esc.myservice.revisionkeyword
		dws.webform.vn.id
		urlPreprod
		catalina.base
		misc.bo.fileupload.path
		dws.webform.contact.other.id
		vn.pgr.price.method.percentage
		dws.webform.generalinfo.id
	File properties cognifide.properties not found.
	File properties vagrant.properties not found.
File properties : web-ren.properties
	- Properties not found in web-ren.properties but found in reference file :
		dws.webform.axs.id
		dws.webform.vn.id
		dwsBaseUrl
		dws.webform.tire.id
		eshop.order.payment.default_price
		dws.webform.merch.id
		dws.webform.contact.apva.id
		dws.webform.fixedprice.id
		dws.webform.contact.vo.id
		dws.webform.contact.rpe.id
		vo.cdn.url
		personaldata.demanderCode
		gdc.portal.url
		dws.webform.contact.other.id
		dws.webform.contact.vn.id
		dws.webform.generalinfo.id
File properties : admin-valid-ren.properties
	- Properties not found in admin-valid-ren.properties but found in reference file :
		dws.webform.fixedprice.id
		dws.webform.axs.id
		dwsBaseUrl
		personaldata.demanderCode
		dws.webform.tire.id
		dws.webform.generalinfo.id
		dws.webform.merch.id
File properties : cruisecontrol.properties
------- renault-hr VS. renault-fr -------
File properties : web-valid-ren.properties
	- Properties not found in web-valid-ren.properties but found in reference file :
		dwsBaseUrl
		dws.webform.contact.apva.id
		dws.webform.fixedprice.id
		dws.webform.contact.vo.id
		dws.webform.contact.rpe.id
		dws.webform.contact.other.id
		dws.webform.contact.vn.id
File properties : renault-integ.properties
	- Properties not found in renault-integ.properties but found in reference file :
		dwsBaseUrl
		dws.webform.contact.apva.id
		dws.webform.fixedprice.id
		dws.webform.contact.vo.id
		dws.webform.contact.rpe.id
		dws.webform.contact.vn.id
		dws.webform.contact.other.id
File properties : preprod-ren.properties
	- Properties not found in preprod-ren.properties but found in reference file :
		dwsBaseUrl
		dws.webform.contact.apva.id
		dws.webform.fixedprice.id
		dws.webform.contact.vo.id
		dws.webform.contact.rpe.id
		dws.webform.contact.other.id
		dws.webform.contact.vn.id
File properties : preprod-valid-ren.properties
	- Properties not found in preprod-valid-ren.properties but found in reference file :
		dwsBaseUrl
		dws.webform.contact.apva.id
		dws.webform.fixedprice.id
		dws.webform.contact.vo.id
		dws.webform.contact.rpe.id
		dws.webform.contact.other.id
		dws.webform.contact.vn.id
File properties : renault-dev.properties
	- Properties not found in renault-dev.properties but found in reference file :
		dwsBaseUrl
		dws.webform.contact.apva.id
		dws.webform.fixedprice.id
		dws.webform.contact.vo.id
		dws.webform.contact.rpe.id
		dws.webform.contact.vn.id
		dws.webform.contact.other.id
File properties : jetty.properties
	- Properties not found in jetty.properties but found in reference file :
		dws.webform.axs.id
		dwsBaseUrl
		dws.webform.tire.id
		dws.webform.merch.id
		dws.webform.contact.apva.id
		dws.webform.contact.vo.id
		dws.webform.contact.rpe.id
		vo.cdn.url
		dws.webform.contact.vn.id
		topr.lvd.endpoint
		dws.webform.vn.id
		urlPreprod
		misc.bo.fileupload.path
		dws.webform.contact.other.id
		vn.pgr.price.method.percentage
		dws.webform.generalinfo.id
	File properties cognifide.properties not found.
	File properties vagrant.properties not found.
File properties : web-ren.properties
	- Properties not found in web-ren.properties but found in reference file :
		dwsBaseUrl
		dws.webform.contact.apva.id
		dws.webform.fixedprice.id
		dws.webform.contact.vo.id
		dws.webform.contact.rpe.id
		dws.webform.contact.other.id
		dws.webform.contact.vn.id
File properties : admin-valid-ren.properties
	- Properties not found in admin-valid-ren.properties but found in reference file :
		dws.webform.fixedprice.id
		dwsBaseUrl
File properties : cruisecontrol.properties

</system-out>
  </testcase>
</testsuite>